[0.206s] Invoking command in '/home/sjm/pid_ws/build/articubot_one': CMAKE_PREFIX_PATH=${CMAKE_PREFIX_PATH}:/home/sjm/pid_ws/install/pid_controller:/home/sjm/lidar/install/robot_math:/home/sjm/turtlebot3_ws/install/turtlebot3_teleop:/home/sjm/turtlebot3_ws/install/turtlebot3_example:/opt/ros/humble /usr/bin/cmake /home/sjm/pid_ws/src/articubot_one -DCMAKE_INSTALL_PREFIX=/home/sjm/pid_ws/install/articubot_one
[0.598s] -- Found ament_cmake: 1.3.8 (/opt/ros/humble/share/ament_cmake/cmake)
[0.886s] -- Override CMake install command with custom implementation using symlinks instead of copying resources
[0.899s] -- Found ament_lint_auto: 0.12.10 (/opt/ros/humble/share/ament_lint_auto/cmake)
[1.020s] -- Added test 'copyright' to check source files copyright and LICENSE
[1.023s] -- Added test 'flake8' to check Python code syntax and style conventions
[1.024s] -- Added test 'lint_cmake' to check CMake code style
[1.025s] -- Added test 'pep257' to check Python code against some of the docstring style conventions in PEP 257
[1.027s] -- Added test 'xmllint' to check XML markup files
[1.033s] -- Configuring done
[1.041s] -- Generating done
[1.043s] -- Build files have been written to: /home/sjm/pid_ws/build/articubot_one
[1.048s] Invoked command in '/home/sjm/pid_ws/build/articubot_one' returned '0': CMAKE_PREFIX_PATH=${CMAKE_PREFIX_PATH}:/home/sjm/pid_ws/install/pid_controller:/home/sjm/lidar/install/robot_math:/home/sjm/turtlebot3_ws/install/turtlebot3_teleop:/home/sjm/turtlebot3_ws/install/turtlebot3_example:/opt/ros/humble /usr/bin/cmake /home/sjm/pid_ws/src/articubot_one -DCMAKE_INSTALL_PREFIX=/home/sjm/pid_ws/install/articubot_one
[1.052s] Invoking command in '/home/sjm/pid_ws/build/articubot_one': CMAKE_PREFIX_PATH=${CMAKE_PREFIX_PATH}:/home/sjm/pid_ws/install/pid_controller:/home/sjm/lidar/install/robot_math:/home/sjm/turtlebot3_ws/install/turtlebot3_teleop:/home/sjm/turtlebot3_ws/install/turtlebot3_example:/opt/ros/humble /usr/bin/cmake --build /home/sjm/pid_ws/build/articubot_one -- -j4 -l4
[1.115s] Invoked command in '/home/sjm/pid_ws/build/articubot_one' returned '0': CMAKE_PREFIX_PATH=${CMAKE_PREFIX_PATH}:/home/sjm/pid_ws/install/pid_controller:/home/sjm/lidar/install/robot_math:/home/sjm/turtlebot3_ws/install/turtlebot3_teleop:/home/sjm/turtlebot3_ws/install/turtlebot3_example:/opt/ros/humble /usr/bin/cmake --build /home/sjm/pid_ws/build/articubot_one -- -j4 -l4
[1.170s] Invoking command in '/home/sjm/pid_ws/build/articubot_one': CMAKE_PREFIX_PATH=${CMAKE_PREFIX_PATH}:/home/sjm/pid_ws/install/pid_controller:/home/sjm/lidar/install/robot_math:/home/sjm/turtlebot3_ws/install/turtlebot3_teleop:/home/sjm/turtlebot3_ws/install/turtlebot3_example:/opt/ros/humble /usr/bin/cmake --install /home/sjm/pid_ws/build/articubot_one
[1.182s] -- Install configuration: ""
[1.183s] -- Execute custom install script
[1.184s] -- Up-to-date symlink: /home/sjm/pid_ws/install/articubot_one/share/articubot_one/config/empty.yaml
[1.184s] -- Up-to-date symlink: /home/sjm/pid_ws/install/articubot_one/share/articubot_one/config/view_bot.rviz
[1.185s] -- Up-to-date symlink: /home/sjm/pid_ws/install/articubot_one/share/articubot_one/description/inertial_macros.xacro
[1.185s] -- Up-to-date symlink: /home/sjm/pid_ws/install/articubot_one/share/articubot_one/description/robot.urdf.xacro
[1.185s] -- Up-to-date symlink: /home/sjm/pid_ws/install/articubot_one/share/articubot_one/description/robot_core.xacro
[1.186s] -- Up-to-date symlink: /home/sjm/pid_ws/install/articubot_one/share/articubot_one/launch/rsp.launch.py
[1.186s] -- Up-to-date symlink: /home/sjm/pid_ws/install/articubot_one/share/articubot_one/worlds/empty.world
[1.187s] -- Up-to-date symlink: /home/sjm/pid_ws/install/articubot_one/share/ament_index/resource_index/package_run_dependencies/articubot_one
[1.187s] -- Up-to-date symlink: /home/sjm/pid_ws/install/articubot_one/share/ament_index/resource_index/parent_prefix_path/articubot_one
[1.188s] -- Up-to-date symlink: /home/sjm/pid_ws/install/articubot_one/share/articubot_one/environment/ament_prefix_path.sh
[1.188s] -- Up-to-date symlink: /home/sjm/pid_ws/install/articubot_one/share/articubot_one/environment/ament_prefix_path.dsv
[1.188s] -- Up-to-date symlink: /home/sjm/pid_ws/install/articubot_one/share/articubot_one/environment/path.sh
[1.189s] -- Up-to-date symlink: /home/sjm/pid_ws/install/articubot_one/share/articubot_one/environment/path.dsv
[1.189s] -- Up-to-date symlink: /home/sjm/pid_ws/install/articubot_one/share/articubot_one/local_setup.bash
[1.190s] -- Up-to-date symlink: /home/sjm/pid_ws/install/articubot_one/share/articubot_one/local_setup.sh
[1.190s] -- Up-to-date symlink: /home/sjm/pid_ws/install/articubot_one/share/articubot_one/local_setup.zsh
[1.190s] -- Up-to-date symlink: /home/sjm/pid_ws/install/articubot_one/share/articubot_one/local_setup.dsv
[1.191s] -- Symlinking: /home/sjm/pid_ws/install/articubot_one/share/articubot_one/package.dsv
[1.206s] -- Up-to-date symlink: /home/sjm/pid_ws/install/articubot_one/share/ament_index/resource_index/packages/articubot_one
[1.206s] -- Up-to-date symlink: /home/sjm/pid_ws/install/articubot_one/share/articubot_one/cmake/articubot_oneConfig.cmake
[1.206s] -- Up-to-date symlink: /home/sjm/pid_ws/install/articubot_one/share/articubot_one/cmake/articubot_oneConfig-version.cmake
[1.207s] -- Up-to-date symlink: /home/sjm/pid_ws/install/articubot_one/share/articubot_one/package.xml
[1.210s] Invoked command in '/home/sjm/pid_ws/build/articubot_one' returned '0': CMAKE_PREFIX_PATH=${CMAKE_PREFIX_PATH}:/home/sjm/pid_ws/install/pid_controller:/home/sjm/lidar/install/robot_math:/home/sjm/turtlebot3_ws/install/turtlebot3_teleop:/home/sjm/turtlebot3_ws/install/turtlebot3_example:/opt/ros/humble /usr/bin/cmake --install /home/sjm/pid_ws/build/articubot_one
