[0.772s] Invoking command in '/home/sjm/pid_ws/build/my_petti': CMAKE_PREFIX_PATH=${CMAKE_PREFIX_PATH}:/home/sjm/pid_ws/install/pid_controller:/home/sjm/lidar/install/robot_math:/home/sjm/turtlebot3_ws/install/turtlebot3_teleop:/home/sjm/turtlebot3_ws/install/turtlebot3_example:/opt/ros/humble /usr/bin/cmake /home/sjm/pid_ws/src/my_petti -DAMENT_CMAKE_SYMLINK_INSTALL=1 -DCMAKE_INSTALL_PREFIX=/home/sjm/pid_ws/install/my_petti
[2.515s] -- The C compiler identification is GNU 11.4.0
[3.377s] -- The CXX compiler identification is GNU 11.4.0
[3.405s] -- Detecting C compiler ABI info
[3.573s] -- Detecting C compiler ABI info - done
[3.589s] -- Check for working C compiler: /usr/bin/cc - skipped
[3.590s] -- Detecting C compile features
[3.599s] -- Detecting C compile features - done
[3.606s] -- Detecting CXX compiler ABI info
[3.781s] -- Detecting CXX compiler ABI info - done
[3.794s] -- Check for working CXX compiler: /usr/bin/c++ - skipped
[3.794s] -- Detecting CXX compile features
[3.795s] -- Detecting CXX compile features - done
[3.936s] -- Found ament_cmake: 1.3.8 (/opt/ros/humble/share/ament_cmake/cmake)
[4.348s] -- Found Python3: /usr/bin/python3 (found version "3.10.12") found components: Interpreter 
[4.509s] -- Override CMake install command with custom implementation using symlinks instead of copying resources
[4.776s] -- Found ament_lint_auto: 0.12.10 (/opt/ros/humble/share/ament_lint_auto/cmake)
[5.184s] -- Added test 'copyright' to check source files copyright and LICENSE
[5.191s] -- Added test 'flake8' to check Python code syntax and style conventions
[5.193s] -- Added test 'lint_cmake' to check CMake code style
[5.195s] -- Added test 'pep257' to check Python code against some of the docstring style conventions in PEP 257
[5.199s] -- Added test 'xmllint' to check XML markup files
[5.203s] -- Configuring done
[5.208s] -- Generating done
[5.210s] -- Build files have been written to: /home/sjm/pid_ws/build/my_petti
