[0.419s] Invoking command in '/home/sjm/pid_ws/build/pid_msg': CMAKE_PREFIX_PATH=${CMAKE_PREFIX_PATH}:/home/sjm/pid_ws/install/pid_controller:/home/sjm/lidar/install/robot_math:/home/sjm/turtlebot3_ws/install/turtlebot3_teleop:/home/sjm/turtlebot3_ws/install/turtlebot3_example:/opt/ros/humble /usr/bin/cmake --build /home/sjm/pid_ws/build/pid_msg -- -j4 -l4
[0.642s] [  3%] Built target pid_msg__cpp
[0.645s] [ 12%] Built target pid_msg__rosidl_generator_c
[0.698s] [ 22%] Built target pid_msg__rosidl_typesupport_fastrtps_cpp
[0.702s] [ 32%] Built target pid_msg__rosidl_typesupport_introspection_cpp
[0.706s] [ 41%] Built target pid_msg__rosidl_typesupport_cpp
[0.755s] [ 54%] Built target pid_msg__rosidl_typesupport_introspection_c
[0.757s] [ 61%] Built target pid_msg__rosidl_typesupport_fastrtps_c
[0.768s] [ 70%] Built target pid_msg__rosidl_typesupport_c
[0.804s] [ 70%] Built target pid_msg
[0.832s] [ 70%] Built target ament_cmake_python_copy_pid_msg
[0.849s] [ 74%] Built target pid_msg__py
[0.898s] [ 80%] Built target pid_msg__rosidl_generator_py
[0.963s] [ 87%] Built target pid_msg__rosidl_typesupport_fastrtps_c__pyext
[0.973s] [ 93%] Built target pid_msg__rosidl_typesupport_introspection_c__pyext
[0.983s] [100%] Built target pid_msg__rosidl_typesupport_c__pyext
[1.385s] running egg_info
[1.386s] writing pid_msg.egg-info/PKG-INFO
[1.386s] writing dependency_links to pid_msg.egg-info/dependency_links.txt
[1.387s] writing top-level names to pid_msg.egg-info/top_level.txt
[1.391s] reading manifest file 'pid_msg.egg-info/SOURCES.txt'
[1.392s] writing manifest file 'pid_msg.egg-info/SOURCES.txt'
[1.432s] [100%] Built target ament_cmake_python_build_pid_msg_egg
[1.452s] Invoked command in '/home/sjm/pid_ws/build/pid_msg' returned '0': CMAKE_PREFIX_PATH=${CMAKE_PREFIX_PATH}:/home/sjm/pid_ws/install/pid_controller:/home/sjm/lidar/install/robot_math:/home/sjm/turtlebot3_ws/install/turtlebot3_teleop:/home/sjm/turtlebot3_ws/install/turtlebot3_example:/opt/ros/humble /usr/bin/cmake --build /home/sjm/pid_ws/build/pid_msg -- -j4 -l4
[1.581s] Invoking command in '/home/sjm/pid_ws/build/pid_msg': CMAKE_PREFIX_PATH=${CMAKE_PREFIX_PATH}:/home/sjm/pid_ws/install/pid_controller:/home/sjm/lidar/install/robot_math:/home/sjm/turtlebot3_ws/install/turtlebot3_teleop:/home/sjm/turtlebot3_ws/install/turtlebot3_example:/opt/ros/humble /usr/bin/cmake --install /home/sjm/pid_ws/build/pid_msg
[1.597s] -- Install configuration: ""
[1.597s] -- Up-to-date: /home/sjm/pid_ws/install/pid_msg/share/ament_index/resource_index/rosidl_interfaces/pid_msg
[1.598s] -- Up-to-date: /home/sjm/pid_ws/install/pid_msg/include/pid_msg/pid_msg
[1.670s] -- Up-to-date: /home/sjm/pid_ws/install/pid_msg/include/pid_msg/pid_msg/msg
[1.681s] -- Up-to-date: /home/sjm/pid_ws/install/pid_msg/include/pid_msg/pid_msg/msg/rosidl_generator_c__visibility_control.h
[1.681s] -- Up-to-date: /home/sjm/pid_ws/install/pid_msg/include/pid_msg/pid_msg/msg/detail
[1.967s] -- Up-to-date: /home/sjm/pid_ws/install/pid_msg/include/pid_msg/pid_msg/msg/detail/pid_tune__struct.h
[1.968s] -- Up-to-date: /home/sjm/pid_ws/install/pid_msg/include/pid_msg/pid_msg/msg/detail/pid_tune__functions.h
[1.968s] -- Up-to-date: /home/sjm/pid_ws/install/pid_msg/include/pid_msg/pid_msg/msg/detail/pid_tune__functions.c
[1.968s] -- Up-to-date: /home/sjm/pid_ws/install/pid_msg/include/pid_msg/pid_msg/msg/detail/pid_tune__type_support.h
[1.968s] -- Up-to-date: /home/sjm/pid_ws/install/pid_msg/include/pid_msg/pid_msg/msg/pid_tune.h
[1.969s] -- Up-to-date: /home/sjm/pid_ws/install/pid_msg/share/pid_msg/environment/library_path.sh
[1.969s] -- Up-to-date: /home/sjm/pid_ws/install/pid_msg/share/pid_msg/environment/library_path.dsv
[1.969s] -- Up-to-date: /home/sjm/pid_ws/install/pid_msg/lib/libpid_msg__rosidl_generator_c.so
[1.969s] -- Up-to-date: /home/sjm/pid_ws/install/pid_msg/include/pid_msg/pid_msg
[1.972s] -- Up-to-date: /home/sjm/pid_ws/install/pid_msg/include/pid_msg/pid_msg/msg
[1.972s] -- Up-to-date: /home/sjm/pid_ws/install/pid_msg/include/pid_msg/pid_msg/msg/rosidl_typesupport_fastrtps_c__visibility_control.h
[1.972s] -- Up-to-date: /home/sjm/pid_ws/install/pid_msg/include/pid_msg/pid_msg/msg/detail
[1.973s] -- Up-to-date: /home/sjm/pid_ws/install/pid_msg/include/pid_msg/pid_msg/msg/detail/pid_tune__rosidl_typesupport_fastrtps_c.h
[1.973s] -- Up-to-date: /home/sjm/pid_ws/install/pid_msg/lib/libpid_msg__rosidl_typesupport_fastrtps_c.so
[1.974s] -- Up-to-date: /home/sjm/pid_ws/install/pid_msg/include/pid_msg/pid_msg
[2.243s] -- Up-to-date: /home/sjm/pid_ws/install/pid_msg/include/pid_msg/pid_msg/msg
[2.244s] -- Up-to-date: /home/sjm/pid_ws/install/pid_msg/include/pid_msg/pid_msg/msg/pid_tune.hpp
[2.245s] -- Up-to-date: /home/sjm/pid_ws/install/pid_msg/include/pid_msg/pid_msg/msg/detail
[2.276s] -- Up-to-date: /home/sjm/pid_ws/install/pid_msg/include/pid_msg/pid_msg/msg/detail/pid_tune__traits.hpp
[2.277s] -- Up-to-date: /home/sjm/pid_ws/install/pid_msg/include/pid_msg/pid_msg/msg/detail/pid_tune__builder.hpp
[2.278s] -- Up-to-date: /home/sjm/pid_ws/install/pid_msg/include/pid_msg/pid_msg/msg/detail/pid_tune__struct.hpp
[2.279s] -- Up-to-date: /home/sjm/pid_ws/install/pid_msg/include/pid_msg/pid_msg
[2.279s] -- Up-to-date: /home/sjm/pid_ws/install/pid_msg/include/pid_msg/pid_msg/msg
[2.280s] -- Up-to-date: /home/sjm/pid_ws/install/pid_msg/include/pid_msg/pid_msg/msg/rosidl_typesupport_fastrtps_cpp__visibility_control.h
[2.281s] -- Up-to-date: /home/sjm/pid_ws/install/pid_msg/include/pid_msg/pid_msg/msg/detail
[2.290s] -- Up-to-date: /home/sjm/pid_ws/install/pid_msg/include/pid_msg/pid_msg/msg/detail/pid_tune__rosidl_typesupport_fastrtps_cpp.hpp
[2.291s] -- Up-to-date: /home/sjm/pid_ws/install/pid_msg/include/pid_msg/pid_msg/msg/detail/dds_fastrtps
[2.292s] -- Up-to-date: /home/sjm/pid_ws/install/pid_msg/lib/libpid_msg__rosidl_typesupport_fastrtps_cpp.so
[2.293s] -- Up-to-date: /home/sjm/pid_ws/install/pid_msg/include/pid_msg/pid_msg
[2.294s] -- Up-to-date: /home/sjm/pid_ws/install/pid_msg/include/pid_msg/pid_msg/msg
[2.295s] -- Up-to-date: /home/sjm/pid_ws/install/pid_msg/include/pid_msg/pid_msg/msg/detail
[2.296s] -- Up-to-date: /home/sjm/pid_ws/install/pid_msg/include/pid_msg/pid_msg/msg/detail/pid_tune__type_support.c
[2.296s] -- Up-to-date: /home/sjm/pid_ws/install/pid_msg/include/pid_msg/pid_msg/msg/detail/pid_tune__rosidl_typesupport_introspection_c.h
[2.297s] -- Up-to-date: /home/sjm/pid_ws/install/pid_msg/include/pid_msg/pid_msg/msg/rosidl_typesupport_introspection_c__visibility_control.h
[2.298s] -- Up-to-date: /home/sjm/pid_ws/install/pid_msg/lib/libpid_msg__rosidl_typesupport_introspection_c.so
[2.299s] -- Up-to-date: /home/sjm/pid_ws/install/pid_msg/lib/libpid_msg__rosidl_typesupport_c.so
[2.300s] -- Up-to-date: /home/sjm/pid_ws/install/pid_msg/include/pid_msg/pid_msg
[2.301s] -- Up-to-date: /home/sjm/pid_ws/install/pid_msg/include/pid_msg/pid_msg/msg
[2.301s] -- Up-to-date: /home/sjm/pid_ws/install/pid_msg/include/pid_msg/pid_msg/msg/detail
[2.301s] -- Up-to-date: /home/sjm/pid_ws/install/pid_msg/include/pid_msg/pid_msg/msg/detail/pid_tune__type_support.cpp
[2.302s] -- Up-to-date: /home/sjm/pid_ws/install/pid_msg/include/pid_msg/pid_msg/msg/detail/pid_tune__rosidl_typesupport_introspection_cpp.hpp
[2.302s] -- Up-to-date: /home/sjm/pid_ws/install/pid_msg/lib/libpid_msg__rosidl_typesupport_introspection_cpp.so
[2.303s] -- Up-to-date: /home/sjm/pid_ws/install/pid_msg/lib/libpid_msg__rosidl_typesupport_cpp.so
[2.304s] -- Up-to-date: /home/sjm/pid_ws/install/pid_msg/share/pid_msg/environment/pythonpath.sh
[2.305s] -- Up-to-date: /home/sjm/pid_ws/install/pid_msg/share/pid_msg/environment/pythonpath.dsv
[2.305s] -- Up-to-date: /home/sjm/pid_ws/install/pid_msg/local/lib/python3.10/dist-packages/pid_msg-0.0.0-py3.10.egg-info
[2.306s] -- Installing: /home/sjm/pid_ws/install/pid_msg/local/lib/python3.10/dist-packages/pid_msg-0.0.0-py3.10.egg-info/SOURCES.txt
[2.306s] -- Installing: /home/sjm/pid_ws/install/pid_msg/local/lib/python3.10/dist-packages/pid_msg-0.0.0-py3.10.egg-info/PKG-INFO
[2.306s] -- Installing: /home/sjm/pid_ws/install/pid_msg/local/lib/python3.10/dist-packages/pid_msg-0.0.0-py3.10.egg-info/top_level.txt
[2.307s] -- Installing: /home/sjm/pid_ws/install/pid_msg/local/lib/python3.10/dist-packages/pid_msg-0.0.0-py3.10.egg-info/dependency_links.txt
[2.307s] -- Up-to-date: /home/sjm/pid_ws/install/pid_msg/local/lib/python3.10/dist-packages/pid_msg
[2.308s] -- Up-to-date: /home/sjm/pid_ws/install/pid_msg/local/lib/python3.10/dist-packages/pid_msg/pid_msg_s__rosidl_typesupport_introspection_c.cpython-310-x86_64-linux-gnu.so
[2.308s] -- Up-to-date: /home/sjm/pid_ws/install/pid_msg/local/lib/python3.10/dist-packages/pid_msg/pid_msg_s__rosidl_typesupport_c.cpython-310-x86_64-linux-gnu.so
[2.308s] -- Up-to-date: /home/sjm/pid_ws/install/pid_msg/local/lib/python3.10/dist-packages/pid_msg/_pid_msg_s.ep.rosidl_typesupport_introspection_c.c
[2.309s] -- Up-to-date: /home/sjm/pid_ws/install/pid_msg/local/lib/python3.10/dist-packages/pid_msg/_pid_msg_s.ep.rosidl_typesupport_fastrtps_c.c
[2.309s] -- Up-to-date: /home/sjm/pid_ws/install/pid_msg/local/lib/python3.10/dist-packages/pid_msg/msg
[2.309s] -- Up-to-date: /home/sjm/pid_ws/install/pid_msg/local/lib/python3.10/dist-packages/pid_msg/msg/_pid_tune.py
[2.310s] -- Up-to-date: /home/sjm/pid_ws/install/pid_msg/local/lib/python3.10/dist-packages/pid_msg/msg/_pid_tune_s.c
[2.310s] -- Up-to-date: /home/sjm/pid_ws/install/pid_msg/local/lib/python3.10/dist-packages/pid_msg/msg/__init__.py
[2.310s] -- Up-to-date: /home/sjm/pid_ws/install/pid_msg/local/lib/python3.10/dist-packages/pid_msg/_pid_msg_s.ep.rosidl_typesupport_c.c
[2.310s] -- Up-to-date: /home/sjm/pid_ws/install/pid_msg/local/lib/python3.10/dist-packages/pid_msg/pid_msg_s__rosidl_typesupport_fastrtps_c.cpython-310-x86_64-linux-gnu.so
[2.310s] -- Up-to-date: /home/sjm/pid_ws/install/pid_msg/local/lib/python3.10/dist-packages/pid_msg/libpid_msg__rosidl_generator_py.so
[2.310s] -- Up-to-date: /home/sjm/pid_ws/install/pid_msg/local/lib/python3.10/dist-packages/pid_msg/__init__.py
[2.377s] Listing '/home/sjm/pid_ws/install/pid_msg/local/lib/python3.10/dist-packages/pid_msg'...
[2.378s] Listing '/home/sjm/pid_ws/install/pid_msg/local/lib/python3.10/dist-packages/pid_msg/msg'...
[2.385s] -- Up-to-date: /home/sjm/pid_ws/install/pid_msg/local/lib/python3.10/dist-packages/pid_msg/pid_msg_s__rosidl_typesupport_fastrtps_c.cpython-310-x86_64-linux-gnu.so
[2.385s] -- Up-to-date: /home/sjm/pid_ws/install/pid_msg/local/lib/python3.10/dist-packages/pid_msg/pid_msg_s__rosidl_typesupport_introspection_c.cpython-310-x86_64-linux-gnu.so
[2.386s] -- Up-to-date: /home/sjm/pid_ws/install/pid_msg/local/lib/python3.10/dist-packages/pid_msg/pid_msg_s__rosidl_typesupport_c.cpython-310-x86_64-linux-gnu.so
[2.387s] -- Up-to-date: /home/sjm/pid_ws/install/pid_msg/lib/libpid_msg__rosidl_generator_py.so
[2.387s] -- Up-to-date: /home/sjm/pid_ws/install/pid_msg/share/pid_msg/msg/PidTune.idl
[2.387s] -- Up-to-date: /home/sjm/pid_ws/install/pid_msg/share/pid_msg/msg/PidTune.msg
[2.388s] -- Up-to-date: /home/sjm/pid_ws/install/pid_msg/share/ament_index/resource_index/package_run_dependencies/pid_msg
[2.388s] -- Up-to-date: /home/sjm/pid_ws/install/pid_msg/share/ament_index/resource_index/parent_prefix_path/pid_msg
[2.388s] -- Up-to-date: /home/sjm/pid_ws/install/pid_msg/share/pid_msg/environment/ament_prefix_path.sh
[2.389s] -- Up-to-date: /home/sjm/pid_ws/install/pid_msg/share/pid_msg/environment/ament_prefix_path.dsv
[2.389s] -- Up-to-date: /home/sjm/pid_ws/install/pid_msg/share/pid_msg/environment/path.sh
[2.389s] -- Up-to-date: /home/sjm/pid_ws/install/pid_msg/share/pid_msg/environment/path.dsv
[2.389s] -- Up-to-date: /home/sjm/pid_ws/install/pid_msg/share/pid_msg/local_setup.bash
[2.390s] -- Up-to-date: /home/sjm/pid_ws/install/pid_msg/share/pid_msg/local_setup.sh
[2.390s] -- Up-to-date: /home/sjm/pid_ws/install/pid_msg/share/pid_msg/local_setup.zsh
[2.390s] -- Up-to-date: /home/sjm/pid_ws/install/pid_msg/share/pid_msg/local_setup.dsv
[2.390s] -- Installing: /home/sjm/pid_ws/install/pid_msg/share/pid_msg/package.dsv
[2.391s] -- Up-to-date: /home/sjm/pid_ws/install/pid_msg/share/ament_index/resource_index/packages/pid_msg
[2.391s] -- Up-to-date: /home/sjm/pid_ws/install/pid_msg/share/pid_msg/cmake/export_pid_msg__rosidl_generator_cExport.cmake
[2.391s] -- Up-to-date: /home/sjm/pid_ws/install/pid_msg/share/pid_msg/cmake/export_pid_msg__rosidl_generator_cExport-noconfig.cmake
[2.391s] -- Up-to-date: /home/sjm/pid_ws/install/pid_msg/share/pid_msg/cmake/export_pid_msg__rosidl_typesupport_fastrtps_cExport.cmake
[2.391s] -- Up-to-date: /home/sjm/pid_ws/install/pid_msg/share/pid_msg/cmake/export_pid_msg__rosidl_typesupport_fastrtps_cExport-noconfig.cmake
[2.392s] -- Up-to-date: /home/sjm/pid_ws/install/pid_msg/share/pid_msg/cmake/export_pid_msg__rosidl_generator_cppExport.cmake
[2.392s] -- Up-to-date: /home/sjm/pid_ws/install/pid_msg/share/pid_msg/cmake/export_pid_msg__rosidl_typesupport_fastrtps_cppExport.cmake
[2.392s] -- Up-to-date: /home/sjm/pid_ws/install/pid_msg/share/pid_msg/cmake/export_pid_msg__rosidl_typesupport_fastrtps_cppExport-noconfig.cmake
[2.392s] -- Up-to-date: /home/sjm/pid_ws/install/pid_msg/share/pid_msg/cmake/pid_msg__rosidl_typesupport_introspection_cExport.cmake
[2.393s] -- Up-to-date: /home/sjm/pid_ws/install/pid_msg/share/pid_msg/cmake/pid_msg__rosidl_typesupport_introspection_cExport-noconfig.cmake
[2.393s] -- Up-to-date: /home/sjm/pid_ws/install/pid_msg/share/pid_msg/cmake/pid_msg__rosidl_typesupport_cExport.cmake
[2.393s] -- Up-to-date: /home/sjm/pid_ws/install/pid_msg/share/pid_msg/cmake/pid_msg__rosidl_typesupport_cExport-noconfig.cmake
[2.393s] -- Up-to-date: /home/sjm/pid_ws/install/pid_msg/share/pid_msg/cmake/pid_msg__rosidl_typesupport_introspection_cppExport.cmake
[2.393s] -- Up-to-date: /home/sjm/pid_ws/install/pid_msg/share/pid_msg/cmake/pid_msg__rosidl_typesupport_introspection_cppExport-noconfig.cmake
[2.393s] -- Up-to-date: /home/sjm/pid_ws/install/pid_msg/share/pid_msg/cmake/pid_msg__rosidl_typesupport_cppExport.cmake
[2.394s] -- Up-to-date: /home/sjm/pid_ws/install/pid_msg/share/pid_msg/cmake/pid_msg__rosidl_typesupport_cppExport-noconfig.cmake
[2.394s] -- Up-to-date: /home/sjm/pid_ws/install/pid_msg/share/pid_msg/cmake/export_pid_msg__rosidl_generator_pyExport.cmake
[2.394s] -- Up-to-date: /home/sjm/pid_ws/install/pid_msg/share/pid_msg/cmake/export_pid_msg__rosidl_generator_pyExport-noconfig.cmake
[2.394s] -- Up-to-date: /home/sjm/pid_ws/install/pid_msg/share/pid_msg/cmake/rosidl_cmake-extras.cmake
[2.394s] -- Up-to-date: /home/sjm/pid_ws/install/pid_msg/share/pid_msg/cmake/ament_cmake_export_dependencies-extras.cmake
[2.394s] -- Up-to-date: /home/sjm/pid_ws/install/pid_msg/share/pid_msg/cmake/ament_cmake_export_include_directories-extras.cmake
[2.395s] -- Up-to-date: /home/sjm/pid_ws/install/pid_msg/share/pid_msg/cmake/ament_cmake_export_libraries-extras.cmake
[2.395s] -- Up-to-date: /home/sjm/pid_ws/install/pid_msg/share/pid_msg/cmake/ament_cmake_export_targets-extras.cmake
[2.395s] -- Up-to-date: /home/sjm/pid_ws/install/pid_msg/share/pid_msg/cmake/rosidl_cmake_export_typesupport_targets-extras.cmake
[2.395s] -- Up-to-date: /home/sjm/pid_ws/install/pid_msg/share/pid_msg/cmake/rosidl_cmake_export_typesupport_libraries-extras.cmake
[2.395s] -- Up-to-date: /home/sjm/pid_ws/install/pid_msg/share/pid_msg/cmake/pid_msgConfig.cmake
[2.396s] -- Up-to-date: /home/sjm/pid_ws/install/pid_msg/share/pid_msg/cmake/pid_msgConfig-version.cmake
[2.397s] -- Up-to-date: /home/sjm/pid_ws/install/pid_msg/share/pid_msg/package.xml
[2.397s] Invoked command in '/home/sjm/pid_ws/build/pid_msg' returned '0': CMAKE_PREFIX_PATH=${CMAKE_PREFIX_PATH}:/home/sjm/pid_ws/install/pid_controller:/home/sjm/lidar/install/robot_math:/home/sjm/turtlebot3_ws/install/turtlebot3_teleop:/home/sjm/turtlebot3_ws/install/turtlebot3_example:/opt/ros/humble /usr/bin/cmake --install /home/sjm/pid_ws/build/pid_msg
