[0.461s] Invoking command in '/home/sjm/pid_ws/build/articubot_one': CMAKE_PREFIX_PATH=${CMAKE_PREFIX_PATH}:/home/sjm/pid_ws/install/pid_controller:/home/sjm/lidar/install/robot_math:/home/sjm/turtlebot3_ws/install/turtlebot3_teleop:/home/sjm/turtlebot3_ws/install/turtlebot3_example:/opt/ros/humble /usr/bin/cmake --build /home/sjm/pid_ws/build/articubot_one -- -j4 -l4
[1.189s] Invoked command in '/home/sjm/pid_ws/build/articubot_one' returned '0': CMAKE_PREFIX_PATH=${CMAKE_PREFIX_PATH}:/home/sjm/pid_ws/install/pid_controller:/home/sjm/lidar/install/robot_math:/home/sjm/turtlebot3_ws/install/turtlebot3_teleop:/home/sjm/turtlebot3_ws/install/turtlebot3_example:/opt/ros/humble /usr/bin/cmake --build /home/sjm/pid_ws/build/articubot_one -- -j4 -l4
[1.252s] Invoking command in '/home/sjm/pid_ws/build/articubot_one': CMAKE_PREFIX_PATH=${CMAKE_PREFIX_PATH}:/home/sjm/pid_ws/install/pid_controller:/home/sjm/lidar/install/robot_math:/home/sjm/turtlebot3_ws/install/turtlebot3_teleop:/home/sjm/turtlebot3_ws/install/turtlebot3_example:/opt/ros/humble /usr/bin/cmake --install /home/sjm/pid_ws/build/articubot_one
[1.264s] -- Install configuration: ""
[1.266s] -- Execute custom install script
[1.267s] -- Up-to-date symlink: /home/sjm/pid_ws/install/articubot_one/share/articubot_one/config/empty.yaml
[1.267s] -- Up-to-date symlink: /home/sjm/pid_ws/install/articubot_one/share/articubot_one/config/view_bot.rviz
[1.267s] -- Up-to-date symlink: /home/sjm/pid_ws/install/articubot_one/share/articubot_one/description/inertial_macros.xacro
[1.268s] -- Up-to-date symlink: /home/sjm/pid_ws/install/articubot_one/share/articubot_one/description/robot.urdf.xacro
[1.268s] -- Up-to-date symlink: /home/sjm/pid_ws/install/articubot_one/share/articubot_one/description/robot_core.xacro
[1.268s] -- Up-to-date symlink: /home/sjm/pid_ws/install/articubot_one/share/articubot_one/launch/rsp.launch.py
[1.268s] -- Up-to-date symlink: /home/sjm/pid_ws/install/articubot_one/share/articubot_one/worlds/empty.world
[1.269s] -- Up-to-date symlink: /home/sjm/pid_ws/install/articubot_one/share/ament_index/resource_index/package_run_dependencies/articubot_one
[1.269s] -- Up-to-date symlink: /home/sjm/pid_ws/install/articubot_one/share/ament_index/resource_index/parent_prefix_path/articubot_one
[1.269s] -- Up-to-date symlink: /home/sjm/pid_ws/install/articubot_one/share/articubot_one/environment/ament_prefix_path.sh
[1.269s] -- Up-to-date symlink: /home/sjm/pid_ws/install/articubot_one/share/articubot_one/environment/ament_prefix_path.dsv
[1.270s] -- Up-to-date symlink: /home/sjm/pid_ws/install/articubot_one/share/articubot_one/environment/path.sh
[1.270s] -- Up-to-date symlink: /home/sjm/pid_ws/install/articubot_one/share/articubot_one/environment/path.dsv
[1.271s] -- Up-to-date symlink: /home/sjm/pid_ws/install/articubot_one/share/articubot_one/local_setup.bash
[1.271s] -- Up-to-date symlink: /home/sjm/pid_ws/install/articubot_one/share/articubot_one/local_setup.sh
[1.271s] -- Up-to-date symlink: /home/sjm/pid_ws/install/articubot_one/share/articubot_one/local_setup.zsh
[1.272s] -- Up-to-date symlink: /home/sjm/pid_ws/install/articubot_one/share/articubot_one/local_setup.dsv
[1.272s] -- Symlinking: /home/sjm/pid_ws/install/articubot_one/share/articubot_one/package.dsv
[1.287s] -- Up-to-date symlink: /home/sjm/pid_ws/install/articubot_one/share/ament_index/resource_index/packages/articubot_one
[1.288s] -- Up-to-date symlink: /home/sjm/pid_ws/install/articubot_one/share/articubot_one/cmake/articubot_oneConfig.cmake
[1.288s] -- Up-to-date symlink: /home/sjm/pid_ws/install/articubot_one/share/articubot_one/cmake/articubot_oneConfig-version.cmake
[1.288s] -- Up-to-date symlink: /home/sjm/pid_ws/install/articubot_one/share/articubot_one/package.xml
[1.292s] Invoked command in '/home/sjm/pid_ws/build/articubot_one' returned '0': CMAKE_PREFIX_PATH=${CMAKE_PREFIX_PATH}:/home/sjm/pid_ws/install/pid_controller:/home/sjm/lidar/install/robot_math:/home/sjm/turtlebot3_ws/install/turtlebot3_teleop:/home/sjm/turtlebot3_ws/install/turtlebot3_example:/opt/ros/humble /usr/bin/cmake --install /home/sjm/pid_ws/build/articubot_one
