[1.734s] DEBUG:colcon:Command line arguments: ['/usr/bin/colcon', 'build']
[1.735s] DEBUG:colcon:Parsed command line arguments: Namespace(log_base=None, log_level=None, verb_name='build', build_base='build', install_base='install', merge_install=False, symlink_install=False, test_result_base=None, continue_on_error=False, executor='parallel', parallel_workers=4, event_handlers=None, ignore_user_meta=False, metas=['./colcon.meta'], base_paths=['.'], packages_ignore=None, packages_ignore_regex=None, paths=None, packages_up_to=None, packages_up_to_regex=None, packages_above=None, packages_above_and_dependencies=None, packages_above_depth=None, packages_select_by_dep=None, packages_skip_by_dep=None, packages_skip_up_to=None, packages_select_build_failed=False, packages_skip_build_finished=False, packages_select_test_failures=False, packages_skip_test_passed=False, packages_select=None, packages_skip=None, packages_select_regex=None, packages_skip_regex=None, packages_start=None, packages_end=None, allow_overriding=[], cmake_args=None, cmake_target=None, cmake_target_skip_unavailable=False, cmake_clean_cache=False, cmake_clean_first=False, cmake_force_configure=False, ament_cmake_args=None, catkin_cmake_args=None, catkin_skip_building_tests=False, verb_parser=<colcon_defaults.argument_parser.defaults.DefaultArgumentsDecorator object at 0x76f7b4690910>, verb_extension=<colcon_core.verb.build.BuildVerb object at 0x76f7b46518d0>, main=<bound method BuildVerb.main of <colcon_core.verb.build.BuildVerb object at 0x76f7b46518d0>>)
[1.815s] Level 1:colcon.colcon_core.package_discovery:discover_packages(colcon_meta) check parameters
[1.816s] Level 1:colcon.colcon_core.package_discovery:discover_packages(recursive) check parameters
[1.816s] Level 1:colcon.colcon_core.package_discovery:discover_packages(ignore) check parameters
[1.816s] Level 1:colcon.colcon_core.package_discovery:discover_packages(path) check parameters
[1.816s] Level 1:colcon.colcon_core.package_discovery:discover_packages(colcon_meta) discover
[1.816s] Level 1:colcon.colcon_core.package_discovery:discover_packages(recursive) discover
[1.816s] INFO:colcon.colcon_core.package_discovery:Crawling recursively for packages in '/home/sjm/pid_ws'
[1.816s] Level 1:colcon.colcon_core.package_identification:_identify(.) by extensions ['ignore', 'ignore_ament_install']
[1.816s] Level 1:colcon.colcon_core.package_identification:_identify(.) by extension 'ignore'
[1.816s] Level 1:colcon.colcon_core.package_identification:_identify(.) by extension 'ignore_ament_install'
[1.816s] Level 1:colcon.colcon_core.package_identification:_identify(.) by extensions ['colcon_pkg']
[1.817s] Level 1:colcon.colcon_core.package_identification:_identify(.) by extension 'colcon_pkg'
[1.817s] Level 1:colcon.colcon_core.package_identification:_identify(.) by extensions ['colcon_meta']
[1.817s] Level 1:colcon.colcon_core.package_identification:_identify(.) by extension 'colcon_meta'
[1.817s] Level 1:colcon.colcon_core.package_identification:_identify(.) by extensions ['ros']
[1.817s] Level 1:colcon.colcon_core.package_identification:_identify(.) by extension 'ros'
[1.833s] Level 1:colcon.colcon_core.package_identification:_identify(.) by extensions ['cmake', 'python']
[1.834s] Level 1:colcon.colcon_core.package_identification:_identify(.) by extension 'cmake'
[1.834s] Level 1:colcon.colcon_core.package_identification:_identify(.) by extension 'python'
[1.834s] Level 1:colcon.colcon_core.package_identification:_identify(.) by extensions ['python_setup_py']
[1.834s] Level 1:colcon.colcon_core.package_identification:_identify(.) by extension 'python_setup_py'
[1.834s] Level 1:colcon.colcon_core.package_identification:_identify(build) by extensions ['ignore', 'ignore_ament_install']
[1.834s] Level 1:colcon.colcon_core.package_identification:_identify(build) by extension 'ignore'
[1.834s] Level 1:colcon.colcon_core.package_identification:_identify(build) ignored
[1.834s] Level 1:colcon.colcon_core.package_identification:_identify(install) by extensions ['ignore', 'ignore_ament_install']
[1.835s] Level 1:colcon.colcon_core.package_identification:_identify(install) by extension 'ignore'
[1.835s] Level 1:colcon.colcon_core.package_identification:_identify(install) ignored
[1.835s] Level 1:colcon.colcon_core.package_identification:_identify(log) by extensions ['ignore', 'ignore_ament_install']
[1.835s] Level 1:colcon.colcon_core.package_identification:_identify(log) by extension 'ignore'
[1.835s] Level 1:colcon.colcon_core.package_identification:_identify(log) ignored
[1.835s] Level 1:colcon.colcon_core.package_identification:_identify(src) by extensions ['ignore', 'ignore_ament_install']
[1.835s] Level 1:colcon.colcon_core.package_identification:_identify(src) by extension 'ignore'
[1.836s] Level 1:colcon.colcon_core.package_identification:_identify(src) by extension 'ignore_ament_install'
[1.836s] Level 1:colcon.colcon_core.package_identification:_identify(src) by extensions ['colcon_pkg']
[1.836s] Level 1:colcon.colcon_core.package_identification:_identify(src) by extension 'colcon_pkg'
[1.836s] Level 1:colcon.colcon_core.package_identification:_identify(src) by extensions ['colcon_meta']
[1.836s] Level 1:colcon.colcon_core.package_identification:_identify(src) by extension 'colcon_meta'
[1.836s] Level 1:colcon.colcon_core.package_identification:_identify(src) by extensions ['ros']
[1.836s] Level 1:colcon.colcon_core.package_identification:_identify(src) by extension 'ros'
[1.836s] Level 1:colcon.colcon_core.package_identification:_identify(src) by extensions ['cmake', 'python']
[1.836s] Level 1:colcon.colcon_core.package_identification:_identify(src) by extension 'cmake'
[1.836s] Level 1:colcon.colcon_core.package_identification:_identify(src) by extension 'python'
[1.836s] Level 1:colcon.colcon_core.package_identification:_identify(src) by extensions ['python_setup_py']
[1.836s] Level 1:colcon.colcon_core.package_identification:_identify(src) by extension 'python_setup_py'
[1.836s] Level 1:colcon.colcon_core.package_identification:_identify(src/pid_controller) by extensions ['ignore', 'ignore_ament_install']
[1.837s] Level 1:colcon.colcon_core.package_identification:_identify(src/pid_controller) by extension 'ignore'
[1.837s] Level 1:colcon.colcon_core.package_identification:_identify(src/pid_controller) by extension 'ignore_ament_install'
[1.837s] Level 1:colcon.colcon_core.package_identification:_identify(src/pid_controller) by extensions ['colcon_pkg']
[1.837s] Level 1:colcon.colcon_core.package_identification:_identify(src/pid_controller) by extension 'colcon_pkg'
[1.837s] Level 1:colcon.colcon_core.package_identification:_identify(src/pid_controller) by extensions ['colcon_meta']
[1.837s] Level 1:colcon.colcon_core.package_identification:_identify(src/pid_controller) by extension 'colcon_meta'
[1.837s] Level 1:colcon.colcon_core.package_identification:_identify(src/pid_controller) by extensions ['ros']
[1.837s] Level 1:colcon.colcon_core.package_identification:_identify(src/pid_controller) by extension 'ros'
[1.841s] DEBUG:colcon.colcon_core.package_identification:Package 'src/pid_controller' with type 'ros.ament_python' and name 'pid_controller'
[1.841s] Level 1:colcon.colcon_core.package_identification:_identify(src/pid_tune) by extensions ['ignore', 'ignore_ament_install']
[1.841s] Level 1:colcon.colcon_core.package_identification:_identify(src/pid_tune) by extension 'ignore'
[1.841s] Level 1:colcon.colcon_core.package_identification:_identify(src/pid_tune) by extension 'ignore_ament_install'
[1.841s] Level 1:colcon.colcon_core.package_identification:_identify(src/pid_tune) by extensions ['colcon_pkg']
[1.841s] Level 1:colcon.colcon_core.package_identification:_identify(src/pid_tune) by extension 'colcon_pkg'
[1.841s] Level 1:colcon.colcon_core.package_identification:_identify(src/pid_tune) by extensions ['colcon_meta']
[1.842s] Level 1:colcon.colcon_core.package_identification:_identify(src/pid_tune) by extension 'colcon_meta'
[1.842s] Level 1:colcon.colcon_core.package_identification:_identify(src/pid_tune) by extensions ['ros']
[1.842s] Level 1:colcon.colcon_core.package_identification:_identify(src/pid_tune) by extension 'ros'
[1.842s] Level 1:colcon.colcon_core.package_identification:_identify(src/pid_tune) by extensions ['cmake', 'python']
[1.842s] Level 1:colcon.colcon_core.package_identification:_identify(src/pid_tune) by extension 'cmake'
[1.842s] Level 1:colcon.colcon_core.package_identification:_identify(src/pid_tune) by extension 'python'
[1.842s] Level 1:colcon.colcon_core.package_identification:_identify(src/pid_tune) by extensions ['python_setup_py']
[1.842s] Level 1:colcon.colcon_core.package_identification:_identify(src/pid_tune) by extension 'python_setup_py'
[1.842s] Level 1:colcon.colcon_core.package_identification:_identify(src/pid_tune/pid_msg) by extensions ['ignore', 'ignore_ament_install']
[1.842s] Level 1:colcon.colcon_core.package_identification:_identify(src/pid_tune/pid_msg) by extension 'ignore'
[1.842s] Level 1:colcon.colcon_core.package_identification:_identify(src/pid_tune/pid_msg) by extension 'ignore_ament_install'
[1.843s] Level 1:colcon.colcon_core.package_identification:_identify(src/pid_tune/pid_msg) by extensions ['colcon_pkg']
[1.843s] Level 1:colcon.colcon_core.package_identification:_identify(src/pid_tune/pid_msg) by extension 'colcon_pkg'
[1.843s] Level 1:colcon.colcon_core.package_identification:_identify(src/pid_tune/pid_msg) by extensions ['colcon_meta']
[1.843s] Level 1:colcon.colcon_core.package_identification:_identify(src/pid_tune/pid_msg) by extension 'colcon_meta'
[1.843s] Level 1:colcon.colcon_core.package_identification:_identify(src/pid_tune/pid_msg) by extensions ['ros']
[1.843s] Level 1:colcon.colcon_core.package_identification:_identify(src/pid_tune/pid_msg) by extension 'ros'
[1.844s] DEBUG:colcon.colcon_core.package_identification:Package 'src/pid_tune/pid_msg' with type 'ros.ament_cmake' and name 'pid_msg'
[1.844s] Level 1:colcon.colcon_core.package_identification:_identify(src/pid_tune/pid_tune) by extensions ['ignore', 'ignore_ament_install']
[1.844s] Level 1:colcon.colcon_core.package_identification:_identify(src/pid_tune/pid_tune) by extension 'ignore'
[1.844s] Level 1:colcon.colcon_core.package_identification:_identify(src/pid_tune/pid_tune) by extension 'ignore_ament_install'
[1.844s] Level 1:colcon.colcon_core.package_identification:_identify(src/pid_tune/pid_tune) by extensions ['colcon_pkg']
[1.844s] Level 1:colcon.colcon_core.package_identification:_identify(src/pid_tune/pid_tune) by extension 'colcon_pkg'
[1.844s] Level 1:colcon.colcon_core.package_identification:_identify(src/pid_tune/pid_tune) by extensions ['colcon_meta']
[1.844s] Level 1:colcon.colcon_core.package_identification:_identify(src/pid_tune/pid_tune) by extension 'colcon_meta'
[1.845s] Level 1:colcon.colcon_core.package_identification:_identify(src/pid_tune/pid_tune) by extensions ['ros']
[1.845s] Level 1:colcon.colcon_core.package_identification:_identify(src/pid_tune/pid_tune) by extension 'ros'
[1.846s] DEBUG:colcon.colcon_core.package_identification:Package 'src/pid_tune/pid_tune' with type 'ros.ament_cmake' and name 'pid_tune'
[1.846s] Level 1:colcon.colcon_core.package_discovery:discover_packages(recursive) using defaults
[1.846s] Level 1:colcon.colcon_core.package_discovery:discover_packages(ignore) discover
[1.846s] Level 1:colcon.colcon_core.package_discovery:discover_packages(ignore) using defaults
[1.846s] Level 1:colcon.colcon_core.package_discovery:discover_packages(path) discover
[1.846s] Level 1:colcon.colcon_core.package_discovery:discover_packages(path) using defaults
[2.005s] Level 1:colcon.colcon_core.package_discovery:discover_packages(prefix_path) check parameters
[2.005s] Level 1:colcon.colcon_core.package_discovery:discover_packages(prefix_path) discover
[2.059s] DEBUG:colcon.colcon_installed_package_information.package_discovery:Found 3 installed packages in /home/sjm/pid_ws/install
[2.085s] DEBUG:colcon.colcon_installed_package_information.package_discovery:Found 1 installed packages in /home/sjm/microros_ws/install
[2.110s] DEBUG:colcon.colcon_installed_package_information.package_discovery:Found 6 installed packages in /home/sjm/lidar/install
[2.149s] DEBUG:colcon.colcon_installed_package_information.package_discovery:Found 15 installed packages in /home/sjm/turtlebot3_ws/install
[2.178s] DEBUG:colcon.colcon_installed_package_information.package_discovery:Found 338 installed packages in /opt/ros/humble
[2.181s] Level 1:colcon.colcon_core.package_discovery:discover_packages(prefix_path) using defaults
[2.358s] Level 5:colcon.colcon_core.verb:set package 'pid_controller' build argument 'cmake_args' from command line to 'None'
[2.358s] Level 5:colcon.colcon_core.verb:set package 'pid_controller' build argument 'cmake_target' from command line to 'None'
[2.358s] Level 5:colcon.colcon_core.verb:set package 'pid_controller' build argument 'cmake_target_skip_unavailable' from command line to 'False'
[2.358s] Level 5:colcon.colcon_core.verb:set package 'pid_controller' build argument 'cmake_clean_cache' from command line to 'False'
[2.359s] Level 5:colcon.colcon_core.verb:set package 'pid_controller' build argument 'cmake_clean_first' from command line to 'False'
[2.359s] Level 5:colcon.colcon_core.verb:set package 'pid_controller' build argument 'cmake_force_configure' from command line to 'False'
[2.359s] Level 5:colcon.colcon_core.verb:set package 'pid_controller' build argument 'ament_cmake_args' from command line to 'None'
[2.359s] Level 5:colcon.colcon_core.verb:set package 'pid_controller' build argument 'catkin_cmake_args' from command line to 'None'
[2.359s] Level 5:colcon.colcon_core.verb:set package 'pid_controller' build argument 'catkin_skip_building_tests' from command line to 'False'
[2.359s] DEBUG:colcon.colcon_core.verb:Building package 'pid_controller' with the following arguments: {'ament_cmake_args': None, 'build_base': '/home/sjm/pid_ws/build/pid_controller', 'catkin_cmake_args': None, 'catkin_skip_building_tests': False, 'cmake_args': None, 'cmake_clean_cache': False, 'cmake_clean_first': False, 'cmake_force_configure': False, 'cmake_target': None, 'cmake_target_skip_unavailable': False, 'install_base': '/home/sjm/pid_ws/install/pid_controller', 'merge_install': False, 'path': '/home/sjm/pid_ws/src/pid_controller', 'symlink_install': False, 'test_result_base': None}
[2.388s] Level 5:colcon.colcon_core.verb:set package 'pid_msg' build argument 'cmake_args' from command line to 'None'
[2.388s] Level 5:colcon.colcon_core.verb:set package 'pid_msg' build argument 'cmake_target' from command line to 'None'
[2.388s] Level 5:colcon.colcon_core.verb:set package 'pid_msg' build argument 'cmake_target_skip_unavailable' from command line to 'False'
[2.388s] Level 5:colcon.colcon_core.verb:set package 'pid_msg' build argument 'cmake_clean_cache' from command line to 'False'
[2.388s] Level 5:colcon.colcon_core.verb:set package 'pid_msg' build argument 'cmake_clean_first' from command line to 'False'
[2.388s] Level 5:colcon.colcon_core.verb:set package 'pid_msg' build argument 'cmake_force_configure' from command line to 'False'
[2.389s] Level 5:colcon.colcon_core.verb:set package 'pid_msg' build argument 'ament_cmake_args' from command line to 'None'
[2.389s] Level 5:colcon.colcon_core.verb:set package 'pid_msg' build argument 'catkin_cmake_args' from command line to 'None'
[2.389s] Level 5:colcon.colcon_core.verb:set package 'pid_msg' build argument 'catkin_skip_building_tests' from command line to 'False'
[2.389s] DEBUG:colcon.colcon_core.verb:Building package 'pid_msg' with the following arguments: {'ament_cmake_args': None, 'build_base': '/home/sjm/pid_ws/build/pid_msg', 'catkin_cmake_args': None, 'catkin_skip_building_tests': False, 'cmake_args': None, 'cmake_clean_cache': False, 'cmake_clean_first': False, 'cmake_force_configure': False, 'cmake_target': None, 'cmake_target_skip_unavailable': False, 'install_base': '/home/sjm/pid_ws/install/pid_msg', 'merge_install': False, 'path': '/home/sjm/pid_ws/src/pid_tune/pid_msg', 'symlink_install': False, 'test_result_base': None}
[2.418s] Level 5:colcon.colcon_core.verb:set package 'pid_tune' build argument 'cmake_args' from command line to 'None'
[2.419s] Level 5:colcon.colcon_core.verb:set package 'pid_tune' build argument 'cmake_target' from command line to 'None'
[2.419s] Level 5:colcon.colcon_core.verb:set package 'pid_tune' build argument 'cmake_target_skip_unavailable' from command line to 'False'
[2.419s] Level 5:colcon.colcon_core.verb:set package 'pid_tune' build argument 'cmake_clean_cache' from command line to 'False'
[2.419s] Level 5:colcon.colcon_core.verb:set package 'pid_tune' build argument 'cmake_clean_first' from command line to 'False'
[2.419s] Level 5:colcon.colcon_core.verb:set package 'pid_tune' build argument 'cmake_force_configure' from command line to 'False'
[2.419s] Level 5:colcon.colcon_core.verb:set package 'pid_tune' build argument 'ament_cmake_args' from command line to 'None'
[2.419s] Level 5:colcon.colcon_core.verb:set package 'pid_tune' build argument 'catkin_cmake_args' from command line to 'None'
[2.419s] Level 5:colcon.colcon_core.verb:set package 'pid_tune' build argument 'catkin_skip_building_tests' from command line to 'False'
[2.419s] DEBUG:colcon.colcon_core.verb:Building package 'pid_tune' with the following arguments: {'ament_cmake_args': None, 'build_base': '/home/sjm/pid_ws/build/pid_tune', 'catkin_cmake_args': None, 'catkin_skip_building_tests': False, 'cmake_args': None, 'cmake_clean_cache': False, 'cmake_clean_first': False, 'cmake_force_configure': False, 'cmake_target': None, 'cmake_target_skip_unavailable': False, 'install_base': '/home/sjm/pid_ws/install/pid_tune', 'merge_install': False, 'path': '/home/sjm/pid_ws/src/pid_tune/pid_tune', 'symlink_install': False, 'test_result_base': None}
[2.448s] INFO:colcon.colcon_core.executor:Executing jobs using 'parallel' executor
[2.477s] DEBUG:colcon.colcon_parallel_executor.executor.parallel:run_until_complete
[2.477s] INFO:colcon.colcon_ros.task.ament_cmake.build:Building ROS package in '/home/sjm/pid_ws/src/pid_tune/pid_msg' with build type 'ament_cmake'
[2.478s] INFO:colcon.colcon_cmake.task.cmake.build:Building CMake package in '/home/sjm/pid_ws/src/pid_tune/pid_msg'
[2.509s] INFO:colcon.colcon_core.plugin_system:Skipping extension 'colcon_core.shell.bat': Not used on non-Windows systems
[2.510s] INFO:colcon.colcon_core.shell:Skip shell extension 'powershell' for command environment: Not usable outside of PowerShell
[2.510s] DEBUG:colcon.colcon_core.shell:Skip shell extension 'dsv' for command environment
[2.680s] INFO:colcon.colcon_ros.task.ament_python.build:Building ROS package in '/home/sjm/pid_ws/src/pid_controller' with build type 'ament_python'
[2.680s] Level 1:colcon.colcon_core.shell:create_environment_hook('pid_controller', 'ament_prefix_path')
[2.709s] INFO:colcon.colcon_core.shell:Creating environment hook '/home/sjm/pid_ws/install/pid_controller/share/pid_controller/hook/ament_prefix_path.ps1'
[2.709s] INFO:colcon.colcon_core.shell:Creating environment descriptor '/home/sjm/pid_ws/install/pid_controller/share/pid_controller/hook/ament_prefix_path.dsv'
[2.710s] INFO:colcon.colcon_core.shell:Creating environment hook '/home/sjm/pid_ws/install/pid_controller/share/pid_controller/hook/ament_prefix_path.sh'
[2.737s] INFO:colcon.colcon_core.shell:Skip shell extension 'powershell' for command environment: Not usable outside of PowerShell
[2.737s] DEBUG:colcon.colcon_core.shell:Skip shell extension 'dsv' for command environment
[2.913s] DEBUG:colcon.colcon_core.event_handler.log_command:Invoking command in '/home/sjm/pid_ws/build/pid_msg': CMAKE_PREFIX_PATH=${CMAKE_PREFIX_PATH}:/home/sjm/pid_ws/install/pid_controller:/home/sjm/lidar/install/robot_math:/home/sjm/turtlebot3_ws/install/turtlebot3_teleop:/home/sjm/turtlebot3_ws/install/turtlebot3_example:/opt/ros/humble /usr/bin/cmake --build /home/sjm/pid_ws/build/pid_msg -- -j4 -l4
[3.538s] INFO:colcon.colcon_core.task.python.build:Building Python package in '/home/sjm/pid_ws/src/pid_controller'
[3.563s] INFO:colcon.colcon_core.shell:Skip shell extension 'powershell' for command environment: Not usable outside of PowerShell
[3.563s] DEBUG:colcon.colcon_core.shell:Skip shell extension 'dsv' for command environment
[3.742s] DEBUG:colcon.colcon_core.event_handler.log_command:Invoked command in '/home/sjm/pid_ws/build/pid_msg' returned '0': CMAKE_PREFIX_PATH=${CMAKE_PREFIX_PATH}:/home/sjm/pid_ws/install/pid_controller:/home/sjm/lidar/install/robot_math:/home/sjm/turtlebot3_ws/install/turtlebot3_teleop:/home/sjm/turtlebot3_ws/install/turtlebot3_example:/opt/ros/humble /usr/bin/cmake --build /home/sjm/pid_ws/build/pid_msg -- -j4 -l4
[3.879s] DEBUG:colcon.colcon_core.event_handler.log_command:Invoking command in '/home/sjm/pid_ws/build/pid_msg': CMAKE_PREFIX_PATH=${CMAKE_PREFIX_PATH}:/home/sjm/pid_ws/install/pid_controller:/home/sjm/lidar/install/robot_math:/home/sjm/turtlebot3_ws/install/turtlebot3_teleop:/home/sjm/turtlebot3_ws/install/turtlebot3_example:/opt/ros/humble /usr/bin/cmake --install /home/sjm/pid_ws/build/pid_msg
[3.986s] Level 1:colcon.colcon_core.environment:create_environment_scripts_only(pid_msg)
[3.990s] DEBUG:colcon.colcon_core.event_handler.log_command:Invoked command in '/home/sjm/pid_ws/build/pid_msg' returned '0': CMAKE_PREFIX_PATH=${CMAKE_PREFIX_PATH}:/home/sjm/pid_ws/install/pid_controller:/home/sjm/lidar/install/robot_math:/home/sjm/turtlebot3_ws/install/turtlebot3_teleop:/home/sjm/turtlebot3_ws/install/turtlebot3_example:/opt/ros/humble /usr/bin/cmake --install /home/sjm/pid_ws/build/pid_msg
[4.035s] Level 1:colcon.colcon_core.environment:checking '/home/sjm/pid_ws/install/pid_msg' for CMake module files
[4.036s] Level 1:colcon.colcon_core.environment:checking '/home/sjm/pid_ws/install/pid_msg' for CMake config files
[4.037s] Level 1:colcon.colcon_core.shell:create_environment_hook('pid_msg', 'cmake_prefix_path')
[4.064s] INFO:colcon.colcon_core.shell:Creating environment hook '/home/sjm/pid_ws/install/pid_msg/share/pid_msg/hook/cmake_prefix_path.ps1'
[4.065s] INFO:colcon.colcon_core.shell:Creating environment descriptor '/home/sjm/pid_ws/install/pid_msg/share/pid_msg/hook/cmake_prefix_path.dsv'
[4.066s] INFO:colcon.colcon_core.shell:Creating environment hook '/home/sjm/pid_ws/install/pid_msg/share/pid_msg/hook/cmake_prefix_path.sh'
[4.067s] Level 1:colcon.colcon_core.environment:checking '/home/sjm/pid_ws/install/pid_msg/lib'
[4.067s] Level 1:colcon.colcon_core.shell:create_environment_hook('pid_msg', 'ld_library_path_lib')
[4.105s] INFO:colcon.colcon_core.shell:Creating environment hook '/home/sjm/pid_ws/install/pid_msg/share/pid_msg/hook/ld_library_path_lib.ps1'
[4.106s] INFO:colcon.colcon_core.shell:Creating environment descriptor '/home/sjm/pid_ws/install/pid_msg/share/pid_msg/hook/ld_library_path_lib.dsv'
[4.107s] INFO:colcon.colcon_core.shell:Creating environment hook '/home/sjm/pid_ws/install/pid_msg/share/pid_msg/hook/ld_library_path_lib.sh'
[4.108s] Level 1:colcon.colcon_core.environment:checking '/home/sjm/pid_ws/install/pid_msg/bin'
[4.108s] Level 1:colcon.colcon_core.environment:checking '/home/sjm/pid_ws/install/pid_msg/lib/pkgconfig/pid_msg.pc'
[4.108s] Level 1:colcon.colcon_core.environment:checking '/home/sjm/pid_ws/install/pid_msg/lib/python3.10/site-packages'
[4.109s] Level 1:colcon.colcon_core.environment:checking '/home/sjm/pid_ws/install/pid_msg/bin'
[4.148s] INFO:colcon.colcon_core.shell:Creating package script '/home/sjm/pid_ws/install/pid_msg/share/pid_msg/package.ps1'
[4.149s] INFO:colcon.colcon_core.shell:Creating package descriptor '/home/sjm/pid_ws/install/pid_msg/share/pid_msg/package.dsv'
[4.150s] INFO:colcon.colcon_core.shell:Creating package script '/home/sjm/pid_ws/install/pid_msg/share/pid_msg/package.sh'
[4.151s] INFO:colcon.colcon_core.shell:Creating package script '/home/sjm/pid_ws/install/pid_msg/share/pid_msg/package.bash'
[4.153s] INFO:colcon.colcon_core.shell:Creating package script '/home/sjm/pid_ws/install/pid_msg/share/pid_msg/package.zsh'
[4.154s] Level 1:colcon.colcon_core.environment:create_file_with_runtime_dependencies(/home/sjm/pid_ws/install/pid_msg/share/colcon-core/packages/pid_msg)
[4.311s] Level 1:colcon.colcon_core.environment:create_environment_scripts_only(pid_msg)
[4.364s] Level 1:colcon.colcon_core.environment:checking '/home/sjm/pid_ws/install/pid_msg' for CMake module files
[4.365s] Level 1:colcon.colcon_core.environment:checking '/home/sjm/pid_ws/install/pid_msg' for CMake config files
[4.366s] Level 1:colcon.colcon_core.shell:create_environment_hook('pid_msg', 'cmake_prefix_path')
[4.411s] INFO:colcon.colcon_core.shell:Creating environment hook '/home/sjm/pid_ws/install/pid_msg/share/pid_msg/hook/cmake_prefix_path.ps1'
[4.412s] INFO:colcon.colcon_core.shell:Creating environment descriptor '/home/sjm/pid_ws/install/pid_msg/share/pid_msg/hook/cmake_prefix_path.dsv'
[4.413s] INFO:colcon.colcon_core.shell:Creating environment hook '/home/sjm/pid_ws/install/pid_msg/share/pid_msg/hook/cmake_prefix_path.sh'
[4.414s] Level 1:colcon.colcon_core.environment:checking '/home/sjm/pid_ws/install/pid_msg/lib'
[4.414s] Level 1:colcon.colcon_core.shell:create_environment_hook('pid_msg', 'ld_library_path_lib')
[4.456s] INFO:colcon.colcon_core.shell:Creating environment hook '/home/sjm/pid_ws/install/pid_msg/share/pid_msg/hook/ld_library_path_lib.ps1'
[4.457s] INFO:colcon.colcon_core.shell:Creating environment descriptor '/home/sjm/pid_ws/install/pid_msg/share/pid_msg/hook/ld_library_path_lib.dsv'
[4.458s] INFO:colcon.colcon_core.shell:Creating environment hook '/home/sjm/pid_ws/install/pid_msg/share/pid_msg/hook/ld_library_path_lib.sh'
[4.459s] Level 1:colcon.colcon_core.environment:checking '/home/sjm/pid_ws/install/pid_msg/bin'
[4.459s] Level 1:colcon.colcon_core.environment:checking '/home/sjm/pid_ws/install/pid_msg/lib/pkgconfig/pid_msg.pc'
[4.460s] Level 1:colcon.colcon_core.environment:checking '/home/sjm/pid_ws/install/pid_msg/lib/python3.10/site-packages'
[4.460s] Level 1:colcon.colcon_core.environment:checking '/home/sjm/pid_ws/install/pid_msg/bin'
[4.487s] INFO:colcon.colcon_core.shell:Creating package script '/home/sjm/pid_ws/install/pid_msg/share/pid_msg/package.ps1'
[4.488s] INFO:colcon.colcon_core.shell:Creating package descriptor '/home/sjm/pid_ws/install/pid_msg/share/pid_msg/package.dsv'
[4.489s] INFO:colcon.colcon_core.shell:Creating package script '/home/sjm/pid_ws/install/pid_msg/share/pid_msg/package.sh'
[4.490s] INFO:colcon.colcon_core.shell:Creating package script '/home/sjm/pid_ws/install/pid_msg/share/pid_msg/package.bash'
[4.490s] INFO:colcon.colcon_core.shell:Creating package script '/home/sjm/pid_ws/install/pid_msg/share/pid_msg/package.zsh'
[4.491s] Level 1:colcon.colcon_core.environment:create_file_with_runtime_dependencies(/home/sjm/pid_ws/install/pid_msg/share/colcon-core/packages/pid_msg)
[4.492s] INFO:colcon.colcon_ros.task.ament_cmake.build:Building ROS package in '/home/sjm/pid_ws/src/pid_tune/pid_tune' with build type 'ament_cmake'
[4.492s] INFO:colcon.colcon_cmake.task.cmake.build:Building CMake package in '/home/sjm/pid_ws/src/pid_tune/pid_tune'
[4.520s] INFO:colcon.colcon_core.shell:Skip shell extension 'powershell' for command environment: Not usable outside of PowerShell
[4.520s] DEBUG:colcon.colcon_core.shell:Skip shell extension 'dsv' for command environment
[4.725s] DEBUG:colcon.colcon_core.event_handler.log_command:Invoking command in '/home/sjm/pid_ws/src/pid_controller': PYTHONPATH=/home/sjm/pid_ws/build/pid_controller/prefix_override:/home/sjm/pid_ws/install/pid_controller/lib/python3.10/site-packages:${PYTHONPATH} /usr/bin/python3 setup.py egg_info --egg-base ../../build/pid_controller build --build-base /home/sjm/pid_ws/build/pid_controller/build install --record /home/sjm/pid_ws/build/pid_controller/install.log --single-version-externally-managed
[4.737s] DEBUG:colcon.colcon_core.event_handler.log_command:Invoking command in '/home/sjm/pid_ws/build/pid_tune': CMAKE_PREFIX_PATH=/home/sjm/pid_ws/install/pid_msg:/home/sjm/pid_ws/install/pid_tune:/home/sjm/microros_ws/install/micro_ros_setup:/home/sjm/lidar/install/turtlebot3_gazebo:/home/sjm/lidar/install/rplidar_ros:/home/sjm/lidar/install/point_cloud_perception:/home/sjm/lidar/install/nodes:/home/sjm/lidar/install/navigation_tb3:/home/sjm/turtlebot3_ws/install/turtlebot3:/home/sjm/turtlebot3_ws/install/turtlebot3_simulations:/home/sjm/turtlebot3_ws/install/turtlebot3_bringup:/home/sjm/turtlebot3_ws/install/turtlebot3_node:/home/sjm/turtlebot3_ws/install/turtlebot3_navigation2:/home/sjm/turtlebot3_ws/install/turtlebot3_fake_node:/home/sjm/turtlebot3_ws/install/turtlebot3_msgs:/home/sjm/turtlebot3_ws/install/turtlebot3_gazebo:/home/sjm/turtlebot3_ws/install/turtlebot3_description:/home/sjm/turtlebot3_ws/install/turtlebot3_cartographer:/home/sjm/turtlebot3_ws/install/dynamixel_sdk_examples:/home/sjm/turtlebot3_ws/install/dynamixel_sdk_custom_interfaces:/home/sjm/turtlebot3_ws/install/dynamixel_sdk:/home/sjm/pid_ws/install/pid_controller:/home/sjm/lidar/install/robot_math:/home/sjm/turtlebot3_ws/install/turtlebot3_teleop:/home/sjm/turtlebot3_ws/install/turtlebot3_example:/opt/ros/humble /usr/bin/cmake --build /home/sjm/pid_ws/build/pid_tune -- -j4 -l4
[4.834s] DEBUG:colcon.colcon_core.event_handler.log_command:Invoked command in '/home/sjm/pid_ws/build/pid_tune' returned '0': CMAKE_PREFIX_PATH=/home/sjm/pid_ws/install/pid_msg:/home/sjm/pid_ws/install/pid_tune:/home/sjm/microros_ws/install/micro_ros_setup:/home/sjm/lidar/install/turtlebot3_gazebo:/home/sjm/lidar/install/rplidar_ros:/home/sjm/lidar/install/point_cloud_perception:/home/sjm/lidar/install/nodes:/home/sjm/lidar/install/navigation_tb3:/home/sjm/turtlebot3_ws/install/turtlebot3:/home/sjm/turtlebot3_ws/install/turtlebot3_simulations:/home/sjm/turtlebot3_ws/install/turtlebot3_bringup:/home/sjm/turtlebot3_ws/install/turtlebot3_node:/home/sjm/turtlebot3_ws/install/turtlebot3_navigation2:/home/sjm/turtlebot3_ws/install/turtlebot3_fake_node:/home/sjm/turtlebot3_ws/install/turtlebot3_msgs:/home/sjm/turtlebot3_ws/install/turtlebot3_gazebo:/home/sjm/turtlebot3_ws/install/turtlebot3_description:/home/sjm/turtlebot3_ws/install/turtlebot3_cartographer:/home/sjm/turtlebot3_ws/install/dynamixel_sdk_examples:/home/sjm/turtlebot3_ws/install/dynamixel_sdk_custom_interfaces:/home/sjm/turtlebot3_ws/install/dynamixel_sdk:/home/sjm/pid_ws/install/pid_controller:/home/sjm/lidar/install/robot_math:/home/sjm/turtlebot3_ws/install/turtlebot3_teleop:/home/sjm/turtlebot3_ws/install/turtlebot3_example:/opt/ros/humble /usr/bin/cmake --build /home/sjm/pid_ws/build/pid_tune -- -j4 -l4
[4.932s] DEBUG:colcon.colcon_core.event_handler.log_command:Invoking command in '/home/sjm/pid_ws/build/pid_tune': CMAKE_PREFIX_PATH=/home/sjm/pid_ws/install/pid_msg:/home/sjm/pid_ws/install/pid_tune:/home/sjm/microros_ws/install/micro_ros_setup:/home/sjm/lidar/install/turtlebot3_gazebo:/home/sjm/lidar/install/rplidar_ros:/home/sjm/lidar/install/point_cloud_perception:/home/sjm/lidar/install/nodes:/home/sjm/lidar/install/navigation_tb3:/home/sjm/turtlebot3_ws/install/turtlebot3:/home/sjm/turtlebot3_ws/install/turtlebot3_simulations:/home/sjm/turtlebot3_ws/install/turtlebot3_bringup:/home/sjm/turtlebot3_ws/install/turtlebot3_node:/home/sjm/turtlebot3_ws/install/turtlebot3_navigation2:/home/sjm/turtlebot3_ws/install/turtlebot3_fake_node:/home/sjm/turtlebot3_ws/install/turtlebot3_msgs:/home/sjm/turtlebot3_ws/install/turtlebot3_gazebo:/home/sjm/turtlebot3_ws/install/turtlebot3_description:/home/sjm/turtlebot3_ws/install/turtlebot3_cartographer:/home/sjm/turtlebot3_ws/install/dynamixel_sdk_examples:/home/sjm/turtlebot3_ws/install/dynamixel_sdk_custom_interfaces:/home/sjm/turtlebot3_ws/install/dynamixel_sdk:/home/sjm/pid_ws/install/pid_controller:/home/sjm/lidar/install/robot_math:/home/sjm/turtlebot3_ws/install/turtlebot3_teleop:/home/sjm/turtlebot3_ws/install/turtlebot3_example:/opt/ros/humble /usr/bin/cmake --install /home/sjm/pid_ws/build/pid_tune
[4.970s] Level 1:colcon.colcon_core.environment:create_environment_scripts_only(pid_tune)
[4.984s] DEBUG:colcon.colcon_core.event_handler.log_command:Invoked command in '/home/sjm/pid_ws/build/pid_tune' returned '0': CMAKE_PREFIX_PATH=/home/sjm/pid_ws/install/pid_msg:/home/sjm/pid_ws/install/pid_tune:/home/sjm/microros_ws/install/micro_ros_setup:/home/sjm/lidar/install/turtlebot3_gazebo:/home/sjm/lidar/install/rplidar_ros:/home/sjm/lidar/install/point_cloud_perception:/home/sjm/lidar/install/nodes:/home/sjm/lidar/install/navigation_tb3:/home/sjm/turtlebot3_ws/install/turtlebot3:/home/sjm/turtlebot3_ws/install/turtlebot3_simulations:/home/sjm/turtlebot3_ws/install/turtlebot3_bringup:/home/sjm/turtlebot3_ws/install/turtlebot3_node:/home/sjm/turtlebot3_ws/install/turtlebot3_navigation2:/home/sjm/turtlebot3_ws/install/turtlebot3_fake_node:/home/sjm/turtlebot3_ws/install/turtlebot3_msgs:/home/sjm/turtlebot3_ws/install/turtlebot3_gazebo:/home/sjm/turtlebot3_ws/install/turtlebot3_description:/home/sjm/turtlebot3_ws/install/turtlebot3_cartographer:/home/sjm/turtlebot3_ws/install/dynamixel_sdk_examples:/home/sjm/turtlebot3_ws/install/dynamixel_sdk_custom_interfaces:/home/sjm/turtlebot3_ws/install/dynamixel_sdk:/home/sjm/pid_ws/install/pid_controller:/home/sjm/lidar/install/robot_math:/home/sjm/turtlebot3_ws/install/turtlebot3_teleop:/home/sjm/turtlebot3_ws/install/turtlebot3_example:/opt/ros/humble /usr/bin/cmake --install /home/sjm/pid_ws/build/pid_tune
[5.012s] Level 1:colcon.colcon_core.environment:checking '/home/sjm/pid_ws/install/pid_tune' for CMake module files
[5.013s] Level 1:colcon.colcon_core.environment:checking '/home/sjm/pid_ws/install/pid_tune' for CMake config files
[5.013s] Level 1:colcon.colcon_core.shell:create_environment_hook('pid_tune', 'cmake_prefix_path')
[5.063s] INFO:colcon.colcon_core.shell:Creating environment hook '/home/sjm/pid_ws/install/pid_tune/share/pid_tune/hook/cmake_prefix_path.ps1'
[5.064s] INFO:colcon.colcon_core.shell:Creating environment descriptor '/home/sjm/pid_ws/install/pid_tune/share/pid_tune/hook/cmake_prefix_path.dsv'
[5.065s] INFO:colcon.colcon_core.shell:Creating environment hook '/home/sjm/pid_ws/install/pid_tune/share/pid_tune/hook/cmake_prefix_path.sh'
[5.066s] Level 1:colcon.colcon_core.environment:checking '/home/sjm/pid_ws/install/pid_tune/lib'
[5.066s] Level 1:colcon.colcon_core.environment:checking '/home/sjm/pid_ws/install/pid_tune/bin'
[5.066s] Level 1:colcon.colcon_core.environment:checking '/home/sjm/pid_ws/install/pid_tune/lib/pkgconfig/pid_tune.pc'
[5.067s] Level 1:colcon.colcon_core.environment:checking '/home/sjm/pid_ws/install/pid_tune/lib/python3.10/site-packages'
[5.067s] Level 1:colcon.colcon_core.environment:checking '/home/sjm/pid_ws/install/pid_tune/bin'
[5.118s] INFO:colcon.colcon_core.shell:Creating package script '/home/sjm/pid_ws/install/pid_tune/share/pid_tune/package.ps1'
[5.120s] INFO:colcon.colcon_core.shell:Creating package descriptor '/home/sjm/pid_ws/install/pid_tune/share/pid_tune/package.dsv'
[5.122s] INFO:colcon.colcon_core.shell:Creating package script '/home/sjm/pid_ws/install/pid_tune/share/pid_tune/package.sh'
[5.126s] INFO:colcon.colcon_core.shell:Creating package script '/home/sjm/pid_ws/install/pid_tune/share/pid_tune/package.bash'
[5.128s] INFO:colcon.colcon_core.shell:Creating package script '/home/sjm/pid_ws/install/pid_tune/share/pid_tune/package.zsh'
[5.130s] Level 1:colcon.colcon_core.environment:create_file_with_runtime_dependencies(/home/sjm/pid_ws/install/pid_tune/share/colcon-core/packages/pid_tune)
[5.334s] Level 1:colcon.colcon_core.environment:create_environment_scripts_only(pid_tune)
[5.400s] Level 1:colcon.colcon_core.environment:checking '/home/sjm/pid_ws/install/pid_tune' for CMake module files
[5.402s] Level 1:colcon.colcon_core.environment:checking '/home/sjm/pid_ws/install/pid_tune' for CMake config files
[5.403s] Level 1:colcon.colcon_core.shell:create_environment_hook('pid_tune', 'cmake_prefix_path')
[5.484s] INFO:colcon.colcon_core.shell:Creating environment hook '/home/sjm/pid_ws/install/pid_tune/share/pid_tune/hook/cmake_prefix_path.ps1'
[5.485s] INFO:colcon.colcon_core.shell:Creating environment descriptor '/home/sjm/pid_ws/install/pid_tune/share/pid_tune/hook/cmake_prefix_path.dsv'
[5.486s] INFO:colcon.colcon_core.shell:Creating environment hook '/home/sjm/pid_ws/install/pid_tune/share/pid_tune/hook/cmake_prefix_path.sh'
[5.487s] Level 1:colcon.colcon_core.environment:checking '/home/sjm/pid_ws/install/pid_tune/lib'
[5.487s] Level 1:colcon.colcon_core.environment:checking '/home/sjm/pid_ws/install/pid_tune/bin'
[5.487s] Level 1:colcon.colcon_core.environment:checking '/home/sjm/pid_ws/install/pid_tune/lib/pkgconfig/pid_tune.pc'
[5.488s] Level 1:colcon.colcon_core.environment:checking '/home/sjm/pid_ws/install/pid_tune/lib/python3.10/site-packages'
[5.488s] Level 1:colcon.colcon_core.environment:checking '/home/sjm/pid_ws/install/pid_tune/bin'
[5.530s] INFO:colcon.colcon_core.shell:Creating package script '/home/sjm/pid_ws/install/pid_tune/share/pid_tune/package.ps1'
[5.531s] INFO:colcon.colcon_core.shell:Creating package descriptor '/home/sjm/pid_ws/install/pid_tune/share/pid_tune/package.dsv'
[5.532s] INFO:colcon.colcon_core.shell:Creating package script '/home/sjm/pid_ws/install/pid_tune/share/pid_tune/package.sh'
[5.533s] INFO:colcon.colcon_core.shell:Creating package script '/home/sjm/pid_ws/install/pid_tune/share/pid_tune/package.bash'
[5.533s] INFO:colcon.colcon_core.shell:Creating package script '/home/sjm/pid_ws/install/pid_tune/share/pid_tune/package.zsh'
[5.534s] Level 1:colcon.colcon_core.environment:create_file_with_runtime_dependencies(/home/sjm/pid_ws/install/pid_tune/share/colcon-core/packages/pid_tune)
[5.546s] DEBUG:colcon.colcon_core.event_handler.log_command:Invoked command in '/home/sjm/pid_ws/src/pid_controller' returned '0': PYTHONPATH=/home/sjm/pid_ws/build/pid_controller/prefix_override:/home/sjm/pid_ws/install/pid_controller/lib/python3.10/site-packages:${PYTHONPATH} /usr/bin/python3 setup.py egg_info --egg-base ../../build/pid_controller build --build-base /home/sjm/pid_ws/build/pid_controller/build install --record /home/sjm/pid_ws/build/pid_controller/install.log --single-version-externally-managed
[5.577s] Level 1:colcon.colcon_core.environment:checking '/home/sjm/pid_ws/install/pid_controller' for CMake module files
[5.577s] Level 1:colcon.colcon_core.environment:checking '/home/sjm/pid_ws/install/pid_controller' for CMake config files
[5.579s] Level 1:colcon.colcon_core.environment:checking '/home/sjm/pid_ws/install/pid_controller/lib'
[5.579s] Level 1:colcon.colcon_core.environment:checking '/home/sjm/pid_ws/install/pid_controller/bin'
[5.579s] Level 1:colcon.colcon_core.environment:checking '/home/sjm/pid_ws/install/pid_controller/lib/pkgconfig/pid_controller.pc'
[5.579s] Level 1:colcon.colcon_core.environment:checking '/home/sjm/pid_ws/install/pid_controller/lib/python3.10/site-packages'
[5.580s] Level 1:colcon.colcon_core.shell:create_environment_hook('pid_controller', 'pythonpath')
[5.612s] INFO:colcon.colcon_core.shell:Creating environment hook '/home/sjm/pid_ws/install/pid_controller/share/pid_controller/hook/pythonpath.ps1'
[5.613s] INFO:colcon.colcon_core.shell:Creating environment descriptor '/home/sjm/pid_ws/install/pid_controller/share/pid_controller/hook/pythonpath.dsv'
[5.614s] INFO:colcon.colcon_core.shell:Creating environment hook '/home/sjm/pid_ws/install/pid_controller/share/pid_controller/hook/pythonpath.sh'
[5.615s] Level 1:colcon.colcon_core.environment:checking '/home/sjm/pid_ws/install/pid_controller/bin'
[5.616s] Level 1:colcon.colcon_core.environment:create_environment_scripts_only(pid_controller)
[5.661s] INFO:colcon.colcon_core.shell:Creating package script '/home/sjm/pid_ws/install/pid_controller/share/pid_controller/package.ps1'
[5.662s] INFO:colcon.colcon_core.shell:Creating package descriptor '/home/sjm/pid_ws/install/pid_controller/share/pid_controller/package.dsv'
[5.664s] INFO:colcon.colcon_core.shell:Creating package script '/home/sjm/pid_ws/install/pid_controller/share/pid_controller/package.sh'
[5.665s] INFO:colcon.colcon_core.shell:Creating package script '/home/sjm/pid_ws/install/pid_controller/share/pid_controller/package.bash'
[5.666s] INFO:colcon.colcon_core.shell:Creating package script '/home/sjm/pid_ws/install/pid_controller/share/pid_controller/package.zsh'
[5.666s] Level 1:colcon.colcon_core.environment:create_file_with_runtime_dependencies(/home/sjm/pid_ws/install/pid_controller/share/colcon-core/packages/pid_controller)
[5.667s] DEBUG:colcon.colcon_parallel_executor.executor.parallel:closing loop
[5.668s] DEBUG:colcon.colcon_parallel_executor.executor.parallel:loop closed
[5.668s] DEBUG:colcon.colcon_parallel_executor.executor.parallel:run_until_complete finished with '0'
[5.669s] DEBUG:colcon.colcon_core.event_reactor:joining thread
[5.729s] INFO:colcon.colcon_core.plugin_system:Skipping extension 'colcon_notification.desktop_notification.terminal_notifier': Not used on non-Darwin systems
[5.729s] INFO:colcon.colcon_core.plugin_system:Skipping extension 'colcon_notification.desktop_notification.win32': Not used on non-Windows systems
[5.729s] INFO:colcon.colcon_notification.desktop_notification:Sending desktop notification using 'notify2'
[5.757s] DEBUG:colcon.colcon_core.event_reactor:joined thread
[5.806s] INFO:colcon.colcon_core.shell:Creating prefix script '/home/sjm/pid_ws/install/local_setup.ps1'
[5.808s] INFO:colcon.colcon_core.shell:Creating prefix util module '/home/sjm/pid_ws/install/_local_setup_util_ps1.py'
[5.813s] INFO:colcon.colcon_core.shell:Creating prefix chain script '/home/sjm/pid_ws/install/setup.ps1'
[5.863s] INFO:colcon.colcon_core.shell:Creating prefix script '/home/sjm/pid_ws/install/local_setup.sh'
[5.865s] INFO:colcon.colcon_core.shell:Creating prefix util module '/home/sjm/pid_ws/install/_local_setup_util_sh.py'
[5.866s] INFO:colcon.colcon_core.shell:Creating prefix chain script '/home/sjm/pid_ws/install/setup.sh'
[5.923s] INFO:colcon.colcon_core.shell:Creating prefix script '/home/sjm/pid_ws/install/local_setup.bash'
[5.925s] INFO:colcon.colcon_core.shell:Creating prefix chain script '/home/sjm/pid_ws/install/setup.bash'
[5.965s] INFO:colcon.colcon_core.shell:Creating prefix script '/home/sjm/pid_ws/install/local_setup.zsh'
[5.967s] INFO:colcon.colcon_core.shell:Creating prefix chain script '/home/sjm/pid_ws/install/setup.zsh'
