[1.758s] DEBUG:colcon:Command line arguments: ['/usr/bin/colcon', 'build']
[1.758s] DEBUG:colcon:Parsed command line arguments: Namespace(log_base=None, log_level=None, verb_name='build', build_base='build', install_base='install', merge_install=False, symlink_install=False, test_result_base=None, continue_on_error=False, executor='parallel', parallel_workers=4, event_handlers=None, ignore_user_meta=False, metas=['./colcon.meta'], base_paths=['.'], packages_ignore=None, packages_ignore_regex=None, paths=None, packages_up_to=None, packages_up_to_regex=None, packages_above=None, packages_above_and_dependencies=None, packages_above_depth=None, packages_select_by_dep=None, packages_skip_by_dep=None, packages_skip_up_to=None, packages_select_build_failed=False, packages_skip_build_finished=False, packages_select_test_failures=False, packages_skip_test_passed=False, packages_select=None, packages_skip=None, packages_select_regex=None, packages_skip_regex=None, packages_start=None, packages_end=None, allow_overriding=[], cmake_args=None, cmake_target=None, cmake_target_skip_unavailable=False, cmake_clean_cache=False, cmake_clean_first=False, cmake_force_configure=False, ament_cmake_args=None, catkin_cmake_args=None, catkin_skip_building_tests=False, verb_parser=<colcon_defaults.argument_parser.defaults.DefaultArgumentsDecorator object at 0x7062af175690>, verb_extension=<colcon_core.verb.build.BuildVerb object at 0x7062af134cd0>, main=<bound method BuildVerb.main of <colcon_core.verb.build.BuildVerb object at 0x7062af134cd0>>)
[1.841s] Level 1:colcon.colcon_core.package_discovery:discover_packages(colcon_meta) check parameters
[1.841s] Level 1:colcon.colcon_core.package_discovery:discover_packages(recursive) check parameters
[1.841s] Level 1:colcon.colcon_core.package_discovery:discover_packages(ignore) check parameters
[1.841s] Level 1:colcon.colcon_core.package_discovery:discover_packages(path) check parameters
[1.841s] Level 1:colcon.colcon_core.package_discovery:discover_packages(colcon_meta) discover
[1.841s] Level 1:colcon.colcon_core.package_discovery:discover_packages(recursive) discover
[1.841s] INFO:colcon.colcon_core.package_discovery:Crawling recursively for packages in '/home/sjm/pid_ws'
[1.841s] Level 1:colcon.colcon_core.package_identification:_identify(.) by extensions ['ignore', 'ignore_ament_install']
[1.841s] Level 1:colcon.colcon_core.package_identification:_identify(.) by extension 'ignore'
[1.842s] Level 1:colcon.colcon_core.package_identification:_identify(.) by extension 'ignore_ament_install'
[1.842s] Level 1:colcon.colcon_core.package_identification:_identify(.) by extensions ['colcon_pkg']
[1.842s] Level 1:colcon.colcon_core.package_identification:_identify(.) by extension 'colcon_pkg'
[1.842s] Level 1:colcon.colcon_core.package_identification:_identify(.) by extensions ['colcon_meta']
[1.842s] Level 1:colcon.colcon_core.package_identification:_identify(.) by extension 'colcon_meta'
[1.842s] Level 1:colcon.colcon_core.package_identification:_identify(.) by extensions ['ros']
[1.842s] Level 1:colcon.colcon_core.package_identification:_identify(.) by extension 'ros'
[1.859s] Level 1:colcon.colcon_core.package_identification:_identify(.) by extensions ['cmake', 'python']
[1.859s] Level 1:colcon.colcon_core.package_identification:_identify(.) by extension 'cmake'
[1.860s] Level 1:colcon.colcon_core.package_identification:_identify(.) by extension 'python'
[1.860s] Level 1:colcon.colcon_core.package_identification:_identify(.) by extensions ['python_setup_py']
[1.860s] Level 1:colcon.colcon_core.package_identification:_identify(.) by extension 'python_setup_py'
[1.860s] Level 1:colcon.colcon_core.package_identification:_identify(build) by extensions ['ignore', 'ignore_ament_install']
[1.860s] Level 1:colcon.colcon_core.package_identification:_identify(build) by extension 'ignore'
[1.860s] Level 1:colcon.colcon_core.package_identification:_identify(build) ignored
[1.860s] Level 1:colcon.colcon_core.package_identification:_identify(install) by extensions ['ignore', 'ignore_ament_install']
[1.860s] Level 1:colcon.colcon_core.package_identification:_identify(install) by extension 'ignore'
[1.861s] Level 1:colcon.colcon_core.package_identification:_identify(install) ignored
[1.861s] Level 1:colcon.colcon_core.package_identification:_identify(log) by extensions ['ignore', 'ignore_ament_install']
[1.861s] Level 1:colcon.colcon_core.package_identification:_identify(log) by extension 'ignore'
[1.861s] Level 1:colcon.colcon_core.package_identification:_identify(log) ignored
[1.861s] Level 1:colcon.colcon_core.package_identification:_identify(src) by extensions ['ignore', 'ignore_ament_install']
[1.861s] Level 1:colcon.colcon_core.package_identification:_identify(src) by extension 'ignore'
[1.861s] Level 1:colcon.colcon_core.package_identification:_identify(src) by extension 'ignore_ament_install'
[1.861s] Level 1:colcon.colcon_core.package_identification:_identify(src) by extensions ['colcon_pkg']
[1.861s] Level 1:colcon.colcon_core.package_identification:_identify(src) by extension 'colcon_pkg'
[1.861s] Level 1:colcon.colcon_core.package_identification:_identify(src) by extensions ['colcon_meta']
[1.861s] Level 1:colcon.colcon_core.package_identification:_identify(src) by extension 'colcon_meta'
[1.862s] Level 1:colcon.colcon_core.package_identification:_identify(src) by extensions ['ros']
[1.862s] Level 1:colcon.colcon_core.package_identification:_identify(src) by extension 'ros'
[1.862s] Level 1:colcon.colcon_core.package_identification:_identify(src) by extensions ['cmake', 'python']
[1.862s] Level 1:colcon.colcon_core.package_identification:_identify(src) by extension 'cmake'
[1.862s] Level 1:colcon.colcon_core.package_identification:_identify(src) by extension 'python'
[1.862s] Level 1:colcon.colcon_core.package_identification:_identify(src) by extensions ['python_setup_py']
[1.862s] Level 1:colcon.colcon_core.package_identification:_identify(src) by extension 'python_setup_py'
[1.862s] Level 1:colcon.colcon_core.package_identification:_identify(src/pid_controller) by extensions ['ignore', 'ignore_ament_install']
[1.862s] Level 1:colcon.colcon_core.package_identification:_identify(src/pid_controller) by extension 'ignore'
[1.862s] Level 1:colcon.colcon_core.package_identification:_identify(src/pid_controller) by extension 'ignore_ament_install'
[1.862s] Level 1:colcon.colcon_core.package_identification:_identify(src/pid_controller) by extensions ['colcon_pkg']
[1.863s] Level 1:colcon.colcon_core.package_identification:_identify(src/pid_controller) by extension 'colcon_pkg'
[1.863s] Level 1:colcon.colcon_core.package_identification:_identify(src/pid_controller) by extensions ['colcon_meta']
[1.863s] Level 1:colcon.colcon_core.package_identification:_identify(src/pid_controller) by extension 'colcon_meta'
[1.863s] Level 1:colcon.colcon_core.package_identification:_identify(src/pid_controller) by extensions ['ros']
[1.863s] Level 1:colcon.colcon_core.package_identification:_identify(src/pid_controller) by extension 'ros'
[1.866s] DEBUG:colcon.colcon_core.package_identification:Package 'src/pid_controller' with type 'ros.ament_python' and name 'pid_controller'
[1.867s] Level 1:colcon.colcon_core.package_identification:_identify(src/pid_tune) by extensions ['ignore', 'ignore_ament_install']
[1.867s] Level 1:colcon.colcon_core.package_identification:_identify(src/pid_tune) by extension 'ignore'
[1.867s] Level 1:colcon.colcon_core.package_identification:_identify(src/pid_tune) by extension 'ignore_ament_install'
[1.867s] Level 1:colcon.colcon_core.package_identification:_identify(src/pid_tune) by extensions ['colcon_pkg']
[1.867s] Level 1:colcon.colcon_core.package_identification:_identify(src/pid_tune) by extension 'colcon_pkg'
[1.867s] Level 1:colcon.colcon_core.package_identification:_identify(src/pid_tune) by extensions ['colcon_meta']
[1.867s] Level 1:colcon.colcon_core.package_identification:_identify(src/pid_tune) by extension 'colcon_meta'
[1.867s] Level 1:colcon.colcon_core.package_identification:_identify(src/pid_tune) by extensions ['ros']
[1.867s] Level 1:colcon.colcon_core.package_identification:_identify(src/pid_tune) by extension 'ros'
[1.868s] Level 1:colcon.colcon_core.package_identification:_identify(src/pid_tune) by extensions ['cmake', 'python']
[1.868s] Level 1:colcon.colcon_core.package_identification:_identify(src/pid_tune) by extension 'cmake'
[1.868s] Level 1:colcon.colcon_core.package_identification:_identify(src/pid_tune) by extension 'python'
[1.868s] Level 1:colcon.colcon_core.package_identification:_identify(src/pid_tune) by extensions ['python_setup_py']
[1.868s] Level 1:colcon.colcon_core.package_identification:_identify(src/pid_tune) by extension 'python_setup_py'
[1.868s] Level 1:colcon.colcon_core.package_identification:_identify(src/pid_tune/pid_msg) by extensions ['ignore', 'ignore_ament_install']
[1.868s] Level 1:colcon.colcon_core.package_identification:_identify(src/pid_tune/pid_msg) by extension 'ignore'
[1.868s] Level 1:colcon.colcon_core.package_identification:_identify(src/pid_tune/pid_msg) by extension 'ignore_ament_install'
[1.868s] Level 1:colcon.colcon_core.package_identification:_identify(src/pid_tune/pid_msg) by extensions ['colcon_pkg']
[1.868s] Level 1:colcon.colcon_core.package_identification:_identify(src/pid_tune/pid_msg) by extension 'colcon_pkg'
[1.868s] Level 1:colcon.colcon_core.package_identification:_identify(src/pid_tune/pid_msg) by extensions ['colcon_meta']
[1.868s] Level 1:colcon.colcon_core.package_identification:_identify(src/pid_tune/pid_msg) by extension 'colcon_meta'
[1.869s] Level 1:colcon.colcon_core.package_identification:_identify(src/pid_tune/pid_msg) by extensions ['ros']
[1.869s] Level 1:colcon.colcon_core.package_identification:_identify(src/pid_tune/pid_msg) by extension 'ros'
[1.869s] DEBUG:colcon.colcon_core.package_identification:Package 'src/pid_tune/pid_msg' with type 'ros.ament_cmake' and name 'pid_msg'
[1.870s] Level 1:colcon.colcon_core.package_identification:_identify(src/pid_tune/pid_tune) by extensions ['ignore', 'ignore_ament_install']
[1.870s] Level 1:colcon.colcon_core.package_identification:_identify(src/pid_tune/pid_tune) by extension 'ignore'
[1.870s] Level 1:colcon.colcon_core.package_identification:_identify(src/pid_tune/pid_tune) by extension 'ignore_ament_install'
[1.870s] Level 1:colcon.colcon_core.package_identification:_identify(src/pid_tune/pid_tune) by extensions ['colcon_pkg']
[1.870s] Level 1:colcon.colcon_core.package_identification:_identify(src/pid_tune/pid_tune) by extension 'colcon_pkg'
[1.870s] Level 1:colcon.colcon_core.package_identification:_identify(src/pid_tune/pid_tune) by extensions ['colcon_meta']
[1.870s] Level 1:colcon.colcon_core.package_identification:_identify(src/pid_tune/pid_tune) by extension 'colcon_meta'
[1.870s] Level 1:colcon.colcon_core.package_identification:_identify(src/pid_tune/pid_tune) by extensions ['ros']
[1.870s] Level 1:colcon.colcon_core.package_identification:_identify(src/pid_tune/pid_tune) by extension 'ros'
[1.871s] DEBUG:colcon.colcon_core.package_identification:Package 'src/pid_tune/pid_tune' with type 'ros.ament_cmake' and name 'pid_tune'
[1.871s] Level 1:colcon.colcon_core.package_discovery:discover_packages(recursive) using defaults
[1.871s] Level 1:colcon.colcon_core.package_discovery:discover_packages(ignore) discover
[1.872s] Level 1:colcon.colcon_core.package_discovery:discover_packages(ignore) using defaults
[1.872s] Level 1:colcon.colcon_core.package_discovery:discover_packages(path) discover
[1.872s] Level 1:colcon.colcon_core.package_discovery:discover_packages(path) using defaults
[2.034s] Level 1:colcon.colcon_core.package_discovery:discover_packages(prefix_path) check parameters
[2.034s] Level 1:colcon.colcon_core.package_discovery:discover_packages(prefix_path) discover
[2.089s] DEBUG:colcon.colcon_installed_package_information.package_discovery:Found 3 installed packages in /home/sjm/pid_ws/install
[2.115s] DEBUG:colcon.colcon_installed_package_information.package_discovery:Found 1 installed packages in /home/sjm/microros_ws/install
[2.141s] DEBUG:colcon.colcon_installed_package_information.package_discovery:Found 6 installed packages in /home/sjm/lidar/install
[2.180s] DEBUG:colcon.colcon_installed_package_information.package_discovery:Found 15 installed packages in /home/sjm/turtlebot3_ws/install
[2.208s] DEBUG:colcon.colcon_installed_package_information.package_discovery:Found 338 installed packages in /opt/ros/humble
[2.212s] Level 1:colcon.colcon_core.package_discovery:discover_packages(prefix_path) using defaults
[2.401s] Level 5:colcon.colcon_core.verb:set package 'pid_controller' build argument 'cmake_args' from command line to 'None'
[2.401s] Level 5:colcon.colcon_core.verb:set package 'pid_controller' build argument 'cmake_target' from command line to 'None'
[2.401s] Level 5:colcon.colcon_core.verb:set package 'pid_controller' build argument 'cmake_target_skip_unavailable' from command line to 'False'
[2.402s] Level 5:colcon.colcon_core.verb:set package 'pid_controller' build argument 'cmake_clean_cache' from command line to 'False'
[2.402s] Level 5:colcon.colcon_core.verb:set package 'pid_controller' build argument 'cmake_clean_first' from command line to 'False'
[2.402s] Level 5:colcon.colcon_core.verb:set package 'pid_controller' build argument 'cmake_force_configure' from command line to 'False'
[2.402s] Level 5:colcon.colcon_core.verb:set package 'pid_controller' build argument 'ament_cmake_args' from command line to 'None'
[2.402s] Level 5:colcon.colcon_core.verb:set package 'pid_controller' build argument 'catkin_cmake_args' from command line to 'None'
[2.402s] Level 5:colcon.colcon_core.verb:set package 'pid_controller' build argument 'catkin_skip_building_tests' from command line to 'False'
[2.402s] DEBUG:colcon.colcon_core.verb:Building package 'pid_controller' with the following arguments: {'ament_cmake_args': None, 'build_base': '/home/sjm/pid_ws/build/pid_controller', 'catkin_cmake_args': None, 'catkin_skip_building_tests': False, 'cmake_args': None, 'cmake_clean_cache': False, 'cmake_clean_first': False, 'cmake_force_configure': False, 'cmake_target': None, 'cmake_target_skip_unavailable': False, 'install_base': '/home/sjm/pid_ws/install/pid_controller', 'merge_install': False, 'path': '/home/sjm/pid_ws/src/pid_controller', 'symlink_install': False, 'test_result_base': None}
[2.450s] Level 5:colcon.colcon_core.verb:set package 'pid_msg' build argument 'cmake_args' from command line to 'None'
[2.450s] Level 5:colcon.colcon_core.verb:set package 'pid_msg' build argument 'cmake_target' from command line to 'None'
[2.450s] Level 5:colcon.colcon_core.verb:set package 'pid_msg' build argument 'cmake_target_skip_unavailable' from command line to 'False'
[2.450s] Level 5:colcon.colcon_core.verb:set package 'pid_msg' build argument 'cmake_clean_cache' from command line to 'False'
[2.451s] Level 5:colcon.colcon_core.verb:set package 'pid_msg' build argument 'cmake_clean_first' from command line to 'False'
[2.451s] Level 5:colcon.colcon_core.verb:set package 'pid_msg' build argument 'cmake_force_configure' from command line to 'False'
[2.451s] Level 5:colcon.colcon_core.verb:set package 'pid_msg' build argument 'ament_cmake_args' from command line to 'None'
[2.451s] Level 5:colcon.colcon_core.verb:set package 'pid_msg' build argument 'catkin_cmake_args' from command line to 'None'
[2.451s] Level 5:colcon.colcon_core.verb:set package 'pid_msg' build argument 'catkin_skip_building_tests' from command line to 'False'
[2.451s] DEBUG:colcon.colcon_core.verb:Building package 'pid_msg' with the following arguments: {'ament_cmake_args': None, 'build_base': '/home/sjm/pid_ws/build/pid_msg', 'catkin_cmake_args': None, 'catkin_skip_building_tests': False, 'cmake_args': None, 'cmake_clean_cache': False, 'cmake_clean_first': False, 'cmake_force_configure': False, 'cmake_target': None, 'cmake_target_skip_unavailable': False, 'install_base': '/home/sjm/pid_ws/install/pid_msg', 'merge_install': False, 'path': '/home/sjm/pid_ws/src/pid_tune/pid_msg', 'symlink_install': False, 'test_result_base': None}
[2.492s] Level 5:colcon.colcon_core.verb:set package 'pid_tune' build argument 'cmake_args' from command line to 'None'
[2.492s] Level 5:colcon.colcon_core.verb:set package 'pid_tune' build argument 'cmake_target' from command line to 'None'
[2.492s] Level 5:colcon.colcon_core.verb:set package 'pid_tune' build argument 'cmake_target_skip_unavailable' from command line to 'False'
[2.492s] Level 5:colcon.colcon_core.verb:set package 'pid_tune' build argument 'cmake_clean_cache' from command line to 'False'
[2.492s] Level 5:colcon.colcon_core.verb:set package 'pid_tune' build argument 'cmake_clean_first' from command line to 'False'
[2.492s] Level 5:colcon.colcon_core.verb:set package 'pid_tune' build argument 'cmake_force_configure' from command line to 'False'
[2.492s] Level 5:colcon.colcon_core.verb:set package 'pid_tune' build argument 'ament_cmake_args' from command line to 'None'
[2.492s] Level 5:colcon.colcon_core.verb:set package 'pid_tune' build argument 'catkin_cmake_args' from command line to 'None'
[2.492s] Level 5:colcon.colcon_core.verb:set package 'pid_tune' build argument 'catkin_skip_building_tests' from command line to 'False'
[2.492s] DEBUG:colcon.colcon_core.verb:Building package 'pid_tune' with the following arguments: {'ament_cmake_args': None, 'build_base': '/home/sjm/pid_ws/build/pid_tune', 'catkin_cmake_args': None, 'catkin_skip_building_tests': False, 'cmake_args': None, 'cmake_clean_cache': False, 'cmake_clean_first': False, 'cmake_force_configure': False, 'cmake_target': None, 'cmake_target_skip_unavailable': False, 'install_base': '/home/sjm/pid_ws/install/pid_tune', 'merge_install': False, 'path': '/home/sjm/pid_ws/src/pid_tune/pid_tune', 'symlink_install': False, 'test_result_base': None}
[2.525s] INFO:colcon.colcon_core.executor:Executing jobs using 'parallel' executor
[2.552s] DEBUG:colcon.colcon_parallel_executor.executor.parallel:run_until_complete
[2.553s] INFO:colcon.colcon_ros.task.ament_cmake.build:Building ROS package in '/home/sjm/pid_ws/src/pid_tune/pid_msg' with build type 'ament_cmake'
[2.553s] INFO:colcon.colcon_cmake.task.cmake.build:Building CMake package in '/home/sjm/pid_ws/src/pid_tune/pid_msg'
[2.582s] INFO:colcon.colcon_core.plugin_system:Skipping extension 'colcon_core.shell.bat': Not used on non-Windows systems
[2.583s] INFO:colcon.colcon_core.shell:Skip shell extension 'powershell' for command environment: Not usable outside of PowerShell
[2.583s] DEBUG:colcon.colcon_core.shell:Skip shell extension 'dsv' for command environment
[2.748s] INFO:colcon.colcon_ros.task.ament_python.build:Building ROS package in '/home/sjm/pid_ws/src/pid_controller' with build type 'ament_python'
[2.748s] Level 1:colcon.colcon_core.shell:create_environment_hook('pid_controller', 'ament_prefix_path')
[2.778s] INFO:colcon.colcon_core.shell:Creating environment hook '/home/sjm/pid_ws/install/pid_controller/share/pid_controller/hook/ament_prefix_path.ps1'
[2.779s] INFO:colcon.colcon_core.shell:Creating environment descriptor '/home/sjm/pid_ws/install/pid_controller/share/pid_controller/hook/ament_prefix_path.dsv'
[2.780s] INFO:colcon.colcon_core.shell:Creating environment hook '/home/sjm/pid_ws/install/pid_controller/share/pid_controller/hook/ament_prefix_path.sh'
[2.807s] INFO:colcon.colcon_core.shell:Skip shell extension 'powershell' for command environment: Not usable outside of PowerShell
[2.807s] DEBUG:colcon.colcon_core.shell:Skip shell extension 'dsv' for command environment
[2.977s] DEBUG:colcon.colcon_core.event_handler.log_command:Invoking command in '/home/sjm/pid_ws/build/pid_msg': CMAKE_PREFIX_PATH=${CMAKE_PREFIX_PATH}:/home/sjm/pid_ws/install/pid_controller:/home/sjm/lidar/install/robot_math:/home/sjm/turtlebot3_ws/install/turtlebot3_teleop:/home/sjm/turtlebot3_ws/install/turtlebot3_example:/opt/ros/humble /usr/bin/cmake --build /home/sjm/pid_ws/build/pid_msg -- -j4 -l4
[3.602s] INFO:colcon.colcon_core.task.python.build:Building Python package in '/home/sjm/pid_ws/src/pid_controller'
[3.629s] INFO:colcon.colcon_core.shell:Skip shell extension 'powershell' for command environment: Not usable outside of PowerShell
[3.629s] DEBUG:colcon.colcon_core.shell:Skip shell extension 'dsv' for command environment
[3.813s] DEBUG:colcon.colcon_core.event_handler.log_command:Invoked command in '/home/sjm/pid_ws/build/pid_msg' returned '0': CMAKE_PREFIX_PATH=${CMAKE_PREFIX_PATH}:/home/sjm/pid_ws/install/pid_controller:/home/sjm/lidar/install/robot_math:/home/sjm/turtlebot3_ws/install/turtlebot3_teleop:/home/sjm/turtlebot3_ws/install/turtlebot3_example:/opt/ros/humble /usr/bin/cmake --build /home/sjm/pid_ws/build/pid_msg -- -j4 -l4
[3.955s] DEBUG:colcon.colcon_core.event_handler.log_command:Invoking command in '/home/sjm/pid_ws/build/pid_msg': CMAKE_PREFIX_PATH=${CMAKE_PREFIX_PATH}:/home/sjm/pid_ws/install/pid_controller:/home/sjm/lidar/install/robot_math:/home/sjm/turtlebot3_ws/install/turtlebot3_teleop:/home/sjm/turtlebot3_ws/install/turtlebot3_example:/opt/ros/humble /usr/bin/cmake --install /home/sjm/pid_ws/build/pid_msg
[4.088s] Level 1:colcon.colcon_core.environment:create_environment_scripts_only(pid_msg)
[4.091s] DEBUG:colcon.colcon_core.event_handler.log_command:Invoked command in '/home/sjm/pid_ws/build/pid_msg' returned '0': CMAKE_PREFIX_PATH=${CMAKE_PREFIX_PATH}:/home/sjm/pid_ws/install/pid_controller:/home/sjm/lidar/install/robot_math:/home/sjm/turtlebot3_ws/install/turtlebot3_teleop:/home/sjm/turtlebot3_ws/install/turtlebot3_example:/opt/ros/humble /usr/bin/cmake --install /home/sjm/pid_ws/build/pid_msg
[4.142s] Level 1:colcon.colcon_core.environment:checking '/home/sjm/pid_ws/install/pid_msg' for CMake module files
[4.144s] Level 1:colcon.colcon_core.environment:checking '/home/sjm/pid_ws/install/pid_msg' for CMake config files
[4.145s] Level 1:colcon.colcon_core.shell:create_environment_hook('pid_msg', 'cmake_prefix_path')
[4.191s] INFO:colcon.colcon_core.shell:Creating environment hook '/home/sjm/pid_ws/install/pid_msg/share/pid_msg/hook/cmake_prefix_path.ps1'
[4.192s] INFO:colcon.colcon_core.shell:Creating environment descriptor '/home/sjm/pid_ws/install/pid_msg/share/pid_msg/hook/cmake_prefix_path.dsv'
[4.193s] INFO:colcon.colcon_core.shell:Creating environment hook '/home/sjm/pid_ws/install/pid_msg/share/pid_msg/hook/cmake_prefix_path.sh'
[4.195s] Level 1:colcon.colcon_core.environment:checking '/home/sjm/pid_ws/install/pid_msg/lib'
[4.195s] Level 1:colcon.colcon_core.shell:create_environment_hook('pid_msg', 'ld_library_path_lib')
[4.240s] INFO:colcon.colcon_core.shell:Creating environment hook '/home/sjm/pid_ws/install/pid_msg/share/pid_msg/hook/ld_library_path_lib.ps1'
[4.241s] INFO:colcon.colcon_core.shell:Creating environment descriptor '/home/sjm/pid_ws/install/pid_msg/share/pid_msg/hook/ld_library_path_lib.dsv'
[4.242s] INFO:colcon.colcon_core.shell:Creating environment hook '/home/sjm/pid_ws/install/pid_msg/share/pid_msg/hook/ld_library_path_lib.sh'
[4.243s] Level 1:colcon.colcon_core.environment:checking '/home/sjm/pid_ws/install/pid_msg/bin'
[4.243s] Level 1:colcon.colcon_core.environment:checking '/home/sjm/pid_ws/install/pid_msg/lib/pkgconfig/pid_msg.pc'
[4.244s] Level 1:colcon.colcon_core.environment:checking '/home/sjm/pid_ws/install/pid_msg/lib/python3.10/site-packages'
[4.244s] Level 1:colcon.colcon_core.environment:checking '/home/sjm/pid_ws/install/pid_msg/bin'
[4.293s] INFO:colcon.colcon_core.shell:Creating package script '/home/sjm/pid_ws/install/pid_msg/share/pid_msg/package.ps1'
[4.295s] INFO:colcon.colcon_core.shell:Creating package descriptor '/home/sjm/pid_ws/install/pid_msg/share/pid_msg/package.dsv'
[4.296s] INFO:colcon.colcon_core.shell:Creating package script '/home/sjm/pid_ws/install/pid_msg/share/pid_msg/package.sh'
[4.298s] INFO:colcon.colcon_core.shell:Creating package script '/home/sjm/pid_ws/install/pid_msg/share/pid_msg/package.bash'
[4.300s] INFO:colcon.colcon_core.shell:Creating package script '/home/sjm/pid_ws/install/pid_msg/share/pid_msg/package.zsh'
[4.302s] Level 1:colcon.colcon_core.environment:create_file_with_runtime_dependencies(/home/sjm/pid_ws/install/pid_msg/share/colcon-core/packages/pid_msg)
[4.464s] Level 1:colcon.colcon_core.environment:create_environment_scripts_only(pid_msg)
[4.494s] Level 1:colcon.colcon_core.environment:checking '/home/sjm/pid_ws/install/pid_msg' for CMake module files
[4.495s] Level 1:colcon.colcon_core.environment:checking '/home/sjm/pid_ws/install/pid_msg' for CMake config files
[4.496s] Level 1:colcon.colcon_core.shell:create_environment_hook('pid_msg', 'cmake_prefix_path')
[4.522s] INFO:colcon.colcon_core.shell:Creating environment hook '/home/sjm/pid_ws/install/pid_msg/share/pid_msg/hook/cmake_prefix_path.ps1'
[4.523s] INFO:colcon.colcon_core.shell:Creating environment descriptor '/home/sjm/pid_ws/install/pid_msg/share/pid_msg/hook/cmake_prefix_path.dsv'
[4.524s] INFO:colcon.colcon_core.shell:Creating environment hook '/home/sjm/pid_ws/install/pid_msg/share/pid_msg/hook/cmake_prefix_path.sh'
[4.524s] Level 1:colcon.colcon_core.environment:checking '/home/sjm/pid_ws/install/pid_msg/lib'
[4.525s] Level 1:colcon.colcon_core.shell:create_environment_hook('pid_msg', 'ld_library_path_lib')
[4.551s] INFO:colcon.colcon_core.shell:Creating environment hook '/home/sjm/pid_ws/install/pid_msg/share/pid_msg/hook/ld_library_path_lib.ps1'
[4.551s] INFO:colcon.colcon_core.shell:Creating environment descriptor '/home/sjm/pid_ws/install/pid_msg/share/pid_msg/hook/ld_library_path_lib.dsv'
[4.552s] INFO:colcon.colcon_core.shell:Creating environment hook '/home/sjm/pid_ws/install/pid_msg/share/pid_msg/hook/ld_library_path_lib.sh'
[4.552s] Level 1:colcon.colcon_core.environment:checking '/home/sjm/pid_ws/install/pid_msg/bin'
[4.553s] Level 1:colcon.colcon_core.environment:checking '/home/sjm/pid_ws/install/pid_msg/lib/pkgconfig/pid_msg.pc'
[4.553s] Level 1:colcon.colcon_core.environment:checking '/home/sjm/pid_ws/install/pid_msg/lib/python3.10/site-packages'
[4.553s] Level 1:colcon.colcon_core.environment:checking '/home/sjm/pid_ws/install/pid_msg/bin'
[4.580s] INFO:colcon.colcon_core.shell:Creating package script '/home/sjm/pid_ws/install/pid_msg/share/pid_msg/package.ps1'
[4.581s] INFO:colcon.colcon_core.shell:Creating package descriptor '/home/sjm/pid_ws/install/pid_msg/share/pid_msg/package.dsv'
[4.582s] INFO:colcon.colcon_core.shell:Creating package script '/home/sjm/pid_ws/install/pid_msg/share/pid_msg/package.sh'
[4.582s] INFO:colcon.colcon_core.shell:Creating package script '/home/sjm/pid_ws/install/pid_msg/share/pid_msg/package.bash'
[4.583s] INFO:colcon.colcon_core.shell:Creating package script '/home/sjm/pid_ws/install/pid_msg/share/pid_msg/package.zsh'
[4.583s] Level 1:colcon.colcon_core.environment:create_file_with_runtime_dependencies(/home/sjm/pid_ws/install/pid_msg/share/colcon-core/packages/pid_msg)
[4.585s] INFO:colcon.colcon_ros.task.ament_cmake.build:Building ROS package in '/home/sjm/pid_ws/src/pid_tune/pid_tune' with build type 'ament_cmake'
[4.585s] INFO:colcon.colcon_cmake.task.cmake.build:Building CMake package in '/home/sjm/pid_ws/src/pid_tune/pid_tune'
[4.615s] INFO:colcon.colcon_core.shell:Skip shell extension 'powershell' for command environment: Not usable outside of PowerShell
[4.615s] DEBUG:colcon.colcon_core.shell:Skip shell extension 'dsv' for command environment
[4.802s] DEBUG:colcon.colcon_core.event_handler.log_command:Invoking command in '/home/sjm/pid_ws/src/pid_controller': PYTHONPATH=/home/sjm/pid_ws/build/pid_controller/prefix_override:/home/sjm/pid_ws/install/pid_controller/lib/python3.10/site-packages:${PYTHONPATH} /usr/bin/python3 setup.py egg_info --egg-base ../../build/pid_controller build --build-base /home/sjm/pid_ws/build/pid_controller/build install --record /home/sjm/pid_ws/build/pid_controller/install.log --single-version-externally-managed
[4.815s] DEBUG:colcon.colcon_core.event_handler.log_command:Invoking command in '/home/sjm/pid_ws/build/pid_tune': CMAKE_PREFIX_PATH=/home/sjm/pid_ws/install/pid_msg:/home/sjm/pid_ws/install/pid_tune:/home/sjm/microros_ws/install/micro_ros_setup:/home/sjm/lidar/install/turtlebot3_gazebo:/home/sjm/lidar/install/rplidar_ros:/home/sjm/lidar/install/point_cloud_perception:/home/sjm/lidar/install/nodes:/home/sjm/lidar/install/navigation_tb3:/home/sjm/turtlebot3_ws/install/turtlebot3:/home/sjm/turtlebot3_ws/install/turtlebot3_simulations:/home/sjm/turtlebot3_ws/install/turtlebot3_bringup:/home/sjm/turtlebot3_ws/install/turtlebot3_node:/home/sjm/turtlebot3_ws/install/turtlebot3_navigation2:/home/sjm/turtlebot3_ws/install/turtlebot3_fake_node:/home/sjm/turtlebot3_ws/install/turtlebot3_msgs:/home/sjm/turtlebot3_ws/install/turtlebot3_gazebo:/home/sjm/turtlebot3_ws/install/turtlebot3_description:/home/sjm/turtlebot3_ws/install/turtlebot3_cartographer:/home/sjm/turtlebot3_ws/install/dynamixel_sdk_examples:/home/sjm/turtlebot3_ws/install/dynamixel_sdk_custom_interfaces:/home/sjm/turtlebot3_ws/install/dynamixel_sdk:/home/sjm/pid_ws/install/pid_controller:/home/sjm/lidar/install/robot_math:/home/sjm/turtlebot3_ws/install/turtlebot3_teleop:/home/sjm/turtlebot3_ws/install/turtlebot3_example:/opt/ros/humble /usr/bin/cmake --build /home/sjm/pid_ws/build/pid_tune -- -j4 -l4
[4.915s] DEBUG:colcon.colcon_core.event_handler.log_command:Invoked command in '/home/sjm/pid_ws/build/pid_tune' returned '0': CMAKE_PREFIX_PATH=/home/sjm/pid_ws/install/pid_msg:/home/sjm/pid_ws/install/pid_tune:/home/sjm/microros_ws/install/micro_ros_setup:/home/sjm/lidar/install/turtlebot3_gazebo:/home/sjm/lidar/install/rplidar_ros:/home/sjm/lidar/install/point_cloud_perception:/home/sjm/lidar/install/nodes:/home/sjm/lidar/install/navigation_tb3:/home/sjm/turtlebot3_ws/install/turtlebot3:/home/sjm/turtlebot3_ws/install/turtlebot3_simulations:/home/sjm/turtlebot3_ws/install/turtlebot3_bringup:/home/sjm/turtlebot3_ws/install/turtlebot3_node:/home/sjm/turtlebot3_ws/install/turtlebot3_navigation2:/home/sjm/turtlebot3_ws/install/turtlebot3_fake_node:/home/sjm/turtlebot3_ws/install/turtlebot3_msgs:/home/sjm/turtlebot3_ws/install/turtlebot3_gazebo:/home/sjm/turtlebot3_ws/install/turtlebot3_description:/home/sjm/turtlebot3_ws/install/turtlebot3_cartographer:/home/sjm/turtlebot3_ws/install/dynamixel_sdk_examples:/home/sjm/turtlebot3_ws/install/dynamixel_sdk_custom_interfaces:/home/sjm/turtlebot3_ws/install/dynamixel_sdk:/home/sjm/pid_ws/install/pid_controller:/home/sjm/lidar/install/robot_math:/home/sjm/turtlebot3_ws/install/turtlebot3_teleop:/home/sjm/turtlebot3_ws/install/turtlebot3_example:/opt/ros/humble /usr/bin/cmake --build /home/sjm/pid_ws/build/pid_tune -- -j4 -l4
[4.979s] DEBUG:colcon.colcon_core.event_handler.log_command:Invoking command in '/home/sjm/pid_ws/build/pid_tune': CMAKE_PREFIX_PATH=/home/sjm/pid_ws/install/pid_msg:/home/sjm/pid_ws/install/pid_tune:/home/sjm/microros_ws/install/micro_ros_setup:/home/sjm/lidar/install/turtlebot3_gazebo:/home/sjm/lidar/install/rplidar_ros:/home/sjm/lidar/install/point_cloud_perception:/home/sjm/lidar/install/nodes:/home/sjm/lidar/install/navigation_tb3:/home/sjm/turtlebot3_ws/install/turtlebot3:/home/sjm/turtlebot3_ws/install/turtlebot3_simulations:/home/sjm/turtlebot3_ws/install/turtlebot3_bringup:/home/sjm/turtlebot3_ws/install/turtlebot3_node:/home/sjm/turtlebot3_ws/install/turtlebot3_navigation2:/home/sjm/turtlebot3_ws/install/turtlebot3_fake_node:/home/sjm/turtlebot3_ws/install/turtlebot3_msgs:/home/sjm/turtlebot3_ws/install/turtlebot3_gazebo:/home/sjm/turtlebot3_ws/install/turtlebot3_description:/home/sjm/turtlebot3_ws/install/turtlebot3_cartographer:/home/sjm/turtlebot3_ws/install/dynamixel_sdk_examples:/home/sjm/turtlebot3_ws/install/dynamixel_sdk_custom_interfaces:/home/sjm/turtlebot3_ws/install/dynamixel_sdk:/home/sjm/pid_ws/install/pid_controller:/home/sjm/lidar/install/robot_math:/home/sjm/turtlebot3_ws/install/turtlebot3_teleop:/home/sjm/turtlebot3_ws/install/turtlebot3_example:/opt/ros/humble /usr/bin/cmake --install /home/sjm/pid_ws/build/pid_tune
[5.007s] Level 1:colcon.colcon_core.environment:create_environment_scripts_only(pid_tune)
[5.018s] DEBUG:colcon.colcon_core.event_handler.log_command:Invoked command in '/home/sjm/pid_ws/build/pid_tune' returned '0': CMAKE_PREFIX_PATH=/home/sjm/pid_ws/install/pid_msg:/home/sjm/pid_ws/install/pid_tune:/home/sjm/microros_ws/install/micro_ros_setup:/home/sjm/lidar/install/turtlebot3_gazebo:/home/sjm/lidar/install/rplidar_ros:/home/sjm/lidar/install/point_cloud_perception:/home/sjm/lidar/install/nodes:/home/sjm/lidar/install/navigation_tb3:/home/sjm/turtlebot3_ws/install/turtlebot3:/home/sjm/turtlebot3_ws/install/turtlebot3_simulations:/home/sjm/turtlebot3_ws/install/turtlebot3_bringup:/home/sjm/turtlebot3_ws/install/turtlebot3_node:/home/sjm/turtlebot3_ws/install/turtlebot3_navigation2:/home/sjm/turtlebot3_ws/install/turtlebot3_fake_node:/home/sjm/turtlebot3_ws/install/turtlebot3_msgs:/home/sjm/turtlebot3_ws/install/turtlebot3_gazebo:/home/sjm/turtlebot3_ws/install/turtlebot3_description:/home/sjm/turtlebot3_ws/install/turtlebot3_cartographer:/home/sjm/turtlebot3_ws/install/dynamixel_sdk_examples:/home/sjm/turtlebot3_ws/install/dynamixel_sdk_custom_interfaces:/home/sjm/turtlebot3_ws/install/dynamixel_sdk:/home/sjm/pid_ws/install/pid_controller:/home/sjm/lidar/install/robot_math:/home/sjm/turtlebot3_ws/install/turtlebot3_teleop:/home/sjm/turtlebot3_ws/install/turtlebot3_example:/opt/ros/humble /usr/bin/cmake --install /home/sjm/pid_ws/build/pid_tune
[5.077s] Level 1:colcon.colcon_core.environment:checking '/home/sjm/pid_ws/install/pid_tune' for CMake module files
[5.079s] Level 1:colcon.colcon_core.environment:checking '/home/sjm/pid_ws/install/pid_tune' for CMake config files
[5.079s] Level 1:colcon.colcon_core.shell:create_environment_hook('pid_tune', 'cmake_prefix_path')
[5.130s] INFO:colcon.colcon_core.shell:Creating environment hook '/home/sjm/pid_ws/install/pid_tune/share/pid_tune/hook/cmake_prefix_path.ps1'
[5.132s] INFO:colcon.colcon_core.shell:Creating environment descriptor '/home/sjm/pid_ws/install/pid_tune/share/pid_tune/hook/cmake_prefix_path.dsv'
[5.134s] INFO:colcon.colcon_core.shell:Creating environment hook '/home/sjm/pid_ws/install/pid_tune/share/pid_tune/hook/cmake_prefix_path.sh'
[5.137s] Level 1:colcon.colcon_core.environment:checking '/home/sjm/pid_ws/install/pid_tune/lib'
[5.137s] Level 1:colcon.colcon_core.environment:checking '/home/sjm/pid_ws/install/pid_tune/bin'
[5.138s] Level 1:colcon.colcon_core.environment:checking '/home/sjm/pid_ws/install/pid_tune/lib/pkgconfig/pid_tune.pc'
[5.139s] Level 1:colcon.colcon_core.environment:checking '/home/sjm/pid_ws/install/pid_tune/lib/python3.10/site-packages'
[5.141s] Level 1:colcon.colcon_core.environment:checking '/home/sjm/pid_ws/install/pid_tune/bin'
[5.189s] INFO:colcon.colcon_core.shell:Creating package script '/home/sjm/pid_ws/install/pid_tune/share/pid_tune/package.ps1'
[5.191s] INFO:colcon.colcon_core.shell:Creating package descriptor '/home/sjm/pid_ws/install/pid_tune/share/pid_tune/package.dsv'
[5.192s] INFO:colcon.colcon_core.shell:Creating package script '/home/sjm/pid_ws/install/pid_tune/share/pid_tune/package.sh'
[5.194s] INFO:colcon.colcon_core.shell:Creating package script '/home/sjm/pid_ws/install/pid_tune/share/pid_tune/package.bash'
[5.195s] INFO:colcon.colcon_core.shell:Creating package script '/home/sjm/pid_ws/install/pid_tune/share/pid_tune/package.zsh'
[5.196s] Level 1:colcon.colcon_core.environment:create_file_with_runtime_dependencies(/home/sjm/pid_ws/install/pid_tune/share/colcon-core/packages/pid_tune)
[5.310s] Level 1:colcon.colcon_core.environment:create_environment_scripts_only(pid_tune)
[5.362s] Level 1:colcon.colcon_core.environment:checking '/home/sjm/pid_ws/install/pid_tune' for CMake module files
[5.363s] Level 1:colcon.colcon_core.environment:checking '/home/sjm/pid_ws/install/pid_tune' for CMake config files
[5.363s] Level 1:colcon.colcon_core.shell:create_environment_hook('pid_tune', 'cmake_prefix_path')
[5.413s] INFO:colcon.colcon_core.shell:Creating environment hook '/home/sjm/pid_ws/install/pid_tune/share/pid_tune/hook/cmake_prefix_path.ps1'
[5.414s] INFO:colcon.colcon_core.shell:Creating environment descriptor '/home/sjm/pid_ws/install/pid_tune/share/pid_tune/hook/cmake_prefix_path.dsv'
[5.415s] INFO:colcon.colcon_core.shell:Creating environment hook '/home/sjm/pid_ws/install/pid_tune/share/pid_tune/hook/cmake_prefix_path.sh'
[5.416s] Level 1:colcon.colcon_core.environment:checking '/home/sjm/pid_ws/install/pid_tune/lib'
[5.416s] Level 1:colcon.colcon_core.environment:checking '/home/sjm/pid_ws/install/pid_tune/bin'
[5.417s] Level 1:colcon.colcon_core.environment:checking '/home/sjm/pid_ws/install/pid_tune/lib/pkgconfig/pid_tune.pc'
[5.417s] Level 1:colcon.colcon_core.environment:checking '/home/sjm/pid_ws/install/pid_tune/lib/python3.10/site-packages'
[5.418s] Level 1:colcon.colcon_core.environment:checking '/home/sjm/pid_ws/install/pid_tune/bin'
[5.472s] INFO:colcon.colcon_core.shell:Creating package script '/home/sjm/pid_ws/install/pid_tune/share/pid_tune/package.ps1'
[5.473s] INFO:colcon.colcon_core.shell:Creating package descriptor '/home/sjm/pid_ws/install/pid_tune/share/pid_tune/package.dsv'
[5.474s] INFO:colcon.colcon_core.shell:Creating package script '/home/sjm/pid_ws/install/pid_tune/share/pid_tune/package.sh'
[5.476s] INFO:colcon.colcon_core.shell:Creating package script '/home/sjm/pid_ws/install/pid_tune/share/pid_tune/package.bash'
[5.476s] INFO:colcon.colcon_core.shell:Creating package script '/home/sjm/pid_ws/install/pid_tune/share/pid_tune/package.zsh'
[5.477s] Level 1:colcon.colcon_core.environment:create_file_with_runtime_dependencies(/home/sjm/pid_ws/install/pid_tune/share/colcon-core/packages/pid_tune)
[5.648s] DEBUG:colcon.colcon_core.event_handler.log_command:Invoked command in '/home/sjm/pid_ws/src/pid_controller' returned '0': PYTHONPATH=/home/sjm/pid_ws/build/pid_controller/prefix_override:/home/sjm/pid_ws/install/pid_controller/lib/python3.10/site-packages:${PYTHONPATH} /usr/bin/python3 setup.py egg_info --egg-base ../../build/pid_controller build --build-base /home/sjm/pid_ws/build/pid_controller/build install --record /home/sjm/pid_ws/build/pid_controller/install.log --single-version-externally-managed
[5.697s] Level 1:colcon.colcon_core.environment:checking '/home/sjm/pid_ws/install/pid_controller' for CMake module files
[5.698s] Level 1:colcon.colcon_core.environment:checking '/home/sjm/pid_ws/install/pid_controller' for CMake config files
[5.699s] Level 1:colcon.colcon_core.environment:checking '/home/sjm/pid_ws/install/pid_controller/lib'
[5.699s] Level 1:colcon.colcon_core.environment:checking '/home/sjm/pid_ws/install/pid_controller/bin'
[5.699s] Level 1:colcon.colcon_core.environment:checking '/home/sjm/pid_ws/install/pid_controller/lib/pkgconfig/pid_controller.pc'
[5.700s] Level 1:colcon.colcon_core.environment:checking '/home/sjm/pid_ws/install/pid_controller/lib/python3.10/site-packages'
[5.700s] Level 1:colcon.colcon_core.shell:create_environment_hook('pid_controller', 'pythonpath')
[5.743s] INFO:colcon.colcon_core.shell:Creating environment hook '/home/sjm/pid_ws/install/pid_controller/share/pid_controller/hook/pythonpath.ps1'
[5.744s] INFO:colcon.colcon_core.shell:Creating environment descriptor '/home/sjm/pid_ws/install/pid_controller/share/pid_controller/hook/pythonpath.dsv'
[5.745s] INFO:colcon.colcon_core.shell:Creating environment hook '/home/sjm/pid_ws/install/pid_controller/share/pid_controller/hook/pythonpath.sh'
[5.746s] Level 1:colcon.colcon_core.environment:checking '/home/sjm/pid_ws/install/pid_controller/bin'
[5.746s] Level 1:colcon.colcon_core.environment:create_environment_scripts_only(pid_controller)
[5.794s] INFO:colcon.colcon_core.shell:Creating package script '/home/sjm/pid_ws/install/pid_controller/share/pid_controller/package.ps1'
[5.795s] INFO:colcon.colcon_core.shell:Creating package descriptor '/home/sjm/pid_ws/install/pid_controller/share/pid_controller/package.dsv'
[5.796s] INFO:colcon.colcon_core.shell:Creating package script '/home/sjm/pid_ws/install/pid_controller/share/pid_controller/package.sh'
[5.797s] INFO:colcon.colcon_core.shell:Creating package script '/home/sjm/pid_ws/install/pid_controller/share/pid_controller/package.bash'
[5.798s] INFO:colcon.colcon_core.shell:Creating package script '/home/sjm/pid_ws/install/pid_controller/share/pid_controller/package.zsh'
[5.798s] Level 1:colcon.colcon_core.environment:create_file_with_runtime_dependencies(/home/sjm/pid_ws/install/pid_controller/share/colcon-core/packages/pid_controller)
[5.800s] DEBUG:colcon.colcon_parallel_executor.executor.parallel:closing loop
[5.800s] DEBUG:colcon.colcon_parallel_executor.executor.parallel:loop closed
[5.800s] DEBUG:colcon.colcon_parallel_executor.executor.parallel:run_until_complete finished with '0'
[5.800s] DEBUG:colcon.colcon_core.event_reactor:joining thread
[5.861s] INFO:colcon.colcon_core.plugin_system:Skipping extension 'colcon_notification.desktop_notification.terminal_notifier': Not used on non-Darwin systems
[5.862s] INFO:colcon.colcon_core.plugin_system:Skipping extension 'colcon_notification.desktop_notification.win32': Not used on non-Windows systems
[5.862s] INFO:colcon.colcon_notification.desktop_notification:Sending desktop notification using 'notify2'
[5.887s] DEBUG:colcon.colcon_core.event_reactor:joined thread
[5.926s] INFO:colcon.colcon_core.shell:Creating prefix script '/home/sjm/pid_ws/install/local_setup.ps1'
[5.928s] INFO:colcon.colcon_core.shell:Creating prefix util module '/home/sjm/pid_ws/install/_local_setup_util_ps1.py'
[5.930s] INFO:colcon.colcon_core.shell:Creating prefix chain script '/home/sjm/pid_ws/install/setup.ps1'
[5.969s] INFO:colcon.colcon_core.shell:Creating prefix script '/home/sjm/pid_ws/install/local_setup.sh'
[5.970s] INFO:colcon.colcon_core.shell:Creating prefix util module '/home/sjm/pid_ws/install/_local_setup_util_sh.py'
[5.972s] INFO:colcon.colcon_core.shell:Creating prefix chain script '/home/sjm/pid_ws/install/setup.sh'
[6.009s] INFO:colcon.colcon_core.shell:Creating prefix script '/home/sjm/pid_ws/install/local_setup.bash'
[6.010s] INFO:colcon.colcon_core.shell:Creating prefix chain script '/home/sjm/pid_ws/install/setup.bash'
[6.058s] INFO:colcon.colcon_core.shell:Creating prefix script '/home/sjm/pid_ws/install/local_setup.zsh'
[6.060s] INFO:colcon.colcon_core.shell:Creating prefix chain script '/home/sjm/pid_ws/install/setup.zsh'
