[0.422s] Invoking command in '/home/sjm/pid_ws/build/articubot_one': CMAKE_PREFIX_PATH=${CMAKE_PREFIX_PATH}:/home/sjm/pid_ws/install/pid_controller:/home/sjm/lidar/install/robot_math:/home/sjm/turtlebot3_ws/install/turtlebot3_teleop:/home/sjm/turtlebot3_ws/install/turtlebot3_example:/opt/ros/humble /usr/bin/cmake --build /home/sjm/pid_ws/build/articubot_one -- -j4 -l4
[1.485s] Invoked command in '/home/sjm/pid_ws/build/articubot_one' returned '0': CMAKE_PREFIX_PATH=${CMAKE_PREFIX_PATH}:/home/sjm/pid_ws/install/pid_controller:/home/sjm/lidar/install/robot_math:/home/sjm/turtlebot3_ws/install/turtlebot3_teleop:/home/sjm/turtlebot3_ws/install/turtlebot3_example:/opt/ros/humble /usr/bin/cmake --build /home/sjm/pid_ws/build/articubot_one -- -j4 -l4
[1.541s] Invoking command in '/home/sjm/pid_ws/build/articubot_one': CMAKE_PREFIX_PATH=${CMAKE_PREFIX_PATH}:/home/sjm/pid_ws/install/pid_controller:/home/sjm/lidar/install/robot_math:/home/sjm/turtlebot3_ws/install/turtlebot3_teleop:/home/sjm/turtlebot3_ws/install/turtlebot3_example:/opt/ros/humble /usr/bin/cmake --install /home/sjm/pid_ws/build/articubot_one
[1.581s] -- Install configuration: ""
[1.618s] -- Execute custom install script
[1.622s] -- Up-to-date symlink: /home/sjm/pid_ws/install/articubot_one/share/articubot_one/config/empty.yaml
[1.623s] -- Up-to-date symlink: /home/sjm/pid_ws/install/articubot_one/share/articubot_one/config/view_bot.rviz
[1.625s] -- Up-to-date symlink: /home/sjm/pid_ws/install/articubot_one/share/articubot_one/description/inertial_macros.xacro
[1.626s] -- Up-to-date symlink: /home/sjm/pid_ws/install/articubot_one/share/articubot_one/description/robot.urdf.xacro
[1.627s] -- Up-to-date symlink: /home/sjm/pid_ws/install/articubot_one/share/articubot_one/description/robot_core.xacro
[1.629s] -- Symlinking: /home/sjm/pid_ws/install/articubot_one/share/articubot_one/launch/launch_sim.launch.py
[1.663s] -- Up-to-date symlink: /home/sjm/pid_ws/install/articubot_one/share/articubot_one/launch/rsp.launch.py
[1.663s] -- Up-to-date symlink: /home/sjm/pid_ws/install/articubot_one/share/articubot_one/worlds/empty.world
[1.663s] -- Up-to-date symlink: /home/sjm/pid_ws/install/articubot_one/share/ament_index/resource_index/package_run_dependencies/articubot_one
[1.664s] -- Up-to-date symlink: /home/sjm/pid_ws/install/articubot_one/share/ament_index/resource_index/parent_prefix_path/articubot_one
[1.664s] -- Up-to-date symlink: /home/sjm/pid_ws/install/articubot_one/share/articubot_one/environment/ament_prefix_path.sh
[1.665s] -- Up-to-date symlink: /home/sjm/pid_ws/install/articubot_one/share/articubot_one/environment/ament_prefix_path.dsv
[1.665s] -- Up-to-date symlink: /home/sjm/pid_ws/install/articubot_one/share/articubot_one/environment/path.sh
[1.666s] -- Up-to-date symlink: /home/sjm/pid_ws/install/articubot_one/share/articubot_one/environment/path.dsv
[1.666s] -- Up-to-date symlink: /home/sjm/pid_ws/install/articubot_one/share/articubot_one/local_setup.bash
[1.666s] -- Up-to-date symlink: /home/sjm/pid_ws/install/articubot_one/share/articubot_one/local_setup.sh
[1.668s] -- Up-to-date symlink: /home/sjm/pid_ws/install/articubot_one/share/articubot_one/local_setup.zsh
[1.668s] -- Up-to-date symlink: /home/sjm/pid_ws/install/articubot_one/share/articubot_one/local_setup.dsv
[1.668s] -- Symlinking: /home/sjm/pid_ws/install/articubot_one/share/articubot_one/package.dsv
[1.684s] -- Up-to-date symlink: /home/sjm/pid_ws/install/articubot_one/share/ament_index/resource_index/packages/articubot_one
[1.684s] -- Up-to-date symlink: /home/sjm/pid_ws/install/articubot_one/share/articubot_one/cmake/articubot_oneConfig.cmake
[1.685s] -- Up-to-date symlink: /home/sjm/pid_ws/install/articubot_one/share/articubot_one/cmake/articubot_oneConfig-version.cmake
[1.685s] -- Up-to-date symlink: /home/sjm/pid_ws/install/articubot_one/share/articubot_one/package.xml
[1.688s] Invoked command in '/home/sjm/pid_ws/build/articubot_one' returned '0': CMAKE_PREFIX_PATH=${CMAKE_PREFIX_PATH}:/home/sjm/pid_ws/install/pid_controller:/home/sjm/lidar/install/robot_math:/home/sjm/turtlebot3_ws/install/turtlebot3_teleop:/home/sjm/turtlebot3_ws/install/turtlebot3_example:/opt/ros/humble /usr/bin/cmake --install /home/sjm/pid_ws/build/articubot_one
