[0.435s] Invoking command in '/home/sjm/pid_ws/build/pid_msg': CMAKE_PREFIX_PATH=${CMAKE_PREFIX_PATH}:/home/sjm/pid_ws/install/pid_controller:/home/sjm/lidar/install/robot_math:/home/sjm/turtlebot3_ws/install/turtlebot3_teleop:/home/sjm/turtlebot3_ws/install/turtlebot3_example:/opt/ros/humble /usr/bin/cmake --build /home/sjm/pid_ws/build/pid_msg -- -j4 -l4
[0.537s] [  9%] Built target pid_msg__rosidl_generator_c
[0.538s] [ 12%] Built target pid_msg__cpp
[0.564s] [ 12%] Built target ament_cmake_python_copy_pid_msg
[0.604s] [ 22%] Built target pid_msg__rosidl_typesupport_fastrtps_c
[0.620s] [ 32%] Built target pid_msg__rosidl_typesupport_c
[0.624s] [ 41%] Built target pid_msg__rosidl_typesupport_introspection_c
[0.643s] [ 51%] Built target pid_msg__rosidl_typesupport_introspection_cpp
[0.691s] [ 61%] Built target pid_msg__rosidl_typesupport_cpp
[0.693s] [ 70%] Built target pid_msg__rosidl_typesupport_fastrtps_cpp
[0.738s] [ 70%] Built target pid_msg
[0.780s] [ 74%] Built target pid_msg__py
[0.818s] [ 80%] Built target pid_msg__rosidl_generator_py
[0.881s] [ 87%] Built target pid_msg__rosidl_typesupport_introspection_c__pyext
[0.888s] [ 93%] Built target pid_msg__rosidl_typesupport_fastrtps_c__pyext
[0.909s] [100%] Built target pid_msg__rosidl_typesupport_c__pyext
[1.273s] running egg_info
[1.274s] writing pid_msg.egg-info/PKG-INFO
[1.275s] writing dependency_links to pid_msg.egg-info/dependency_links.txt
[1.275s] writing top-level names to pid_msg.egg-info/top_level.txt
[1.281s] reading manifest file 'pid_msg.egg-info/SOURCES.txt'
[1.283s] writing manifest file 'pid_msg.egg-info/SOURCES.txt'
[1.336s] [100%] Built target ament_cmake_python_build_pid_msg_egg
[1.406s] Invoked command in '/home/sjm/pid_ws/build/pid_msg' returned '0': CMAKE_PREFIX_PATH=${CMAKE_PREFIX_PATH}:/home/sjm/pid_ws/install/pid_controller:/home/sjm/lidar/install/robot_math:/home/sjm/turtlebot3_ws/install/turtlebot3_teleop:/home/sjm/turtlebot3_ws/install/turtlebot3_example:/opt/ros/humble /usr/bin/cmake --build /home/sjm/pid_ws/build/pid_msg -- -j4 -l4
[1.545s] Invoking command in '/home/sjm/pid_ws/build/pid_msg': CMAKE_PREFIX_PATH=${CMAKE_PREFIX_PATH}:/home/sjm/pid_ws/install/pid_controller:/home/sjm/lidar/install/robot_math:/home/sjm/turtlebot3_ws/install/turtlebot3_teleop:/home/sjm/turtlebot3_ws/install/turtlebot3_example:/opt/ros/humble /usr/bin/cmake --install /home/sjm/pid_ws/build/pid_msg
[1.559s] -- Install configuration: ""
[1.559s] -- Up-to-date: /home/sjm/pid_ws/install/pid_msg/share/ament_index/resource_index/rosidl_interfaces/pid_msg
[1.559s] -- Up-to-date: /home/sjm/pid_ws/install/pid_msg/include/pid_msg/pid_msg
[1.559s] -- Up-to-date: /home/sjm/pid_ws/install/pid_msg/include/pid_msg/pid_msg/msg
[1.560s] -- Up-to-date: /home/sjm/pid_ws/install/pid_msg/include/pid_msg/pid_msg/msg/rosidl_generator_c__visibility_control.h
[1.560s] -- Up-to-date: /home/sjm/pid_ws/install/pid_msg/include/pid_msg/pid_msg/msg/detail
[1.560s] -- Up-to-date: /home/sjm/pid_ws/install/pid_msg/include/pid_msg/pid_msg/msg/detail/pid_tune__struct.h
[1.560s] -- Up-to-date: /home/sjm/pid_ws/install/pid_msg/include/pid_msg/pid_msg/msg/detail/pid_tune__functions.h
[1.560s] -- Up-to-date: /home/sjm/pid_ws/install/pid_msg/include/pid_msg/pid_msg/msg/detail/pid_tune__functions.c
[1.561s] -- Up-to-date: /home/sjm/pid_ws/install/pid_msg/include/pid_msg/pid_msg/msg/detail/pid_tune__type_support.h
[1.562s] -- Up-to-date: /home/sjm/pid_ws/install/pid_msg/include/pid_msg/pid_msg/msg/pid_tune.h
[1.562s] -- Up-to-date: /home/sjm/pid_ws/install/pid_msg/share/pid_msg/environment/library_path.sh
[1.562s] -- Up-to-date: /home/sjm/pid_ws/install/pid_msg/share/pid_msg/environment/library_path.dsv
[1.562s] -- Up-to-date: /home/sjm/pid_ws/install/pid_msg/lib/libpid_msg__rosidl_generator_c.so
[1.562s] -- Up-to-date: /home/sjm/pid_ws/install/pid_msg/include/pid_msg/pid_msg
[1.563s] -- Up-to-date: /home/sjm/pid_ws/install/pid_msg/include/pid_msg/pid_msg/msg
[1.563s] -- Up-to-date: /home/sjm/pid_ws/install/pid_msg/include/pid_msg/pid_msg/msg/rosidl_typesupport_fastrtps_c__visibility_control.h
[1.563s] -- Up-to-date: /home/sjm/pid_ws/install/pid_msg/include/pid_msg/pid_msg/msg/detail
[1.564s] -- Up-to-date: /home/sjm/pid_ws/install/pid_msg/include/pid_msg/pid_msg/msg/detail/pid_tune__rosidl_typesupport_fastrtps_c.h
[1.564s] -- Up-to-date: /home/sjm/pid_ws/install/pid_msg/lib/libpid_msg__rosidl_typesupport_fastrtps_c.so
[1.564s] -- Up-to-date: /home/sjm/pid_ws/install/pid_msg/include/pid_msg/pid_msg
[1.564s] -- Up-to-date: /home/sjm/pid_ws/install/pid_msg/include/pid_msg/pid_msg/msg
[1.564s] -- Up-to-date: /home/sjm/pid_ws/install/pid_msg/include/pid_msg/pid_msg/msg/pid_tune.hpp
[1.565s] -- Up-to-date: /home/sjm/pid_ws/install/pid_msg/include/pid_msg/pid_msg/msg/detail
[1.565s] -- Up-to-date: /home/sjm/pid_ws/install/pid_msg/include/pid_msg/pid_msg/msg/detail/pid_tune__traits.hpp
[1.565s] -- Up-to-date: /home/sjm/pid_ws/install/pid_msg/include/pid_msg/pid_msg/msg/detail/pid_tune__builder.hpp
[1.565s] -- Up-to-date: /home/sjm/pid_ws/install/pid_msg/include/pid_msg/pid_msg/msg/detail/pid_tune__struct.hpp
[1.566s] -- Up-to-date: /home/sjm/pid_ws/install/pid_msg/include/pid_msg/pid_msg
[1.566s] -- Up-to-date: /home/sjm/pid_ws/install/pid_msg/include/pid_msg/pid_msg/msg
[1.566s] -- Up-to-date: /home/sjm/pid_ws/install/pid_msg/include/pid_msg/pid_msg/msg/rosidl_typesupport_fastrtps_cpp__visibility_control.h
[1.566s] -- Up-to-date: /home/sjm/pid_ws/install/pid_msg/include/pid_msg/pid_msg/msg/detail
[1.566s] -- Up-to-date: /home/sjm/pid_ws/install/pid_msg/include/pid_msg/pid_msg/msg/detail/pid_tune__rosidl_typesupport_fastrtps_cpp.hpp
[1.567s] -- Up-to-date: /home/sjm/pid_ws/install/pid_msg/include/pid_msg/pid_msg/msg/detail/dds_fastrtps
[1.567s] -- Up-to-date: /home/sjm/pid_ws/install/pid_msg/lib/libpid_msg__rosidl_typesupport_fastrtps_cpp.so
[1.567s] -- Up-to-date: /home/sjm/pid_ws/install/pid_msg/include/pid_msg/pid_msg
[1.568s] -- Up-to-date: /home/sjm/pid_ws/install/pid_msg/include/pid_msg/pid_msg/msg
[1.568s] -- Up-to-date: /home/sjm/pid_ws/install/pid_msg/include/pid_msg/pid_msg/msg/detail
[1.568s] -- Up-to-date: /home/sjm/pid_ws/install/pid_msg/include/pid_msg/pid_msg/msg/detail/pid_tune__type_support.c
[1.568s] -- Up-to-date: /home/sjm/pid_ws/install/pid_msg/include/pid_msg/pid_msg/msg/detail/pid_tune__rosidl_typesupport_introspection_c.h
[1.569s] -- Up-to-date: /home/sjm/pid_ws/install/pid_msg/include/pid_msg/pid_msg/msg/rosidl_typesupport_introspection_c__visibility_control.h
[1.569s] -- Up-to-date: /home/sjm/pid_ws/install/pid_msg/lib/libpid_msg__rosidl_typesupport_introspection_c.so
[1.569s] -- Up-to-date: /home/sjm/pid_ws/install/pid_msg/lib/libpid_msg__rosidl_typesupport_c.so
[1.570s] -- Up-to-date: /home/sjm/pid_ws/install/pid_msg/include/pid_msg/pid_msg
[1.570s] -- Up-to-date: /home/sjm/pid_ws/install/pid_msg/include/pid_msg/pid_msg/msg
[1.570s] -- Up-to-date: /home/sjm/pid_ws/install/pid_msg/include/pid_msg/pid_msg/msg/detail
[1.570s] -- Up-to-date: /home/sjm/pid_ws/install/pid_msg/include/pid_msg/pid_msg/msg/detail/pid_tune__type_support.cpp
[1.570s] -- Up-to-date: /home/sjm/pid_ws/install/pid_msg/include/pid_msg/pid_msg/msg/detail/pid_tune__rosidl_typesupport_introspection_cpp.hpp
[1.570s] -- Up-to-date: /home/sjm/pid_ws/install/pid_msg/lib/libpid_msg__rosidl_typesupport_introspection_cpp.so
[1.571s] -- Up-to-date: /home/sjm/pid_ws/install/pid_msg/lib/libpid_msg__rosidl_typesupport_cpp.so
[1.571s] -- Up-to-date: /home/sjm/pid_ws/install/pid_msg/share/pid_msg/environment/pythonpath.sh
[1.571s] -- Up-to-date: /home/sjm/pid_ws/install/pid_msg/share/pid_msg/environment/pythonpath.dsv
[1.571s] -- Up-to-date: /home/sjm/pid_ws/install/pid_msg/local/lib/python3.10/dist-packages/pid_msg-0.0.0-py3.10.egg-info
[1.571s] -- Installing: /home/sjm/pid_ws/install/pid_msg/local/lib/python3.10/dist-packages/pid_msg-0.0.0-py3.10.egg-info/SOURCES.txt
[1.571s] -- Installing: /home/sjm/pid_ws/install/pid_msg/local/lib/python3.10/dist-packages/pid_msg-0.0.0-py3.10.egg-info/PKG-INFO
[1.572s] -- Installing: /home/sjm/pid_ws/install/pid_msg/local/lib/python3.10/dist-packages/pid_msg-0.0.0-py3.10.egg-info/top_level.txt
[1.572s] -- Installing: /home/sjm/pid_ws/install/pid_msg/local/lib/python3.10/dist-packages/pid_msg-0.0.0-py3.10.egg-info/dependency_links.txt
[1.572s] -- Up-to-date: /home/sjm/pid_ws/install/pid_msg/local/lib/python3.10/dist-packages/pid_msg
[1.572s] -- Up-to-date: /home/sjm/pid_ws/install/pid_msg/local/lib/python3.10/dist-packages/pid_msg/pid_msg_s__rosidl_typesupport_introspection_c.cpython-310-x86_64-linux-gnu.so
[1.572s] -- Up-to-date: /home/sjm/pid_ws/install/pid_msg/local/lib/python3.10/dist-packages/pid_msg/pid_msg_s__rosidl_typesupport_c.cpython-310-x86_64-linux-gnu.so
[1.573s] -- Up-to-date: /home/sjm/pid_ws/install/pid_msg/local/lib/python3.10/dist-packages/pid_msg/_pid_msg_s.ep.rosidl_typesupport_introspection_c.c
[1.573s] -- Up-to-date: /home/sjm/pid_ws/install/pid_msg/local/lib/python3.10/dist-packages/pid_msg/_pid_msg_s.ep.rosidl_typesupport_fastrtps_c.c
[1.577s] -- Up-to-date: /home/sjm/pid_ws/install/pid_msg/local/lib/python3.10/dist-packages/pid_msg/msg
[1.577s] -- Up-to-date: /home/sjm/pid_ws/install/pid_msg/local/lib/python3.10/dist-packages/pid_msg/msg/_pid_tune.py
[1.577s] -- Up-to-date: /home/sjm/pid_ws/install/pid_msg/local/lib/python3.10/dist-packages/pid_msg/msg/_pid_tune_s.c
[1.577s] -- Up-to-date: /home/sjm/pid_ws/install/pid_msg/local/lib/python3.10/dist-packages/pid_msg/msg/__init__.py
[1.578s] -- Up-to-date: /home/sjm/pid_ws/install/pid_msg/local/lib/python3.10/dist-packages/pid_msg/_pid_msg_s.ep.rosidl_typesupport_c.c
[1.578s] -- Up-to-date: /home/sjm/pid_ws/install/pid_msg/local/lib/python3.10/dist-packages/pid_msg/pid_msg_s__rosidl_typesupport_fastrtps_c.cpython-310-x86_64-linux-gnu.so
[1.578s] -- Up-to-date: /home/sjm/pid_ws/install/pid_msg/local/lib/python3.10/dist-packages/pid_msg/libpid_msg__rosidl_generator_py.so
[1.578s] -- Up-to-date: /home/sjm/pid_ws/install/pid_msg/local/lib/python3.10/dist-packages/pid_msg/__init__.py
[1.640s] Listing '/home/sjm/pid_ws/install/pid_msg/local/lib/python3.10/dist-packages/pid_msg'...
[1.641s] Listing '/home/sjm/pid_ws/install/pid_msg/local/lib/python3.10/dist-packages/pid_msg/msg'...
[1.649s] -- Up-to-date: /home/sjm/pid_ws/install/pid_msg/local/lib/python3.10/dist-packages/pid_msg/pid_msg_s__rosidl_typesupport_fastrtps_c.cpython-310-x86_64-linux-gnu.so
[1.650s] -- Up-to-date: /home/sjm/pid_ws/install/pid_msg/local/lib/python3.10/dist-packages/pid_msg/pid_msg_s__rosidl_typesupport_introspection_c.cpython-310-x86_64-linux-gnu.so
[1.650s] -- Up-to-date: /home/sjm/pid_ws/install/pid_msg/local/lib/python3.10/dist-packages/pid_msg/pid_msg_s__rosidl_typesupport_c.cpython-310-x86_64-linux-gnu.so
[1.651s] -- Up-to-date: /home/sjm/pid_ws/install/pid_msg/lib/libpid_msg__rosidl_generator_py.so
[1.651s] -- Up-to-date: /home/sjm/pid_ws/install/pid_msg/share/pid_msg/msg/PidTune.idl
[1.652s] -- Up-to-date: /home/sjm/pid_ws/install/pid_msg/share/pid_msg/msg/PidTune.msg
[1.652s] -- Up-to-date: /home/sjm/pid_ws/install/pid_msg/share/ament_index/resource_index/package_run_dependencies/pid_msg
[1.653s] -- Up-to-date: /home/sjm/pid_ws/install/pid_msg/share/ament_index/resource_index/parent_prefix_path/pid_msg
[1.653s] -- Up-to-date: /home/sjm/pid_ws/install/pid_msg/share/pid_msg/environment/ament_prefix_path.sh
[1.653s] -- Up-to-date: /home/sjm/pid_ws/install/pid_msg/share/pid_msg/environment/ament_prefix_path.dsv
[1.654s] -- Up-to-date: /home/sjm/pid_ws/install/pid_msg/share/pid_msg/environment/path.sh
[1.654s] -- Up-to-date: /home/sjm/pid_ws/install/pid_msg/share/pid_msg/environment/path.dsv
[1.654s] -- Up-to-date: /home/sjm/pid_ws/install/pid_msg/share/pid_msg/local_setup.bash
[1.655s] -- Up-to-date: /home/sjm/pid_ws/install/pid_msg/share/pid_msg/local_setup.sh
[1.655s] -- Up-to-date: /home/sjm/pid_ws/install/pid_msg/share/pid_msg/local_setup.zsh
[1.655s] -- Up-to-date: /home/sjm/pid_ws/install/pid_msg/share/pid_msg/local_setup.dsv
[1.656s] -- Installing: /home/sjm/pid_ws/install/pid_msg/share/pid_msg/package.dsv
[1.656s] -- Up-to-date: /home/sjm/pid_ws/install/pid_msg/share/ament_index/resource_index/packages/pid_msg
[1.656s] -- Up-to-date: /home/sjm/pid_ws/install/pid_msg/share/pid_msg/cmake/export_pid_msg__rosidl_generator_cExport.cmake
[1.657s] -- Up-to-date: /home/sjm/pid_ws/install/pid_msg/share/pid_msg/cmake/export_pid_msg__rosidl_generator_cExport-noconfig.cmake
[1.657s] -- Up-to-date: /home/sjm/pid_ws/install/pid_msg/share/pid_msg/cmake/export_pid_msg__rosidl_typesupport_fastrtps_cExport.cmake
[1.658s] -- Up-to-date: /home/sjm/pid_ws/install/pid_msg/share/pid_msg/cmake/export_pid_msg__rosidl_typesupport_fastrtps_cExport-noconfig.cmake
[1.658s] -- Up-to-date: /home/sjm/pid_ws/install/pid_msg/share/pid_msg/cmake/export_pid_msg__rosidl_generator_cppExport.cmake
[1.658s] -- Up-to-date: /home/sjm/pid_ws/install/pid_msg/share/pid_msg/cmake/export_pid_msg__rosidl_typesupport_fastrtps_cppExport.cmake
[1.658s] -- Up-to-date: /home/sjm/pid_ws/install/pid_msg/share/pid_msg/cmake/export_pid_msg__rosidl_typesupport_fastrtps_cppExport-noconfig.cmake
[1.658s] -- Up-to-date: /home/sjm/pid_ws/install/pid_msg/share/pid_msg/cmake/pid_msg__rosidl_typesupport_introspection_cExport.cmake
[1.659s] -- Up-to-date: /home/sjm/pid_ws/install/pid_msg/share/pid_msg/cmake/pid_msg__rosidl_typesupport_introspection_cExport-noconfig.cmake
[1.659s] -- Up-to-date: /home/sjm/pid_ws/install/pid_msg/share/pid_msg/cmake/pid_msg__rosidl_typesupport_cExport.cmake
[1.659s] -- Up-to-date: /home/sjm/pid_ws/install/pid_msg/share/pid_msg/cmake/pid_msg__rosidl_typesupport_cExport-noconfig.cmake
[1.659s] -- Up-to-date: /home/sjm/pid_ws/install/pid_msg/share/pid_msg/cmake/pid_msg__rosidl_typesupport_introspection_cppExport.cmake
[1.659s] -- Up-to-date: /home/sjm/pid_ws/install/pid_msg/share/pid_msg/cmake/pid_msg__rosidl_typesupport_introspection_cppExport-noconfig.cmake
[1.660s] -- Up-to-date: /home/sjm/pid_ws/install/pid_msg/share/pid_msg/cmake/pid_msg__rosidl_typesupport_cppExport.cmake
[1.660s] -- Up-to-date: /home/sjm/pid_ws/install/pid_msg/share/pid_msg/cmake/pid_msg__rosidl_typesupport_cppExport-noconfig.cmake
[1.660s] -- Up-to-date: /home/sjm/pid_ws/install/pid_msg/share/pid_msg/cmake/export_pid_msg__rosidl_generator_pyExport.cmake
[1.660s] -- Up-to-date: /home/sjm/pid_ws/install/pid_msg/share/pid_msg/cmake/export_pid_msg__rosidl_generator_pyExport-noconfig.cmake
[1.661s] -- Up-to-date: /home/sjm/pid_ws/install/pid_msg/share/pid_msg/cmake/rosidl_cmake-extras.cmake
[1.662s] -- Up-to-date: /home/sjm/pid_ws/install/pid_msg/share/pid_msg/cmake/ament_cmake_export_dependencies-extras.cmake
[1.662s] -- Up-to-date: /home/sjm/pid_ws/install/pid_msg/share/pid_msg/cmake/ament_cmake_export_include_directories-extras.cmake
[1.663s] -- Up-to-date: /home/sjm/pid_ws/install/pid_msg/share/pid_msg/cmake/ament_cmake_export_libraries-extras.cmake
[1.663s] -- Up-to-date: /home/sjm/pid_ws/install/pid_msg/share/pid_msg/cmake/ament_cmake_export_targets-extras.cmake
[1.663s] -- Up-to-date: /home/sjm/pid_ws/install/pid_msg/share/pid_msg/cmake/rosidl_cmake_export_typesupport_targets-extras.cmake
[1.664s] -- Up-to-date: /home/sjm/pid_ws/install/pid_msg/share/pid_msg/cmake/rosidl_cmake_export_typesupport_libraries-extras.cmake
[1.664s] -- Up-to-date: /home/sjm/pid_ws/install/pid_msg/share/pid_msg/cmake/pid_msgConfig.cmake
[1.664s] -- Up-to-date: /home/sjm/pid_ws/install/pid_msg/share/pid_msg/cmake/pid_msgConfig-version.cmake
[1.665s] -- Up-to-date: /home/sjm/pid_ws/install/pid_msg/share/pid_msg/package.xml
[1.665s] Invoked command in '/home/sjm/pid_ws/build/pid_msg' returned '0': CMAKE_PREFIX_PATH=${CMAKE_PREFIX_PATH}:/home/sjm/pid_ws/install/pid_controller:/home/sjm/lidar/install/robot_math:/home/sjm/turtlebot3_ws/install/turtlebot3_teleop:/home/sjm/turtlebot3_ws/install/turtlebot3_example:/opt/ros/humble /usr/bin/cmake --install /home/sjm/pid_ws/build/pid_msg
