[1.726s] DEBUG:colcon:Command line arguments: ['/usr/bin/colcon', 'build']
[1.727s] DEBUG:colcon:Parsed command line arguments: Namespace(log_base=None, log_level=None, verb_name='build', build_base='build', install_base='install', merge_install=False, symlink_install=False, test_result_base=None, continue_on_error=False, executor='parallel', parallel_workers=4, event_handlers=None, ignore_user_meta=False, metas=['./colcon.meta'], base_paths=['.'], packages_ignore=None, packages_ignore_regex=None, paths=None, packages_up_to=None, packages_up_to_regex=None, packages_above=None, packages_above_and_dependencies=None, packages_above_depth=None, packages_select_by_dep=None, packages_skip_by_dep=None, packages_skip_up_to=None, packages_select_build_failed=False, packages_skip_build_finished=False, packages_select_test_failures=False, packages_skip_test_passed=False, packages_select=None, packages_skip=None, packages_select_regex=None, packages_skip_regex=None, packages_start=None, packages_end=None, allow_overriding=[], cmake_args=None, cmake_target=None, cmake_target_skip_unavailable=False, cmake_clean_cache=False, cmake_clean_first=False, cmake_force_configure=False, ament_cmake_args=None, catkin_cmake_args=None, catkin_skip_building_tests=False, verb_parser=<colcon_defaults.argument_parser.defaults.DefaultArgumentsDecorator object at 0x77ff7f69dab0>, verb_extension=<colcon_core.verb.build.BuildVerb object at 0x77ff7f65fbe0>, main=<bound method BuildVerb.main of <colcon_core.verb.build.BuildVerb object at 0x77ff7f65fbe0>>)
[1.807s] Level 1:colcon.colcon_core.package_discovery:discover_packages(colcon_meta) check parameters
[1.807s] Level 1:colcon.colcon_core.package_discovery:discover_packages(recursive) check parameters
[1.807s] Level 1:colcon.colcon_core.package_discovery:discover_packages(ignore) check parameters
[1.807s] Level 1:colcon.colcon_core.package_discovery:discover_packages(path) check parameters
[1.807s] Level 1:colcon.colcon_core.package_discovery:discover_packages(colcon_meta) discover
[1.807s] Level 1:colcon.colcon_core.package_discovery:discover_packages(recursive) discover
[1.807s] INFO:colcon.colcon_core.package_discovery:Crawling recursively for packages in '/home/sjm/pid_ws'
[1.808s] Level 1:colcon.colcon_core.package_identification:_identify(.) by extensions ['ignore', 'ignore_ament_install']
[1.808s] Level 1:colcon.colcon_core.package_identification:_identify(.) by extension 'ignore'
[1.808s] Level 1:colcon.colcon_core.package_identification:_identify(.) by extension 'ignore_ament_install'
[1.808s] Level 1:colcon.colcon_core.package_identification:_identify(.) by extensions ['colcon_pkg']
[1.808s] Level 1:colcon.colcon_core.package_identification:_identify(.) by extension 'colcon_pkg'
[1.808s] Level 1:colcon.colcon_core.package_identification:_identify(.) by extensions ['colcon_meta']
[1.808s] Level 1:colcon.colcon_core.package_identification:_identify(.) by extension 'colcon_meta'
[1.808s] Level 1:colcon.colcon_core.package_identification:_identify(.) by extensions ['ros']
[1.808s] Level 1:colcon.colcon_core.package_identification:_identify(.) by extension 'ros'
[1.825s] Level 1:colcon.colcon_core.package_identification:_identify(.) by extensions ['cmake', 'python']
[1.825s] Level 1:colcon.colcon_core.package_identification:_identify(.) by extension 'cmake'
[1.825s] Level 1:colcon.colcon_core.package_identification:_identify(.) by extension 'python'
[1.825s] Level 1:colcon.colcon_core.package_identification:_identify(.) by extensions ['python_setup_py']
[1.825s] Level 1:colcon.colcon_core.package_identification:_identify(.) by extension 'python_setup_py'
[1.826s] Level 1:colcon.colcon_core.package_identification:_identify(build) by extensions ['ignore', 'ignore_ament_install']
[1.826s] Level 1:colcon.colcon_core.package_identification:_identify(build) by extension 'ignore'
[1.826s] Level 1:colcon.colcon_core.package_identification:_identify(build) ignored
[1.826s] Level 1:colcon.colcon_core.package_identification:_identify(install) by extensions ['ignore', 'ignore_ament_install']
[1.826s] Level 1:colcon.colcon_core.package_identification:_identify(install) by extension 'ignore'
[1.826s] Level 1:colcon.colcon_core.package_identification:_identify(install) ignored
[1.826s] Level 1:colcon.colcon_core.package_identification:_identify(log) by extensions ['ignore', 'ignore_ament_install']
[1.826s] Level 1:colcon.colcon_core.package_identification:_identify(log) by extension 'ignore'
[1.827s] Level 1:colcon.colcon_core.package_identification:_identify(log) ignored
[1.827s] Level 1:colcon.colcon_core.package_identification:_identify(src) by extensions ['ignore', 'ignore_ament_install']
[1.827s] Level 1:colcon.colcon_core.package_identification:_identify(src) by extension 'ignore'
[1.827s] Level 1:colcon.colcon_core.package_identification:_identify(src) by extension 'ignore_ament_install'
[1.827s] Level 1:colcon.colcon_core.package_identification:_identify(src) by extensions ['colcon_pkg']
[1.827s] Level 1:colcon.colcon_core.package_identification:_identify(src) by extension 'colcon_pkg'
[1.827s] Level 1:colcon.colcon_core.package_identification:_identify(src) by extensions ['colcon_meta']
[1.827s] Level 1:colcon.colcon_core.package_identification:_identify(src) by extension 'colcon_meta'
[1.827s] Level 1:colcon.colcon_core.package_identification:_identify(src) by extensions ['ros']
[1.827s] Level 1:colcon.colcon_core.package_identification:_identify(src) by extension 'ros'
[1.827s] Level 1:colcon.colcon_core.package_identification:_identify(src) by extensions ['cmake', 'python']
[1.827s] Level 1:colcon.colcon_core.package_identification:_identify(src) by extension 'cmake'
[1.828s] Level 1:colcon.colcon_core.package_identification:_identify(src) by extension 'python'
[1.828s] Level 1:colcon.colcon_core.package_identification:_identify(src) by extensions ['python_setup_py']
[1.828s] Level 1:colcon.colcon_core.package_identification:_identify(src) by extension 'python_setup_py'
[1.828s] Level 1:colcon.colcon_core.package_identification:_identify(src/pid_controller) by extensions ['ignore', 'ignore_ament_install']
[1.828s] Level 1:colcon.colcon_core.package_identification:_identify(src/pid_controller) by extension 'ignore'
[1.828s] Level 1:colcon.colcon_core.package_identification:_identify(src/pid_controller) by extension 'ignore_ament_install'
[1.828s] Level 1:colcon.colcon_core.package_identification:_identify(src/pid_controller) by extensions ['colcon_pkg']
[1.828s] Level 1:colcon.colcon_core.package_identification:_identify(src/pid_controller) by extension 'colcon_pkg'
[1.828s] Level 1:colcon.colcon_core.package_identification:_identify(src/pid_controller) by extensions ['colcon_meta']
[1.828s] Level 1:colcon.colcon_core.package_identification:_identify(src/pid_controller) by extension 'colcon_meta'
[1.828s] Level 1:colcon.colcon_core.package_identification:_identify(src/pid_controller) by extensions ['ros']
[1.828s] Level 1:colcon.colcon_core.package_identification:_identify(src/pid_controller) by extension 'ros'
[1.832s] DEBUG:colcon.colcon_core.package_identification:Package 'src/pid_controller' with type 'ros.ament_python' and name 'pid_controller'
[1.832s] Level 1:colcon.colcon_core.package_identification:_identify(src/pid_tune) by extensions ['ignore', 'ignore_ament_install']
[1.832s] Level 1:colcon.colcon_core.package_identification:_identify(src/pid_tune) by extension 'ignore'
[1.832s] Level 1:colcon.colcon_core.package_identification:_identify(src/pid_tune) by extension 'ignore_ament_install'
[1.832s] Level 1:colcon.colcon_core.package_identification:_identify(src/pid_tune) by extensions ['colcon_pkg']
[1.833s] Level 1:colcon.colcon_core.package_identification:_identify(src/pid_tune) by extension 'colcon_pkg'
[1.833s] Level 1:colcon.colcon_core.package_identification:_identify(src/pid_tune) by extensions ['colcon_meta']
[1.833s] Level 1:colcon.colcon_core.package_identification:_identify(src/pid_tune) by extension 'colcon_meta'
[1.833s] Level 1:colcon.colcon_core.package_identification:_identify(src/pid_tune) by extensions ['ros']
[1.833s] Level 1:colcon.colcon_core.package_identification:_identify(src/pid_tune) by extension 'ros'
[1.833s] Level 1:colcon.colcon_core.package_identification:_identify(src/pid_tune) by extensions ['cmake', 'python']
[1.833s] Level 1:colcon.colcon_core.package_identification:_identify(src/pid_tune) by extension 'cmake'
[1.833s] Level 1:colcon.colcon_core.package_identification:_identify(src/pid_tune) by extension 'python'
[1.833s] Level 1:colcon.colcon_core.package_identification:_identify(src/pid_tune) by extensions ['python_setup_py']
[1.833s] Level 1:colcon.colcon_core.package_identification:_identify(src/pid_tune) by extension 'python_setup_py'
[1.833s] Level 1:colcon.colcon_core.package_identification:_identify(src/pid_tune/pid_msg) by extensions ['ignore', 'ignore_ament_install']
[1.833s] Level 1:colcon.colcon_core.package_identification:_identify(src/pid_tune/pid_msg) by extension 'ignore'
[1.834s] Level 1:colcon.colcon_core.package_identification:_identify(src/pid_tune/pid_msg) by extension 'ignore_ament_install'
[1.834s] Level 1:colcon.colcon_core.package_identification:_identify(src/pid_tune/pid_msg) by extensions ['colcon_pkg']
[1.834s] Level 1:colcon.colcon_core.package_identification:_identify(src/pid_tune/pid_msg) by extension 'colcon_pkg'
[1.834s] Level 1:colcon.colcon_core.package_identification:_identify(src/pid_tune/pid_msg) by extensions ['colcon_meta']
[1.834s] Level 1:colcon.colcon_core.package_identification:_identify(src/pid_tune/pid_msg) by extension 'colcon_meta'
[1.834s] Level 1:colcon.colcon_core.package_identification:_identify(src/pid_tune/pid_msg) by extensions ['ros']
[1.834s] Level 1:colcon.colcon_core.package_identification:_identify(src/pid_tune/pid_msg) by extension 'ros'
[1.835s] DEBUG:colcon.colcon_core.package_identification:Package 'src/pid_tune/pid_msg' with type 'ros.ament_cmake' and name 'pid_msg'
[1.835s] Level 1:colcon.colcon_core.package_identification:_identify(src/pid_tune/pid_tune) by extensions ['ignore', 'ignore_ament_install']
[1.835s] Level 1:colcon.colcon_core.package_identification:_identify(src/pid_tune/pid_tune) by extension 'ignore'
[1.835s] Level 1:colcon.colcon_core.package_identification:_identify(src/pid_tune/pid_tune) by extension 'ignore_ament_install'
[1.835s] Level 1:colcon.colcon_core.package_identification:_identify(src/pid_tune/pid_tune) by extensions ['colcon_pkg']
[1.835s] Level 1:colcon.colcon_core.package_identification:_identify(src/pid_tune/pid_tune) by extension 'colcon_pkg'
[1.835s] Level 1:colcon.colcon_core.package_identification:_identify(src/pid_tune/pid_tune) by extensions ['colcon_meta']
[1.835s] Level 1:colcon.colcon_core.package_identification:_identify(src/pid_tune/pid_tune) by extension 'colcon_meta'
[1.836s] Level 1:colcon.colcon_core.package_identification:_identify(src/pid_tune/pid_tune) by extensions ['ros']
[1.836s] Level 1:colcon.colcon_core.package_identification:_identify(src/pid_tune/pid_tune) by extension 'ros'
[1.837s] DEBUG:colcon.colcon_core.package_identification:Package 'src/pid_tune/pid_tune' with type 'ros.ament_cmake' and name 'pid_tune'
[1.837s] Level 1:colcon.colcon_core.package_discovery:discover_packages(recursive) using defaults
[1.837s] Level 1:colcon.colcon_core.package_discovery:discover_packages(ignore) discover
[1.837s] Level 1:colcon.colcon_core.package_discovery:discover_packages(ignore) using defaults
[1.837s] Level 1:colcon.colcon_core.package_discovery:discover_packages(path) discover
[1.837s] Level 1:colcon.colcon_core.package_discovery:discover_packages(path) using defaults
[1.995s] Level 1:colcon.colcon_core.package_discovery:discover_packages(prefix_path) check parameters
[1.995s] Level 1:colcon.colcon_core.package_discovery:discover_packages(prefix_path) discover
[2.049s] DEBUG:colcon.colcon_installed_package_information.package_discovery:Found 3 installed packages in /home/sjm/pid_ws/install
[2.074s] DEBUG:colcon.colcon_installed_package_information.package_discovery:Found 1 installed packages in /home/sjm/microros_ws/install
[2.100s] DEBUG:colcon.colcon_installed_package_information.package_discovery:Found 6 installed packages in /home/sjm/lidar/install
[2.138s] DEBUG:colcon.colcon_installed_package_information.package_discovery:Found 15 installed packages in /home/sjm/turtlebot3_ws/install
[2.166s] DEBUG:colcon.colcon_installed_package_information.package_discovery:Found 338 installed packages in /opt/ros/humble
[2.169s] Level 1:colcon.colcon_core.package_discovery:discover_packages(prefix_path) using defaults
[2.351s] Level 5:colcon.colcon_core.verb:set package 'pid_controller' build argument 'cmake_args' from command line to 'None'
[2.351s] Level 5:colcon.colcon_core.verb:set package 'pid_controller' build argument 'cmake_target' from command line to 'None'
[2.351s] Level 5:colcon.colcon_core.verb:set package 'pid_controller' build argument 'cmake_target_skip_unavailable' from command line to 'False'
[2.351s] Level 5:colcon.colcon_core.verb:set package 'pid_controller' build argument 'cmake_clean_cache' from command line to 'False'
[2.351s] Level 5:colcon.colcon_core.verb:set package 'pid_controller' build argument 'cmake_clean_first' from command line to 'False'
[2.351s] Level 5:colcon.colcon_core.verb:set package 'pid_controller' build argument 'cmake_force_configure' from command line to 'False'
[2.351s] Level 5:colcon.colcon_core.verb:set package 'pid_controller' build argument 'ament_cmake_args' from command line to 'None'
[2.351s] Level 5:colcon.colcon_core.verb:set package 'pid_controller' build argument 'catkin_cmake_args' from command line to 'None'
[2.351s] Level 5:colcon.colcon_core.verb:set package 'pid_controller' build argument 'catkin_skip_building_tests' from command line to 'False'
[2.352s] DEBUG:colcon.colcon_core.verb:Building package 'pid_controller' with the following arguments: {'ament_cmake_args': None, 'build_base': '/home/sjm/pid_ws/build/pid_controller', 'catkin_cmake_args': None, 'catkin_skip_building_tests': False, 'cmake_args': None, 'cmake_clean_cache': False, 'cmake_clean_first': False, 'cmake_force_configure': False, 'cmake_target': None, 'cmake_target_skip_unavailable': False, 'install_base': '/home/sjm/pid_ws/install/pid_controller', 'merge_install': False, 'path': '/home/sjm/pid_ws/src/pid_controller', 'symlink_install': False, 'test_result_base': None}
[2.397s] Level 5:colcon.colcon_core.verb:set package 'pid_msg' build argument 'cmake_args' from command line to 'None'
[2.397s] Level 5:colcon.colcon_core.verb:set package 'pid_msg' build argument 'cmake_target' from command line to 'None'
[2.398s] Level 5:colcon.colcon_core.verb:set package 'pid_msg' build argument 'cmake_target_skip_unavailable' from command line to 'False'
[2.398s] Level 5:colcon.colcon_core.verb:set package 'pid_msg' build argument 'cmake_clean_cache' from command line to 'False'
[2.398s] Level 5:colcon.colcon_core.verb:set package 'pid_msg' build argument 'cmake_clean_first' from command line to 'False'
[2.398s] Level 5:colcon.colcon_core.verb:set package 'pid_msg' build argument 'cmake_force_configure' from command line to 'False'
[2.398s] Level 5:colcon.colcon_core.verb:set package 'pid_msg' build argument 'ament_cmake_args' from command line to 'None'
[2.398s] Level 5:colcon.colcon_core.verb:set package 'pid_msg' build argument 'catkin_cmake_args' from command line to 'None'
[2.398s] Level 5:colcon.colcon_core.verb:set package 'pid_msg' build argument 'catkin_skip_building_tests' from command line to 'False'
[2.398s] DEBUG:colcon.colcon_core.verb:Building package 'pid_msg' with the following arguments: {'ament_cmake_args': None, 'build_base': '/home/sjm/pid_ws/build/pid_msg', 'catkin_cmake_args': None, 'catkin_skip_building_tests': False, 'cmake_args': None, 'cmake_clean_cache': False, 'cmake_clean_first': False, 'cmake_force_configure': False, 'cmake_target': None, 'cmake_target_skip_unavailable': False, 'install_base': '/home/sjm/pid_ws/install/pid_msg', 'merge_install': False, 'path': '/home/sjm/pid_ws/src/pid_tune/pid_msg', 'symlink_install': False, 'test_result_base': None}
[2.444s] Level 5:colcon.colcon_core.verb:set package 'pid_tune' build argument 'cmake_args' from command line to 'None'
[2.444s] Level 5:colcon.colcon_core.verb:set package 'pid_tune' build argument 'cmake_target' from command line to 'None'
[2.444s] Level 5:colcon.colcon_core.verb:set package 'pid_tune' build argument 'cmake_target_skip_unavailable' from command line to 'False'
[2.444s] Level 5:colcon.colcon_core.verb:set package 'pid_tune' build argument 'cmake_clean_cache' from command line to 'False'
[2.444s] Level 5:colcon.colcon_core.verb:set package 'pid_tune' build argument 'cmake_clean_first' from command line to 'False'
[2.445s] Level 5:colcon.colcon_core.verb:set package 'pid_tune' build argument 'cmake_force_configure' from command line to 'False'
[2.445s] Level 5:colcon.colcon_core.verb:set package 'pid_tune' build argument 'ament_cmake_args' from command line to 'None'
[2.445s] Level 5:colcon.colcon_core.verb:set package 'pid_tune' build argument 'catkin_cmake_args' from command line to 'None'
[2.445s] Level 5:colcon.colcon_core.verb:set package 'pid_tune' build argument 'catkin_skip_building_tests' from command line to 'False'
[2.445s] DEBUG:colcon.colcon_core.verb:Building package 'pid_tune' with the following arguments: {'ament_cmake_args': None, 'build_base': '/home/sjm/pid_ws/build/pid_tune', 'catkin_cmake_args': None, 'catkin_skip_building_tests': False, 'cmake_args': None, 'cmake_clean_cache': False, 'cmake_clean_first': False, 'cmake_force_configure': False, 'cmake_target': None, 'cmake_target_skip_unavailable': False, 'install_base': '/home/sjm/pid_ws/install/pid_tune', 'merge_install': False, 'path': '/home/sjm/pid_ws/src/pid_tune/pid_tune', 'symlink_install': False, 'test_result_base': None}
[2.485s] INFO:colcon.colcon_core.executor:Executing jobs using 'parallel' executor
[2.515s] DEBUG:colcon.colcon_parallel_executor.executor.parallel:run_until_complete
[2.515s] INFO:colcon.colcon_ros.task.ament_cmake.build:Building ROS package in '/home/sjm/pid_ws/src/pid_tune/pid_msg' with build type 'ament_cmake'
[2.515s] INFO:colcon.colcon_cmake.task.cmake.build:Building CMake package in '/home/sjm/pid_ws/src/pid_tune/pid_msg'
[2.547s] INFO:colcon.colcon_core.plugin_system:Skipping extension 'colcon_core.shell.bat': Not used on non-Windows systems
[2.547s] INFO:colcon.colcon_core.shell:Skip shell extension 'powershell' for command environment: Not usable outside of PowerShell
[2.547s] DEBUG:colcon.colcon_core.shell:Skip shell extension 'dsv' for command environment
[2.710s] INFO:colcon.colcon_ros.task.ament_python.build:Building ROS package in '/home/sjm/pid_ws/src/pid_controller' with build type 'ament_python'
[2.710s] Level 1:colcon.colcon_core.shell:create_environment_hook('pid_controller', 'ament_prefix_path')
[2.740s] INFO:colcon.colcon_core.shell:Creating environment hook '/home/sjm/pid_ws/install/pid_controller/share/pid_controller/hook/ament_prefix_path.ps1'
[2.741s] INFO:colcon.colcon_core.shell:Creating environment descriptor '/home/sjm/pid_ws/install/pid_controller/share/pid_controller/hook/ament_prefix_path.dsv'
[2.741s] INFO:colcon.colcon_core.shell:Creating environment hook '/home/sjm/pid_ws/install/pid_controller/share/pid_controller/hook/ament_prefix_path.sh'
[2.769s] INFO:colcon.colcon_core.shell:Skip shell extension 'powershell' for command environment: Not usable outside of PowerShell
[2.769s] DEBUG:colcon.colcon_core.shell:Skip shell extension 'dsv' for command environment
[2.939s] DEBUG:colcon.colcon_core.event_handler.log_command:Invoking command in '/home/sjm/pid_ws/build/pid_msg': CMAKE_PREFIX_PATH=${CMAKE_PREFIX_PATH}:/home/sjm/pid_ws/install/pid_controller:/home/sjm/lidar/install/robot_math:/home/sjm/turtlebot3_ws/install/turtlebot3_teleop:/home/sjm/turtlebot3_ws/install/turtlebot3_example:/opt/ros/humble /usr/bin/cmake --build /home/sjm/pid_ws/build/pid_msg -- -j4 -l4
[3.617s] INFO:colcon.colcon_core.task.python.build:Building Python package in '/home/sjm/pid_ws/src/pid_controller'
[3.644s] INFO:colcon.colcon_core.shell:Skip shell extension 'powershell' for command environment: Not usable outside of PowerShell
[3.645s] DEBUG:colcon.colcon_core.shell:Skip shell extension 'dsv' for command environment
[3.834s] DEBUG:colcon.colcon_core.event_handler.log_command:Invoked command in '/home/sjm/pid_ws/build/pid_msg' returned '0': CMAKE_PREFIX_PATH=${CMAKE_PREFIX_PATH}:/home/sjm/pid_ws/install/pid_controller:/home/sjm/lidar/install/robot_math:/home/sjm/turtlebot3_ws/install/turtlebot3_teleop:/home/sjm/turtlebot3_ws/install/turtlebot3_example:/opt/ros/humble /usr/bin/cmake --build /home/sjm/pid_ws/build/pid_msg -- -j4 -l4
[3.972s] DEBUG:colcon.colcon_core.event_handler.log_command:Invoking command in '/home/sjm/pid_ws/build/pid_msg': CMAKE_PREFIX_PATH=${CMAKE_PREFIX_PATH}:/home/sjm/pid_ws/install/pid_controller:/home/sjm/lidar/install/robot_math:/home/sjm/turtlebot3_ws/install/turtlebot3_teleop:/home/sjm/turtlebot3_ws/install/turtlebot3_example:/opt/ros/humble /usr/bin/cmake --install /home/sjm/pid_ws/build/pid_msg
[4.111s] Level 1:colcon.colcon_core.environment:create_environment_scripts_only(pid_msg)
[4.112s] DEBUG:colcon.colcon_core.event_handler.log_command:Invoked command in '/home/sjm/pid_ws/build/pid_msg' returned '0': CMAKE_PREFIX_PATH=${CMAKE_PREFIX_PATH}:/home/sjm/pid_ws/install/pid_controller:/home/sjm/lidar/install/robot_math:/home/sjm/turtlebot3_ws/install/turtlebot3_teleop:/home/sjm/turtlebot3_ws/install/turtlebot3_example:/opt/ros/humble /usr/bin/cmake --install /home/sjm/pid_ws/build/pid_msg
[4.153s] Level 1:colcon.colcon_core.environment:checking '/home/sjm/pid_ws/install/pid_msg' for CMake module files
[4.154s] Level 1:colcon.colcon_core.environment:checking '/home/sjm/pid_ws/install/pid_msg' for CMake config files
[4.155s] Level 1:colcon.colcon_core.shell:create_environment_hook('pid_msg', 'cmake_prefix_path')
[4.181s] INFO:colcon.colcon_core.shell:Creating environment hook '/home/sjm/pid_ws/install/pid_msg/share/pid_msg/hook/cmake_prefix_path.ps1'
[4.181s] INFO:colcon.colcon_core.shell:Creating environment descriptor '/home/sjm/pid_ws/install/pid_msg/share/pid_msg/hook/cmake_prefix_path.dsv'
[4.182s] INFO:colcon.colcon_core.shell:Creating environment hook '/home/sjm/pid_ws/install/pid_msg/share/pid_msg/hook/cmake_prefix_path.sh'
[4.183s] Level 1:colcon.colcon_core.environment:checking '/home/sjm/pid_ws/install/pid_msg/lib'
[4.183s] Level 1:colcon.colcon_core.shell:create_environment_hook('pid_msg', 'ld_library_path_lib')
[4.210s] INFO:colcon.colcon_core.shell:Creating environment hook '/home/sjm/pid_ws/install/pid_msg/share/pid_msg/hook/ld_library_path_lib.ps1'
[4.211s] INFO:colcon.colcon_core.shell:Creating environment descriptor '/home/sjm/pid_ws/install/pid_msg/share/pid_msg/hook/ld_library_path_lib.dsv'
[4.211s] INFO:colcon.colcon_core.shell:Creating environment hook '/home/sjm/pid_ws/install/pid_msg/share/pid_msg/hook/ld_library_path_lib.sh'
[4.212s] Level 1:colcon.colcon_core.environment:checking '/home/sjm/pid_ws/install/pid_msg/bin'
[4.212s] Level 1:colcon.colcon_core.environment:checking '/home/sjm/pid_ws/install/pid_msg/lib/pkgconfig/pid_msg.pc'
[4.213s] Level 1:colcon.colcon_core.environment:checking '/home/sjm/pid_ws/install/pid_msg/lib/python3.10/site-packages'
[4.213s] Level 1:colcon.colcon_core.environment:checking '/home/sjm/pid_ws/install/pid_msg/bin'
[4.240s] INFO:colcon.colcon_core.shell:Creating package script '/home/sjm/pid_ws/install/pid_msg/share/pid_msg/package.ps1'
[4.242s] INFO:colcon.colcon_core.shell:Creating package descriptor '/home/sjm/pid_ws/install/pid_msg/share/pid_msg/package.dsv'
[4.243s] INFO:colcon.colcon_core.shell:Creating package script '/home/sjm/pid_ws/install/pid_msg/share/pid_msg/package.sh'
[4.244s] INFO:colcon.colcon_core.shell:Creating package script '/home/sjm/pid_ws/install/pid_msg/share/pid_msg/package.bash'
[4.245s] INFO:colcon.colcon_core.shell:Creating package script '/home/sjm/pid_ws/install/pid_msg/share/pid_msg/package.zsh'
[4.247s] Level 1:colcon.colcon_core.environment:create_file_with_runtime_dependencies(/home/sjm/pid_ws/install/pid_msg/share/colcon-core/packages/pid_msg)
[4.395s] Level 1:colcon.colcon_core.environment:create_environment_scripts_only(pid_msg)
[4.422s] Level 1:colcon.colcon_core.environment:checking '/home/sjm/pid_ws/install/pid_msg' for CMake module files
[4.424s] Level 1:colcon.colcon_core.environment:checking '/home/sjm/pid_ws/install/pid_msg' for CMake config files
[4.424s] Level 1:colcon.colcon_core.shell:create_environment_hook('pid_msg', 'cmake_prefix_path')
[4.451s] INFO:colcon.colcon_core.shell:Creating environment hook '/home/sjm/pid_ws/install/pid_msg/share/pid_msg/hook/cmake_prefix_path.ps1'
[4.452s] INFO:colcon.colcon_core.shell:Creating environment descriptor '/home/sjm/pid_ws/install/pid_msg/share/pid_msg/hook/cmake_prefix_path.dsv'
[4.453s] INFO:colcon.colcon_core.shell:Creating environment hook '/home/sjm/pid_ws/install/pid_msg/share/pid_msg/hook/cmake_prefix_path.sh'
[4.454s] Level 1:colcon.colcon_core.environment:checking '/home/sjm/pid_ws/install/pid_msg/lib'
[4.454s] Level 1:colcon.colcon_core.shell:create_environment_hook('pid_msg', 'ld_library_path_lib')
[4.481s] INFO:colcon.colcon_core.shell:Creating environment hook '/home/sjm/pid_ws/install/pid_msg/share/pid_msg/hook/ld_library_path_lib.ps1'
[4.482s] INFO:colcon.colcon_core.shell:Creating environment descriptor '/home/sjm/pid_ws/install/pid_msg/share/pid_msg/hook/ld_library_path_lib.dsv'
[4.483s] INFO:colcon.colcon_core.shell:Creating environment hook '/home/sjm/pid_ws/install/pid_msg/share/pid_msg/hook/ld_library_path_lib.sh'
[4.483s] Level 1:colcon.colcon_core.environment:checking '/home/sjm/pid_ws/install/pid_msg/bin'
[4.484s] Level 1:colcon.colcon_core.environment:checking '/home/sjm/pid_ws/install/pid_msg/lib/pkgconfig/pid_msg.pc'
[4.484s] Level 1:colcon.colcon_core.environment:checking '/home/sjm/pid_ws/install/pid_msg/lib/python3.10/site-packages'
[4.484s] Level 1:colcon.colcon_core.environment:checking '/home/sjm/pid_ws/install/pid_msg/bin'
[4.512s] INFO:colcon.colcon_core.shell:Creating package script '/home/sjm/pid_ws/install/pid_msg/share/pid_msg/package.ps1'
[4.513s] INFO:colcon.colcon_core.shell:Creating package descriptor '/home/sjm/pid_ws/install/pid_msg/share/pid_msg/package.dsv'
[4.514s] INFO:colcon.colcon_core.shell:Creating package script '/home/sjm/pid_ws/install/pid_msg/share/pid_msg/package.sh'
[4.514s] INFO:colcon.colcon_core.shell:Creating package script '/home/sjm/pid_ws/install/pid_msg/share/pid_msg/package.bash'
[4.515s] INFO:colcon.colcon_core.shell:Creating package script '/home/sjm/pid_ws/install/pid_msg/share/pid_msg/package.zsh'
[4.516s] Level 1:colcon.colcon_core.environment:create_file_with_runtime_dependencies(/home/sjm/pid_ws/install/pid_msg/share/colcon-core/packages/pid_msg)
[4.517s] INFO:colcon.colcon_ros.task.ament_cmake.build:Building ROS package in '/home/sjm/pid_ws/src/pid_tune/pid_tune' with build type 'ament_cmake'
[4.517s] INFO:colcon.colcon_cmake.task.cmake.build:Building CMake package in '/home/sjm/pid_ws/src/pid_tune/pid_tune'
[4.546s] INFO:colcon.colcon_core.shell:Skip shell extension 'powershell' for command environment: Not usable outside of PowerShell
[4.546s] DEBUG:colcon.colcon_core.shell:Skip shell extension 'dsv' for command environment
[4.724s] DEBUG:colcon.colcon_core.event_handler.log_command:Invoking command in '/home/sjm/pid_ws/src/pid_controller': PYTHONPATH=/home/sjm/pid_ws/build/pid_controller/prefix_override:/home/sjm/pid_ws/install/pid_controller/lib/python3.10/site-packages:${PYTHONPATH} /usr/bin/python3 setup.py egg_info --egg-base ../../build/pid_controller build --build-base /home/sjm/pid_ws/build/pid_controller/build install --record /home/sjm/pid_ws/build/pid_controller/install.log --single-version-externally-managed
[4.734s] DEBUG:colcon.colcon_core.event_handler.log_command:Invoking command in '/home/sjm/pid_ws/build/pid_tune': CMAKE_PREFIX_PATH=/home/sjm/pid_ws/install/pid_msg:/home/sjm/pid_ws/install/pid_tune:/home/sjm/microros_ws/install/micro_ros_setup:/home/sjm/lidar/install/turtlebot3_gazebo:/home/sjm/lidar/install/rplidar_ros:/home/sjm/lidar/install/point_cloud_perception:/home/sjm/lidar/install/nodes:/home/sjm/lidar/install/navigation_tb3:/home/sjm/turtlebot3_ws/install/turtlebot3:/home/sjm/turtlebot3_ws/install/turtlebot3_simulations:/home/sjm/turtlebot3_ws/install/turtlebot3_bringup:/home/sjm/turtlebot3_ws/install/turtlebot3_node:/home/sjm/turtlebot3_ws/install/turtlebot3_navigation2:/home/sjm/turtlebot3_ws/install/turtlebot3_fake_node:/home/sjm/turtlebot3_ws/install/turtlebot3_msgs:/home/sjm/turtlebot3_ws/install/turtlebot3_gazebo:/home/sjm/turtlebot3_ws/install/turtlebot3_description:/home/sjm/turtlebot3_ws/install/turtlebot3_cartographer:/home/sjm/turtlebot3_ws/install/dynamixel_sdk_examples:/home/sjm/turtlebot3_ws/install/dynamixel_sdk_custom_interfaces:/home/sjm/turtlebot3_ws/install/dynamixel_sdk:/home/sjm/pid_ws/install/pid_controller:/home/sjm/lidar/install/robot_math:/home/sjm/turtlebot3_ws/install/turtlebot3_teleop:/home/sjm/turtlebot3_ws/install/turtlebot3_example:/opt/ros/humble /usr/bin/cmake --build /home/sjm/pid_ws/build/pid_tune -- -j4 -l4
[4.824s] DEBUG:colcon.colcon_core.event_handler.log_command:Invoked command in '/home/sjm/pid_ws/build/pid_tune' returned '0': CMAKE_PREFIX_PATH=/home/sjm/pid_ws/install/pid_msg:/home/sjm/pid_ws/install/pid_tune:/home/sjm/microros_ws/install/micro_ros_setup:/home/sjm/lidar/install/turtlebot3_gazebo:/home/sjm/lidar/install/rplidar_ros:/home/sjm/lidar/install/point_cloud_perception:/home/sjm/lidar/install/nodes:/home/sjm/lidar/install/navigation_tb3:/home/sjm/turtlebot3_ws/install/turtlebot3:/home/sjm/turtlebot3_ws/install/turtlebot3_simulations:/home/sjm/turtlebot3_ws/install/turtlebot3_bringup:/home/sjm/turtlebot3_ws/install/turtlebot3_node:/home/sjm/turtlebot3_ws/install/turtlebot3_navigation2:/home/sjm/turtlebot3_ws/install/turtlebot3_fake_node:/home/sjm/turtlebot3_ws/install/turtlebot3_msgs:/home/sjm/turtlebot3_ws/install/turtlebot3_gazebo:/home/sjm/turtlebot3_ws/install/turtlebot3_description:/home/sjm/turtlebot3_ws/install/turtlebot3_cartographer:/home/sjm/turtlebot3_ws/install/dynamixel_sdk_examples:/home/sjm/turtlebot3_ws/install/dynamixel_sdk_custom_interfaces:/home/sjm/turtlebot3_ws/install/dynamixel_sdk:/home/sjm/pid_ws/install/pid_controller:/home/sjm/lidar/install/robot_math:/home/sjm/turtlebot3_ws/install/turtlebot3_teleop:/home/sjm/turtlebot3_ws/install/turtlebot3_example:/opt/ros/humble /usr/bin/cmake --build /home/sjm/pid_ws/build/pid_tune -- -j4 -l4
[4.887s] DEBUG:colcon.colcon_core.event_handler.log_command:Invoking command in '/home/sjm/pid_ws/build/pid_tune': CMAKE_PREFIX_PATH=/home/sjm/pid_ws/install/pid_msg:/home/sjm/pid_ws/install/pid_tune:/home/sjm/microros_ws/install/micro_ros_setup:/home/sjm/lidar/install/turtlebot3_gazebo:/home/sjm/lidar/install/rplidar_ros:/home/sjm/lidar/install/point_cloud_perception:/home/sjm/lidar/install/nodes:/home/sjm/lidar/install/navigation_tb3:/home/sjm/turtlebot3_ws/install/turtlebot3:/home/sjm/turtlebot3_ws/install/turtlebot3_simulations:/home/sjm/turtlebot3_ws/install/turtlebot3_bringup:/home/sjm/turtlebot3_ws/install/turtlebot3_node:/home/sjm/turtlebot3_ws/install/turtlebot3_navigation2:/home/sjm/turtlebot3_ws/install/turtlebot3_fake_node:/home/sjm/turtlebot3_ws/install/turtlebot3_msgs:/home/sjm/turtlebot3_ws/install/turtlebot3_gazebo:/home/sjm/turtlebot3_ws/install/turtlebot3_description:/home/sjm/turtlebot3_ws/install/turtlebot3_cartographer:/home/sjm/turtlebot3_ws/install/dynamixel_sdk_examples:/home/sjm/turtlebot3_ws/install/dynamixel_sdk_custom_interfaces:/home/sjm/turtlebot3_ws/install/dynamixel_sdk:/home/sjm/pid_ws/install/pid_controller:/home/sjm/lidar/install/robot_math:/home/sjm/turtlebot3_ws/install/turtlebot3_teleop:/home/sjm/turtlebot3_ws/install/turtlebot3_example:/opt/ros/humble /usr/bin/cmake --install /home/sjm/pid_ws/build/pid_tune
[4.919s] Level 1:colcon.colcon_core.environment:create_environment_scripts_only(pid_tune)
[4.924s] DEBUG:colcon.colcon_core.event_handler.log_command:Invoked command in '/home/sjm/pid_ws/build/pid_tune' returned '0': CMAKE_PREFIX_PATH=/home/sjm/pid_ws/install/pid_msg:/home/sjm/pid_ws/install/pid_tune:/home/sjm/microros_ws/install/micro_ros_setup:/home/sjm/lidar/install/turtlebot3_gazebo:/home/sjm/lidar/install/rplidar_ros:/home/sjm/lidar/install/point_cloud_perception:/home/sjm/lidar/install/nodes:/home/sjm/lidar/install/navigation_tb3:/home/sjm/turtlebot3_ws/install/turtlebot3:/home/sjm/turtlebot3_ws/install/turtlebot3_simulations:/home/sjm/turtlebot3_ws/install/turtlebot3_bringup:/home/sjm/turtlebot3_ws/install/turtlebot3_node:/home/sjm/turtlebot3_ws/install/turtlebot3_navigation2:/home/sjm/turtlebot3_ws/install/turtlebot3_fake_node:/home/sjm/turtlebot3_ws/install/turtlebot3_msgs:/home/sjm/turtlebot3_ws/install/turtlebot3_gazebo:/home/sjm/turtlebot3_ws/install/turtlebot3_description:/home/sjm/turtlebot3_ws/install/turtlebot3_cartographer:/home/sjm/turtlebot3_ws/install/dynamixel_sdk_examples:/home/sjm/turtlebot3_ws/install/dynamixel_sdk_custom_interfaces:/home/sjm/turtlebot3_ws/install/dynamixel_sdk:/home/sjm/pid_ws/install/pid_controller:/home/sjm/lidar/install/robot_math:/home/sjm/turtlebot3_ws/install/turtlebot3_teleop:/home/sjm/turtlebot3_ws/install/turtlebot3_example:/opt/ros/humble /usr/bin/cmake --install /home/sjm/pid_ws/build/pid_tune
[4.966s] Level 1:colcon.colcon_core.environment:checking '/home/sjm/pid_ws/install/pid_tune' for CMake module files
[4.968s] Level 1:colcon.colcon_core.environment:checking '/home/sjm/pid_ws/install/pid_tune' for CMake config files
[4.969s] Level 1:colcon.colcon_core.shell:create_environment_hook('pid_tune', 'cmake_prefix_path')
[5.008s] INFO:colcon.colcon_core.shell:Creating environment hook '/home/sjm/pid_ws/install/pid_tune/share/pid_tune/hook/cmake_prefix_path.ps1'
[5.010s] INFO:colcon.colcon_core.shell:Creating environment descriptor '/home/sjm/pid_ws/install/pid_tune/share/pid_tune/hook/cmake_prefix_path.dsv'
[5.012s] INFO:colcon.colcon_core.shell:Creating environment hook '/home/sjm/pid_ws/install/pid_tune/share/pid_tune/hook/cmake_prefix_path.sh'
[5.014s] Level 1:colcon.colcon_core.environment:checking '/home/sjm/pid_ws/install/pid_tune/lib'
[5.014s] Level 1:colcon.colcon_core.environment:checking '/home/sjm/pid_ws/install/pid_tune/bin'
[5.015s] Level 1:colcon.colcon_core.environment:checking '/home/sjm/pid_ws/install/pid_tune/lib/pkgconfig/pid_tune.pc'
[5.016s] Level 1:colcon.colcon_core.environment:checking '/home/sjm/pid_ws/install/pid_tune/lib/python3.10/site-packages'
[5.016s] Level 1:colcon.colcon_core.environment:checking '/home/sjm/pid_ws/install/pid_tune/bin'
[5.065s] INFO:colcon.colcon_core.shell:Creating package script '/home/sjm/pid_ws/install/pid_tune/share/pid_tune/package.ps1'
[5.066s] INFO:colcon.colcon_core.shell:Creating package descriptor '/home/sjm/pid_ws/install/pid_tune/share/pid_tune/package.dsv'
[5.068s] INFO:colcon.colcon_core.shell:Creating package script '/home/sjm/pid_ws/install/pid_tune/share/pid_tune/package.sh'
[5.070s] INFO:colcon.colcon_core.shell:Creating package script '/home/sjm/pid_ws/install/pid_tune/share/pid_tune/package.bash'
[5.072s] INFO:colcon.colcon_core.shell:Creating package script '/home/sjm/pid_ws/install/pid_tune/share/pid_tune/package.zsh'
[5.074s] Level 1:colcon.colcon_core.environment:create_file_with_runtime_dependencies(/home/sjm/pid_ws/install/pid_tune/share/colcon-core/packages/pid_tune)
[5.178s] Level 1:colcon.colcon_core.environment:create_environment_scripts_only(pid_tune)
[5.237s] Level 1:colcon.colcon_core.environment:checking '/home/sjm/pid_ws/install/pid_tune' for CMake module files
[5.238s] Level 1:colcon.colcon_core.environment:checking '/home/sjm/pid_ws/install/pid_tune' for CMake config files
[5.239s] Level 1:colcon.colcon_core.shell:create_environment_hook('pid_tune', 'cmake_prefix_path')
[5.280s] INFO:colcon.colcon_core.shell:Creating environment hook '/home/sjm/pid_ws/install/pid_tune/share/pid_tune/hook/cmake_prefix_path.ps1'
[5.282s] INFO:colcon.colcon_core.shell:Creating environment descriptor '/home/sjm/pid_ws/install/pid_tune/share/pid_tune/hook/cmake_prefix_path.dsv'
[5.283s] INFO:colcon.colcon_core.shell:Creating environment hook '/home/sjm/pid_ws/install/pid_tune/share/pid_tune/hook/cmake_prefix_path.sh'
[5.287s] Level 1:colcon.colcon_core.environment:checking '/home/sjm/pid_ws/install/pid_tune/lib'
[5.287s] Level 1:colcon.colcon_core.environment:checking '/home/sjm/pid_ws/install/pid_tune/bin'
[5.287s] Level 1:colcon.colcon_core.environment:checking '/home/sjm/pid_ws/install/pid_tune/lib/pkgconfig/pid_tune.pc'
[5.288s] Level 1:colcon.colcon_core.environment:checking '/home/sjm/pid_ws/install/pid_tune/lib/python3.10/site-packages'
[5.288s] Level 1:colcon.colcon_core.environment:checking '/home/sjm/pid_ws/install/pid_tune/bin'
[5.340s] INFO:colcon.colcon_core.shell:Creating package script '/home/sjm/pid_ws/install/pid_tune/share/pid_tune/package.ps1'
[5.342s] INFO:colcon.colcon_core.shell:Creating package descriptor '/home/sjm/pid_ws/install/pid_tune/share/pid_tune/package.dsv'
[5.344s] INFO:colcon.colcon_core.shell:Creating package script '/home/sjm/pid_ws/install/pid_tune/share/pid_tune/package.sh'
[5.345s] INFO:colcon.colcon_core.shell:Creating package script '/home/sjm/pid_ws/install/pid_tune/share/pid_tune/package.bash'
[5.348s] INFO:colcon.colcon_core.shell:Creating package script '/home/sjm/pid_ws/install/pid_tune/share/pid_tune/package.zsh'
[5.349s] Level 1:colcon.colcon_core.environment:create_file_with_runtime_dependencies(/home/sjm/pid_ws/install/pid_tune/share/colcon-core/packages/pid_tune)
[5.515s] DEBUG:colcon.colcon_core.event_handler.log_command:Invoked command in '/home/sjm/pid_ws/src/pid_controller' returned '0': PYTHONPATH=/home/sjm/pid_ws/build/pid_controller/prefix_override:/home/sjm/pid_ws/install/pid_controller/lib/python3.10/site-packages:${PYTHONPATH} /usr/bin/python3 setup.py egg_info --egg-base ../../build/pid_controller build --build-base /home/sjm/pid_ws/build/pid_controller/build install --record /home/sjm/pid_ws/build/pid_controller/install.log --single-version-externally-managed
[5.550s] Level 1:colcon.colcon_core.environment:checking '/home/sjm/pid_ws/install/pid_controller' for CMake module files
[5.551s] Level 1:colcon.colcon_core.environment:checking '/home/sjm/pid_ws/install/pid_controller' for CMake config files
[5.553s] Level 1:colcon.colcon_core.environment:checking '/home/sjm/pid_ws/install/pid_controller/lib'
[5.554s] Level 1:colcon.colcon_core.environment:checking '/home/sjm/pid_ws/install/pid_controller/bin'
[5.554s] Level 1:colcon.colcon_core.environment:checking '/home/sjm/pid_ws/install/pid_controller/lib/pkgconfig/pid_controller.pc'
[5.555s] Level 1:colcon.colcon_core.environment:checking '/home/sjm/pid_ws/install/pid_controller/lib/python3.10/site-packages'
[5.556s] Level 1:colcon.colcon_core.shell:create_environment_hook('pid_controller', 'pythonpath')
[5.641s] INFO:colcon.colcon_core.shell:Creating environment hook '/home/sjm/pid_ws/install/pid_controller/share/pid_controller/hook/pythonpath.ps1'
[5.642s] INFO:colcon.colcon_core.shell:Creating environment descriptor '/home/sjm/pid_ws/install/pid_controller/share/pid_controller/hook/pythonpath.dsv'
[5.643s] INFO:colcon.colcon_core.shell:Creating environment hook '/home/sjm/pid_ws/install/pid_controller/share/pid_controller/hook/pythonpath.sh'
[5.644s] Level 1:colcon.colcon_core.environment:checking '/home/sjm/pid_ws/install/pid_controller/bin'
[5.644s] Level 1:colcon.colcon_core.environment:create_environment_scripts_only(pid_controller)
[5.685s] INFO:colcon.colcon_core.shell:Creating package script '/home/sjm/pid_ws/install/pid_controller/share/pid_controller/package.ps1'
[5.686s] INFO:colcon.colcon_core.shell:Creating package descriptor '/home/sjm/pid_ws/install/pid_controller/share/pid_controller/package.dsv'
[5.688s] INFO:colcon.colcon_core.shell:Creating package script '/home/sjm/pid_ws/install/pid_controller/share/pid_controller/package.sh'
[5.689s] INFO:colcon.colcon_core.shell:Creating package script '/home/sjm/pid_ws/install/pid_controller/share/pid_controller/package.bash'
[5.690s] INFO:colcon.colcon_core.shell:Creating package script '/home/sjm/pid_ws/install/pid_controller/share/pid_controller/package.zsh'
[5.691s] Level 1:colcon.colcon_core.environment:create_file_with_runtime_dependencies(/home/sjm/pid_ws/install/pid_controller/share/colcon-core/packages/pid_controller)
[5.695s] DEBUG:colcon.colcon_parallel_executor.executor.parallel:closing loop
[5.695s] DEBUG:colcon.colcon_parallel_executor.executor.parallel:loop closed
[5.696s] DEBUG:colcon.colcon_parallel_executor.executor.parallel:run_until_complete finished with '0'
[5.696s] DEBUG:colcon.colcon_core.event_reactor:joining thread
[5.754s] INFO:colcon.colcon_core.plugin_system:Skipping extension 'colcon_notification.desktop_notification.terminal_notifier': Not used on non-Darwin systems
[5.754s] INFO:colcon.colcon_core.plugin_system:Skipping extension 'colcon_notification.desktop_notification.win32': Not used on non-Windows systems
[5.754s] INFO:colcon.colcon_notification.desktop_notification:Sending desktop notification using 'notify2'
[5.775s] DEBUG:colcon.colcon_core.event_reactor:joined thread
[5.817s] INFO:colcon.colcon_core.shell:Creating prefix script '/home/sjm/pid_ws/install/local_setup.ps1'
[5.819s] INFO:colcon.colcon_core.shell:Creating prefix util module '/home/sjm/pid_ws/install/_local_setup_util_ps1.py'
[5.823s] INFO:colcon.colcon_core.shell:Creating prefix chain script '/home/sjm/pid_ws/install/setup.ps1'
[5.872s] INFO:colcon.colcon_core.shell:Creating prefix script '/home/sjm/pid_ws/install/local_setup.sh'
[5.873s] INFO:colcon.colcon_core.shell:Creating prefix util module '/home/sjm/pid_ws/install/_local_setup_util_sh.py'
[5.874s] INFO:colcon.colcon_core.shell:Creating prefix chain script '/home/sjm/pid_ws/install/setup.sh'
[5.911s] INFO:colcon.colcon_core.shell:Creating prefix script '/home/sjm/pid_ws/install/local_setup.bash'
[5.913s] INFO:colcon.colcon_core.shell:Creating prefix chain script '/home/sjm/pid_ws/install/setup.bash'
[5.953s] INFO:colcon.colcon_core.shell:Creating prefix script '/home/sjm/pid_ws/install/local_setup.zsh'
[5.955s] INFO:colcon.colcon_core.shell:Creating prefix chain script '/home/sjm/pid_ws/install/setup.zsh'
