[2.244s] Invoking command in '/home/sjm/pid_ws/src/pid_controller': PYTHONPATH=/home/sjm/pid_ws/build/pid_controller/prefix_override:/home/sjm/pid_ws/install/pid_controller/lib/python3.10/site-packages:${PYTHONPATH} /usr/bin/python3 setup.py egg_info --egg-base ../../build/pid_controller build --build-base /home/sjm/pid_ws/build/pid_controller/build install --record /home/sjm/pid_ws/build/pid_controller/install.log --single-version-externally-managed
[2.943s] running egg_info
[2.945s] writing ../../build/pid_controller/pid_controller.egg-info/PKG-INFO
[2.947s] writing dependency_links to ../../build/pid_controller/pid_controller.egg-info/dependency_links.txt
[2.947s] writing entry points to ../../build/pid_controller/pid_controller.egg-info/entry_points.txt
[2.947s] writing requirements to ../../build/pid_controller/pid_controller.egg-info/requires.txt
[2.948s] writing top-level names to ../../build/pid_controller/pid_controller.egg-info/top_level.txt
[2.950s] reading manifest file '../../build/pid_controller/pid_controller.egg-info/SOURCES.txt'
[2.953s] writing manifest file '../../build/pid_controller/pid_controller.egg-info/SOURCES.txt'
[2.953s] running build
[2.953s] running build_py
[2.954s] copying pid_controller/pid_controller.py -> /home/sjm/pid_ws/build/pid_controller/build/lib/pid_controller
[2.954s] running install
[2.954s] /usr/lib/python3/dist-packages/setuptools/command/install.py:34: SetuptoolsDeprecationWarning: setup.py install is deprecated. Use build and pip and other standards-based tools.
[2.954s]   warnings.warn(
[2.955s] running install_lib
[2.957s] copying /home/sjm/pid_ws/build/pid_controller/build/lib/pid_controller/pid_controller.py -> /home/sjm/pid_ws/install/pid_controller/lib/python3.10/site-packages/pid_controller
[2.958s] byte-compiling /home/sjm/pid_ws/install/pid_controller/lib/python3.10/site-packages/pid_controller/pid_controller.py to pid_controller.cpython-310.pyc
[2.960s] running install_data
[2.962s] running install_egg_info
[2.966s] removing '/home/sjm/pid_ws/install/pid_controller/lib/python3.10/site-packages/pid_controller-0.0.0-py3.10.egg-info' (and everything under it)
[2.967s] Copying ../../build/pid_controller/pid_controller.egg-info to /home/sjm/pid_ws/install/pid_controller/lib/python3.10/site-packages/pid_controller-0.0.0-py3.10.egg-info
[2.969s] running install_scripts
[3.021s] Installing pid_controller script to /home/sjm/pid_ws/install/pid_controller/lib/pid_controller
[3.022s] writing list of installed files to '/home/sjm/pid_ws/build/pid_controller/install.log'
[3.088s] Invoked command in '/home/sjm/pid_ws/src/pid_controller' returned '0': PYTHONPATH=/home/sjm/pid_ws/build/pid_controller/prefix_override:/home/sjm/pid_ws/install/pid_controller/lib/python3.10/site-packages:${PYTHONPATH} /usr/bin/python3 setup.py egg_info --egg-base ../../build/pid_controller build --build-base /home/sjm/pid_ws/build/pid_controller/build install --record /home/sjm/pid_ws/build/pid_controller/install.log --single-version-externally-managed
