[0.213s] Invoking command in '/home/sjm/pid_ws/build/articubot_one': CMAKE_PREFIX_PATH=${CMAKE_PREFIX_PATH}:/home/sjm/pid_ws/install/pid_controller:/home/sjm/lidar/install/robot_math:/home/sjm/turtlebot3_ws/install/turtlebot3_teleop:/home/sjm/turtlebot3_ws/install/turtlebot3_example:/opt/ros/humble /usr/bin/cmake /home/sjm/pid_ws/src/articubot_one -DCMAKE_INSTALL_PREFIX=/home/sjm/pid_ws/install/articubot_one
[0.236s] -- Found ament_cmake: 1.3.8 (/opt/ros/humble/share/ament_cmake/cmake)
[0.436s] -- Override CMake install command with custom implementation using symlinks instead of copying resources
[0.447s] -- Found ament_lint_auto: 0.12.10 (/opt/ros/humble/share/ament_lint_auto/cmake)
[0.563s] -- Added test 'copyright' to check source files copyright and LICENSE
[0.567s] -- Added test 'flake8' to check Python code syntax and style conventions
[0.568s] -- Added test 'lint_cmake' to check CMake code style
[0.569s] -- Added test 'pep257' to check Python code against some of the docstring style conventions in PEP 257
[0.571s] -- Added test 'xmllint' to check XML markup files
[0.572s] -- Configuring done
[0.578s] -- Generating done
[0.580s] -- Build files have been written to: /home/sjm/pid_ws/build/articubot_one
[0.585s] Invoked command in '/home/sjm/pid_ws/build/articubot_one' returned '0': CMAKE_PREFIX_PATH=${CMAKE_PREFIX_PATH}:/home/sjm/pid_ws/install/pid_controller:/home/sjm/lidar/install/robot_math:/home/sjm/turtlebot3_ws/install/turtlebot3_teleop:/home/sjm/turtlebot3_ws/install/turtlebot3_example:/opt/ros/humble /usr/bin/cmake /home/sjm/pid_ws/src/articubot_one -DCMAKE_INSTALL_PREFIX=/home/sjm/pid_ws/install/articubot_one
[0.589s] Invoking command in '/home/sjm/pid_ws/build/articubot_one': CMAKE_PREFIX_PATH=${CMAKE_PREFIX_PATH}:/home/sjm/pid_ws/install/pid_controller:/home/sjm/lidar/install/robot_math:/home/sjm/turtlebot3_ws/install/turtlebot3_teleop:/home/sjm/turtlebot3_ws/install/turtlebot3_example:/opt/ros/humble /usr/bin/cmake --build /home/sjm/pid_ws/build/articubot_one -- -j4 -l4
[0.651s] Invoked command in '/home/sjm/pid_ws/build/articubot_one' returned '0': CMAKE_PREFIX_PATH=${CMAKE_PREFIX_PATH}:/home/sjm/pid_ws/install/pid_controller:/home/sjm/lidar/install/robot_math:/home/sjm/turtlebot3_ws/install/turtlebot3_teleop:/home/sjm/turtlebot3_ws/install/turtlebot3_example:/opt/ros/humble /usr/bin/cmake --build /home/sjm/pid_ws/build/articubot_one -- -j4 -l4
[0.705s] Invoking command in '/home/sjm/pid_ws/build/articubot_one': CMAKE_PREFIX_PATH=${CMAKE_PREFIX_PATH}:/home/sjm/pid_ws/install/pid_controller:/home/sjm/lidar/install/robot_math:/home/sjm/turtlebot3_ws/install/turtlebot3_teleop:/home/sjm/turtlebot3_ws/install/turtlebot3_example:/opt/ros/humble /usr/bin/cmake --install /home/sjm/pid_ws/build/articubot_one
[0.717s] -- Install configuration: ""
[0.718s] -- Execute custom install script
[0.718s] -- Up-to-date symlink: /home/sjm/pid_ws/install/articubot_one/share/articubot_one/config/empty.yaml
[0.719s] -- Up-to-date symlink: /home/sjm/pid_ws/install/articubot_one/share/articubot_one/config/view_bot.rviz
[0.719s] -- Up-to-date symlink: /home/sjm/pid_ws/install/articubot_one/share/articubot_one/description/inertial_macros.xacro
[0.720s] -- Up-to-date symlink: /home/sjm/pid_ws/install/articubot_one/share/articubot_one/description/robot.urdf.xacro
[0.720s] -- Up-to-date symlink: /home/sjm/pid_ws/install/articubot_one/share/articubot_one/description/robot_core.xacro
[0.720s] -- Up-to-date symlink: /home/sjm/pid_ws/install/articubot_one/share/articubot_one/launch/launch_sim.launch.py
[0.721s] -- Up-to-date symlink: /home/sjm/pid_ws/install/articubot_one/share/articubot_one/launch/rsp.launch.py
[0.721s] -- Up-to-date symlink: /home/sjm/pid_ws/install/articubot_one/share/articubot_one/worlds/empty.world
[0.721s] -- Up-to-date symlink: /home/sjm/pid_ws/install/articubot_one/share/ament_index/resource_index/package_run_dependencies/articubot_one
[0.722s] -- Up-to-date symlink: /home/sjm/pid_ws/install/articubot_one/share/ament_index/resource_index/parent_prefix_path/articubot_one
[0.722s] -- Up-to-date symlink: /home/sjm/pid_ws/install/articubot_one/share/articubot_one/environment/ament_prefix_path.sh
[0.722s] -- Up-to-date symlink: /home/sjm/pid_ws/install/articubot_one/share/articubot_one/environment/ament_prefix_path.dsv
[0.723s] -- Up-to-date symlink: /home/sjm/pid_ws/install/articubot_one/share/articubot_one/environment/path.sh
[0.723s] -- Up-to-date symlink: /home/sjm/pid_ws/install/articubot_one/share/articubot_one/environment/path.dsv
[0.724s] -- Up-to-date symlink: /home/sjm/pid_ws/install/articubot_one/share/articubot_one/local_setup.bash
[0.724s] -- Up-to-date symlink: /home/sjm/pid_ws/install/articubot_one/share/articubot_one/local_setup.sh
[0.724s] -- Up-to-date symlink: /home/sjm/pid_ws/install/articubot_one/share/articubot_one/local_setup.zsh
[0.725s] -- Up-to-date symlink: /home/sjm/pid_ws/install/articubot_one/share/articubot_one/local_setup.dsv
[0.725s] -- Symlinking: /home/sjm/pid_ws/install/articubot_one/share/articubot_one/package.dsv
[0.744s] -- Up-to-date symlink: /home/sjm/pid_ws/install/articubot_one/share/ament_index/resource_index/packages/articubot_one
[0.744s] -- Up-to-date symlink: /home/sjm/pid_ws/install/articubot_one/share/articubot_one/cmake/articubot_oneConfig.cmake
[0.744s] -- Up-to-date symlink: /home/sjm/pid_ws/install/articubot_one/share/articubot_one/cmake/articubot_oneConfig-version.cmake
[0.744s] -- Up-to-date symlink: /home/sjm/pid_ws/install/articubot_one/share/articubot_one/package.xml
[0.749s] Invoked command in '/home/sjm/pid_ws/build/articubot_one' returned '0': CMAKE_PREFIX_PATH=${CMAKE_PREFIX_PATH}:/home/sjm/pid_ws/install/pid_controller:/home/sjm/lidar/install/robot_math:/home/sjm/turtlebot3_ws/install/turtlebot3_teleop:/home/sjm/turtlebot3_ws/install/turtlebot3_example:/opt/ros/humble /usr/bin/cmake --install /home/sjm/pid_ws/build/articubot_one
