[0.432s] Invoking command in '/home/sjm/pid_ws/build/pid_msg': CMAKE_PREFIX_PATH=${CMAKE_PREFIX_PATH}:/home/sjm/pid_ws/install/pid_controller:/home/sjm/lidar/install/robot_math:/home/sjm/turtlebot3_ws/install/turtlebot3_teleop:/home/sjm/turtlebot3_ws/install/turtlebot3_example:/opt/ros/humble /usr/bin/cmake --build /home/sjm/pid_ws/build/pid_msg -- -j4 -l4
[0.535s] [  3%] Built target pid_msg__cpp
[0.544s] [ 12%] Built target pid_msg__rosidl_generator_c
[0.565s] [ 12%] Built target ament_cmake_python_copy_pid_msg
[0.604s] [ 22%] Built target pid_msg__rosidl_typesupport_cpp
[0.622s] [ 32%] Built target pid_msg__rosidl_typesupport_fastrtps_cpp
[0.625s] [ 41%] Built target pid_msg__rosidl_typesupport_introspection_cpp
[0.658s] [ 51%] Built target pid_msg__rosidl_typesupport_fastrtps_c
[0.690s] [ 61%] Built target pid_msg__rosidl_typesupport_c
[0.692s] [ 70%] Built target pid_msg__rosidl_typesupport_introspection_c
[0.741s] [ 70%] Built target pid_msg
[0.791s] [ 74%] Built target pid_msg__py
[0.851s] [ 80%] Built target pid_msg__rosidl_generator_py
[0.917s] [ 87%] Built target pid_msg__rosidl_typesupport_introspection_c__pyext
[0.938s] [ 93%] Built target pid_msg__rosidl_typesupport_fastrtps_c__pyext
[0.947s] [100%] Built target pid_msg__rosidl_typesupport_c__pyext
[1.215s] running egg_info
[1.216s] writing pid_msg.egg-info/PKG-INFO
[1.216s] writing dependency_links to pid_msg.egg-info/dependency_links.txt
[1.217s] writing top-level names to pid_msg.egg-info/top_level.txt
[1.222s] reading manifest file 'pid_msg.egg-info/SOURCES.txt'
[1.223s] writing manifest file 'pid_msg.egg-info/SOURCES.txt'
[1.279s] [100%] Built target ament_cmake_python_build_pid_msg_egg
[1.307s] Invoked command in '/home/sjm/pid_ws/build/pid_msg' returned '0': CMAKE_PREFIX_PATH=${CMAKE_PREFIX_PATH}:/home/sjm/pid_ws/install/pid_controller:/home/sjm/lidar/install/robot_math:/home/sjm/turtlebot3_ws/install/turtlebot3_teleop:/home/sjm/turtlebot3_ws/install/turtlebot3_example:/opt/ros/humble /usr/bin/cmake --build /home/sjm/pid_ws/build/pid_msg -- -j4 -l4
[1.446s] Invoking command in '/home/sjm/pid_ws/build/pid_msg': CMAKE_PREFIX_PATH=${CMAKE_PREFIX_PATH}:/home/sjm/pid_ws/install/pid_controller:/home/sjm/lidar/install/robot_math:/home/sjm/turtlebot3_ws/install/turtlebot3_teleop:/home/sjm/turtlebot3_ws/install/turtlebot3_example:/opt/ros/humble /usr/bin/cmake --install /home/sjm/pid_ws/build/pid_msg
[1.460s] -- Install configuration: ""
[1.461s] -- Up-to-date: /home/sjm/pid_ws/install/pid_msg/share/ament_index/resource_index/rosidl_interfaces/pid_msg
[1.461s] -- Up-to-date: /home/sjm/pid_ws/install/pid_msg/include/pid_msg/pid_msg
[1.461s] -- Up-to-date: /home/sjm/pid_ws/install/pid_msg/include/pid_msg/pid_msg/msg
[1.462s] -- Up-to-date: /home/sjm/pid_ws/install/pid_msg/include/pid_msg/pid_msg/msg/rosidl_generator_c__visibility_control.h
[1.462s] -- Up-to-date: /home/sjm/pid_ws/install/pid_msg/include/pid_msg/pid_msg/msg/detail
[1.462s] -- Up-to-date: /home/sjm/pid_ws/install/pid_msg/include/pid_msg/pid_msg/msg/detail/pid_tune__struct.h
[1.462s] -- Up-to-date: /home/sjm/pid_ws/install/pid_msg/include/pid_msg/pid_msg/msg/detail/pid_tune__functions.h
[1.463s] -- Up-to-date: /home/sjm/pid_ws/install/pid_msg/include/pid_msg/pid_msg/msg/detail/pid_tune__functions.c
[1.463s] -- Up-to-date: /home/sjm/pid_ws/install/pid_msg/include/pid_msg/pid_msg/msg/detail/pid_tune__type_support.h
[1.463s] -- Up-to-date: /home/sjm/pid_ws/install/pid_msg/include/pid_msg/pid_msg/msg/pid_tune.h
[1.464s] -- Up-to-date: /home/sjm/pid_ws/install/pid_msg/share/pid_msg/environment/library_path.sh
[1.464s] -- Up-to-date: /home/sjm/pid_ws/install/pid_msg/share/pid_msg/environment/library_path.dsv
[1.464s] -- Up-to-date: /home/sjm/pid_ws/install/pid_msg/lib/libpid_msg__rosidl_generator_c.so
[1.464s] -- Up-to-date: /home/sjm/pid_ws/install/pid_msg/include/pid_msg/pid_msg
[1.464s] -- Up-to-date: /home/sjm/pid_ws/install/pid_msg/include/pid_msg/pid_msg/msg
[1.464s] -- Up-to-date: /home/sjm/pid_ws/install/pid_msg/include/pid_msg/pid_msg/msg/rosidl_typesupport_fastrtps_c__visibility_control.h
[1.465s] -- Up-to-date: /home/sjm/pid_ws/install/pid_msg/include/pid_msg/pid_msg/msg/detail
[1.465s] -- Up-to-date: /home/sjm/pid_ws/install/pid_msg/include/pid_msg/pid_msg/msg/detail/pid_tune__rosidl_typesupport_fastrtps_c.h
[1.465s] -- Up-to-date: /home/sjm/pid_ws/install/pid_msg/lib/libpid_msg__rosidl_typesupport_fastrtps_c.so
[1.465s] -- Up-to-date: /home/sjm/pid_ws/install/pid_msg/include/pid_msg/pid_msg
[1.466s] -- Up-to-date: /home/sjm/pid_ws/install/pid_msg/include/pid_msg/pid_msg/msg
[1.466s] -- Up-to-date: /home/sjm/pid_ws/install/pid_msg/include/pid_msg/pid_msg/msg/pid_tune.hpp
[1.466s] -- Up-to-date: /home/sjm/pid_ws/install/pid_msg/include/pid_msg/pid_msg/msg/detail
[1.466s] -- Up-to-date: /home/sjm/pid_ws/install/pid_msg/include/pid_msg/pid_msg/msg/detail/pid_tune__traits.hpp
[1.467s] -- Up-to-date: /home/sjm/pid_ws/install/pid_msg/include/pid_msg/pid_msg/msg/detail/pid_tune__builder.hpp
[1.467s] -- Up-to-date: /home/sjm/pid_ws/install/pid_msg/include/pid_msg/pid_msg/msg/detail/pid_tune__struct.hpp
[1.467s] -- Up-to-date: /home/sjm/pid_ws/install/pid_msg/include/pid_msg/pid_msg
[1.467s] -- Up-to-date: /home/sjm/pid_ws/install/pid_msg/include/pid_msg/pid_msg/msg
[1.468s] -- Up-to-date: /home/sjm/pid_ws/install/pid_msg/include/pid_msg/pid_msg/msg/rosidl_typesupport_fastrtps_cpp__visibility_control.h
[1.468s] -- Up-to-date: /home/sjm/pid_ws/install/pid_msg/include/pid_msg/pid_msg/msg/detail
[1.468s] -- Up-to-date: /home/sjm/pid_ws/install/pid_msg/include/pid_msg/pid_msg/msg/detail/pid_tune__rosidl_typesupport_fastrtps_cpp.hpp
[1.469s] -- Up-to-date: /home/sjm/pid_ws/install/pid_msg/include/pid_msg/pid_msg/msg/detail/dds_fastrtps
[1.469s] -- Up-to-date: /home/sjm/pid_ws/install/pid_msg/lib/libpid_msg__rosidl_typesupport_fastrtps_cpp.so
[1.470s] -- Up-to-date: /home/sjm/pid_ws/install/pid_msg/include/pid_msg/pid_msg
[1.470s] -- Up-to-date: /home/sjm/pid_ws/install/pid_msg/include/pid_msg/pid_msg/msg
[1.470s] -- Up-to-date: /home/sjm/pid_ws/install/pid_msg/include/pid_msg/pid_msg/msg/detail
[1.470s] -- Up-to-date: /home/sjm/pid_ws/install/pid_msg/include/pid_msg/pid_msg/msg/detail/pid_tune__type_support.c
[1.471s] -- Up-to-date: /home/sjm/pid_ws/install/pid_msg/include/pid_msg/pid_msg/msg/detail/pid_tune__rosidl_typesupport_introspection_c.h
[1.471s] -- Up-to-date: /home/sjm/pid_ws/install/pid_msg/include/pid_msg/pid_msg/msg/rosidl_typesupport_introspection_c__visibility_control.h
[1.471s] -- Up-to-date: /home/sjm/pid_ws/install/pid_msg/lib/libpid_msg__rosidl_typesupport_introspection_c.so
[1.472s] -- Up-to-date: /home/sjm/pid_ws/install/pid_msg/lib/libpid_msg__rosidl_typesupport_c.so
[1.472s] -- Up-to-date: /home/sjm/pid_ws/install/pid_msg/include/pid_msg/pid_msg
[1.472s] -- Up-to-date: /home/sjm/pid_ws/install/pid_msg/include/pid_msg/pid_msg/msg
[1.472s] -- Up-to-date: /home/sjm/pid_ws/install/pid_msg/include/pid_msg/pid_msg/msg/detail
[1.472s] -- Up-to-date: /home/sjm/pid_ws/install/pid_msg/include/pid_msg/pid_msg/msg/detail/pid_tune__type_support.cpp
[1.473s] -- Up-to-date: /home/sjm/pid_ws/install/pid_msg/include/pid_msg/pid_msg/msg/detail/pid_tune__rosidl_typesupport_introspection_cpp.hpp
[1.473s] -- Up-to-date: /home/sjm/pid_ws/install/pid_msg/lib/libpid_msg__rosidl_typesupport_introspection_cpp.so
[1.473s] -- Up-to-date: /home/sjm/pid_ws/install/pid_msg/lib/libpid_msg__rosidl_typesupport_cpp.so
[1.473s] -- Up-to-date: /home/sjm/pid_ws/install/pid_msg/share/pid_msg/environment/pythonpath.sh
[1.473s] -- Up-to-date: /home/sjm/pid_ws/install/pid_msg/share/pid_msg/environment/pythonpath.dsv
[1.474s] -- Up-to-date: /home/sjm/pid_ws/install/pid_msg/local/lib/python3.10/dist-packages/pid_msg-0.0.0-py3.10.egg-info
[1.474s] -- Installing: /home/sjm/pid_ws/install/pid_msg/local/lib/python3.10/dist-packages/pid_msg-0.0.0-py3.10.egg-info/SOURCES.txt
[1.474s] -- Installing: /home/sjm/pid_ws/install/pid_msg/local/lib/python3.10/dist-packages/pid_msg-0.0.0-py3.10.egg-info/PKG-INFO
[1.493s] -- Installing: /home/sjm/pid_ws/install/pid_msg/local/lib/python3.10/dist-packages/pid_msg-0.0.0-py3.10.egg-info/top_level.txt
[1.493s] -- Installing: /home/sjm/pid_ws/install/pid_msg/local/lib/python3.10/dist-packages/pid_msg-0.0.0-py3.10.egg-info/dependency_links.txt
[1.494s] -- Up-to-date: /home/sjm/pid_ws/install/pid_msg/local/lib/python3.10/dist-packages/pid_msg
[1.494s] -- Up-to-date: /home/sjm/pid_ws/install/pid_msg/local/lib/python3.10/dist-packages/pid_msg/pid_msg_s__rosidl_typesupport_introspection_c.cpython-310-x86_64-linux-gnu.so
[1.494s] -- Up-to-date: /home/sjm/pid_ws/install/pid_msg/local/lib/python3.10/dist-packages/pid_msg/pid_msg_s__rosidl_typesupport_c.cpython-310-x86_64-linux-gnu.so
[1.494s] -- Up-to-date: /home/sjm/pid_ws/install/pid_msg/local/lib/python3.10/dist-packages/pid_msg/_pid_msg_s.ep.rosidl_typesupport_introspection_c.c
[1.494s] -- Up-to-date: /home/sjm/pid_ws/install/pid_msg/local/lib/python3.10/dist-packages/pid_msg/_pid_msg_s.ep.rosidl_typesupport_fastrtps_c.c
[1.495s] -- Up-to-date: /home/sjm/pid_ws/install/pid_msg/local/lib/python3.10/dist-packages/pid_msg/msg
[1.495s] -- Up-to-date: /home/sjm/pid_ws/install/pid_msg/local/lib/python3.10/dist-packages/pid_msg/msg/_pid_tune.py
[1.495s] -- Up-to-date: /home/sjm/pid_ws/install/pid_msg/local/lib/python3.10/dist-packages/pid_msg/msg/_pid_tune_s.c
[1.495s] -- Up-to-date: /home/sjm/pid_ws/install/pid_msg/local/lib/python3.10/dist-packages/pid_msg/msg/__init__.py
[1.496s] -- Up-to-date: /home/sjm/pid_ws/install/pid_msg/local/lib/python3.10/dist-packages/pid_msg/_pid_msg_s.ep.rosidl_typesupport_c.c
[1.496s] -- Up-to-date: /home/sjm/pid_ws/install/pid_msg/local/lib/python3.10/dist-packages/pid_msg/pid_msg_s__rosidl_typesupport_fastrtps_c.cpython-310-x86_64-linux-gnu.so
[1.496s] -- Up-to-date: /home/sjm/pid_ws/install/pid_msg/local/lib/python3.10/dist-packages/pid_msg/libpid_msg__rosidl_generator_py.so
[1.496s] -- Up-to-date: /home/sjm/pid_ws/install/pid_msg/local/lib/python3.10/dist-packages/pid_msg/__init__.py
[1.561s] Listing '/home/sjm/pid_ws/install/pid_msg/local/lib/python3.10/dist-packages/pid_msg'...
[1.561s] Listing '/home/sjm/pid_ws/install/pid_msg/local/lib/python3.10/dist-packages/pid_msg/msg'...
[1.569s] -- Up-to-date: /home/sjm/pid_ws/install/pid_msg/local/lib/python3.10/dist-packages/pid_msg/pid_msg_s__rosidl_typesupport_fastrtps_c.cpython-310-x86_64-linux-gnu.so
[1.569s] -- Up-to-date: /home/sjm/pid_ws/install/pid_msg/local/lib/python3.10/dist-packages/pid_msg/pid_msg_s__rosidl_typesupport_introspection_c.cpython-310-x86_64-linux-gnu.so
[1.570s] -- Up-to-date: /home/sjm/pid_ws/install/pid_msg/local/lib/python3.10/dist-packages/pid_msg/pid_msg_s__rosidl_typesupport_c.cpython-310-x86_64-linux-gnu.so
[1.571s] -- Up-to-date: /home/sjm/pid_ws/install/pid_msg/lib/libpid_msg__rosidl_generator_py.so
[1.571s] -- Up-to-date: /home/sjm/pid_ws/install/pid_msg/share/pid_msg/msg/PidTune.idl
[1.571s] -- Up-to-date: /home/sjm/pid_ws/install/pid_msg/share/pid_msg/msg/PidTune.msg
[1.572s] -- Up-to-date: /home/sjm/pid_ws/install/pid_msg/share/ament_index/resource_index/package_run_dependencies/pid_msg
[1.572s] -- Up-to-date: /home/sjm/pid_ws/install/pid_msg/share/ament_index/resource_index/parent_prefix_path/pid_msg
[1.572s] -- Up-to-date: /home/sjm/pid_ws/install/pid_msg/share/pid_msg/environment/ament_prefix_path.sh
[1.572s] -- Up-to-date: /home/sjm/pid_ws/install/pid_msg/share/pid_msg/environment/ament_prefix_path.dsv
[1.572s] -- Up-to-date: /home/sjm/pid_ws/install/pid_msg/share/pid_msg/environment/path.sh
[1.577s] -- Up-to-date: /home/sjm/pid_ws/install/pid_msg/share/pid_msg/environment/path.dsv
[1.578s] -- Up-to-date: /home/sjm/pid_ws/install/pid_msg/share/pid_msg/local_setup.bash
[1.578s] -- Up-to-date: /home/sjm/pid_ws/install/pid_msg/share/pid_msg/local_setup.sh
[1.578s] -- Up-to-date: /home/sjm/pid_ws/install/pid_msg/share/pid_msg/local_setup.zsh
[1.578s] -- Up-to-date: /home/sjm/pid_ws/install/pid_msg/share/pid_msg/local_setup.dsv
[1.578s] -- Installing: /home/sjm/pid_ws/install/pid_msg/share/pid_msg/package.dsv
[1.578s] -- Up-to-date: /home/sjm/pid_ws/install/pid_msg/share/ament_index/resource_index/packages/pid_msg
[1.579s] -- Up-to-date: /home/sjm/pid_ws/install/pid_msg/share/pid_msg/cmake/export_pid_msg__rosidl_generator_cExport.cmake
[1.579s] -- Up-to-date: /home/sjm/pid_ws/install/pid_msg/share/pid_msg/cmake/export_pid_msg__rosidl_generator_cExport-noconfig.cmake
[1.579s] -- Up-to-date: /home/sjm/pid_ws/install/pid_msg/share/pid_msg/cmake/export_pid_msg__rosidl_typesupport_fastrtps_cExport.cmake
[1.579s] -- Up-to-date: /home/sjm/pid_ws/install/pid_msg/share/pid_msg/cmake/export_pid_msg__rosidl_typesupport_fastrtps_cExport-noconfig.cmake
[1.579s] -- Up-to-date: /home/sjm/pid_ws/install/pid_msg/share/pid_msg/cmake/export_pid_msg__rosidl_generator_cppExport.cmake
[1.588s] -- Up-to-date: /home/sjm/pid_ws/install/pid_msg/share/pid_msg/cmake/export_pid_msg__rosidl_typesupport_fastrtps_cppExport.cmake
[1.588s] -- Up-to-date: /home/sjm/pid_ws/install/pid_msg/share/pid_msg/cmake/export_pid_msg__rosidl_typesupport_fastrtps_cppExport-noconfig.cmake
[1.588s] -- Up-to-date: /home/sjm/pid_ws/install/pid_msg/share/pid_msg/cmake/pid_msg__rosidl_typesupport_introspection_cExport.cmake
[1.588s] -- Up-to-date: /home/sjm/pid_ws/install/pid_msg/share/pid_msg/cmake/pid_msg__rosidl_typesupport_introspection_cExport-noconfig.cmake
[1.588s] -- Up-to-date: /home/sjm/pid_ws/install/pid_msg/share/pid_msg/cmake/pid_msg__rosidl_typesupport_cExport.cmake
[1.589s] -- Up-to-date: /home/sjm/pid_ws/install/pid_msg/share/pid_msg/cmake/pid_msg__rosidl_typesupport_cExport-noconfig.cmake
[1.589s] -- Up-to-date: /home/sjm/pid_ws/install/pid_msg/share/pid_msg/cmake/pid_msg__rosidl_typesupport_introspection_cppExport.cmake
[1.589s] -- Up-to-date: /home/sjm/pid_ws/install/pid_msg/share/pid_msg/cmake/pid_msg__rosidl_typesupport_introspection_cppExport-noconfig.cmake
[1.590s] -- Up-to-date: /home/sjm/pid_ws/install/pid_msg/share/pid_msg/cmake/pid_msg__rosidl_typesupport_cppExport.cmake
[1.590s] -- Up-to-date: /home/sjm/pid_ws/install/pid_msg/share/pid_msg/cmake/pid_msg__rosidl_typesupport_cppExport-noconfig.cmake
[1.590s] -- Up-to-date: /home/sjm/pid_ws/install/pid_msg/share/pid_msg/cmake/export_pid_msg__rosidl_generator_pyExport.cmake
[1.591s] -- Up-to-date: /home/sjm/pid_ws/install/pid_msg/share/pid_msg/cmake/export_pid_msg__rosidl_generator_pyExport-noconfig.cmake
[1.591s] -- Up-to-date: /home/sjm/pid_ws/install/pid_msg/share/pid_msg/cmake/rosidl_cmake-extras.cmake
[1.592s] -- Up-to-date: /home/sjm/pid_ws/install/pid_msg/share/pid_msg/cmake/ament_cmake_export_dependencies-extras.cmake
[1.592s] -- Up-to-date: /home/sjm/pid_ws/install/pid_msg/share/pid_msg/cmake/ament_cmake_export_include_directories-extras.cmake
[1.593s] -- Up-to-date: /home/sjm/pid_ws/install/pid_msg/share/pid_msg/cmake/ament_cmake_export_libraries-extras.cmake
[1.593s] -- Up-to-date: /home/sjm/pid_ws/install/pid_msg/share/pid_msg/cmake/ament_cmake_export_targets-extras.cmake
[1.594s] -- Up-to-date: /home/sjm/pid_ws/install/pid_msg/share/pid_msg/cmake/rosidl_cmake_export_typesupport_targets-extras.cmake
[1.594s] -- Up-to-date: /home/sjm/pid_ws/install/pid_msg/share/pid_msg/cmake/rosidl_cmake_export_typesupport_libraries-extras.cmake
[1.594s] -- Up-to-date: /home/sjm/pid_ws/install/pid_msg/share/pid_msg/cmake/pid_msgConfig.cmake
[1.595s] -- Up-to-date: /home/sjm/pid_ws/install/pid_msg/share/pid_msg/cmake/pid_msgConfig-version.cmake
[1.595s] -- Up-to-date: /home/sjm/pid_ws/install/pid_msg/share/pid_msg/package.xml
[1.596s] Invoked command in '/home/sjm/pid_ws/build/pid_msg' returned '0': CMAKE_PREFIX_PATH=${CMAKE_PREFIX_PATH}:/home/sjm/pid_ws/install/pid_controller:/home/sjm/lidar/install/robot_math:/home/sjm/turtlebot3_ws/install/turtlebot3_teleop:/home/sjm/turtlebot3_ws/install/turtlebot3_example:/opt/ros/humble /usr/bin/cmake --install /home/sjm/pid_ws/build/pid_msg
