[0.438s] Invoking command in '/home/sjm/pid_ws/build/pid_msg': CMAKE_PREFIX_PATH=${CMAKE_PREFIX_PATH}:/home/sjm/pid_ws/install/pid_controller:/home/sjm/lidar/install/robot_math:/home/sjm/turtlebot3_ws/install/turtlebot3_teleop:/home/sjm/turtlebot3_ws/install/turtlebot3_example:/opt/ros/humble /usr/bin/cmake --build /home/sjm/pid_ws/build/pid_msg -- -j4 -l4
[0.552s] [  9%] Built target pid_msg__rosidl_generator_c
[0.553s] [ 12%] Built target pid_msg__cpp
[0.582s] [ 12%] Built target ament_cmake_python_copy_pid_msg
[0.623s] [ 22%] Built target pid_msg__rosidl_typesupport_fastrtps_c
[0.648s] [ 32%] Built target pid_msg__rosidl_typesupport_fastrtps_cpp
[0.650s] [ 41%] Built target pid_msg__rosidl_typesupport_cpp
[0.654s] [ 51%] Built target pid_msg__rosidl_typesupport_introspection_c
[0.701s] [ 61%] Built target pid_msg__rosidl_typesupport_c
[0.708s] [ 70%] Built target pid_msg__rosidl_typesupport_introspection_cpp
[0.761s] [ 70%] Built target pid_msg
[0.812s] [ 74%] Built target pid_msg__py
[0.860s] [ 80%] Built target pid_msg__rosidl_generator_py
[0.921s] [ 87%] Built target pid_msg__rosidl_typesupport_fastrtps_c__pyext
[0.930s] [ 93%] Built target pid_msg__rosidl_typesupport_introspection_c__pyext
[0.948s] [100%] Built target pid_msg__rosidl_typesupport_c__pyext
[5.168s] running egg_info
[5.173s] writing pid_msg.egg-info/PKG-INFO
[5.176s] writing dependency_links to pid_msg.egg-info/dependency_links.txt
[5.177s] writing top-level names to pid_msg.egg-info/top_level.txt
[5.193s] reading manifest file 'pid_msg.egg-info/SOURCES.txt'
[5.225s] writing manifest file 'pid_msg.egg-info/SOURCES.txt'
[5.305s] [100%] Built target ament_cmake_python_build_pid_msg_egg
[5.630s] Invoked command in '/home/sjm/pid_ws/build/pid_msg' returned '0': CMAKE_PREFIX_PATH=${CMAKE_PREFIX_PATH}:/home/sjm/pid_ws/install/pid_controller:/home/sjm/lidar/install/robot_math:/home/sjm/turtlebot3_ws/install/turtlebot3_teleop:/home/sjm/turtlebot3_ws/install/turtlebot3_example:/opt/ros/humble /usr/bin/cmake --build /home/sjm/pid_ws/build/pid_msg -- -j4 -l4
[5.782s] Invoking command in '/home/sjm/pid_ws/build/pid_msg': CMAKE_PREFIX_PATH=${CMAKE_PREFIX_PATH}:/home/sjm/pid_ws/install/pid_controller:/home/sjm/lidar/install/robot_math:/home/sjm/turtlebot3_ws/install/turtlebot3_teleop:/home/sjm/turtlebot3_ws/install/turtlebot3_example:/opt/ros/humble /usr/bin/cmake --install /home/sjm/pid_ws/build/pid_msg
[5.796s] -- Install configuration: ""
[5.796s] -- Up-to-date: /home/sjm/pid_ws/install/pid_msg/share/ament_index/resource_index/rosidl_interfaces/pid_msg
[5.796s] -- Up-to-date: /home/sjm/pid_ws/install/pid_msg/include/pid_msg/pid_msg
[5.797s] -- Up-to-date: /home/sjm/pid_ws/install/pid_msg/include/pid_msg/pid_msg/msg
[5.797s] -- Up-to-date: /home/sjm/pid_ws/install/pid_msg/include/pid_msg/pid_msg/msg/rosidl_generator_c__visibility_control.h
[5.797s] -- Up-to-date: /home/sjm/pid_ws/install/pid_msg/include/pid_msg/pid_msg/msg/detail
[5.798s] -- Up-to-date: /home/sjm/pid_ws/install/pid_msg/include/pid_msg/pid_msg/msg/detail/pid_tune__struct.h
[5.798s] -- Up-to-date: /home/sjm/pid_ws/install/pid_msg/include/pid_msg/pid_msg/msg/detail/pid_tune__functions.h
[5.798s] -- Up-to-date: /home/sjm/pid_ws/install/pid_msg/include/pid_msg/pid_msg/msg/detail/pid_tune__functions.c
[5.798s] -- Up-to-date: /home/sjm/pid_ws/install/pid_msg/include/pid_msg/pid_msg/msg/detail/pid_tune__type_support.h
[5.799s] -- Up-to-date: /home/sjm/pid_ws/install/pid_msg/include/pid_msg/pid_msg/msg/pid_tune.h
[5.799s] -- Up-to-date: /home/sjm/pid_ws/install/pid_msg/share/pid_msg/environment/library_path.sh
[5.800s] -- Up-to-date: /home/sjm/pid_ws/install/pid_msg/share/pid_msg/environment/library_path.dsv
[5.800s] -- Up-to-date: /home/sjm/pid_ws/install/pid_msg/lib/libpid_msg__rosidl_generator_c.so
[5.800s] -- Up-to-date: /home/sjm/pid_ws/install/pid_msg/include/pid_msg/pid_msg
[5.800s] -- Up-to-date: /home/sjm/pid_ws/install/pid_msg/include/pid_msg/pid_msg/msg
[5.801s] -- Up-to-date: /home/sjm/pid_ws/install/pid_msg/include/pid_msg/pid_msg/msg/rosidl_typesupport_fastrtps_c__visibility_control.h
[5.801s] -- Up-to-date: /home/sjm/pid_ws/install/pid_msg/include/pid_msg/pid_msg/msg/detail
[5.802s] -- Up-to-date: /home/sjm/pid_ws/install/pid_msg/include/pid_msg/pid_msg/msg/detail/pid_tune__rosidl_typesupport_fastrtps_c.h
[5.802s] -- Up-to-date: /home/sjm/pid_ws/install/pid_msg/lib/libpid_msg__rosidl_typesupport_fastrtps_c.so
[5.802s] -- Up-to-date: /home/sjm/pid_ws/install/pid_msg/include/pid_msg/pid_msg
[5.802s] -- Up-to-date: /home/sjm/pid_ws/install/pid_msg/include/pid_msg/pid_msg/msg
[5.803s] -- Up-to-date: /home/sjm/pid_ws/install/pid_msg/include/pid_msg/pid_msg/msg/pid_tune.hpp
[5.803s] -- Up-to-date: /home/sjm/pid_ws/install/pid_msg/include/pid_msg/pid_msg/msg/detail
[5.803s] -- Up-to-date: /home/sjm/pid_ws/install/pid_msg/include/pid_msg/pid_msg/msg/detail/pid_tune__traits.hpp
[5.804s] -- Up-to-date: /home/sjm/pid_ws/install/pid_msg/include/pid_msg/pid_msg/msg/detail/pid_tune__builder.hpp
[5.804s] -- Up-to-date: /home/sjm/pid_ws/install/pid_msg/include/pid_msg/pid_msg/msg/detail/pid_tune__struct.hpp
[5.805s] -- Up-to-date: /home/sjm/pid_ws/install/pid_msg/include/pid_msg/pid_msg
[5.805s] -- Up-to-date: /home/sjm/pid_ws/install/pid_msg/include/pid_msg/pid_msg/msg
[5.805s] -- Up-to-date: /home/sjm/pid_ws/install/pid_msg/include/pid_msg/pid_msg/msg/rosidl_typesupport_fastrtps_cpp__visibility_control.h
[5.805s] -- Up-to-date: /home/sjm/pid_ws/install/pid_msg/include/pid_msg/pid_msg/msg/detail
[5.806s] -- Up-to-date: /home/sjm/pid_ws/install/pid_msg/include/pid_msg/pid_msg/msg/detail/pid_tune__rosidl_typesupport_fastrtps_cpp.hpp
[5.806s] -- Up-to-date: /home/sjm/pid_ws/install/pid_msg/include/pid_msg/pid_msg/msg/detail/dds_fastrtps
[5.807s] -- Up-to-date: /home/sjm/pid_ws/install/pid_msg/lib/libpid_msg__rosidl_typesupport_fastrtps_cpp.so
[5.807s] -- Up-to-date: /home/sjm/pid_ws/install/pid_msg/include/pid_msg/pid_msg
[5.807s] -- Up-to-date: /home/sjm/pid_ws/install/pid_msg/include/pid_msg/pid_msg/msg
[5.807s] -- Up-to-date: /home/sjm/pid_ws/install/pid_msg/include/pid_msg/pid_msg/msg/detail
[5.808s] -- Up-to-date: /home/sjm/pid_ws/install/pid_msg/include/pid_msg/pid_msg/msg/detail/pid_tune__type_support.c
[5.808s] -- Up-to-date: /home/sjm/pid_ws/install/pid_msg/include/pid_msg/pid_msg/msg/detail/pid_tune__rosidl_typesupport_introspection_c.h
[5.809s] -- Up-to-date: /home/sjm/pid_ws/install/pid_msg/include/pid_msg/pid_msg/msg/rosidl_typesupport_introspection_c__visibility_control.h
[5.809s] -- Up-to-date: /home/sjm/pid_ws/install/pid_msg/lib/libpid_msg__rosidl_typesupport_introspection_c.so
[5.809s] -- Up-to-date: /home/sjm/pid_ws/install/pid_msg/lib/libpid_msg__rosidl_typesupport_c.so
[5.809s] -- Up-to-date: /home/sjm/pid_ws/install/pid_msg/include/pid_msg/pid_msg
[5.810s] -- Up-to-date: /home/sjm/pid_ws/install/pid_msg/include/pid_msg/pid_msg/msg
[5.810s] -- Up-to-date: /home/sjm/pid_ws/install/pid_msg/include/pid_msg/pid_msg/msg/detail
[5.810s] -- Up-to-date: /home/sjm/pid_ws/install/pid_msg/include/pid_msg/pid_msg/msg/detail/pid_tune__type_support.cpp
[5.810s] -- Up-to-date: /home/sjm/pid_ws/install/pid_msg/include/pid_msg/pid_msg/msg/detail/pid_tune__rosidl_typesupport_introspection_cpp.hpp
[5.811s] -- Up-to-date: /home/sjm/pid_ws/install/pid_msg/lib/libpid_msg__rosidl_typesupport_introspection_cpp.so
[5.811s] -- Up-to-date: /home/sjm/pid_ws/install/pid_msg/lib/libpid_msg__rosidl_typesupport_cpp.so
[5.811s] -- Up-to-date: /home/sjm/pid_ws/install/pid_msg/share/pid_msg/environment/pythonpath.sh
[5.811s] -- Up-to-date: /home/sjm/pid_ws/install/pid_msg/share/pid_msg/environment/pythonpath.dsv
[5.812s] -- Up-to-date: /home/sjm/pid_ws/install/pid_msg/local/lib/python3.10/dist-packages/pid_msg-0.0.0-py3.10.egg-info
[5.812s] -- Installing: /home/sjm/pid_ws/install/pid_msg/local/lib/python3.10/dist-packages/pid_msg-0.0.0-py3.10.egg-info/SOURCES.txt
[5.812s] -- Installing: /home/sjm/pid_ws/install/pid_msg/local/lib/python3.10/dist-packages/pid_msg-0.0.0-py3.10.egg-info/PKG-INFO
[5.812s] -- Installing: /home/sjm/pid_ws/install/pid_msg/local/lib/python3.10/dist-packages/pid_msg-0.0.0-py3.10.egg-info/top_level.txt
[5.812s] -- Installing: /home/sjm/pid_ws/install/pid_msg/local/lib/python3.10/dist-packages/pid_msg-0.0.0-py3.10.egg-info/dependency_links.txt
[5.813s] -- Up-to-date: /home/sjm/pid_ws/install/pid_msg/local/lib/python3.10/dist-packages/pid_msg
[5.813s] -- Up-to-date: /home/sjm/pid_ws/install/pid_msg/local/lib/python3.10/dist-packages/pid_msg/pid_msg_s__rosidl_typesupport_introspection_c.cpython-310-x86_64-linux-gnu.so
[5.813s] -- Up-to-date: /home/sjm/pid_ws/install/pid_msg/local/lib/python3.10/dist-packages/pid_msg/pid_msg_s__rosidl_typesupport_c.cpython-310-x86_64-linux-gnu.so
[5.813s] -- Up-to-date: /home/sjm/pid_ws/install/pid_msg/local/lib/python3.10/dist-packages/pid_msg/_pid_msg_s.ep.rosidl_typesupport_introspection_c.c
[5.813s] -- Up-to-date: /home/sjm/pid_ws/install/pid_msg/local/lib/python3.10/dist-packages/pid_msg/_pid_msg_s.ep.rosidl_typesupport_fastrtps_c.c
[5.814s] -- Up-to-date: /home/sjm/pid_ws/install/pid_msg/local/lib/python3.10/dist-packages/pid_msg/msg
[5.814s] -- Up-to-date: /home/sjm/pid_ws/install/pid_msg/local/lib/python3.10/dist-packages/pid_msg/msg/_pid_tune.py
[5.814s] -- Up-to-date: /home/sjm/pid_ws/install/pid_msg/local/lib/python3.10/dist-packages/pid_msg/msg/_pid_tune_s.c
[5.814s] -- Up-to-date: /home/sjm/pid_ws/install/pid_msg/local/lib/python3.10/dist-packages/pid_msg/msg/__init__.py
[5.814s] -- Up-to-date: /home/sjm/pid_ws/install/pid_msg/local/lib/python3.10/dist-packages/pid_msg/_pid_msg_s.ep.rosidl_typesupport_c.c
[5.815s] -- Up-to-date: /home/sjm/pid_ws/install/pid_msg/local/lib/python3.10/dist-packages/pid_msg/pid_msg_s__rosidl_typesupport_fastrtps_c.cpython-310-x86_64-linux-gnu.so
[5.815s] -- Up-to-date: /home/sjm/pid_ws/install/pid_msg/local/lib/python3.10/dist-packages/pid_msg/libpid_msg__rosidl_generator_py.so
[5.815s] -- Up-to-date: /home/sjm/pid_ws/install/pid_msg/local/lib/python3.10/dist-packages/pid_msg/__init__.py
[5.878s] Listing '/home/sjm/pid_ws/install/pid_msg/local/lib/python3.10/dist-packages/pid_msg'...
[5.878s] Listing '/home/sjm/pid_ws/install/pid_msg/local/lib/python3.10/dist-packages/pid_msg/msg'...
[5.885s] -- Up-to-date: /home/sjm/pid_ws/install/pid_msg/local/lib/python3.10/dist-packages/pid_msg/pid_msg_s__rosidl_typesupport_fastrtps_c.cpython-310-x86_64-linux-gnu.so
[5.886s] -- Up-to-date: /home/sjm/pid_ws/install/pid_msg/local/lib/python3.10/dist-packages/pid_msg/pid_msg_s__rosidl_typesupport_introspection_c.cpython-310-x86_64-linux-gnu.so
[5.887s] -- Up-to-date: /home/sjm/pid_ws/install/pid_msg/local/lib/python3.10/dist-packages/pid_msg/pid_msg_s__rosidl_typesupport_c.cpython-310-x86_64-linux-gnu.so
[5.888s] -- Up-to-date: /home/sjm/pid_ws/install/pid_msg/lib/libpid_msg__rosidl_generator_py.so
[5.889s] -- Up-to-date: /home/sjm/pid_ws/install/pid_msg/share/pid_msg/msg/PidTune.idl
[5.889s] -- Up-to-date: /home/sjm/pid_ws/install/pid_msg/share/pid_msg/msg/PidTune.msg
[5.890s] -- Up-to-date: /home/sjm/pid_ws/install/pid_msg/share/ament_index/resource_index/package_run_dependencies/pid_msg
[5.890s] -- Up-to-date: /home/sjm/pid_ws/install/pid_msg/share/ament_index/resource_index/parent_prefix_path/pid_msg
[5.890s] -- Up-to-date: /home/sjm/pid_ws/install/pid_msg/share/pid_msg/environment/ament_prefix_path.sh
[5.891s] -- Up-to-date: /home/sjm/pid_ws/install/pid_msg/share/pid_msg/environment/ament_prefix_path.dsv
[5.891s] -- Up-to-date: /home/sjm/pid_ws/install/pid_msg/share/pid_msg/environment/path.sh
[5.892s] -- Up-to-date: /home/sjm/pid_ws/install/pid_msg/share/pid_msg/environment/path.dsv
[5.892s] -- Up-to-date: /home/sjm/pid_ws/install/pid_msg/share/pid_msg/local_setup.bash
[5.892s] -- Up-to-date: /home/sjm/pid_ws/install/pid_msg/share/pid_msg/local_setup.sh
[5.893s] -- Up-to-date: /home/sjm/pid_ws/install/pid_msg/share/pid_msg/local_setup.zsh
[5.893s] -- Up-to-date: /home/sjm/pid_ws/install/pid_msg/share/pid_msg/local_setup.dsv
[5.893s] -- Installing: /home/sjm/pid_ws/install/pid_msg/share/pid_msg/package.dsv
[5.894s] -- Up-to-date: /home/sjm/pid_ws/install/pid_msg/share/ament_index/resource_index/packages/pid_msg
[5.894s] -- Up-to-date: /home/sjm/pid_ws/install/pid_msg/share/pid_msg/cmake/export_pid_msg__rosidl_generator_cExport.cmake
[5.894s] -- Up-to-date: /home/sjm/pid_ws/install/pid_msg/share/pid_msg/cmake/export_pid_msg__rosidl_generator_cExport-noconfig.cmake
[5.895s] -- Up-to-date: /home/sjm/pid_ws/install/pid_msg/share/pid_msg/cmake/export_pid_msg__rosidl_typesupport_fastrtps_cExport.cmake
[5.895s] -- Up-to-date: /home/sjm/pid_ws/install/pid_msg/share/pid_msg/cmake/export_pid_msg__rosidl_typesupport_fastrtps_cExport-noconfig.cmake
[5.895s] -- Up-to-date: /home/sjm/pid_ws/install/pid_msg/share/pid_msg/cmake/export_pid_msg__rosidl_generator_cppExport.cmake
[5.896s] -- Up-to-date: /home/sjm/pid_ws/install/pid_msg/share/pid_msg/cmake/export_pid_msg__rosidl_typesupport_fastrtps_cppExport.cmake
[5.896s] -- Up-to-date: /home/sjm/pid_ws/install/pid_msg/share/pid_msg/cmake/export_pid_msg__rosidl_typesupport_fastrtps_cppExport-noconfig.cmake
[5.896s] -- Up-to-date: /home/sjm/pid_ws/install/pid_msg/share/pid_msg/cmake/pid_msg__rosidl_typesupport_introspection_cExport.cmake
[5.896s] -- Up-to-date: /home/sjm/pid_ws/install/pid_msg/share/pid_msg/cmake/pid_msg__rosidl_typesupport_introspection_cExport-noconfig.cmake
[5.896s] -- Up-to-date: /home/sjm/pid_ws/install/pid_msg/share/pid_msg/cmake/pid_msg__rosidl_typesupport_cExport.cmake
[5.897s] -- Up-to-date: /home/sjm/pid_ws/install/pid_msg/share/pid_msg/cmake/pid_msg__rosidl_typesupport_cExport-noconfig.cmake
[5.897s] -- Up-to-date: /home/sjm/pid_ws/install/pid_msg/share/pid_msg/cmake/pid_msg__rosidl_typesupport_introspection_cppExport.cmake
[5.897s] -- Up-to-date: /home/sjm/pid_ws/install/pid_msg/share/pid_msg/cmake/pid_msg__rosidl_typesupport_introspection_cppExport-noconfig.cmake
[5.897s] -- Up-to-date: /home/sjm/pid_ws/install/pid_msg/share/pid_msg/cmake/pid_msg__rosidl_typesupport_cppExport.cmake
[5.897s] -- Up-to-date: /home/sjm/pid_ws/install/pid_msg/share/pid_msg/cmake/pid_msg__rosidl_typesupport_cppExport-noconfig.cmake
[5.898s] -- Up-to-date: /home/sjm/pid_ws/install/pid_msg/share/pid_msg/cmake/export_pid_msg__rosidl_generator_pyExport.cmake
[5.898s] -- Up-to-date: /home/sjm/pid_ws/install/pid_msg/share/pid_msg/cmake/export_pid_msg__rosidl_generator_pyExport-noconfig.cmake
[5.898s] -- Up-to-date: /home/sjm/pid_ws/install/pid_msg/share/pid_msg/cmake/rosidl_cmake-extras.cmake
[5.899s] -- Up-to-date: /home/sjm/pid_ws/install/pid_msg/share/pid_msg/cmake/ament_cmake_export_dependencies-extras.cmake
[5.900s] -- Up-to-date: /home/sjm/pid_ws/install/pid_msg/share/pid_msg/cmake/ament_cmake_export_include_directories-extras.cmake
[5.900s] -- Up-to-date: /home/sjm/pid_ws/install/pid_msg/share/pid_msg/cmake/ament_cmake_export_libraries-extras.cmake
[5.901s] -- Up-to-date: /home/sjm/pid_ws/install/pid_msg/share/pid_msg/cmake/ament_cmake_export_targets-extras.cmake
[5.901s] -- Up-to-date: /home/sjm/pid_ws/install/pid_msg/share/pid_msg/cmake/rosidl_cmake_export_typesupport_targets-extras.cmake
[5.902s] -- Up-to-date: /home/sjm/pid_ws/install/pid_msg/share/pid_msg/cmake/rosidl_cmake_export_typesupport_libraries-extras.cmake
[5.902s] -- Up-to-date: /home/sjm/pid_ws/install/pid_msg/share/pid_msg/cmake/pid_msgConfig.cmake
[5.902s] -- Up-to-date: /home/sjm/pid_ws/install/pid_msg/share/pid_msg/cmake/pid_msgConfig-version.cmake
[5.903s] -- Up-to-date: /home/sjm/pid_ws/install/pid_msg/share/pid_msg/package.xml
[5.903s] Invoked command in '/home/sjm/pid_ws/build/pid_msg' returned '0': CMAKE_PREFIX_PATH=${CMAKE_PREFIX_PATH}:/home/sjm/pid_ws/install/pid_controller:/home/sjm/lidar/install/robot_math:/home/sjm/turtlebot3_ws/install/turtlebot3_teleop:/home/sjm/turtlebot3_ws/install/turtlebot3_example:/opt/ros/humble /usr/bin/cmake --install /home/sjm/pid_ws/build/pid_msg
