[2.161s] Invoking command in '/home/sjm/pid_ws/src/pid_controller': PYTHONPATH=/home/sjm/pid_ws/build/pid_controller/prefix_override:/home/sjm/pid_ws/install/pid_controller/lib/python3.10/site-packages:${PYTHONPATH} /usr/bin/python3 setup.py egg_info --egg-base ../../build/pid_controller build --build-base /home/sjm/pid_ws/build/pid_controller/build install --record /home/sjm/pid_ws/build/pid_controller/install.log --single-version-externally-managed
[2.597s] running egg_info
[2.598s] writing ../../build/pid_controller/pid_controller.egg-info/PKG-INFO
[2.599s] writing dependency_links to ../../build/pid_controller/pid_controller.egg-info/dependency_links.txt
[2.599s] writing entry points to ../../build/pid_controller/pid_controller.egg-info/entry_points.txt
[2.599s] writing requirements to ../../build/pid_controller/pid_controller.egg-info/requires.txt
[2.599s] writing top-level names to ../../build/pid_controller/pid_controller.egg-info/top_level.txt
[2.603s] reading manifest file '../../build/pid_controller/pid_controller.egg-info/SOURCES.txt'
[2.604s] writing manifest file '../../build/pid_controller/pid_controller.egg-info/SOURCES.txt'
[2.605s] running build
[2.605s] running build_py
[2.606s] copying pid_controller/pid_controller_joystick.py -> /home/sjm/pid_ws/build/pid_controller/build/lib/pid_controller
[2.606s] copying pid_controller/pid_controller.py -> /home/sjm/pid_ws/build/pid_controller/build/lib/pid_controller
[2.606s] running install
[2.614s] /usr/lib/python3/dist-packages/setuptools/command/install.py:34: SetuptoolsDeprecationWarning: setup.py install is deprecated. Use build and pip and other standards-based tools.
[2.614s]   warnings.warn(
[2.614s] running install_lib
[2.616s] copying /home/sjm/pid_ws/build/pid_controller/build/lib/pid_controller/pid_controller_joystick.py -> /home/sjm/pid_ws/install/pid_controller/lib/python3.10/site-packages/pid_controller
[2.617s] copying /home/sjm/pid_ws/build/pid_controller/build/lib/pid_controller/pid_controller.py -> /home/sjm/pid_ws/install/pid_controller/lib/python3.10/site-packages/pid_controller
[2.618s] byte-compiling /home/sjm/pid_ws/install/pid_controller/lib/python3.10/site-packages/pid_controller/pid_controller_joystick.py to pid_controller_joystick.cpython-310.pyc
[2.620s] byte-compiling /home/sjm/pid_ws/install/pid_controller/lib/python3.10/site-packages/pid_controller/pid_controller.py to pid_controller.cpython-310.pyc
[2.622s] running install_data
[2.623s] running install_egg_info
[2.626s] removing '/home/sjm/pid_ws/install/pid_controller/lib/python3.10/site-packages/pid_controller-0.0.0-py3.10.egg-info' (and everything under it)
[2.627s] Copying ../../build/pid_controller/pid_controller.egg-info to /home/sjm/pid_ws/install/pid_controller/lib/python3.10/site-packages/pid_controller-0.0.0-py3.10.egg-info
[2.642s] running install_scripts
[2.677s] Installing pid_controller script to /home/sjm/pid_ws/install/pid_controller/lib/pid_controller
[2.692s] Installing pid_joystick script to /home/sjm/pid_ws/install/pid_controller/lib/pid_controller
[2.693s] writing list of installed files to '/home/sjm/pid_ws/build/pid_controller/install.log'
[2.976s] Invoked command in '/home/sjm/pid_ws/src/pid_controller' returned '0': PYTHONPATH=/home/sjm/pid_ws/build/pid_controller/prefix_override:/home/sjm/pid_ws/install/pid_controller/lib/python3.10/site-packages:${PYTHONPATH} /usr/bin/python3 setup.py egg_info --egg-base ../../build/pid_controller build --build-base /home/sjm/pid_ws/build/pid_controller/build install --record /home/sjm/pid_ws/build/pid_controller/install.log --single-version-externally-managed
