running egg_info
writing ../../build/pid_controller/pid_controller.egg-info/PKG-INFO
writing dependency_links to ../../build/pid_controller/pid_controller.egg-info/dependency_links.txt
writing entry points to ../../build/pid_controller/pid_controller.egg-info/entry_points.txt
writing requirements to ../../build/pid_controller/pid_controller.egg-info/requires.txt
writing top-level names to ../../build/pid_controller/pid_controller.egg-info/top_level.txt
reading manifest file '../../build/pid_controller/pid_controller.egg-info/SOURCES.txt'
writing manifest file '../../build/pid_controller/pid_controller.egg-info/SOURCES.txt'
running build
running build_py
running install
/usr/lib/python3/dist-packages/setuptools/command/install.py:34: SetuptoolsDeprecationWarning: setup.py install is deprecated. Use build and pip and other standards-based tools.
  warnings.warn(
running install_lib
running install_data
running install_egg_info
removing '/home/sjm/pid_ws/install/pid_controller/lib/python3.10/site-packages/pid_controller-0.0.0-py3.10.egg-info' (and everything under it)
Copying ../../build/pid_controller/pid_controller.egg-info to /home/sjm/pid_ws/install/pid_controller/lib/python3.10/site-packages/pid_controller-0.0.0-py3.10.egg-info
running install_scripts
writing list of installed files to '/home/sjm/pid_ws/build/pid_controller/install.log'
