[  3%] Built target pid_msg__cpp
[ 12%] Built target pid_msg__rosidl_generator_c
[ 12%] Built target ament_cmake_python_copy_pid_msg
[ 22%] Built target pid_msg__rosidl_typesupport_cpp
[ 32%] Built target pid_msg__rosidl_typesupport_fastrtps_cpp
[ 41%] Built target pid_msg__rosidl_typesupport_introspection_cpp
[ 51%] Built target pid_msg__rosidl_typesupport_fastrtps_c
[ 61%] Built target pid_msg__rosidl_typesupport_c
[ 70%] Built target pid_msg__rosidl_typesupport_introspection_c
[ 70%] Built target pid_msg
[ 74%] Built target pid_msg__py
[ 80%] Built target pid_msg__rosidl_generator_py
[ 87%] Built target pid_msg__rosidl_typesupport_introspection_c__pyext
[ 93%] Built target pid_msg__rosidl_typesupport_c__pyext
[100%] Built target pid_msg__rosidl_typesupport_fastrtps_c__pyext
running egg_info
writing pid_msg.egg-info/PKG-INFO
writing dependency_links to pid_msg.egg-info/dependency_links.txt
writing top-level names to pid_msg.egg-info/top_level.txt
reading manifest file 'pid_msg.egg-info/SOURCES.txt'
writing manifest file 'pid_msg.egg-info/SOURCES.txt'
[100%] Built target ament_cmake_python_build_pid_msg_egg
-- Install configuration: ""
-- Up-to-date: /home/sjm/pid_ws/install/pid_msg/share/ament_index/resource_index/rosidl_interfaces/pid_msg
-- Up-to-date: /home/sjm/pid_ws/install/pid_msg/include/pid_msg/pid_msg
-- Up-to-date: /home/sjm/pid_ws/install/pid_msg/include/pid_msg/pid_msg/msg
-- Up-to-date: /home/sjm/pid_ws/install/pid_msg/include/pid_msg/pid_msg/msg/rosidl_generator_c__visibility_control.h
-- Up-to-date: /home/sjm/pid_ws/install/pid_msg/include/pid_msg/pid_msg/msg/detail
-- Up-to-date: /home/sjm/pid_ws/install/pid_msg/include/pid_msg/pid_msg/msg/detail/pid_tune__struct.h
-- Up-to-date: /home/sjm/pid_ws/install/pid_msg/include/pid_msg/pid_msg/msg/detail/pid_tune__functions.h
-- Up-to-date: /home/sjm/pid_ws/install/pid_msg/include/pid_msg/pid_msg/msg/detail/pid_tune__functions.c
-- Up-to-date: /home/sjm/pid_ws/install/pid_msg/include/pid_msg/pid_msg/msg/detail/pid_tune__type_support.h
-- Up-to-date: /home/sjm/pid_ws/install/pid_msg/include/pid_msg/pid_msg/msg/pid_tune.h
-- Up-to-date: /home/sjm/pid_ws/install/pid_msg/share/pid_msg/environment/library_path.sh
-- Up-to-date: /home/sjm/pid_ws/install/pid_msg/share/pid_msg/environment/library_path.dsv
-- Up-to-date: /home/sjm/pid_ws/install/pid_msg/lib/libpid_msg__rosidl_generator_c.so
-- Up-to-date: /home/sjm/pid_ws/install/pid_msg/include/pid_msg/pid_msg
-- Up-to-date: /home/sjm/pid_ws/install/pid_msg/include/pid_msg/pid_msg/msg
-- Up-to-date: /home/sjm/pid_ws/install/pid_msg/include/pid_msg/pid_msg/msg/rosidl_typesupport_fastrtps_c__visibility_control.h
-- Up-to-date: /home/sjm/pid_ws/install/pid_msg/include/pid_msg/pid_msg/msg/detail
-- Up-to-date: /home/sjm/pid_ws/install/pid_msg/include/pid_msg/pid_msg/msg/detail/pid_tune__rosidl_typesupport_fastrtps_c.h
-- Up-to-date: /home/sjm/pid_ws/install/pid_msg/lib/libpid_msg__rosidl_typesupport_fastrtps_c.so
-- Up-to-date: /home/sjm/pid_ws/install/pid_msg/include/pid_msg/pid_msg
-- Up-to-date: /home/sjm/pid_ws/install/pid_msg/include/pid_msg/pid_msg/msg
-- Up-to-date: /home/sjm/pid_ws/install/pid_msg/include/pid_msg/pid_msg/msg/pid_tune.hpp
-- Up-to-date: /home/sjm/pid_ws/install/pid_msg/include/pid_msg/pid_msg/msg/detail
-- Up-to-date: /home/sjm/pid_ws/install/pid_msg/include/pid_msg/pid_msg/msg/detail/pid_tune__traits.hpp
-- Up-to-date: /home/sjm/pid_ws/install/pid_msg/include/pid_msg/pid_msg/msg/detail/pid_tune__builder.hpp
-- Up-to-date: /home/sjm/pid_ws/install/pid_msg/include/pid_msg/pid_msg/msg/detail/pid_tune__struct.hpp
-- Up-to-date: /home/sjm/pid_ws/install/pid_msg/include/pid_msg/pid_msg
-- Up-to-date: /home/sjm/pid_ws/install/pid_msg/include/pid_msg/pid_msg/msg
-- Up-to-date: /home/sjm/pid_ws/install/pid_msg/include/pid_msg/pid_msg/msg/rosidl_typesupport_fastrtps_cpp__visibility_control.h
-- Up-to-date: /home/sjm/pid_ws/install/pid_msg/include/pid_msg/pid_msg/msg/detail
-- Up-to-date: /home/sjm/pid_ws/install/pid_msg/include/pid_msg/pid_msg/msg/detail/pid_tune__rosidl_typesupport_fastrtps_cpp.hpp
-- Up-to-date: /home/sjm/pid_ws/install/pid_msg/include/pid_msg/pid_msg/msg/detail/dds_fastrtps
-- Up-to-date: /home/sjm/pid_ws/install/pid_msg/lib/libpid_msg__rosidl_typesupport_fastrtps_cpp.so
-- Up-to-date: /home/sjm/pid_ws/install/pid_msg/include/pid_msg/pid_msg
-- Up-to-date: /home/sjm/pid_ws/install/pid_msg/include/pid_msg/pid_msg/msg
-- Up-to-date: /home/sjm/pid_ws/install/pid_msg/include/pid_msg/pid_msg/msg/detail
-- Up-to-date: /home/sjm/pid_ws/install/pid_msg/include/pid_msg/pid_msg/msg/detail/pid_tune__type_support.c
-- Up-to-date: /home/sjm/pid_ws/install/pid_msg/include/pid_msg/pid_msg/msg/detail/pid_tune__rosidl_typesupport_introspection_c.h
-- Up-to-date: /home/sjm/pid_ws/install/pid_msg/include/pid_msg/pid_msg/msg/rosidl_typesupport_introspection_c__visibility_control.h
-- Up-to-date: /home/sjm/pid_ws/install/pid_msg/lib/libpid_msg__rosidl_typesupport_introspection_c.so
-- Up-to-date: /home/sjm/pid_ws/install/pid_msg/lib/libpid_msg__rosidl_typesupport_c.so
-- Up-to-date: /home/sjm/pid_ws/install/pid_msg/include/pid_msg/pid_msg
-- Up-to-date: /home/sjm/pid_ws/install/pid_msg/include/pid_msg/pid_msg/msg
-- Up-to-date: /home/sjm/pid_ws/install/pid_msg/include/pid_msg/pid_msg/msg/detail
-- Up-to-date: /home/sjm/pid_ws/install/pid_msg/include/pid_msg/pid_msg/msg/detail/pid_tune__type_support.cpp
-- Up-to-date: /home/sjm/pid_ws/install/pid_msg/include/pid_msg/pid_msg/msg/detail/pid_tune__rosidl_typesupport_introspection_cpp.hpp
-- Up-to-date: /home/sjm/pid_ws/install/pid_msg/lib/libpid_msg__rosidl_typesupport_introspection_cpp.so
-- Up-to-date: /home/sjm/pid_ws/install/pid_msg/lib/libpid_msg__rosidl_typesupport_cpp.so
-- Up-to-date: /home/sjm/pid_ws/install/pid_msg/share/pid_msg/environment/pythonpath.sh
-- Up-to-date: /home/sjm/pid_ws/install/pid_msg/share/pid_msg/environment/pythonpath.dsv
-- Up-to-date: /home/sjm/pid_ws/install/pid_msg/local/lib/python3.10/dist-packages/pid_msg-0.0.0-py3.10.egg-info
-- Installing: /home/sjm/pid_ws/install/pid_msg/local/lib/python3.10/dist-packages/pid_msg-0.0.0-py3.10.egg-info/SOURCES.txt
-- Installing: /home/sjm/pid_ws/install/pid_msg/local/lib/python3.10/dist-packages/pid_msg-0.0.0-py3.10.egg-info/PKG-INFO
-- Installing: /home/sjm/pid_ws/install/pid_msg/local/lib/python3.10/dist-packages/pid_msg-0.0.0-py3.10.egg-info/top_level.txt
-- Installing: /home/sjm/pid_ws/install/pid_msg/local/lib/python3.10/dist-packages/pid_msg-0.0.0-py3.10.egg-info/dependency_links.txt
-- Up-to-date: /home/sjm/pid_ws/install/pid_msg/local/lib/python3.10/dist-packages/pid_msg
-- Up-to-date: /home/sjm/pid_ws/install/pid_msg/local/lib/python3.10/dist-packages/pid_msg/pid_msg_s__rosidl_typesupport_introspection_c.cpython-310-x86_64-linux-gnu.so
-- Up-to-date: /home/sjm/pid_ws/install/pid_msg/local/lib/python3.10/dist-packages/pid_msg/pid_msg_s__rosidl_typesupport_c.cpython-310-x86_64-linux-gnu.so
-- Up-to-date: /home/sjm/pid_ws/install/pid_msg/local/lib/python3.10/dist-packages/pid_msg/_pid_msg_s.ep.rosidl_typesupport_introspection_c.c
-- Up-to-date: /home/sjm/pid_ws/install/pid_msg/local/lib/python3.10/dist-packages/pid_msg/_pid_msg_s.ep.rosidl_typesupport_fastrtps_c.c
-- Up-to-date: /home/sjm/pid_ws/install/pid_msg/local/lib/python3.10/dist-packages/pid_msg/msg
-- Up-to-date: /home/sjm/pid_ws/install/pid_msg/local/lib/python3.10/dist-packages/pid_msg/msg/_pid_tune.py
-- Up-to-date: /home/sjm/pid_ws/install/pid_msg/local/lib/python3.10/dist-packages/pid_msg/msg/_pid_tune_s.c
-- Up-to-date: /home/sjm/pid_ws/install/pid_msg/local/lib/python3.10/dist-packages/pid_msg/msg/__init__.py
-- Up-to-date: /home/sjm/pid_ws/install/pid_msg/local/lib/python3.10/dist-packages/pid_msg/_pid_msg_s.ep.rosidl_typesupport_c.c
-- Up-to-date: /home/sjm/pid_ws/install/pid_msg/local/lib/python3.10/dist-packages/pid_msg/pid_msg_s__rosidl_typesupport_fastrtps_c.cpython-310-x86_64-linux-gnu.so
-- Up-to-date: /home/sjm/pid_ws/install/pid_msg/local/lib/python3.10/dist-packages/pid_msg/libpid_msg__rosidl_generator_py.so
-- Up-to-date: /home/sjm/pid_ws/install/pid_msg/local/lib/python3.10/dist-packages/pid_msg/__init__.py
Listing '/home/sjm/pid_ws/install/pid_msg/local/lib/python3.10/dist-packages/pid_msg'...
Listing '/home/sjm/pid_ws/install/pid_msg/local/lib/python3.10/dist-packages/pid_msg/msg'...
-- Up-to-date: /home/sjm/pid_ws/install/pid_msg/local/lib/python3.10/dist-packages/pid_msg/pid_msg_s__rosidl_typesupport_fastrtps_c.cpython-310-x86_64-linux-gnu.so
-- Up-to-date: /home/sjm/pid_ws/install/pid_msg/local/lib/python3.10/dist-packages/pid_msg/pid_msg_s__rosidl_typesupport_introspection_c.cpython-310-x86_64-linux-gnu.so
-- Up-to-date: /home/sjm/pid_ws/install/pid_msg/local/lib/python3.10/dist-packages/pid_msg/pid_msg_s__rosidl_typesupport_c.cpython-310-x86_64-linux-gnu.so
-- Up-to-date: /home/sjm/pid_ws/install/pid_msg/lib/libpid_msg__rosidl_generator_py.so
-- Up-to-date: /home/sjm/pid_ws/install/pid_msg/share/pid_msg/msg/PidTune.idl
-- Up-to-date: /home/sjm/pid_ws/install/pid_msg/share/pid_msg/msg/PidTune.msg
-- Up-to-date: /home/sjm/pid_ws/install/pid_msg/share/ament_index/resource_index/package_run_dependencies/pid_msg
-- Up-to-date: /home/sjm/pid_ws/install/pid_msg/share/ament_index/resource_index/parent_prefix_path/pid_msg
-- Up-to-date: /home/sjm/pid_ws/install/pid_msg/share/pid_msg/environment/ament_prefix_path.sh
-- Up-to-date: /home/sjm/pid_ws/install/pid_msg/share/pid_msg/environment/ament_prefix_path.dsv
-- Up-to-date: /home/sjm/pid_ws/install/pid_msg/share/pid_msg/environment/path.sh
-- Up-to-date: /home/sjm/pid_ws/install/pid_msg/share/pid_msg/environment/path.dsv
-- Up-to-date: /home/sjm/pid_ws/install/pid_msg/share/pid_msg/local_setup.bash
-- Up-to-date: /home/sjm/pid_ws/install/pid_msg/share/pid_msg/local_setup.sh
-- Up-to-date: /home/sjm/pid_ws/install/pid_msg/share/pid_msg/local_setup.zsh
-- Up-to-date: /home/sjm/pid_ws/install/pid_msg/share/pid_msg/local_setup.dsv
-- Installing: /home/sjm/pid_ws/install/pid_msg/share/pid_msg/package.dsv
-- Up-to-date: /home/sjm/pid_ws/install/pid_msg/share/ament_index/resource_index/packages/pid_msg
-- Up-to-date: /home/sjm/pid_ws/install/pid_msg/share/pid_msg/cmake/export_pid_msg__rosidl_generator_cExport.cmake
-- Up-to-date: /home/sjm/pid_ws/install/pid_msg/share/pid_msg/cmake/export_pid_msg__rosidl_generator_cExport-noconfig.cmake
-- Up-to-date: /home/sjm/pid_ws/install/pid_msg/share/pid_msg/cmake/export_pid_msg__rosidl_typesupport_fastrtps_cExport.cmake
-- Up-to-date: /home/sjm/pid_ws/install/pid_msg/share/pid_msg/cmake/export_pid_msg__rosidl_typesupport_fastrtps_cExport-noconfig.cmake
-- Up-to-date: /home/sjm/pid_ws/install/pid_msg/share/pid_msg/cmake/export_pid_msg__rosidl_generator_cppExport.cmake
-- Up-to-date: /home/sjm/pid_ws/install/pid_msg/share/pid_msg/cmake/export_pid_msg__rosidl_typesupport_fastrtps_cppExport.cmake
-- Up-to-date: /home/sjm/pid_ws/install/pid_msg/share/pid_msg/cmake/export_pid_msg__rosidl_typesupport_fastrtps_cppExport-noconfig.cmake
-- Up-to-date: /home/sjm/pid_ws/install/pid_msg/share/pid_msg/cmake/pid_msg__rosidl_typesupport_introspection_cExport.cmake
-- Up-to-date: /home/sjm/pid_ws/install/pid_msg/share/pid_msg/cmake/pid_msg__rosidl_typesupport_introspection_cExport-noconfig.cmake
-- Up-to-date: /home/sjm/pid_ws/install/pid_msg/share/pid_msg/cmake/pid_msg__rosidl_typesupport_cExport.cmake
-- Up-to-date: /home/sjm/pid_ws/install/pid_msg/share/pid_msg/cmake/pid_msg__rosidl_typesupport_cExport-noconfig.cmake
-- Up-to-date: /home/sjm/pid_ws/install/pid_msg/share/pid_msg/cmake/pid_msg__rosidl_typesupport_introspection_cppExport.cmake
-- Up-to-date: /home/sjm/pid_ws/install/pid_msg/share/pid_msg/cmake/pid_msg__rosidl_typesupport_introspection_cppExport-noconfig.cmake
-- Up-to-date: /home/sjm/pid_ws/install/pid_msg/share/pid_msg/cmake/pid_msg__rosidl_typesupport_cppExport.cmake
-- Up-to-date: /home/sjm/pid_ws/install/pid_msg/share/pid_msg/cmake/pid_msg__rosidl_typesupport_cppExport-noconfig.cmake
-- Up-to-date: /home/sjm/pid_ws/install/pid_msg/share/pid_msg/cmake/export_pid_msg__rosidl_generator_pyExport.cmake
-- Up-to-date: /home/sjm/pid_ws/install/pid_msg/share/pid_msg/cmake/export_pid_msg__rosidl_generator_pyExport-noconfig.cmake
-- Up-to-date: /home/sjm/pid_ws/install/pid_msg/share/pid_msg/cmake/rosidl_cmake-extras.cmake
-- Up-to-date: /home/sjm/pid_ws/install/pid_msg/share/pid_msg/cmake/ament_cmake_export_dependencies-extras.cmake
-- Up-to-date: /home/sjm/pid_ws/install/pid_msg/share/pid_msg/cmake/ament_cmake_export_include_directories-extras.cmake
-- Up-to-date: /home/sjm/pid_ws/install/pid_msg/share/pid_msg/cmake/ament_cmake_export_libraries-extras.cmake
-- Up-to-date: /home/sjm/pid_ws/install/pid_msg/share/pid_msg/cmake/ament_cmake_export_targets-extras.cmake
-- Up-to-date: /home/sjm/pid_ws/install/pid_msg/share/pid_msg/cmake/rosidl_cmake_export_typesupport_targets-extras.cmake
-- Up-to-date: /home/sjm/pid_ws/install/pid_msg/share/pid_msg/cmake/rosidl_cmake_export_typesupport_libraries-extras.cmake
-- Up-to-date: /home/sjm/pid_ws/install/pid_msg/share/pid_msg/cmake/pid_msgConfig.cmake
-- Up-to-date: /home/sjm/pid_ws/install/pid_msg/share/pid_msg/cmake/pid_msgConfig-version.cmake
-- Up-to-date: /home/sjm/pid_ws/install/pid_msg/share/pid_msg/package.xml
