[1.421s] Invoking command in '/home/sjm/pid_ws/build/pid_controller': PYTHONPATH=/home/sjm/pid_ws/build/pid_controller/prefix_override:/home/sjm/pid_ws/install/pid_controller/lib/python3.10/site-packages:${PYTHONPATH} /usr/bin/python3 setup.py develop --uninstall --editable --build-directory /home/sjm/pid_ws/build/pid_controller/build
[1.875s] running develop
[1.906s] /usr/lib/python3/dist-packages/setuptools/command/easy_install.py:158: EasyInstallDeprecationWarning: easy_install command is deprecated. Use build and pip and other standards-based tools.
[1.906s]   warnings.warn(
[1.923s] /usr/lib/python3/dist-packages/setuptools/command/install.py:34: SetuptoolsDeprecationWarning: setup.py install is deprecated. Use build and pip and other standards-based tools.
[1.923s]   warnings.warn(
[2.232s] Removing /home/sjm/pid_ws/install/pid_controller/lib/python3.10/site-packages/pid-controller.egg-link (link to .)
[2.275s] Invoked command in '/home/sjm/pid_ws/build/pid_controller' returned '0': PYTHONPATH=/home/sjm/pid_ws/build/pid_controller/prefix_override:/home/sjm/pid_ws/install/pid_controller/lib/python3.10/site-packages:${PYTHONPATH} /usr/bin/python3 setup.py develop --uninstall --editable --build-directory /home/sjm/pid_ws/build/pid_controller/build
[2.277s] Invoking command in '/home/sjm/pid_ws/src/pid_controller': PYTHONPATH=/home/sjm/pid_ws/build/pid_controller/prefix_override:/home/sjm/pid_ws/install/pid_controller/lib/python3.10/site-packages:${PYTHONPATH} /usr/bin/python3 setup.py egg_info --egg-base ../../build/pid_controller build --build-base /home/sjm/pid_ws/build/pid_controller/build install --record /home/sjm/pid_ws/build/pid_controller/install.log --single-version-externally-managed
[2.684s] running egg_info
[2.685s] writing ../../build/pid_controller/pid_controller.egg-info/PKG-INFO
[2.686s] writing dependency_links to ../../build/pid_controller/pid_controller.egg-info/dependency_links.txt
[2.686s] writing entry points to ../../build/pid_controller/pid_controller.egg-info/entry_points.txt
[2.686s] writing requirements to ../../build/pid_controller/pid_controller.egg-info/requires.txt
[2.686s] writing top-level names to ../../build/pid_controller/pid_controller.egg-info/top_level.txt
[2.690s] reading manifest file '../../build/pid_controller/pid_controller.egg-info/SOURCES.txt'
[2.727s] writing manifest file '../../build/pid_controller/pid_controller.egg-info/SOURCES.txt'
[2.727s] running build
[2.727s] running build_py
[2.728s] copying pid_controller/pid_controller_joystick_pid.py -> /home/sjm/pid_ws/build/pid_controller/build/lib/pid_controller
[2.728s] copying pid_controller/pid_controller_joystick.py -> /home/sjm/pid_ws/build/pid_controller/build/lib/pid_controller
[2.728s] running install
[2.729s] /usr/lib/python3/dist-packages/setuptools/command/install.py:34: SetuptoolsDeprecationWarning: setup.py install is deprecated. Use build and pip and other standards-based tools.
[2.729s]   warnings.warn(
[2.729s] running install_lib
[2.730s] creating /home/sjm/pid_ws/install/pid_controller/lib/python3.10/site-packages/pid_controller
[2.731s] copying /home/sjm/pid_ws/build/pid_controller/build/lib/pid_controller/pid_controller_joystick_pid.py -> /home/sjm/pid_ws/install/pid_controller/lib/python3.10/site-packages/pid_controller
[2.731s] copying /home/sjm/pid_ws/build/pid_controller/build/lib/pid_controller/pid_controller_joystick.py -> /home/sjm/pid_ws/install/pid_controller/lib/python3.10/site-packages/pid_controller
[2.731s] copying /home/sjm/pid_ws/build/pid_controller/build/lib/pid_controller/pid_controller.py -> /home/sjm/pid_ws/install/pid_controller/lib/python3.10/site-packages/pid_controller
[2.731s] copying /home/sjm/pid_ws/build/pid_controller/build/lib/pid_controller/__init__.py -> /home/sjm/pid_ws/install/pid_controller/lib/python3.10/site-packages/pid_controller
[2.733s] byte-compiling /home/sjm/pid_ws/install/pid_controller/lib/python3.10/site-packages/pid_controller/pid_controller_joystick_pid.py to pid_controller_joystick_pid.cpython-310.pyc
[2.735s] byte-compiling /home/sjm/pid_ws/install/pid_controller/lib/python3.10/site-packages/pid_controller/pid_controller_joystick.py to pid_controller_joystick.cpython-310.pyc
[2.739s] byte-compiling /home/sjm/pid_ws/install/pid_controller/lib/python3.10/site-packages/pid_controller/pid_controller.py to pid_controller.cpython-310.pyc
[2.741s] byte-compiling /home/sjm/pid_ws/install/pid_controller/lib/python3.10/site-packages/pid_controller/__init__.py to __init__.cpython-310.pyc
[2.741s] running install_data
[2.742s] running install_egg_info
[2.745s] Copying ../../build/pid_controller/pid_controller.egg-info to /home/sjm/pid_ws/install/pid_controller/lib/python3.10/site-packages/pid_controller-0.0.0-py3.10.egg-info
[2.767s] running install_scripts
[2.811s] Installing joystick script to /home/sjm/pid_ws/install/pid_controller/lib/pid_controller
[2.811s] Installing pid_controller script to /home/sjm/pid_ws/install/pid_controller/lib/pid_controller
[2.811s] Installing pid_joystick script to /home/sjm/pid_ws/install/pid_controller/lib/pid_controller
[2.812s] writing list of installed files to '/home/sjm/pid_ws/build/pid_controller/install.log'
[2.849s] Invoked command in '/home/sjm/pid_ws/src/pid_controller' returned '0': PYTHONPATH=/home/sjm/pid_ws/build/pid_controller/prefix_override:/home/sjm/pid_ws/install/pid_controller/lib/python3.10/site-packages:${PYTHONPATH} /usr/bin/python3 setup.py egg_info --egg-base ../../build/pid_controller build --build-base /home/sjm/pid_ws/build/pid_controller/build install --record /home/sjm/pid_ws/build/pid_controller/install.log --single-version-externally-managed
