[2.376s] Invoking command in '/home/sjm/pid_ws/src/pid_controller': PYTHONPATH=/home/sjm/pid_ws/build/pid_controller/prefix_override:/home/sjm/pid_ws/install/pid_controller/lib/python3.10/site-packages:${PYTHONPATH} /usr/bin/python3 setup.py egg_info --egg-base ../../build/pid_controller build --build-base /home/sjm/pid_ws/build/pid_controller/build install --record /home/sjm/pid_ws/build/pid_controller/install.log --single-version-externally-managed
[2.991s] running egg_info
[2.992s] writing ../../build/pid_controller/pid_controller.egg-info/PKG-INFO
[2.994s] writing dependency_links to ../../build/pid_controller/pid_controller.egg-info/dependency_links.txt
[2.994s] writing entry points to ../../build/pid_controller/pid_controller.egg-info/entry_points.txt
[2.995s] writing requirements to ../../build/pid_controller/pid_controller.egg-info/requires.txt
[2.995s] writing top-level names to ../../build/pid_controller/pid_controller.egg-info/top_level.txt
[2.997s] reading manifest file '../../build/pid_controller/pid_controller.egg-info/SOURCES.txt'
[3.068s] writing manifest file '../../build/pid_controller/pid_controller.egg-info/SOURCES.txt'
[3.069s] running build
[3.069s] running build_py
[3.070s] copying pid_controller/pid_controller.py -> /home/sjm/pid_ws/build/pid_controller/build/lib/pid_controller
[3.071s] running install
[3.203s] /usr/lib/python3/dist-packages/setuptools/command/install.py:34: SetuptoolsDeprecationWarning: setup.py install is deprecated. Use build and pip and other standards-based tools.
[3.204s]   warnings.warn(
[3.206s] running install_lib
[3.213s] copying /home/sjm/pid_ws/build/pid_controller/build/lib/pid_controller/pid_controller.py -> /home/sjm/pid_ws/install/pid_controller/lib/python3.10/site-packages/pid_controller
[3.218s] byte-compiling /home/sjm/pid_ws/install/pid_controller/lib/python3.10/site-packages/pid_controller/pid_controller.py to pid_controller.cpython-310.pyc
[3.226s] running install_data
[3.231s] running install_egg_info
[3.244s] removing '/home/sjm/pid_ws/install/pid_controller/lib/python3.10/site-packages/pid_controller-0.0.0-py3.10.egg-info' (and everything under it)
[3.245s] Copying ../../build/pid_controller/pid_controller.egg-info to /home/sjm/pid_ws/install/pid_controller/lib/python3.10/site-packages/pid_controller-0.0.0-py3.10.egg-info
[3.265s] running install_scripts
[3.378s] Installing pid_controller script to /home/sjm/pid_ws/install/pid_controller/lib/pid_controller
[3.379s] writing list of installed files to '/home/sjm/pid_ws/build/pid_controller/install.log'
[3.422s] Invoked command in '/home/sjm/pid_ws/src/pid_controller' returned '0': PYTHONPATH=/home/sjm/pid_ws/build/pid_controller/prefix_override:/home/sjm/pid_ws/install/pid_controller/lib/python3.10/site-packages:${PYTHONPATH} /usr/bin/python3 setup.py egg_info --egg-base ../../build/pid_controller build --build-base /home/sjm/pid_ws/build/pid_controller/build install --record /home/sjm/pid_ws/build/pid_controller/install.log --single-version-externally-managed
