[3.571s] Invoking command in '/home/sjm/pid_ws/src/pid_controller': PYTHONPATH=/home/sjm/pid_ws/build/pid_controller/prefix_override:/home/sjm/pid_ws/install/pid_controller/lib/python3.10/site-packages:${PYTHONPATH} /usr/bin/python3 setup.py egg_info --egg-base ../../build/pid_controller build --build-base /home/sjm/pid_ws/build/pid_controller/build install --record /home/sjm/pid_ws/build/pid_controller/install.log --single-version-externally-managed
[3.981s] running egg_info
[3.982s] writing ../../build/pid_controller/pid_controller.egg-info/PKG-INFO
[3.983s] writing dependency_links to ../../build/pid_controller/pid_controller.egg-info/dependency_links.txt
[3.983s] writing entry points to ../../build/pid_controller/pid_controller.egg-info/entry_points.txt
[3.983s] writing requirements to ../../build/pid_controller/pid_controller.egg-info/requires.txt
[3.984s] writing top-level names to ../../build/pid_controller/pid_controller.egg-info/top_level.txt
[3.988s] reading manifest file '../../build/pid_controller/pid_controller.egg-info/SOURCES.txt'
[4.104s] writing manifest file '../../build/pid_controller/pid_controller.egg-info/SOURCES.txt'
[4.104s] running build
[4.105s] running build_py
[4.106s] copying pid_controller/rover_joystick.py -> /home/sjm/pid_ws/build/pid_controller/build/lib/pid_controller
[4.108s] running install
[4.120s] /usr/lib/python3/dist-packages/setuptools/command/install.py:34: SetuptoolsDeprecationWarning: setup.py install is deprecated. Use build and pip and other standards-based tools.
[4.121s]   warnings.warn(
[4.124s] running install_lib
[4.128s] copying /home/sjm/pid_ws/build/pid_controller/build/lib/pid_controller/rover_joystick.py -> /home/sjm/pid_ws/install/pid_controller/lib/python3.10/site-packages/pid_controller
[4.180s] byte-compiling /home/sjm/pid_ws/install/pid_controller/lib/python3.10/site-packages/pid_controller/rover_joystick.py to rover_joystick.cpython-310.pyc
[4.191s] running install_data
[4.196s] running install_egg_info
[4.204s] removing '/home/sjm/pid_ws/install/pid_controller/lib/python3.10/site-packages/pid_controller-0.0.0-py3.10.egg-info' (and everything under it)
[4.205s] Copying ../../build/pid_controller/pid_controller.egg-info to /home/sjm/pid_ws/install/pid_controller/lib/python3.10/site-packages/pid_controller-0.0.0-py3.10.egg-info
[4.244s] running install_scripts
[4.286s] Installing joystick script to /home/sjm/pid_ws/install/pid_controller/lib/pid_controller
[4.286s] Installing pid_controller script to /home/sjm/pid_ws/install/pid_controller/lib/pid_controller
[4.286s] Installing pid_joystick script to /home/sjm/pid_ws/install/pid_controller/lib/pid_controller
[4.287s] writing list of installed files to '/home/sjm/pid_ws/build/pid_controller/install.log'
[4.322s] Invoked command in '/home/sjm/pid_ws/src/pid_controller' returned '0': PYTHONPATH=/home/sjm/pid_ws/build/pid_controller/prefix_override:/home/sjm/pid_ws/install/pid_controller/lib/python3.10/site-packages:${PYTHONPATH} /usr/bin/python3 setup.py egg_info --egg-base ../../build/pid_controller build --build-base /home/sjm/pid_ws/build/pid_controller/build install --record /home/sjm/pid_ws/build/pid_controller/install.log --single-version-externally-managed
