[2.013s] Invoking command in '/home/sjm/pid_ws/src/pid_controller': PYTHONPATH=/home/sjm/pid_ws/build/pid_controller/prefix_override:/home/sjm/pid_ws/install/pid_controller/lib/python3.10/site-packages:${PYTHONPATH} /usr/bin/python3 setup.py egg_info --egg-base ../../build/pid_controller build --build-base /home/sjm/pid_ws/build/pid_controller/build install --record /home/sjm/pid_ws/build/pid_controller/install.log --single-version-externally-managed
[2.674s] running egg_info
[2.675s] writing ../../build/pid_controller/pid_controller.egg-info/PKG-INFO
[2.676s] writing dependency_links to ../../build/pid_controller/pid_controller.egg-info/dependency_links.txt
[2.677s] writing entry points to ../../build/pid_controller/pid_controller.egg-info/entry_points.txt
[2.677s] writing requirements to ../../build/pid_controller/pid_controller.egg-info/requires.txt
[2.678s] writing top-level names to ../../build/pid_controller/pid_controller.egg-info/top_level.txt
[2.681s] reading manifest file '../../build/pid_controller/pid_controller.egg-info/SOURCES.txt'
[2.683s] writing manifest file '../../build/pid_controller/pid_controller.egg-info/SOURCES.txt'
[2.684s] running build
[2.684s] running build_py
[2.684s] copying pid_controller/pid_controller.py -> /home/sjm/pid_ws/build/pid_controller/build/lib/pid_controller
[2.685s] running install
[2.685s] /usr/lib/python3/dist-packages/setuptools/command/install.py:34: SetuptoolsDeprecationWarning: setup.py install is deprecated. Use build and pip and other standards-based tools.
[2.686s]   warnings.warn(
[2.686s] running install_lib
[2.687s] copying /home/sjm/pid_ws/build/pid_controller/build/lib/pid_controller/pid_controller.py -> /home/sjm/pid_ws/install/pid_controller/lib/python3.10/site-packages/pid_controller
[2.689s] byte-compiling /home/sjm/pid_ws/install/pid_controller/lib/python3.10/site-packages/pid_controller/pid_controller.py to pid_controller.cpython-310.pyc
[2.692s] running install_data
[2.693s] running install_egg_info
[2.697s] removing '/home/sjm/pid_ws/install/pid_controller/lib/python3.10/site-packages/pid_controller-0.0.0-py3.10.egg-info' (and everything under it)
[2.697s] Copying ../../build/pid_controller/pid_controller.egg-info to /home/sjm/pid_ws/install/pid_controller/lib/python3.10/site-packages/pid_controller-0.0.0-py3.10.egg-info
[2.699s] running install_scripts
[2.742s] Installing pid_controller script to /home/sjm/pid_ws/install/pid_controller/lib/pid_controller
[2.744s] writing list of installed files to '/home/sjm/pid_ws/build/pid_controller/install.log'
[2.805s] Invoked command in '/home/sjm/pid_ws/src/pid_controller' returned '0': PYTHONPATH=/home/sjm/pid_ws/build/pid_controller/prefix_override:/home/sjm/pid_ws/install/pid_controller/lib/python3.10/site-packages:${PYTHONPATH} /usr/bin/python3 setup.py egg_info --egg-base ../../build/pid_controller build --build-base /home/sjm/pid_ws/build/pid_controller/build install --record /home/sjm/pid_ws/build/pid_controller/install.log --single-version-externally-managed
