[1.999s] Invoking command in '/home/sjm/pid_ws/src/pid_controller': PYTHONPATH=/home/sjm/pid_ws/build/pid_controller/prefix_override:/home/sjm/pid_ws/install/pid_controller/lib/python3.10/site-packages:${PYTHONPATH} /usr/bin/python3 setup.py egg_info --egg-base ../../build/pid_controller build --build-base /home/sjm/pid_ws/build/pid_controller/build install --record /home/sjm/pid_ws/build/pid_controller/install.log --single-version-externally-managed
[2.502s] running egg_info
[2.503s] writing ../../build/pid_controller/pid_controller.egg-info/PKG-INFO
[2.503s] writing dependency_links to ../../build/pid_controller/pid_controller.egg-info/dependency_links.txt
[2.503s] writing entry points to ../../build/pid_controller/pid_controller.egg-info/entry_points.txt
[2.504s] writing requirements to ../../build/pid_controller/pid_controller.egg-info/requires.txt
[2.504s] writing top-level names to ../../build/pid_controller/pid_controller.egg-info/top_level.txt
[2.508s] reading manifest file '../../build/pid_controller/pid_controller.egg-info/SOURCES.txt'
[2.509s] writing manifest file '../../build/pid_controller/pid_controller.egg-info/SOURCES.txt'
[2.509s] running build
[2.509s] running build_py
[2.510s] running install
[2.510s] /usr/lib/python3/dist-packages/setuptools/command/install.py:34: SetuptoolsDeprecationWarning: setup.py install is deprecated. Use build and pip and other standards-based tools.
[2.510s]   warnings.warn(
[2.511s] running install_lib
[2.513s] running install_data
[2.515s] running install_egg_info
[2.518s] removing '/home/sjm/pid_ws/install/pid_controller/lib/python3.10/site-packages/pid_controller-0.0.0-py3.10.egg-info' (and everything under it)
[2.518s] Copying ../../build/pid_controller/pid_controller.egg-info to /home/sjm/pid_ws/install/pid_controller/lib/python3.10/site-packages/pid_controller-0.0.0-py3.10.egg-info
[2.520s] running install_scripts
[2.553s] Installing pid_controller script to /home/sjm/pid_ws/install/pid_controller/lib/pid_controller
[2.553s] writing list of installed files to '/home/sjm/pid_ws/build/pid_controller/install.log'
[2.588s] Invoked command in '/home/sjm/pid_ws/src/pid_controller' returned '0': PYTHONPATH=/home/sjm/pid_ws/build/pid_controller/prefix_override:/home/sjm/pid_ws/install/pid_controller/lib/python3.10/site-packages:${PYTHONPATH} /usr/bin/python3 setup.py egg_info --egg-base ../../build/pid_controller build --build-base /home/sjm/pid_ws/build/pid_controller/build install --record /home/sjm/pid_ws/build/pid_controller/install.log --single-version-externally-managed
