[6.431s] Invoking command in '/home/sjm/pid_ws/src/pid_controller': PYTHONPATH=/home/sjm/pid_ws/build/pid_controller/prefix_override:/home/sjm/pid_ws/install/pid_controller/lib/python3.10/site-packages:${PYTHONPATH} /usr/bin/python3 setup.py egg_info --egg-base ../../build/pid_controller build --build-base /home/sjm/pid_ws/build/pid_controller/build install --record /home/sjm/pid_ws/build/pid_controller/install.log --single-version-externally-managed
[7.071s] running egg_info
[7.073s] writing ../../build/pid_controller/pid_controller.egg-info/PKG-INFO
[7.079s] writing dependency_links to ../../build/pid_controller/pid_controller.egg-info/dependency_links.txt
[7.079s] writing entry points to ../../build/pid_controller/pid_controller.egg-info/entry_points.txt
[7.079s] writing requirements to ../../build/pid_controller/pid_controller.egg-info/requires.txt
[7.079s] writing top-level names to ../../build/pid_controller/pid_controller.egg-info/top_level.txt
[7.082s] reading manifest file '../../build/pid_controller/pid_controller.egg-info/SOURCES.txt'
[7.110s] writing manifest file '../../build/pid_controller/pid_controller.egg-info/SOURCES.txt'
[7.111s] running build
[7.111s] running build_py
[7.111s] copying pid_controller/pid_controller.py -> /home/sjm/pid_ws/build/pid_controller/build/lib/pid_controller
[7.111s] running install
[7.112s] /usr/lib/python3/dist-packages/setuptools/command/install.py:34: SetuptoolsDeprecationWarning: setup.py install is deprecated. Use build and pip and other standards-based tools.
[7.112s]   warnings.warn(
[7.112s] running install_lib
[7.114s] copying /home/sjm/pid_ws/build/pid_controller/build/lib/pid_controller/pid_controller.py -> /home/sjm/pid_ws/install/pid_controller/lib/python3.10/site-packages/pid_controller
[7.116s] byte-compiling /home/sjm/pid_ws/install/pid_controller/lib/python3.10/site-packages/pid_controller/pid_controller.py to pid_controller.cpython-310.pyc
[7.122s] running install_data
[7.124s] running install_egg_info
[7.128s] removing '/home/sjm/pid_ws/install/pid_controller/lib/python3.10/site-packages/pid_controller-0.0.0-py3.10.egg-info' (and everything under it)
[7.129s] Copying ../../build/pid_controller/pid_controller.egg-info to /home/sjm/pid_ws/install/pid_controller/lib/python3.10/site-packages/pid_controller-0.0.0-py3.10.egg-info
[7.131s] running install_scripts
[7.185s] Installing pid_controller script to /home/sjm/pid_ws/install/pid_controller/lib/pid_controller
[7.185s] writing list of installed files to '/home/sjm/pid_ws/build/pid_controller/install.log'
[7.227s] Invoked command in '/home/sjm/pid_ws/src/pid_controller' returned '0': PYTHONPATH=/home/sjm/pid_ws/build/pid_controller/prefix_override:/home/sjm/pid_ws/install/pid_controller/lib/python3.10/site-packages:${PYTHONPATH} /usr/bin/python3 setup.py egg_info --egg-base ../../build/pid_controller build --build-base /home/sjm/pid_ws/build/pid_controller/build install --record /home/sjm/pid_ws/build/pid_controller/install.log --single-version-externally-managed
