[0.504s] Invoking command in '/home/sjm/pid_ws/build/articubot_one': CMAKE_PREFIX_PATH=${CMAKE_PREFIX_PATH}:/home/sjm/pid_ws/install/pid_controller:/home/sjm/lidar/install/robot_math:/home/sjm/turtlebot3_ws/install/turtlebot3_teleop:/home/sjm/turtlebot3_ws/install/turtlebot3_example:/opt/ros/humble /usr/bin/cmake /home/sjm/pid_ws/src/articubot_one -DAMENT_CMAKE_SYMLINK_INSTALL=1 -DCMAKE_INSTALL_PREFIX=/home/sjm/pid_ws/install/articubot_one
[2.691s] -- The C compiler identification is GNU 11.4.0
[4.223s] -- The CXX compiler identification is GNU 11.4.0
[4.256s] -- Detecting C compiler ABI info
[4.587s] -- Detecting C compiler ABI info - done
[4.601s] -- Check for working C compiler: /usr/bin/cc - skipped
[4.602s] -- Detecting C compile features
[4.615s] -- Detecting C compile features - done
[4.620s] -- Detecting CXX compiler ABI info
[4.824s] -- Detecting CXX compiler ABI info - done
[4.843s] -- Check for working CXX compiler: /usr/bin/c++ - skipped
[4.843s] -- Detecting CXX compile features
[4.844s] -- Detecting CXX compile features - done
[4.870s] -- Found ament_cmake: 1.3.8 (/opt/ros/humble/share/ament_cmake/cmake)
[5.217s] -- Found Python3: /usr/bin/python3 (found version "3.10.12") found components: Interpreter 
[5.324s] -- Override CMake install command with custom implementation using symlinks instead of copying resources
[5.528s] -- Found ament_lint_auto: 0.12.10 (/opt/ros/humble/share/ament_lint_auto/cmake)
[6.059s] -- Added test 'copyright' to check source files copyright and LICENSE
[6.065s] -- Added test 'flake8' to check Python code syntax and style conventions
[6.068s] -- Added test 'lint_cmake' to check CMake code style
[6.070s] -- Added test 'pep257' to check Python code against some of the docstring style conventions in PEP 257
[6.076s] -- Added test 'xmllint' to check XML markup files
[6.088s] -- Configuring done
[6.097s] -- Generating done
[6.098s] -- Build files have been written to: /home/sjm/pid_ws/build/articubot_one
[6.105s] Invoked command in '/home/sjm/pid_ws/build/articubot_one' returned '0': CMAKE_PREFIX_PATH=${CMAKE_PREFIX_PATH}:/home/sjm/pid_ws/install/pid_controller:/home/sjm/lidar/install/robot_math:/home/sjm/turtlebot3_ws/install/turtlebot3_teleop:/home/sjm/turtlebot3_ws/install/turtlebot3_example:/opt/ros/humble /usr/bin/cmake /home/sjm/pid_ws/src/articubot_one -DAMENT_CMAKE_SYMLINK_INSTALL=1 -DCMAKE_INSTALL_PREFIX=/home/sjm/pid_ws/install/articubot_one
[6.108s] Invoking command in '/home/sjm/pid_ws/build/articubot_one': CMAKE_PREFIX_PATH=${CMAKE_PREFIX_PATH}:/home/sjm/pid_ws/install/pid_controller:/home/sjm/lidar/install/robot_math:/home/sjm/turtlebot3_ws/install/turtlebot3_teleop:/home/sjm/turtlebot3_ws/install/turtlebot3_example:/opt/ros/humble /usr/bin/cmake --build /home/sjm/pid_ws/build/articubot_one -- -j4 -l4
[6.172s] Invoked command in '/home/sjm/pid_ws/build/articubot_one' returned '0': CMAKE_PREFIX_PATH=${CMAKE_PREFIX_PATH}:/home/sjm/pid_ws/install/pid_controller:/home/sjm/lidar/install/robot_math:/home/sjm/turtlebot3_ws/install/turtlebot3_teleop:/home/sjm/turtlebot3_ws/install/turtlebot3_example:/opt/ros/humble /usr/bin/cmake --build /home/sjm/pid_ws/build/articubot_one -- -j4 -l4
[6.225s] Invoking command in '/home/sjm/pid_ws/build/articubot_one': CMAKE_PREFIX_PATH=${CMAKE_PREFIX_PATH}:/home/sjm/pid_ws/install/pid_controller:/home/sjm/lidar/install/robot_math:/home/sjm/turtlebot3_ws/install/turtlebot3_teleop:/home/sjm/turtlebot3_ws/install/turtlebot3_example:/opt/ros/humble /usr/bin/cmake --install /home/sjm/pid_ws/build/articubot_one
[6.238s] -- Install configuration: ""
[6.239s] -- Execute custom install script
[6.239s] -- Symlinking: /home/sjm/pid_ws/install/articubot_one/share/articubot_one/config/empty.yaml
[6.254s] -- Symlinking: /home/sjm/pid_ws/install/articubot_one/share/articubot_one/config/view_bot.rviz
[6.268s] -- Symlinking: /home/sjm/pid_ws/install/articubot_one/share/articubot_one/description/inertial_macros.xacro
[6.284s] -- Symlinking: /home/sjm/pid_ws/install/articubot_one/share/articubot_one/description/robot.urdf.xacro
[6.297s] -- Symlinking: /home/sjm/pid_ws/install/articubot_one/share/articubot_one/description/robot_core.xacro
[6.313s] -- Symlinking: /home/sjm/pid_ws/install/articubot_one/share/articubot_one/launch/rsp.launch.py
[6.327s] -- Symlinking: /home/sjm/pid_ws/install/articubot_one/share/articubot_one/worlds/empty.world
[6.342s] -- Symlinking: /home/sjm/pid_ws/install/articubot_one/share/ament_index/resource_index/package_run_dependencies/articubot_one
[6.357s] -- Symlinking: /home/sjm/pid_ws/install/articubot_one/share/ament_index/resource_index/parent_prefix_path/articubot_one
[6.372s] -- Symlinking: /home/sjm/pid_ws/install/articubot_one/share/articubot_one/environment/ament_prefix_path.sh
[6.387s] -- Symlinking: /home/sjm/pid_ws/install/articubot_one/share/articubot_one/environment/ament_prefix_path.dsv
[6.402s] -- Symlinking: /home/sjm/pid_ws/install/articubot_one/share/articubot_one/environment/path.sh
[6.417s] -- Symlinking: /home/sjm/pid_ws/install/articubot_one/share/articubot_one/environment/path.dsv
[6.431s] -- Symlinking: /home/sjm/pid_ws/install/articubot_one/share/articubot_one/local_setup.bash
[6.445s] -- Symlinking: /home/sjm/pid_ws/install/articubot_one/share/articubot_one/local_setup.sh
[6.460s] -- Symlinking: /home/sjm/pid_ws/install/articubot_one/share/articubot_one/local_setup.zsh
[6.474s] -- Symlinking: /home/sjm/pid_ws/install/articubot_one/share/articubot_one/local_setup.dsv
[6.489s] -- Symlinking: /home/sjm/pid_ws/install/articubot_one/share/articubot_one/package.dsv
[6.507s] -- Symlinking: /home/sjm/pid_ws/install/articubot_one/share/ament_index/resource_index/packages/articubot_one
[6.522s] -- Symlinking: /home/sjm/pid_ws/install/articubot_one/share/articubot_one/cmake/articubot_oneConfig.cmake
[6.538s] -- Symlinking: /home/sjm/pid_ws/install/articubot_one/share/articubot_one/cmake/articubot_oneConfig-version.cmake
[6.553s] -- Symlinking: /home/sjm/pid_ws/install/articubot_one/share/articubot_one/package.xml
[6.569s] Invoked command in '/home/sjm/pid_ws/build/articubot_one' returned '0': CMAKE_PREFIX_PATH=${CMAKE_PREFIX_PATH}:/home/sjm/pid_ws/install/pid_controller:/home/sjm/lidar/install/robot_math:/home/sjm/turtlebot3_ws/install/turtlebot3_teleop:/home/sjm/turtlebot3_ws/install/turtlebot3_example:/opt/ros/humble /usr/bin/cmake --install /home/sjm/pid_ws/build/articubot_one
