[0.300s] Invoking command in '/home/sjm/pid_ws/build/pid_msg': CMAKE_PREFIX_PATH=${CMAKE_PREFIX_PATH}:/home/sjm/lidar/install/robot_math:/home/sjm/turtlebot3_ws/install/turtlebot3_teleop:/home/sjm/turtlebot3_ws/install/turtlebot3_example:/opt/ros/humble /usr/bin/cmake /home/sjm/pid_ws/src/pid_tune/pid_msg -DCMAKE_INSTALL_PREFIX=/home/sjm/pid_ws/install/pid_msg
[2.130s] -- The C compiler identification is GNU 11.4.0
[2.850s] -- The CXX compiler identification is GNU 11.4.0
[2.887s] -- Detecting C compiler ABI info
[3.100s] -- Detecting C compiler ABI info - done
[3.111s] -- Check for working C compiler: /usr/bin/cc - skipped
[3.112s] -- Detecting C compile features
[3.123s] -- Detecting C compile features - done
[3.131s] -- Detecting CXX compiler ABI info
[3.308s] -- Detecting CXX compiler ABI info - done
[3.321s] -- Check for working CXX compiler: /usr/bin/c++ - skipped
[3.321s] -- Detecting CXX compile features
[3.322s] -- Detecting CXX compile features - done
[3.492s] -- Found ament_cmake: 1.3.8 (/opt/ros/humble/share/ament_cmake/cmake)
[4.083s] -- Found Python3: /usr/bin/python3 (found version "3.10.12") found components: Interpreter 
[4.530s] -- Found std_msgs: 4.2.3 (/opt/ros/humble/share/std_msgs/cmake)
[4.740s] -- Found rosidl_generator_c: 3.1.5 (/opt/ros/humble/share/rosidl_generator_c/cmake)
[4.775s] -- Found rosidl_adapter: 3.1.5 (/opt/ros/humble/share/rosidl_adapter/cmake)
[4.803s] -- Found rosidl_generator_cpp: 3.1.5 (/opt/ros/humble/share/rosidl_generator_cpp/cmake)
[4.870s] -- Using all available rosidl_typesupport_c: rosidl_typesupport_fastrtps_c;rosidl_typesupport_introspection_c
[4.943s] -- Using all available rosidl_typesupport_cpp: rosidl_typesupport_fastrtps_cpp;rosidl_typesupport_introspection_cpp
[5.256s] -- Found rosidl_default_generators: 1.2.0 (/opt/ros/humble/share/rosidl_default_generators/cmake)
[5.810s] -- Found ament_cmake_ros: 0.10.0 (/opt/ros/humble/share/ament_cmake_ros/cmake)
[6.512s] -- Using all available rosidl_typesupport_c: rosidl_typesupport_fastrtps_c;rosidl_typesupport_introspection_c
[6.743s] -- Using all available rosidl_typesupport_cpp: rosidl_typesupport_fastrtps_cpp;rosidl_typesupport_introspection_cpp
[6.785s] -- Found PythonInterp: /usr/bin/python3 (found suitable version "3.10.12", minimum required is "3.6") 
[6.792s] -- Found python_cmake_module: 0.10.0 (/opt/ros/humble/share/python_cmake_module/cmake)
[6.958s] -- Found PythonLibs: /usr/lib/x86_64-linux-gnu/libpython3.10.so (found suitable version "3.10.12", minimum required is "3.5") 
[6.959s] -- Using PYTHON_EXECUTABLE: /usr/bin/python3
[6.959s] -- Using PYTHON_INCLUDE_DIRS: /usr/include/python3.10
[6.960s] -- Using PYTHON_LIBRARIES: /usr/lib/x86_64-linux-gnu/libpython3.10.so
[7.013s] -- Found PythonExtra: .so  
[7.168s] -- Found ament_lint_auto: 0.12.10 (/opt/ros/humble/share/ament_lint_auto/cmake)
[7.374s] -- Added test 'copyright' to check source files copyright and LICENSE
[7.379s] -- Added test 'lint_cmake' to check CMake code style
[7.383s] -- Added test 'xmllint' to check XML markup files
[7.391s] -- Configuring done
[7.538s] -- Generating done
[7.542s] -- Build files have been written to: /home/sjm/pid_ws/build/pid_msg
[7.551s] Invoked command in '/home/sjm/pid_ws/build/pid_msg' returned '0': CMAKE_PREFIX_PATH=${CMAKE_PREFIX_PATH}:/home/sjm/lidar/install/robot_math:/home/sjm/turtlebot3_ws/install/turtlebot3_teleop:/home/sjm/turtlebot3_ws/install/turtlebot3_example:/opt/ros/humble /usr/bin/cmake /home/sjm/pid_ws/src/pid_tune/pid_msg -DCMAKE_INSTALL_PREFIX=/home/sjm/pid_ws/install/pid_msg
[7.555s] Invoking command in '/home/sjm/pid_ws/build/pid_msg': CMAKE_PREFIX_PATH=${CMAKE_PREFIX_PATH}:/home/sjm/lidar/install/robot_math:/home/sjm/turtlebot3_ws/install/turtlebot3_teleop:/home/sjm/turtlebot3_ws/install/turtlebot3_example:/opt/ros/humble /usr/bin/cmake --build /home/sjm/pid_ws/build/pid_msg -- -j4 -l4
[7.623s] [  3%] [34m[1mGenerating C code for ROS interfaces[0m
[7.641s] [  6%] [34m[1mGenerating C++ code for ROS interfaces[0m
[7.659s] [  6%] Built target ament_cmake_python_copy_pid_msg
[8.116s] [  6%] Built target pid_msg__cpp
[8.140s] [  9%] [34m[1mGenerating C++ type support for eProsima Fast-RTPS[0m
[8.141s] [ 12%] [34m[1mGenerating C++ type support dispatch for ROS interfaces[0m
[8.341s] running egg_info
[8.342s] creating pid_msg.egg-info
[8.343s] writing pid_msg.egg-info/PKG-INFO
[8.343s] writing dependency_links to pid_msg.egg-info/dependency_links.txt
[8.344s] writing top-level names to pid_msg.egg-info/top_level.txt
[8.344s] writing manifest file 'pid_msg.egg-info/SOURCES.txt'
[8.364s] reading manifest file 'pid_msg.egg-info/SOURCES.txt'
[8.366s] writing manifest file 'pid_msg.egg-info/SOURCES.txt'
[8.414s] [ 16%] [32mBuilding C object CMakeFiles/pid_msg__rosidl_generator_c.dir/rosidl_generator_c/pid_msg/msg/detail/pid_tune__functions.c.o[0m
[8.429s] [ 16%] Built target ament_cmake_python_build_pid_msg_egg
[8.446s] [ 19%] [34m[1mGenerating C++ introspection for ROS interfaces[0m
[8.765s] [ 22%] [32mBuilding CXX object CMakeFiles/pid_msg__rosidl_typesupport_cpp.dir/rosidl_typesupport_cpp/pid_msg/msg/pid_tune__type_support.cpp.o[0m
[8.788s] [ 25%] [32mBuilding CXX object CMakeFiles/pid_msg__rosidl_typesupport_fastrtps_cpp.dir/rosidl_typesupport_fastrtps_cpp/pid_msg/msg/detail/dds_fastrtps/pid_tune__type_support.cpp.o[0m
[8.844s] [ 29%] [32m[1mLinking C shared library libpid_msg__rosidl_generator_c.so[0m
[8.977s] [ 32%] [32mBuilding CXX object CMakeFiles/pid_msg__rosidl_typesupport_introspection_cpp.dir/rosidl_typesupport_introspection_cpp/pid_msg/msg/detail/pid_tune__type_support.cpp.o[0m
[9.043s] [ 32%] Built target pid_msg__rosidl_generator_c
[9.060s] [ 35%] [34m[1mGenerating C type support for eProsima Fast-RTPS[0m
[9.536s] [ 38%] [32mBuilding CXX object CMakeFiles/pid_msg__rosidl_typesupport_fastrtps_c.dir/rosidl_typesupport_fastrtps_c/pid_msg/msg/detail/pid_tune__type_support_c.cpp.o[0m
[10.304s] [ 41%] [32m[1mLinking CXX shared library libpid_msg__rosidl_typesupport_cpp.so[0m
[10.389s] [ 45%] [32m[1mLinking CXX shared library libpid_msg__rosidl_typesupport_fastrtps_c.so[0m
[10.428s] [ 45%] Built target pid_msg__rosidl_typesupport_cpp
[10.441s] [ 48%] [32m[1mLinking CXX shared library libpid_msg__rosidl_typesupport_introspection_cpp.so[0m
[10.448s] [ 51%] [34m[1mGenerating C introspection for ROS interfaces[0m
[10.469s] [ 54%] [32m[1mLinking CXX shared library libpid_msg__rosidl_typesupport_fastrtps_cpp.so[0m
[10.558s] [ 54%] Built target pid_msg__rosidl_typesupport_introspection_cpp
[10.585s] [ 58%] [34m[1mGenerating C type support dispatch for ROS interfaces[0m
[10.599s] [ 58%] Built target pid_msg__rosidl_typesupport_fastrtps_c
[10.652s] [ 58%] Built target pid_msg__rosidl_typesupport_fastrtps_cpp
[11.092s] [ 61%] [32mBuilding C object CMakeFiles/pid_msg__rosidl_typesupport_introspection_c.dir/rosidl_typesupport_introspection_c/pid_msg/msg/detail/pid_tune__type_support.c.o[0m
[11.158s] [ 64%] [32m[1mLinking C shared library libpid_msg__rosidl_typesupport_introspection_c.so[0m
[11.169s] [ 67%] [32mBuilding CXX object CMakeFiles/pid_msg__rosidl_typesupport_c.dir/rosidl_typesupport_c/pid_msg/msg/pid_tune__type_support.cpp.o[0m
[11.222s] [ 70%] [32m[1mLinking CXX shared library libpid_msg__rosidl_typesupport_c.so[0m
[11.238s] [ 70%] Built target pid_msg__rosidl_typesupport_introspection_c
[11.307s] [ 70%] Built target pid_msg__rosidl_typesupport_c
[11.340s] [ 70%] Built target pid_msg
[11.372s] [ 74%] [34m[1mGenerating Python code for ROS interfaces[0m
[11.891s] [ 74%] Built target pid_msg__py
[11.925s] [ 77%] [32mBuilding C object CMakeFiles/pid_msg__rosidl_generator_py.dir/rosidl_generator_py/pid_msg/msg/_pid_tune_s.c.o[0m
[12.415s] [ 80%] [32m[1mLinking C shared library rosidl_generator_py/pid_msg/libpid_msg__rosidl_generator_py.so[0m
[12.511s] [ 80%] Built target pid_msg__rosidl_generator_py
[12.549s] [ 83%] [32mBuilding C object CMakeFiles/pid_msg__rosidl_typesupport_introspection_c__pyext.dir/rosidl_generator_py/pid_msg/_pid_msg_s.ep.rosidl_typesupport_introspection_c.c.o[0m
[12.555s] [ 90%] [32mBuilding C object CMakeFiles/pid_msg__rosidl_typesupport_fastrtps_c__pyext.dir/rosidl_generator_py/pid_msg/_pid_msg_s.ep.rosidl_typesupport_fastrtps_c.c.o[0m
[12.556s] [ 90%] [32mBuilding C object CMakeFiles/pid_msg__rosidl_typesupport_c__pyext.dir/rosidl_generator_py/pid_msg/_pid_msg_s.ep.rosidl_typesupport_c.c.o[0m
[12.723s] [ 93%] [32m[1mLinking C shared library rosidl_generator_py/pid_msg/pid_msg_s__rosidl_typesupport_introspection_c.cpython-310-x86_64-linux-gnu.so[0m
[12.788s] [ 93%] Built target pid_msg__rosidl_typesupport_introspection_c__pyext
[12.815s] [ 96%] [32m[1mLinking C shared library rosidl_generator_py/pid_msg/pid_msg_s__rosidl_typesupport_fastrtps_c.cpython-310-x86_64-linux-gnu.so[0m
[12.821s] [100%] [32m[1mLinking C shared library rosidl_generator_py/pid_msg/pid_msg_s__rosidl_typesupport_c.cpython-310-x86_64-linux-gnu.so[0m
[12.878s] [100%] Built target pid_msg__rosidl_typesupport_fastrtps_c__pyext
[12.887s] [100%] Built target pid_msg__rosidl_typesupport_c__pyext
[12.906s] Invoked command in '/home/sjm/pid_ws/build/pid_msg' returned '0': CMAKE_PREFIX_PATH=${CMAKE_PREFIX_PATH}:/home/sjm/lidar/install/robot_math:/home/sjm/turtlebot3_ws/install/turtlebot3_teleop:/home/sjm/turtlebot3_ws/install/turtlebot3_example:/opt/ros/humble /usr/bin/cmake --build /home/sjm/pid_ws/build/pid_msg -- -j4 -l4
[13.030s] Invoking command in '/home/sjm/pid_ws/build/pid_msg': CMAKE_PREFIX_PATH=${CMAKE_PREFIX_PATH}:/home/sjm/lidar/install/robot_math:/home/sjm/turtlebot3_ws/install/turtlebot3_teleop:/home/sjm/turtlebot3_ws/install/turtlebot3_example:/opt/ros/humble /usr/bin/cmake --install /home/sjm/pid_ws/build/pid_msg
[13.042s] -- Install configuration: ""
[13.042s] -- Installing: /home/sjm/pid_ws/install/pid_msg/share/ament_index/resource_index/rosidl_interfaces/pid_msg
[13.043s] -- Installing: /home/sjm/pid_ws/install/pid_msg/include/pid_msg/pid_msg
[13.043s] -- Installing: /home/sjm/pid_ws/install/pid_msg/include/pid_msg/pid_msg/msg
[13.043s] -- Installing: /home/sjm/pid_ws/install/pid_msg/include/pid_msg/pid_msg/msg/rosidl_generator_c__visibility_control.h
[13.044s] -- Installing: /home/sjm/pid_ws/install/pid_msg/include/pid_msg/pid_msg/msg/detail
[13.044s] -- Installing: /home/sjm/pid_ws/install/pid_msg/include/pid_msg/pid_msg/msg/detail/pid_tune__struct.h
[13.044s] -- Installing: /home/sjm/pid_ws/install/pid_msg/include/pid_msg/pid_msg/msg/detail/pid_tune__functions.h
[13.044s] -- Installing: /home/sjm/pid_ws/install/pid_msg/include/pid_msg/pid_msg/msg/detail/pid_tune__functions.c
[13.044s] -- Installing: /home/sjm/pid_ws/install/pid_msg/include/pid_msg/pid_msg/msg/detail/pid_tune__type_support.h
[13.044s] -- Installing: /home/sjm/pid_ws/install/pid_msg/include/pid_msg/pid_msg/msg/pid_tune.h
[13.045s] -- Installing: /home/sjm/pid_ws/install/pid_msg/share/pid_msg/environment/library_path.sh
[13.045s] -- Installing: /home/sjm/pid_ws/install/pid_msg/share/pid_msg/environment/library_path.dsv
[13.045s] -- Installing: /home/sjm/pid_ws/install/pid_msg/lib/libpid_msg__rosidl_generator_c.so
[13.047s] -- Set runtime path of "/home/sjm/pid_ws/install/pid_msg/lib/libpid_msg__rosidl_generator_c.so" to ""
[13.047s] -- Up-to-date: /home/sjm/pid_ws/install/pid_msg/include/pid_msg/pid_msg
[13.047s] -- Up-to-date: /home/sjm/pid_ws/install/pid_msg/include/pid_msg/pid_msg/msg
[13.047s] -- Installing: /home/sjm/pid_ws/install/pid_msg/include/pid_msg/pid_msg/msg/rosidl_typesupport_fastrtps_c__visibility_control.h
[13.048s] -- Up-to-date: /home/sjm/pid_ws/install/pid_msg/include/pid_msg/pid_msg/msg/detail
[13.048s] -- Installing: /home/sjm/pid_ws/install/pid_msg/include/pid_msg/pid_msg/msg/detail/pid_tune__rosidl_typesupport_fastrtps_c.h
[13.048s] -- Installing: /home/sjm/pid_ws/install/pid_msg/lib/libpid_msg__rosidl_typesupport_fastrtps_c.so
[13.048s] -- Set runtime path of "/home/sjm/pid_ws/install/pid_msg/lib/libpid_msg__rosidl_typesupport_fastrtps_c.so" to ""
[13.049s] -- Up-to-date: /home/sjm/pid_ws/install/pid_msg/include/pid_msg/pid_msg
[13.049s] -- Up-to-date: /home/sjm/pid_ws/install/pid_msg/include/pid_msg/pid_msg/msg
[13.049s] -- Installing: /home/sjm/pid_ws/install/pid_msg/include/pid_msg/pid_msg/msg/pid_tune.hpp
[13.049s] -- Up-to-date: /home/sjm/pid_ws/install/pid_msg/include/pid_msg/pid_msg/msg/detail
[13.050s] -- Installing: /home/sjm/pid_ws/install/pid_msg/include/pid_msg/pid_msg/msg/detail/pid_tune__traits.hpp
[13.050s] -- Installing: /home/sjm/pid_ws/install/pid_msg/include/pid_msg/pid_msg/msg/detail/pid_tune__builder.hpp
[13.050s] -- Installing: /home/sjm/pid_ws/install/pid_msg/include/pid_msg/pid_msg/msg/detail/pid_tune__struct.hpp
[13.050s] -- Up-to-date: /home/sjm/pid_ws/install/pid_msg/include/pid_msg/pid_msg
[13.051s] -- Up-to-date: /home/sjm/pid_ws/install/pid_msg/include/pid_msg/pid_msg/msg
[13.051s] -- Installing: /home/sjm/pid_ws/install/pid_msg/include/pid_msg/pid_msg/msg/rosidl_typesupport_fastrtps_cpp__visibility_control.h
[13.051s] -- Up-to-date: /home/sjm/pid_ws/install/pid_msg/include/pid_msg/pid_msg/msg/detail
[13.051s] -- Installing: /home/sjm/pid_ws/install/pid_msg/include/pid_msg/pid_msg/msg/detail/pid_tune__rosidl_typesupport_fastrtps_cpp.hpp
[13.052s] -- Installing: /home/sjm/pid_ws/install/pid_msg/include/pid_msg/pid_msg/msg/detail/dds_fastrtps
[13.052s] -- Installing: /home/sjm/pid_ws/install/pid_msg/lib/libpid_msg__rosidl_typesupport_fastrtps_cpp.so
[13.052s] -- Set runtime path of "/home/sjm/pid_ws/install/pid_msg/lib/libpid_msg__rosidl_typesupport_fastrtps_cpp.so" to ""
[13.053s] -- Up-to-date: /home/sjm/pid_ws/install/pid_msg/include/pid_msg/pid_msg
[13.053s] -- Up-to-date: /home/sjm/pid_ws/install/pid_msg/include/pid_msg/pid_msg/msg
[13.053s] -- Up-to-date: /home/sjm/pid_ws/install/pid_msg/include/pid_msg/pid_msg/msg/detail
[13.053s] -- Installing: /home/sjm/pid_ws/install/pid_msg/include/pid_msg/pid_msg/msg/detail/pid_tune__type_support.c
[13.054s] -- Installing: /home/sjm/pid_ws/install/pid_msg/include/pid_msg/pid_msg/msg/detail/pid_tune__rosidl_typesupport_introspection_c.h
[13.054s] -- Installing: /home/sjm/pid_ws/install/pid_msg/include/pid_msg/pid_msg/msg/rosidl_typesupport_introspection_c__visibility_control.h
[13.054s] -- Installing: /home/sjm/pid_ws/install/pid_msg/lib/libpid_msg__rosidl_typesupport_introspection_c.so
[13.054s] -- Set runtime path of "/home/sjm/pid_ws/install/pid_msg/lib/libpid_msg__rosidl_typesupport_introspection_c.so" to ""
[13.055s] -- Installing: /home/sjm/pid_ws/install/pid_msg/lib/libpid_msg__rosidl_typesupport_c.so
[13.055s] -- Set runtime path of "/home/sjm/pid_ws/install/pid_msg/lib/libpid_msg__rosidl_typesupport_c.so" to ""
[13.055s] -- Up-to-date: /home/sjm/pid_ws/install/pid_msg/include/pid_msg/pid_msg
[13.055s] -- Up-to-date: /home/sjm/pid_ws/install/pid_msg/include/pid_msg/pid_msg/msg
[13.056s] -- Up-to-date: /home/sjm/pid_ws/install/pid_msg/include/pid_msg/pid_msg/msg/detail
[13.056s] -- Installing: /home/sjm/pid_ws/install/pid_msg/include/pid_msg/pid_msg/msg/detail/pid_tune__type_support.cpp
[13.056s] -- Installing: /home/sjm/pid_ws/install/pid_msg/include/pid_msg/pid_msg/msg/detail/pid_tune__rosidl_typesupport_introspection_cpp.hpp
[13.056s] -- Installing: /home/sjm/pid_ws/install/pid_msg/lib/libpid_msg__rosidl_typesupport_introspection_cpp.so
[13.057s] -- Set runtime path of "/home/sjm/pid_ws/install/pid_msg/lib/libpid_msg__rosidl_typesupport_introspection_cpp.so" to ""
[13.057s] -- Installing: /home/sjm/pid_ws/install/pid_msg/lib/libpid_msg__rosidl_typesupport_cpp.so
[13.058s] -- Set runtime path of "/home/sjm/pid_ws/install/pid_msg/lib/libpid_msg__rosidl_typesupport_cpp.so" to ""
[13.058s] -- Installing: /home/sjm/pid_ws/install/pid_msg/share/pid_msg/environment/pythonpath.sh
[13.058s] -- Installing: /home/sjm/pid_ws/install/pid_msg/share/pid_msg/environment/pythonpath.dsv
[13.058s] -- Installing: /home/sjm/pid_ws/install/pid_msg/local/lib/python3.10/dist-packages/pid_msg-0.0.0-py3.10.egg-info
[13.059s] -- Installing: /home/sjm/pid_ws/install/pid_msg/local/lib/python3.10/dist-packages/pid_msg-0.0.0-py3.10.egg-info/SOURCES.txt
[13.059s] -- Installing: /home/sjm/pid_ws/install/pid_msg/local/lib/python3.10/dist-packages/pid_msg-0.0.0-py3.10.egg-info/PKG-INFO
[13.059s] -- Installing: /home/sjm/pid_ws/install/pid_msg/local/lib/python3.10/dist-packages/pid_msg-0.0.0-py3.10.egg-info/top_level.txt
[13.059s] -- Installing: /home/sjm/pid_ws/install/pid_msg/local/lib/python3.10/dist-packages/pid_msg-0.0.0-py3.10.egg-info/dependency_links.txt
[13.060s] -- Installing: /home/sjm/pid_ws/install/pid_msg/local/lib/python3.10/dist-packages/pid_msg
[13.060s] -- Installing: /home/sjm/pid_ws/install/pid_msg/local/lib/python3.10/dist-packages/pid_msg/pid_msg_s__rosidl_typesupport_introspection_c.cpython-310-x86_64-linux-gnu.so
[13.060s] -- Installing: /home/sjm/pid_ws/install/pid_msg/local/lib/python3.10/dist-packages/pid_msg/pid_msg_s__rosidl_typesupport_c.cpython-310-x86_64-linux-gnu.so
[13.061s] -- Installing: /home/sjm/pid_ws/install/pid_msg/local/lib/python3.10/dist-packages/pid_msg/_pid_msg_s.ep.rosidl_typesupport_introspection_c.c
[13.061s] -- Installing: /home/sjm/pid_ws/install/pid_msg/local/lib/python3.10/dist-packages/pid_msg/_pid_msg_s.ep.rosidl_typesupport_fastrtps_c.c
[13.061s] -- Installing: /home/sjm/pid_ws/install/pid_msg/local/lib/python3.10/dist-packages/pid_msg/msg
[13.062s] -- Installing: /home/sjm/pid_ws/install/pid_msg/local/lib/python3.10/dist-packages/pid_msg/msg/_pid_tune.py
[13.062s] -- Installing: /home/sjm/pid_ws/install/pid_msg/local/lib/python3.10/dist-packages/pid_msg/msg/_pid_tune_s.c
[13.062s] -- Installing: /home/sjm/pid_ws/install/pid_msg/local/lib/python3.10/dist-packages/pid_msg/msg/__init__.py
[13.062s] -- Installing: /home/sjm/pid_ws/install/pid_msg/local/lib/python3.10/dist-packages/pid_msg/_pid_msg_s.ep.rosidl_typesupport_c.c
[13.063s] -- Installing: /home/sjm/pid_ws/install/pid_msg/local/lib/python3.10/dist-packages/pid_msg/pid_msg_s__rosidl_typesupport_fastrtps_c.cpython-310-x86_64-linux-gnu.so
[13.063s] -- Installing: /home/sjm/pid_ws/install/pid_msg/local/lib/python3.10/dist-packages/pid_msg/libpid_msg__rosidl_generator_py.so
[13.063s] -- Installing: /home/sjm/pid_ws/install/pid_msg/local/lib/python3.10/dist-packages/pid_msg/__init__.py
[13.150s] Listing '/home/sjm/pid_ws/install/pid_msg/local/lib/python3.10/dist-packages/pid_msg'...
[13.150s] Compiling '/home/sjm/pid_ws/install/pid_msg/local/lib/python3.10/dist-packages/pid_msg/__init__.py'...
[13.150s] Listing '/home/sjm/pid_ws/install/pid_msg/local/lib/python3.10/dist-packages/pid_msg/msg'...
[13.150s] Compiling '/home/sjm/pid_ws/install/pid_msg/local/lib/python3.10/dist-packages/pid_msg/msg/__init__.py'...
[13.151s] Compiling '/home/sjm/pid_ws/install/pid_msg/local/lib/python3.10/dist-packages/pid_msg/msg/_pid_tune.py'...
[13.158s] -- Installing: /home/sjm/pid_ws/install/pid_msg/local/lib/python3.10/dist-packages/pid_msg/pid_msg_s__rosidl_typesupport_fastrtps_c.cpython-310-x86_64-linux-gnu.so
[13.158s] -- Set runtime path of "/home/sjm/pid_ws/install/pid_msg/local/lib/python3.10/dist-packages/pid_msg/pid_msg_s__rosidl_typesupport_fastrtps_c.cpython-310-x86_64-linux-gnu.so" to ""
[13.159s] -- Installing: /home/sjm/pid_ws/install/pid_msg/local/lib/python3.10/dist-packages/pid_msg/pid_msg_s__rosidl_typesupport_introspection_c.cpython-310-x86_64-linux-gnu.so
[13.159s] -- Set runtime path of "/home/sjm/pid_ws/install/pid_msg/local/lib/python3.10/dist-packages/pid_msg/pid_msg_s__rosidl_typesupport_introspection_c.cpython-310-x86_64-linux-gnu.so" to ""
[13.160s] -- Installing: /home/sjm/pid_ws/install/pid_msg/local/lib/python3.10/dist-packages/pid_msg/pid_msg_s__rosidl_typesupport_c.cpython-310-x86_64-linux-gnu.so
[13.161s] -- Set runtime path of "/home/sjm/pid_ws/install/pid_msg/local/lib/python3.10/dist-packages/pid_msg/pid_msg_s__rosidl_typesupport_c.cpython-310-x86_64-linux-gnu.so" to ""
[13.161s] -- Installing: /home/sjm/pid_ws/install/pid_msg/lib/libpid_msg__rosidl_generator_py.so
[13.162s] -- Set runtime path of "/home/sjm/pid_ws/install/pid_msg/lib/libpid_msg__rosidl_generator_py.so" to ""
[13.162s] -- Installing: /home/sjm/pid_ws/install/pid_msg/share/pid_msg/msg/PidTune.idl
[13.162s] -- Installing: /home/sjm/pid_ws/install/pid_msg/share/pid_msg/msg/PidTune.msg
[13.163s] -- Installing: /home/sjm/pid_ws/install/pid_msg/share/ament_index/resource_index/package_run_dependencies/pid_msg
[13.163s] -- Installing: /home/sjm/pid_ws/install/pid_msg/share/ament_index/resource_index/parent_prefix_path/pid_msg
[13.163s] -- Installing: /home/sjm/pid_ws/install/pid_msg/share/pid_msg/environment/ament_prefix_path.sh
[13.163s] -- Installing: /home/sjm/pid_ws/install/pid_msg/share/pid_msg/environment/ament_prefix_path.dsv
[13.164s] -- Installing: /home/sjm/pid_ws/install/pid_msg/share/pid_msg/environment/path.sh
[13.164s] -- Installing: /home/sjm/pid_ws/install/pid_msg/share/pid_msg/environment/path.dsv
[13.164s] -- Installing: /home/sjm/pid_ws/install/pid_msg/share/pid_msg/local_setup.bash
[13.165s] -- Installing: /home/sjm/pid_ws/install/pid_msg/share/pid_msg/local_setup.sh
[13.165s] -- Installing: /home/sjm/pid_ws/install/pid_msg/share/pid_msg/local_setup.zsh
[13.165s] -- Installing: /home/sjm/pid_ws/install/pid_msg/share/pid_msg/local_setup.dsv
[13.166s] -- Installing: /home/sjm/pid_ws/install/pid_msg/share/pid_msg/package.dsv
[13.166s] -- Installing: /home/sjm/pid_ws/install/pid_msg/share/ament_index/resource_index/packages/pid_msg
[13.166s] -- Installing: /home/sjm/pid_ws/install/pid_msg/share/pid_msg/cmake/export_pid_msg__rosidl_generator_cExport.cmake
[13.166s] -- Installing: /home/sjm/pid_ws/install/pid_msg/share/pid_msg/cmake/export_pid_msg__rosidl_generator_cExport-noconfig.cmake
[13.167s] -- Installing: /home/sjm/pid_ws/install/pid_msg/share/pid_msg/cmake/export_pid_msg__rosidl_typesupport_fastrtps_cExport.cmake
[13.167s] -- Installing: /home/sjm/pid_ws/install/pid_msg/share/pid_msg/cmake/export_pid_msg__rosidl_typesupport_fastrtps_cExport-noconfig.cmake
[13.167s] -- Installing: /home/sjm/pid_ws/install/pid_msg/share/pid_msg/cmake/export_pid_msg__rosidl_generator_cppExport.cmake
[13.167s] -- Installing: /home/sjm/pid_ws/install/pid_msg/share/pid_msg/cmake/export_pid_msg__rosidl_typesupport_fastrtps_cppExport.cmake
[13.168s] -- Installing: /home/sjm/pid_ws/install/pid_msg/share/pid_msg/cmake/export_pid_msg__rosidl_typesupport_fastrtps_cppExport-noconfig.cmake
[13.168s] -- Installing: /home/sjm/pid_ws/install/pid_msg/share/pid_msg/cmake/pid_msg__rosidl_typesupport_introspection_cExport.cmake
[13.168s] -- Installing: /home/sjm/pid_ws/install/pid_msg/share/pid_msg/cmake/pid_msg__rosidl_typesupport_introspection_cExport-noconfig.cmake
[13.168s] -- Installing: /home/sjm/pid_ws/install/pid_msg/share/pid_msg/cmake/pid_msg__rosidl_typesupport_cExport.cmake
[13.169s] -- Installing: /home/sjm/pid_ws/install/pid_msg/share/pid_msg/cmake/pid_msg__rosidl_typesupport_cExport-noconfig.cmake
[13.169s] -- Installing: /home/sjm/pid_ws/install/pid_msg/share/pid_msg/cmake/pid_msg__rosidl_typesupport_introspection_cppExport.cmake
[13.169s] -- Installing: /home/sjm/pid_ws/install/pid_msg/share/pid_msg/cmake/pid_msg__rosidl_typesupport_introspection_cppExport-noconfig.cmake
[13.169s] -- Installing: /home/sjm/pid_ws/install/pid_msg/share/pid_msg/cmake/pid_msg__rosidl_typesupport_cppExport.cmake
[13.170s] -- Installing: /home/sjm/pid_ws/install/pid_msg/share/pid_msg/cmake/pid_msg__rosidl_typesupport_cppExport-noconfig.cmake
[13.170s] -- Installing: /home/sjm/pid_ws/install/pid_msg/share/pid_msg/cmake/export_pid_msg__rosidl_generator_pyExport.cmake
[13.170s] -- Installing: /home/sjm/pid_ws/install/pid_msg/share/pid_msg/cmake/export_pid_msg__rosidl_generator_pyExport-noconfig.cmake
[13.170s] -- Installing: /home/sjm/pid_ws/install/pid_msg/share/pid_msg/cmake/rosidl_cmake-extras.cmake
[13.171s] -- Installing: /home/sjm/pid_ws/install/pid_msg/share/pid_msg/cmake/ament_cmake_export_dependencies-extras.cmake
[13.171s] -- Installing: /home/sjm/pid_ws/install/pid_msg/share/pid_msg/cmake/ament_cmake_export_include_directories-extras.cmake
[13.171s] -- Installing: /home/sjm/pid_ws/install/pid_msg/share/pid_msg/cmake/ament_cmake_export_libraries-extras.cmake
[13.171s] -- Installing: /home/sjm/pid_ws/install/pid_msg/share/pid_msg/cmake/ament_cmake_export_targets-extras.cmake
[13.172s] -- Installing: /home/sjm/pid_ws/install/pid_msg/share/pid_msg/cmake/rosidl_cmake_export_typesupport_targets-extras.cmake
[13.172s] -- Installing: /home/sjm/pid_ws/install/pid_msg/share/pid_msg/cmake/rosidl_cmake_export_typesupport_libraries-extras.cmake
[13.172s] -- Installing: /home/sjm/pid_ws/install/pid_msg/share/pid_msg/cmake/pid_msgConfig.cmake
[13.172s] -- Installing: /home/sjm/pid_ws/install/pid_msg/share/pid_msg/cmake/pid_msgConfig-version.cmake
[13.173s] -- Installing: /home/sjm/pid_ws/install/pid_msg/share/pid_msg/package.xml
[13.176s] Invoked command in '/home/sjm/pid_ws/build/pid_msg' returned '0': CMAKE_PREFIX_PATH=${CMAKE_PREFIX_PATH}:/home/sjm/lidar/install/robot_math:/home/sjm/turtlebot3_ws/install/turtlebot3_teleop:/home/sjm/turtlebot3_ws/install/turtlebot3_example:/opt/ros/humble /usr/bin/cmake --install /home/sjm/pid_ws/build/pid_msg
