[0.169s] Invoking command in '/home/sjm/pid_ws/build/pid_tune': AMENT_PREFIX_PATH=/home/sjm/pid_ws/install/pid_msg:${AMENT_PREFIX_PATH} CMAKE_PREFIX_PATH=/home/sjm/pid_ws/install/pid_msg:/home/sjm/microros_ws/install/micro_ros_setup:/home/sjm/lidar/install/turtlebot3_gazebo:/home/sjm/lidar/install/rplidar_ros:/home/sjm/lidar/install/point_cloud_perception:/home/sjm/lidar/install/nodes:/home/sjm/lidar/install/navigation_tb3:/home/sjm/turtlebot3_ws/install/turtlebot3:/home/sjm/turtlebot3_ws/install/turtlebot3_simulations:/home/sjm/turtlebot3_ws/install/turtlebot3_bringup:/home/sjm/turtlebot3_ws/install/turtlebot3_node:/home/sjm/turtlebot3_ws/install/turtlebot3_navigation2:/home/sjm/turtlebot3_ws/install/turtlebot3_fake_node:/home/sjm/turtlebot3_ws/install/turtlebot3_msgs:/home/sjm/turtlebot3_ws/install/turtlebot3_gazebo:/home/sjm/turtlebot3_ws/install/turtlebot3_description:/home/sjm/turtlebot3_ws/install/turtlebot3_cartographer:/home/sjm/turtlebot3_ws/install/dynamixel_sdk_examples:/home/sjm/turtlebot3_ws/install/dynamixel_sdk_custom_interfaces:/home/sjm/turtlebot3_ws/install/dynamixel_sdk:/home/sjm/lidar/install/robot_math:/home/sjm/turtlebot3_ws/install/turtlebot3_teleop:/home/sjm/turtlebot3_ws/install/turtlebot3_example:/opt/ros/humble LD_LIBRARY_PATH=/home/sjm/pid_ws/install/pid_msg/lib:${LD_LIBRARY_PATH} PYTHONPATH=/home/sjm/pid_ws/install/pid_msg/local/lib/python3.10/dist-packages:${PYTHONPATH} /usr/bin/cmake /home/sjm/pid_ws/src/pid_tune/pid_tune -DCMAKE_INSTALL_PREFIX=/home/sjm/pid_ws/install/pid_tune
[0.255s] -- The C compiler identification is GNU 11.4.0
[0.346s] -- The CXX compiler identification is GNU 11.4.0
[0.358s] -- Detecting C compiler ABI info
[0.467s] -- Detecting C compiler ABI info - done
[0.478s] -- Check for working C compiler: /usr/bin/cc - skipped
[0.478s] -- Detecting C compile features
[0.479s] -- Detecting C compile features - done
[0.484s] -- Detecting CXX compiler ABI info
[0.611s] -- Detecting CXX compiler ABI info - done
[0.622s] -- Check for working CXX compiler: /usr/bin/c++ - skipped
[0.623s] -- Detecting CXX compile features
[0.623s] -- Detecting CXX compile features - done
[0.631s] -- Found ament_cmake: 1.3.8 (/opt/ros/humble/share/ament_cmake/cmake)
[0.891s] -- Found Python3: /usr/bin/python3 (found version "3.10.12") found components: Interpreter 
[1.127s] -- Found rclpy: 3.3.12 (/opt/ros/humble/share/rclpy/cmake)
[1.128s] -- Found pid_msg: 0.0.0 (/home/sjm/pid_ws/install/pid_msg/share/pid_msg/cmake)
[1.231s] -- Found rosidl_generator_c: 3.1.5 (/opt/ros/humble/share/rosidl_generator_c/cmake)
[1.247s] -- Found rosidl_adapter: 3.1.5 (/opt/ros/humble/share/rosidl_adapter/cmake)
[1.268s] -- Found rosidl_generator_cpp: 3.1.5 (/opt/ros/humble/share/rosidl_generator_cpp/cmake)
[1.299s] -- Using all available rosidl_typesupport_c: rosidl_typesupport_fastrtps_c;rosidl_typesupport_introspection_c
[1.344s] -- Using all available rosidl_typesupport_cpp: rosidl_typesupport_fastrtps_cpp;rosidl_typesupport_introspection_cpp
[1.540s] -- Found ament_lint_auto: 0.12.10 (/opt/ros/humble/share/ament_lint_auto/cmake)
[1.706s] -- Added test 'copyright' to check source files copyright and LICENSE
[1.710s] -- Added test 'flake8' to check Python code syntax and style conventions
[1.712s] -- Added test 'lint_cmake' to check CMake code style
[1.713s] -- Added test 'pep257' to check Python code against some of the docstring style conventions in PEP 257
[1.716s] -- Added test 'xmllint' to check XML markup files
[1.719s] -- Configuring done
[1.725s] -- Generating done
[1.726s] -- Build files have been written to: /home/sjm/pid_ws/build/pid_tune
[1.736s] Invoked command in '/home/sjm/pid_ws/build/pid_tune' returned '0': AMENT_PREFIX_PATH=/home/sjm/pid_ws/install/pid_msg:${AMENT_PREFIX_PATH} CMAKE_PREFIX_PATH=/home/sjm/pid_ws/install/pid_msg:/home/sjm/microros_ws/install/micro_ros_setup:/home/sjm/lidar/install/turtlebot3_gazebo:/home/sjm/lidar/install/rplidar_ros:/home/sjm/lidar/install/point_cloud_perception:/home/sjm/lidar/install/nodes:/home/sjm/lidar/install/navigation_tb3:/home/sjm/turtlebot3_ws/install/turtlebot3:/home/sjm/turtlebot3_ws/install/turtlebot3_simulations:/home/sjm/turtlebot3_ws/install/turtlebot3_bringup:/home/sjm/turtlebot3_ws/install/turtlebot3_node:/home/sjm/turtlebot3_ws/install/turtlebot3_navigation2:/home/sjm/turtlebot3_ws/install/turtlebot3_fake_node:/home/sjm/turtlebot3_ws/install/turtlebot3_msgs:/home/sjm/turtlebot3_ws/install/turtlebot3_gazebo:/home/sjm/turtlebot3_ws/install/turtlebot3_description:/home/sjm/turtlebot3_ws/install/turtlebot3_cartographer:/home/sjm/turtlebot3_ws/install/dynamixel_sdk_examples:/home/sjm/turtlebot3_ws/install/dynamixel_sdk_custom_interfaces:/home/sjm/turtlebot3_ws/install/dynamixel_sdk:/home/sjm/lidar/install/robot_math:/home/sjm/turtlebot3_ws/install/turtlebot3_teleop:/home/sjm/turtlebot3_ws/install/turtlebot3_example:/opt/ros/humble LD_LIBRARY_PATH=/home/sjm/pid_ws/install/pid_msg/lib:${LD_LIBRARY_PATH} PYTHONPATH=/home/sjm/pid_ws/install/pid_msg/local/lib/python3.10/dist-packages:${PYTHONPATH} /usr/bin/cmake /home/sjm/pid_ws/src/pid_tune/pid_tune -DCMAKE_INSTALL_PREFIX=/home/sjm/pid_ws/install/pid_tune
[1.739s] Invoking command in '/home/sjm/pid_ws/build/pid_tune': AMENT_PREFIX_PATH=/home/sjm/pid_ws/install/pid_msg:${AMENT_PREFIX_PATH} CMAKE_PREFIX_PATH=/home/sjm/pid_ws/install/pid_msg:/home/sjm/microros_ws/install/micro_ros_setup:/home/sjm/lidar/install/turtlebot3_gazebo:/home/sjm/lidar/install/rplidar_ros:/home/sjm/lidar/install/point_cloud_perception:/home/sjm/lidar/install/nodes:/home/sjm/lidar/install/navigation_tb3:/home/sjm/turtlebot3_ws/install/turtlebot3:/home/sjm/turtlebot3_ws/install/turtlebot3_simulations:/home/sjm/turtlebot3_ws/install/turtlebot3_bringup:/home/sjm/turtlebot3_ws/install/turtlebot3_node:/home/sjm/turtlebot3_ws/install/turtlebot3_navigation2:/home/sjm/turtlebot3_ws/install/turtlebot3_fake_node:/home/sjm/turtlebot3_ws/install/turtlebot3_msgs:/home/sjm/turtlebot3_ws/install/turtlebot3_gazebo:/home/sjm/turtlebot3_ws/install/turtlebot3_description:/home/sjm/turtlebot3_ws/install/turtlebot3_cartographer:/home/sjm/turtlebot3_ws/install/dynamixel_sdk_examples:/home/sjm/turtlebot3_ws/install/dynamixel_sdk_custom_interfaces:/home/sjm/turtlebot3_ws/install/dynamixel_sdk:/home/sjm/lidar/install/robot_math:/home/sjm/turtlebot3_ws/install/turtlebot3_teleop:/home/sjm/turtlebot3_ws/install/turtlebot3_example:/opt/ros/humble LD_LIBRARY_PATH=/home/sjm/pid_ws/install/pid_msg/lib:${LD_LIBRARY_PATH} PYTHONPATH=/home/sjm/pid_ws/install/pid_msg/local/lib/python3.10/dist-packages:${PYTHONPATH} /usr/bin/cmake --build /home/sjm/pid_ws/build/pid_tune -- -j4 -l4
[1.802s] Invoked command in '/home/sjm/pid_ws/build/pid_tune' returned '0': AMENT_PREFIX_PATH=/home/sjm/pid_ws/install/pid_msg:${AMENT_PREFIX_PATH} CMAKE_PREFIX_PATH=/home/sjm/pid_ws/install/pid_msg:/home/sjm/microros_ws/install/micro_ros_setup:/home/sjm/lidar/install/turtlebot3_gazebo:/home/sjm/lidar/install/rplidar_ros:/home/sjm/lidar/install/point_cloud_perception:/home/sjm/lidar/install/nodes:/home/sjm/lidar/install/navigation_tb3:/home/sjm/turtlebot3_ws/install/turtlebot3:/home/sjm/turtlebot3_ws/install/turtlebot3_simulations:/home/sjm/turtlebot3_ws/install/turtlebot3_bringup:/home/sjm/turtlebot3_ws/install/turtlebot3_node:/home/sjm/turtlebot3_ws/install/turtlebot3_navigation2:/home/sjm/turtlebot3_ws/install/turtlebot3_fake_node:/home/sjm/turtlebot3_ws/install/turtlebot3_msgs:/home/sjm/turtlebot3_ws/install/turtlebot3_gazebo:/home/sjm/turtlebot3_ws/install/turtlebot3_description:/home/sjm/turtlebot3_ws/install/turtlebot3_cartographer:/home/sjm/turtlebot3_ws/install/dynamixel_sdk_examples:/home/sjm/turtlebot3_ws/install/dynamixel_sdk_custom_interfaces:/home/sjm/turtlebot3_ws/install/dynamixel_sdk:/home/sjm/lidar/install/robot_math:/home/sjm/turtlebot3_ws/install/turtlebot3_teleop:/home/sjm/turtlebot3_ws/install/turtlebot3_example:/opt/ros/humble LD_LIBRARY_PATH=/home/sjm/pid_ws/install/pid_msg/lib:${LD_LIBRARY_PATH} PYTHONPATH=/home/sjm/pid_ws/install/pid_msg/local/lib/python3.10/dist-packages:${PYTHONPATH} /usr/bin/cmake --build /home/sjm/pid_ws/build/pid_tune -- -j4 -l4
[1.841s] Invoking command in '/home/sjm/pid_ws/build/pid_tune': AMENT_PREFIX_PATH=/home/sjm/pid_ws/install/pid_msg:${AMENT_PREFIX_PATH} CMAKE_PREFIX_PATH=/home/sjm/pid_ws/install/pid_msg:/home/sjm/microros_ws/install/micro_ros_setup:/home/sjm/lidar/install/turtlebot3_gazebo:/home/sjm/lidar/install/rplidar_ros:/home/sjm/lidar/install/point_cloud_perception:/home/sjm/lidar/install/nodes:/home/sjm/lidar/install/navigation_tb3:/home/sjm/turtlebot3_ws/install/turtlebot3:/home/sjm/turtlebot3_ws/install/turtlebot3_simulations:/home/sjm/turtlebot3_ws/install/turtlebot3_bringup:/home/sjm/turtlebot3_ws/install/turtlebot3_node:/home/sjm/turtlebot3_ws/install/turtlebot3_navigation2:/home/sjm/turtlebot3_ws/install/turtlebot3_fake_node:/home/sjm/turtlebot3_ws/install/turtlebot3_msgs:/home/sjm/turtlebot3_ws/install/turtlebot3_gazebo:/home/sjm/turtlebot3_ws/install/turtlebot3_description:/home/sjm/turtlebot3_ws/install/turtlebot3_cartographer:/home/sjm/turtlebot3_ws/install/dynamixel_sdk_examples:/home/sjm/turtlebot3_ws/install/dynamixel_sdk_custom_interfaces:/home/sjm/turtlebot3_ws/install/dynamixel_sdk:/home/sjm/lidar/install/robot_math:/home/sjm/turtlebot3_ws/install/turtlebot3_teleop:/home/sjm/turtlebot3_ws/install/turtlebot3_example:/opt/ros/humble LD_LIBRARY_PATH=/home/sjm/pid_ws/install/pid_msg/lib:${LD_LIBRARY_PATH} PYTHONPATH=/home/sjm/pid_ws/install/pid_msg/local/lib/python3.10/dist-packages:${PYTHONPATH} /usr/bin/cmake --install /home/sjm/pid_ws/build/pid_tune
[1.853s] -- Install configuration: ""
[1.853s] -- Installing: /home/sjm/pid_ws/install/pid_tune/lib/pid_tune/pid_tune_differential.py
[1.853s] -- Installing: /home/sjm/pid_ws/install/pid_tune/lib/pid_tune/pid_tune_drone.py
[1.854s] -- Installing: /home/sjm/pid_ws/install/pid_tune/share/pid_tune//launch
[1.854s] -- Installing: /home/sjm/pid_ws/install/pid_tune/share/pid_tune//launch/pid_tune_drone.launch.py
[1.854s] -- Installing: /home/sjm/pid_ws/install/pid_tune/share/pid_tune//launch/pid_tune_diff.launch.py
[1.854s] -- Installing: /home/sjm/pid_ws/install/pid_tune/share/ament_index/resource_index/package_run_dependencies/pid_tune
[1.854s] -- Installing: /home/sjm/pid_ws/install/pid_tune/share/ament_index/resource_index/parent_prefix_path/pid_tune
[1.855s] -- Installing: /home/sjm/pid_ws/install/pid_tune/share/pid_tune/environment/ament_prefix_path.sh
[1.855s] -- Installing: /home/sjm/pid_ws/install/pid_tune/share/pid_tune/environment/ament_prefix_path.dsv
[1.855s] -- Installing: /home/sjm/pid_ws/install/pid_tune/share/pid_tune/environment/path.sh
[1.856s] -- Installing: /home/sjm/pid_ws/install/pid_tune/share/pid_tune/environment/path.dsv
[1.856s] -- Installing: /home/sjm/pid_ws/install/pid_tune/share/pid_tune/local_setup.bash
[1.856s] -- Installing: /home/sjm/pid_ws/install/pid_tune/share/pid_tune/local_setup.sh
[1.856s] -- Installing: /home/sjm/pid_ws/install/pid_tune/share/pid_tune/local_setup.zsh
[1.857s] -- Installing: /home/sjm/pid_ws/install/pid_tune/share/pid_tune/local_setup.dsv
[1.857s] -- Installing: /home/sjm/pid_ws/install/pid_tune/share/pid_tune/package.dsv
[1.857s] -- Installing: /home/sjm/pid_ws/install/pid_tune/share/ament_index/resource_index/packages/pid_tune
[1.857s] -- Installing: /home/sjm/pid_ws/install/pid_tune/share/pid_tune/cmake/pid_tuneConfig.cmake
[1.858s] -- Installing: /home/sjm/pid_ws/install/pid_tune/share/pid_tune/cmake/pid_tuneConfig-version.cmake
[1.858s] -- Installing: /home/sjm/pid_ws/install/pid_tune/share/pid_tune/package.xml
[1.861s] Invoked command in '/home/sjm/pid_ws/build/pid_tune' returned '0': AMENT_PREFIX_PATH=/home/sjm/pid_ws/install/pid_msg:${AMENT_PREFIX_PATH} CMAKE_PREFIX_PATH=/home/sjm/pid_ws/install/pid_msg:/home/sjm/microros_ws/install/micro_ros_setup:/home/sjm/lidar/install/turtlebot3_gazebo:/home/sjm/lidar/install/rplidar_ros:/home/sjm/lidar/install/point_cloud_perception:/home/sjm/lidar/install/nodes:/home/sjm/lidar/install/navigation_tb3:/home/sjm/turtlebot3_ws/install/turtlebot3:/home/sjm/turtlebot3_ws/install/turtlebot3_simulations:/home/sjm/turtlebot3_ws/install/turtlebot3_bringup:/home/sjm/turtlebot3_ws/install/turtlebot3_node:/home/sjm/turtlebot3_ws/install/turtlebot3_navigation2:/home/sjm/turtlebot3_ws/install/turtlebot3_fake_node:/home/sjm/turtlebot3_ws/install/turtlebot3_msgs:/home/sjm/turtlebot3_ws/install/turtlebot3_gazebo:/home/sjm/turtlebot3_ws/install/turtlebot3_description:/home/sjm/turtlebot3_ws/install/turtlebot3_cartographer:/home/sjm/turtlebot3_ws/install/dynamixel_sdk_examples:/home/sjm/turtlebot3_ws/install/dynamixel_sdk_custom_interfaces:/home/sjm/turtlebot3_ws/install/dynamixel_sdk:/home/sjm/lidar/install/robot_math:/home/sjm/turtlebot3_ws/install/turtlebot3_teleop:/home/sjm/turtlebot3_ws/install/turtlebot3_example:/opt/ros/humble LD_LIBRARY_PATH=/home/sjm/pid_ws/install/pid_msg/lib:${LD_LIBRARY_PATH} PYTHONPATH=/home/sjm/pid_ws/install/pid_msg/local/lib/python3.10/dist-packages:${PYTHONPATH} /usr/bin/cmake --install /home/sjm/pid_ws/build/pid_tune
