[1.743s] DEBUG:colcon:Command line arguments: ['/usr/bin/colcon', 'build']
[1.743s] DEBUG:colcon:Parsed command line arguments: Namespace(log_base=None, log_level=None, verb_name='build', build_base='build', install_base='install', merge_install=False, symlink_install=False, test_result_base=None, continue_on_error=False, executor='parallel', parallel_workers=4, event_handlers=None, ignore_user_meta=False, metas=['./colcon.meta'], base_paths=['.'], packages_ignore=None, packages_ignore_regex=None, paths=None, packages_up_to=None, packages_up_to_regex=None, packages_above=None, packages_above_and_dependencies=None, packages_above_depth=None, packages_select_by_dep=None, packages_skip_by_dep=None, packages_skip_up_to=None, packages_select_build_failed=False, packages_skip_build_finished=False, packages_select_test_failures=False, packages_skip_test_passed=False, packages_select=None, packages_skip=None, packages_select_regex=None, packages_skip_regex=None, packages_start=None, packages_end=None, allow_overriding=[], cmake_args=None, cmake_target=None, cmake_target_skip_unavailable=False, cmake_clean_cache=False, cmake_clean_first=False, cmake_force_configure=False, ament_cmake_args=None, catkin_cmake_args=None, catkin_skip_building_tests=False, verb_parser=<colcon_defaults.argument_parser.defaults.DefaultArgumentsDecorator object at 0x7ede8df78910>, verb_extension=<colcon_core.verb.build.BuildVerb object at 0x7ede8df358d0>, main=<bound method BuildVerb.main of <colcon_core.verb.build.BuildVerb object at 0x7ede8df358d0>>)
[1.844s] Level 1:colcon.colcon_core.package_discovery:discover_packages(colcon_meta) check parameters
[1.844s] Level 1:colcon.colcon_core.package_discovery:discover_packages(recursive) check parameters
[1.844s] Level 1:colcon.colcon_core.package_discovery:discover_packages(ignore) check parameters
[1.844s] Level 1:colcon.colcon_core.package_discovery:discover_packages(path) check parameters
[1.844s] Level 1:colcon.colcon_core.package_discovery:discover_packages(colcon_meta) discover
[1.844s] Level 1:colcon.colcon_core.package_discovery:discover_packages(recursive) discover
[1.844s] INFO:colcon.colcon_core.package_discovery:Crawling recursively for packages in '/home/sjm/pid_ws'
[1.844s] Level 1:colcon.colcon_core.package_identification:_identify(.) by extensions ['ignore', 'ignore_ament_install']
[1.844s] Level 1:colcon.colcon_core.package_identification:_identify(.) by extension 'ignore'
[1.845s] Level 1:colcon.colcon_core.package_identification:_identify(.) by extension 'ignore_ament_install'
[1.845s] Level 1:colcon.colcon_core.package_identification:_identify(.) by extensions ['colcon_pkg']
[1.845s] Level 1:colcon.colcon_core.package_identification:_identify(.) by extension 'colcon_pkg'
[1.845s] Level 1:colcon.colcon_core.package_identification:_identify(.) by extensions ['colcon_meta']
[1.845s] Level 1:colcon.colcon_core.package_identification:_identify(.) by extension 'colcon_meta'
[1.845s] Level 1:colcon.colcon_core.package_identification:_identify(.) by extensions ['ros']
[1.845s] Level 1:colcon.colcon_core.package_identification:_identify(.) by extension 'ros'
[1.864s] Level 1:colcon.colcon_core.package_identification:_identify(.) by extensions ['cmake', 'python']
[1.864s] Level 1:colcon.colcon_core.package_identification:_identify(.) by extension 'cmake'
[1.864s] Level 1:colcon.colcon_core.package_identification:_identify(.) by extension 'python'
[1.864s] Level 1:colcon.colcon_core.package_identification:_identify(.) by extensions ['python_setup_py']
[1.864s] Level 1:colcon.colcon_core.package_identification:_identify(.) by extension 'python_setup_py'
[1.864s] Level 1:colcon.colcon_core.package_identification:_identify(build) by extensions ['ignore', 'ignore_ament_install']
[1.864s] Level 1:colcon.colcon_core.package_identification:_identify(build) by extension 'ignore'
[1.865s] Level 1:colcon.colcon_core.package_identification:_identify(build) ignored
[1.865s] Level 1:colcon.colcon_core.package_identification:_identify(install) by extensions ['ignore', 'ignore_ament_install']
[1.865s] Level 1:colcon.colcon_core.package_identification:_identify(install) by extension 'ignore'
[1.865s] Level 1:colcon.colcon_core.package_identification:_identify(install) ignored
[1.865s] Level 1:colcon.colcon_core.package_identification:_identify(log) by extensions ['ignore', 'ignore_ament_install']
[1.865s] Level 1:colcon.colcon_core.package_identification:_identify(log) by extension 'ignore'
[1.865s] Level 1:colcon.colcon_core.package_identification:_identify(log) ignored
[1.865s] Level 1:colcon.colcon_core.package_identification:_identify(src) by extensions ['ignore', 'ignore_ament_install']
[1.866s] Level 1:colcon.colcon_core.package_identification:_identify(src) by extension 'ignore'
[1.866s] Level 1:colcon.colcon_core.package_identification:_identify(src) by extension 'ignore_ament_install'
[1.866s] Level 1:colcon.colcon_core.package_identification:_identify(src) by extensions ['colcon_pkg']
[1.866s] Level 1:colcon.colcon_core.package_identification:_identify(src) by extension 'colcon_pkg'
[1.866s] Level 1:colcon.colcon_core.package_identification:_identify(src) by extensions ['colcon_meta']
[1.866s] Level 1:colcon.colcon_core.package_identification:_identify(src) by extension 'colcon_meta'
[1.866s] Level 1:colcon.colcon_core.package_identification:_identify(src) by extensions ['ros']
[1.866s] Level 1:colcon.colcon_core.package_identification:_identify(src) by extension 'ros'
[1.866s] Level 1:colcon.colcon_core.package_identification:_identify(src) by extensions ['cmake', 'python']
[1.866s] Level 1:colcon.colcon_core.package_identification:_identify(src) by extension 'cmake'
[1.866s] Level 1:colcon.colcon_core.package_identification:_identify(src) by extension 'python'
[1.866s] Level 1:colcon.colcon_core.package_identification:_identify(src) by extensions ['python_setup_py']
[1.866s] Level 1:colcon.colcon_core.package_identification:_identify(src) by extension 'python_setup_py'
[1.867s] Level 1:colcon.colcon_core.package_identification:_identify(src/pid_controller) by extensions ['ignore', 'ignore_ament_install']
[1.867s] Level 1:colcon.colcon_core.package_identification:_identify(src/pid_controller) by extension 'ignore'
[1.867s] Level 1:colcon.colcon_core.package_identification:_identify(src/pid_controller) by extension 'ignore_ament_install'
[1.867s] Level 1:colcon.colcon_core.package_identification:_identify(src/pid_controller) by extensions ['colcon_pkg']
[1.867s] Level 1:colcon.colcon_core.package_identification:_identify(src/pid_controller) by extension 'colcon_pkg'
[1.867s] Level 1:colcon.colcon_core.package_identification:_identify(src/pid_controller) by extensions ['colcon_meta']
[1.867s] Level 1:colcon.colcon_core.package_identification:_identify(src/pid_controller) by extension 'colcon_meta'
[1.867s] Level 1:colcon.colcon_core.package_identification:_identify(src/pid_controller) by extensions ['ros']
[1.867s] Level 1:colcon.colcon_core.package_identification:_identify(src/pid_controller) by extension 'ros'
[1.871s] DEBUG:colcon.colcon_core.package_identification:Package 'src/pid_controller' with type 'ros.ament_python' and name 'pid_controller'
[1.871s] Level 1:colcon.colcon_core.package_identification:_identify(src/pid_tune) by extensions ['ignore', 'ignore_ament_install']
[1.871s] Level 1:colcon.colcon_core.package_identification:_identify(src/pid_tune) by extension 'ignore'
[1.871s] Level 1:colcon.colcon_core.package_identification:_identify(src/pid_tune) by extension 'ignore_ament_install'
[1.871s] Level 1:colcon.colcon_core.package_identification:_identify(src/pid_tune) by extensions ['colcon_pkg']
[1.871s] Level 1:colcon.colcon_core.package_identification:_identify(src/pid_tune) by extension 'colcon_pkg'
[1.871s] Level 1:colcon.colcon_core.package_identification:_identify(src/pid_tune) by extensions ['colcon_meta']
[1.871s] Level 1:colcon.colcon_core.package_identification:_identify(src/pid_tune) by extension 'colcon_meta'
[1.872s] Level 1:colcon.colcon_core.package_identification:_identify(src/pid_tune) by extensions ['ros']
[1.872s] Level 1:colcon.colcon_core.package_identification:_identify(src/pid_tune) by extension 'ros'
[1.872s] Level 1:colcon.colcon_core.package_identification:_identify(src/pid_tune) by extensions ['cmake', 'python']
[1.872s] Level 1:colcon.colcon_core.package_identification:_identify(src/pid_tune) by extension 'cmake'
[1.872s] Level 1:colcon.colcon_core.package_identification:_identify(src/pid_tune) by extension 'python'
[1.872s] Level 1:colcon.colcon_core.package_identification:_identify(src/pid_tune) by extensions ['python_setup_py']
[1.872s] Level 1:colcon.colcon_core.package_identification:_identify(src/pid_tune) by extension 'python_setup_py'
[1.872s] Level 1:colcon.colcon_core.package_identification:_identify(src/pid_tune/pid_msg) by extensions ['ignore', 'ignore_ament_install']
[1.873s] Level 1:colcon.colcon_core.package_identification:_identify(src/pid_tune/pid_msg) by extension 'ignore'
[1.873s] Level 1:colcon.colcon_core.package_identification:_identify(src/pid_tune/pid_msg) by extension 'ignore_ament_install'
[1.873s] Level 1:colcon.colcon_core.package_identification:_identify(src/pid_tune/pid_msg) by extensions ['colcon_pkg']
[1.873s] Level 1:colcon.colcon_core.package_identification:_identify(src/pid_tune/pid_msg) by extension 'colcon_pkg'
[1.873s] Level 1:colcon.colcon_core.package_identification:_identify(src/pid_tune/pid_msg) by extensions ['colcon_meta']
[1.873s] Level 1:colcon.colcon_core.package_identification:_identify(src/pid_tune/pid_msg) by extension 'colcon_meta'
[1.873s] Level 1:colcon.colcon_core.package_identification:_identify(src/pid_tune/pid_msg) by extensions ['ros']
[1.873s] Level 1:colcon.colcon_core.package_identification:_identify(src/pid_tune/pid_msg) by extension 'ros'
[1.874s] DEBUG:colcon.colcon_core.package_identification:Package 'src/pid_tune/pid_msg' with type 'ros.ament_cmake' and name 'pid_msg'
[1.875s] Level 1:colcon.colcon_core.package_identification:_identify(src/pid_tune/pid_tune) by extensions ['ignore', 'ignore_ament_install']
[1.875s] Level 1:colcon.colcon_core.package_identification:_identify(src/pid_tune/pid_tune) by extension 'ignore'
[1.875s] Level 1:colcon.colcon_core.package_identification:_identify(src/pid_tune/pid_tune) by extension 'ignore_ament_install'
[1.875s] Level 1:colcon.colcon_core.package_identification:_identify(src/pid_tune/pid_tune) by extensions ['colcon_pkg']
[1.875s] Level 1:colcon.colcon_core.package_identification:_identify(src/pid_tune/pid_tune) by extension 'colcon_pkg'
[1.875s] Level 1:colcon.colcon_core.package_identification:_identify(src/pid_tune/pid_tune) by extensions ['colcon_meta']
[1.876s] Level 1:colcon.colcon_core.package_identification:_identify(src/pid_tune/pid_tune) by extension 'colcon_meta'
[1.876s] Level 1:colcon.colcon_core.package_identification:_identify(src/pid_tune/pid_tune) by extensions ['ros']
[1.876s] Level 1:colcon.colcon_core.package_identification:_identify(src/pid_tune/pid_tune) by extension 'ros'
[1.877s] DEBUG:colcon.colcon_core.package_identification:Package 'src/pid_tune/pid_tune' with type 'ros.ament_cmake' and name 'pid_tune'
[1.877s] Level 1:colcon.colcon_core.package_discovery:discover_packages(recursive) using defaults
[1.877s] Level 1:colcon.colcon_core.package_discovery:discover_packages(ignore) discover
[1.877s] Level 1:colcon.colcon_core.package_discovery:discover_packages(ignore) using defaults
[1.877s] Level 1:colcon.colcon_core.package_discovery:discover_packages(path) discover
[1.877s] Level 1:colcon.colcon_core.package_discovery:discover_packages(path) using defaults
[2.048s] Level 1:colcon.colcon_core.package_discovery:discover_packages(prefix_path) check parameters
[2.048s] Level 1:colcon.colcon_core.package_discovery:discover_packages(prefix_path) discover
[2.103s] DEBUG:colcon.colcon_installed_package_information.package_discovery:Found 3 installed packages in /home/sjm/pid_ws/install
[2.128s] DEBUG:colcon.colcon_installed_package_information.package_discovery:Found 1 installed packages in /home/sjm/microros_ws/install
[2.154s] DEBUG:colcon.colcon_installed_package_information.package_discovery:Found 6 installed packages in /home/sjm/lidar/install
[2.193s] DEBUG:colcon.colcon_installed_package_information.package_discovery:Found 15 installed packages in /home/sjm/turtlebot3_ws/install
[2.221s] DEBUG:colcon.colcon_installed_package_information.package_discovery:Found 338 installed packages in /opt/ros/humble
[2.225s] Level 1:colcon.colcon_core.package_discovery:discover_packages(prefix_path) using defaults
[2.423s] Level 5:colcon.colcon_core.verb:set package 'pid_controller' build argument 'cmake_args' from command line to 'None'
[2.423s] Level 5:colcon.colcon_core.verb:set package 'pid_controller' build argument 'cmake_target' from command line to 'None'
[2.423s] Level 5:colcon.colcon_core.verb:set package 'pid_controller' build argument 'cmake_target_skip_unavailable' from command line to 'False'
[2.423s] Level 5:colcon.colcon_core.verb:set package 'pid_controller' build argument 'cmake_clean_cache' from command line to 'False'
[2.423s] Level 5:colcon.colcon_core.verb:set package 'pid_controller' build argument 'cmake_clean_first' from command line to 'False'
[2.423s] Level 5:colcon.colcon_core.verb:set package 'pid_controller' build argument 'cmake_force_configure' from command line to 'False'
[2.424s] Level 5:colcon.colcon_core.verb:set package 'pid_controller' build argument 'ament_cmake_args' from command line to 'None'
[2.424s] Level 5:colcon.colcon_core.verb:set package 'pid_controller' build argument 'catkin_cmake_args' from command line to 'None'
[2.424s] Level 5:colcon.colcon_core.verb:set package 'pid_controller' build argument 'catkin_skip_building_tests' from command line to 'False'
[2.424s] DEBUG:colcon.colcon_core.verb:Building package 'pid_controller' with the following arguments: {'ament_cmake_args': None, 'build_base': '/home/sjm/pid_ws/build/pid_controller', 'catkin_cmake_args': None, 'catkin_skip_building_tests': False, 'cmake_args': None, 'cmake_clean_cache': False, 'cmake_clean_first': False, 'cmake_force_configure': False, 'cmake_target': None, 'cmake_target_skip_unavailable': False, 'install_base': '/home/sjm/pid_ws/install/pid_controller', 'merge_install': False, 'path': '/home/sjm/pid_ws/src/pid_controller', 'symlink_install': False, 'test_result_base': None}
[2.468s] Level 5:colcon.colcon_core.verb:set package 'pid_msg' build argument 'cmake_args' from command line to 'None'
[2.469s] Level 5:colcon.colcon_core.verb:set package 'pid_msg' build argument 'cmake_target' from command line to 'None'
[2.469s] Level 5:colcon.colcon_core.verb:set package 'pid_msg' build argument 'cmake_target_skip_unavailable' from command line to 'False'
[2.469s] Level 5:colcon.colcon_core.verb:set package 'pid_msg' build argument 'cmake_clean_cache' from command line to 'False'
[2.469s] Level 5:colcon.colcon_core.verb:set package 'pid_msg' build argument 'cmake_clean_first' from command line to 'False'
[2.470s] Level 5:colcon.colcon_core.verb:set package 'pid_msg' build argument 'cmake_force_configure' from command line to 'False'
[2.470s] Level 5:colcon.colcon_core.verb:set package 'pid_msg' build argument 'ament_cmake_args' from command line to 'None'
[2.470s] Level 5:colcon.colcon_core.verb:set package 'pid_msg' build argument 'catkin_cmake_args' from command line to 'None'
[2.471s] Level 5:colcon.colcon_core.verb:set package 'pid_msg' build argument 'catkin_skip_building_tests' from command line to 'False'
[2.471s] DEBUG:colcon.colcon_core.verb:Building package 'pid_msg' with the following arguments: {'ament_cmake_args': None, 'build_base': '/home/sjm/pid_ws/build/pid_msg', 'catkin_cmake_args': None, 'catkin_skip_building_tests': False, 'cmake_args': None, 'cmake_clean_cache': False, 'cmake_clean_first': False, 'cmake_force_configure': False, 'cmake_target': None, 'cmake_target_skip_unavailable': False, 'install_base': '/home/sjm/pid_ws/install/pid_msg', 'merge_install': False, 'path': '/home/sjm/pid_ws/src/pid_tune/pid_msg', 'symlink_install': False, 'test_result_base': None}
[2.514s] Level 5:colcon.colcon_core.verb:set package 'pid_tune' build argument 'cmake_args' from command line to 'None'
[2.514s] Level 5:colcon.colcon_core.verb:set package 'pid_tune' build argument 'cmake_target' from command line to 'None'
[2.515s] Level 5:colcon.colcon_core.verb:set package 'pid_tune' build argument 'cmake_target_skip_unavailable' from command line to 'False'
[2.515s] Level 5:colcon.colcon_core.verb:set package 'pid_tune' build argument 'cmake_clean_cache' from command line to 'False'
[2.515s] Level 5:colcon.colcon_core.verb:set package 'pid_tune' build argument 'cmake_clean_first' from command line to 'False'
[2.516s] Level 5:colcon.colcon_core.verb:set package 'pid_tune' build argument 'cmake_force_configure' from command line to 'False'
[2.516s] Level 5:colcon.colcon_core.verb:set package 'pid_tune' build argument 'ament_cmake_args' from command line to 'None'
[2.516s] Level 5:colcon.colcon_core.verb:set package 'pid_tune' build argument 'catkin_cmake_args' from command line to 'None'
[2.517s] Level 5:colcon.colcon_core.verb:set package 'pid_tune' build argument 'catkin_skip_building_tests' from command line to 'False'
[2.517s] DEBUG:colcon.colcon_core.verb:Building package 'pid_tune' with the following arguments: {'ament_cmake_args': None, 'build_base': '/home/sjm/pid_ws/build/pid_tune', 'catkin_cmake_args': None, 'catkin_skip_building_tests': False, 'cmake_args': None, 'cmake_clean_cache': False, 'cmake_clean_first': False, 'cmake_force_configure': False, 'cmake_target': None, 'cmake_target_skip_unavailable': False, 'install_base': '/home/sjm/pid_ws/install/pid_tune', 'merge_install': False, 'path': '/home/sjm/pid_ws/src/pid_tune/pid_tune', 'symlink_install': False, 'test_result_base': None}
[2.556s] INFO:colcon.colcon_core.executor:Executing jobs using 'parallel' executor
[2.595s] DEBUG:colcon.colcon_parallel_executor.executor.parallel:run_until_complete
[2.595s] INFO:colcon.colcon_ros.task.ament_cmake.build:Building ROS package in '/home/sjm/pid_ws/src/pid_tune/pid_msg' with build type 'ament_cmake'
[2.596s] INFO:colcon.colcon_cmake.task.cmake.build:Building CMake package in '/home/sjm/pid_ws/src/pid_tune/pid_msg'
[2.629s] INFO:colcon.colcon_core.plugin_system:Skipping extension 'colcon_core.shell.bat': Not used on non-Windows systems
[2.629s] INFO:colcon.colcon_core.shell:Skip shell extension 'powershell' for command environment: Not usable outside of PowerShell
[2.629s] DEBUG:colcon.colcon_core.shell:Skip shell extension 'dsv' for command environment
[2.805s] INFO:colcon.colcon_ros.task.ament_python.build:Building ROS package in '/home/sjm/pid_ws/src/pid_controller' with build type 'ament_python'
[2.806s] Level 1:colcon.colcon_core.shell:create_environment_hook('pid_controller', 'ament_prefix_path')
[2.836s] INFO:colcon.colcon_core.shell:Creating environment hook '/home/sjm/pid_ws/install/pid_controller/share/pid_controller/hook/ament_prefix_path.ps1'
[2.837s] INFO:colcon.colcon_core.shell:Creating environment descriptor '/home/sjm/pid_ws/install/pid_controller/share/pid_controller/hook/ament_prefix_path.dsv'
[2.837s] INFO:colcon.colcon_core.shell:Creating environment hook '/home/sjm/pid_ws/install/pid_controller/share/pid_controller/hook/ament_prefix_path.sh'
[2.867s] INFO:colcon.colcon_core.shell:Skip shell extension 'powershell' for command environment: Not usable outside of PowerShell
[2.867s] DEBUG:colcon.colcon_core.shell:Skip shell extension 'dsv' for command environment
[3.098s] DEBUG:colcon.colcon_core.event_handler.log_command:Invoking command in '/home/sjm/pid_ws/build/pid_msg': CMAKE_PREFIX_PATH=${CMAKE_PREFIX_PATH}:/home/sjm/pid_ws/install/pid_controller:/home/sjm/lidar/install/robot_math:/home/sjm/turtlebot3_ws/install/turtlebot3_teleop:/home/sjm/turtlebot3_ws/install/turtlebot3_example:/opt/ros/humble /usr/bin/cmake --build /home/sjm/pid_ws/build/pid_msg -- -j4 -l4
[3.748s] INFO:colcon.colcon_core.task.python.build:Building Python package in '/home/sjm/pid_ws/src/pid_controller'
[3.774s] INFO:colcon.colcon_core.shell:Skip shell extension 'powershell' for command environment: Not usable outside of PowerShell
[3.774s] DEBUG:colcon.colcon_core.shell:Skip shell extension 'dsv' for command environment
[3.960s] DEBUG:colcon.colcon_core.event_handler.log_command:Invoked command in '/home/sjm/pid_ws/build/pid_msg' returned '0': CMAKE_PREFIX_PATH=${CMAKE_PREFIX_PATH}:/home/sjm/pid_ws/install/pid_controller:/home/sjm/lidar/install/robot_math:/home/sjm/turtlebot3_ws/install/turtlebot3_teleop:/home/sjm/turtlebot3_ws/install/turtlebot3_example:/opt/ros/humble /usr/bin/cmake --build /home/sjm/pid_ws/build/pid_msg -- -j4 -l4
[4.093s] DEBUG:colcon.colcon_core.event_handler.log_command:Invoking command in '/home/sjm/pid_ws/build/pid_msg': CMAKE_PREFIX_PATH=${CMAKE_PREFIX_PATH}:/home/sjm/pid_ws/install/pid_controller:/home/sjm/lidar/install/robot_math:/home/sjm/turtlebot3_ws/install/turtlebot3_teleop:/home/sjm/turtlebot3_ws/install/turtlebot3_example:/opt/ros/humble /usr/bin/cmake --install /home/sjm/pid_ws/build/pid_msg
[4.218s] Level 1:colcon.colcon_core.environment:create_environment_scripts_only(pid_msg)
[4.231s] DEBUG:colcon.colcon_core.event_handler.log_command:Invoked command in '/home/sjm/pid_ws/build/pid_msg' returned '0': CMAKE_PREFIX_PATH=${CMAKE_PREFIX_PATH}:/home/sjm/pid_ws/install/pid_controller:/home/sjm/lidar/install/robot_math:/home/sjm/turtlebot3_ws/install/turtlebot3_teleop:/home/sjm/turtlebot3_ws/install/turtlebot3_example:/opt/ros/humble /usr/bin/cmake --install /home/sjm/pid_ws/build/pid_msg
[4.272s] Level 1:colcon.colcon_core.environment:checking '/home/sjm/pid_ws/install/pid_msg' for CMake module files
[4.274s] Level 1:colcon.colcon_core.environment:checking '/home/sjm/pid_ws/install/pid_msg' for CMake config files
[4.275s] Level 1:colcon.colcon_core.shell:create_environment_hook('pid_msg', 'cmake_prefix_path')
[4.321s] INFO:colcon.colcon_core.shell:Creating environment hook '/home/sjm/pid_ws/install/pid_msg/share/pid_msg/hook/cmake_prefix_path.ps1'
[4.322s] INFO:colcon.colcon_core.shell:Creating environment descriptor '/home/sjm/pid_ws/install/pid_msg/share/pid_msg/hook/cmake_prefix_path.dsv'
[4.322s] INFO:colcon.colcon_core.shell:Creating environment hook '/home/sjm/pid_ws/install/pid_msg/share/pid_msg/hook/cmake_prefix_path.sh'
[4.324s] Level 1:colcon.colcon_core.environment:checking '/home/sjm/pid_ws/install/pid_msg/lib'
[4.324s] Level 1:colcon.colcon_core.shell:create_environment_hook('pid_msg', 'ld_library_path_lib')
[4.370s] INFO:colcon.colcon_core.shell:Creating environment hook '/home/sjm/pid_ws/install/pid_msg/share/pid_msg/hook/ld_library_path_lib.ps1'
[4.370s] INFO:colcon.colcon_core.shell:Creating environment descriptor '/home/sjm/pid_ws/install/pid_msg/share/pid_msg/hook/ld_library_path_lib.dsv'
[4.371s] INFO:colcon.colcon_core.shell:Creating environment hook '/home/sjm/pid_ws/install/pid_msg/share/pid_msg/hook/ld_library_path_lib.sh'
[4.372s] Level 1:colcon.colcon_core.environment:checking '/home/sjm/pid_ws/install/pid_msg/bin'
[4.372s] Level 1:colcon.colcon_core.environment:checking '/home/sjm/pid_ws/install/pid_msg/lib/pkgconfig/pid_msg.pc'
[4.373s] Level 1:colcon.colcon_core.environment:checking '/home/sjm/pid_ws/install/pid_msg/lib/python3.10/site-packages'
[4.373s] Level 1:colcon.colcon_core.environment:checking '/home/sjm/pid_ws/install/pid_msg/bin'
[4.421s] INFO:colcon.colcon_core.shell:Creating package script '/home/sjm/pid_ws/install/pid_msg/share/pid_msg/package.ps1'
[4.423s] INFO:colcon.colcon_core.shell:Creating package descriptor '/home/sjm/pid_ws/install/pid_msg/share/pid_msg/package.dsv'
[4.424s] INFO:colcon.colcon_core.shell:Creating package script '/home/sjm/pid_ws/install/pid_msg/share/pid_msg/package.sh'
[4.426s] INFO:colcon.colcon_core.shell:Creating package script '/home/sjm/pid_ws/install/pid_msg/share/pid_msg/package.bash'
[4.428s] INFO:colcon.colcon_core.shell:Creating package script '/home/sjm/pid_ws/install/pid_msg/share/pid_msg/package.zsh'
[4.430s] Level 1:colcon.colcon_core.environment:create_file_with_runtime_dependencies(/home/sjm/pid_ws/install/pid_msg/share/colcon-core/packages/pid_msg)
[4.609s] Level 1:colcon.colcon_core.environment:create_environment_scripts_only(pid_msg)
[4.636s] Level 1:colcon.colcon_core.environment:checking '/home/sjm/pid_ws/install/pid_msg' for CMake module files
[4.637s] Level 1:colcon.colcon_core.environment:checking '/home/sjm/pid_ws/install/pid_msg' for CMake config files
[4.638s] Level 1:colcon.colcon_core.shell:create_environment_hook('pid_msg', 'cmake_prefix_path')
[4.664s] INFO:colcon.colcon_core.shell:Creating environment hook '/home/sjm/pid_ws/install/pid_msg/share/pid_msg/hook/cmake_prefix_path.ps1'
[4.665s] INFO:colcon.colcon_core.shell:Creating environment descriptor '/home/sjm/pid_ws/install/pid_msg/share/pid_msg/hook/cmake_prefix_path.dsv'
[4.666s] INFO:colcon.colcon_core.shell:Creating environment hook '/home/sjm/pid_ws/install/pid_msg/share/pid_msg/hook/cmake_prefix_path.sh'
[4.667s] Level 1:colcon.colcon_core.environment:checking '/home/sjm/pid_ws/install/pid_msg/lib'
[4.667s] Level 1:colcon.colcon_core.shell:create_environment_hook('pid_msg', 'ld_library_path_lib')
[4.693s] INFO:colcon.colcon_core.shell:Creating environment hook '/home/sjm/pid_ws/install/pid_msg/share/pid_msg/hook/ld_library_path_lib.ps1'
[4.694s] INFO:colcon.colcon_core.shell:Creating environment descriptor '/home/sjm/pid_ws/install/pid_msg/share/pid_msg/hook/ld_library_path_lib.dsv'
[4.695s] INFO:colcon.colcon_core.shell:Creating environment hook '/home/sjm/pid_ws/install/pid_msg/share/pid_msg/hook/ld_library_path_lib.sh'
[4.695s] Level 1:colcon.colcon_core.environment:checking '/home/sjm/pid_ws/install/pid_msg/bin'
[4.696s] Level 1:colcon.colcon_core.environment:checking '/home/sjm/pid_ws/install/pid_msg/lib/pkgconfig/pid_msg.pc'
[4.696s] Level 1:colcon.colcon_core.environment:checking '/home/sjm/pid_ws/install/pid_msg/lib/python3.10/site-packages'
[4.697s] Level 1:colcon.colcon_core.environment:checking '/home/sjm/pid_ws/install/pid_msg/bin'
[4.723s] INFO:colcon.colcon_core.shell:Creating package script '/home/sjm/pid_ws/install/pid_msg/share/pid_msg/package.ps1'
[4.724s] INFO:colcon.colcon_core.shell:Creating package descriptor '/home/sjm/pid_ws/install/pid_msg/share/pid_msg/package.dsv'
[4.725s] INFO:colcon.colcon_core.shell:Creating package script '/home/sjm/pid_ws/install/pid_msg/share/pid_msg/package.sh'
[4.725s] INFO:colcon.colcon_core.shell:Creating package script '/home/sjm/pid_ws/install/pid_msg/share/pid_msg/package.bash'
[4.726s] INFO:colcon.colcon_core.shell:Creating package script '/home/sjm/pid_ws/install/pid_msg/share/pid_msg/package.zsh'
[4.727s] Level 1:colcon.colcon_core.environment:create_file_with_runtime_dependencies(/home/sjm/pid_ws/install/pid_msg/share/colcon-core/packages/pid_msg)
[4.728s] INFO:colcon.colcon_ros.task.ament_cmake.build:Building ROS package in '/home/sjm/pid_ws/src/pid_tune/pid_tune' with build type 'ament_cmake'
[4.728s] INFO:colcon.colcon_cmake.task.cmake.build:Building CMake package in '/home/sjm/pid_ws/src/pid_tune/pid_tune'
[4.756s] INFO:colcon.colcon_core.shell:Skip shell extension 'powershell' for command environment: Not usable outside of PowerShell
[4.756s] DEBUG:colcon.colcon_core.shell:Skip shell extension 'dsv' for command environment
[4.930s] DEBUG:colcon.colcon_core.event_handler.log_command:Invoking command in '/home/sjm/pid_ws/src/pid_controller': PYTHONPATH=/home/sjm/pid_ws/build/pid_controller/prefix_override:/home/sjm/pid_ws/install/pid_controller/lib/python3.10/site-packages:${PYTHONPATH} /usr/bin/python3 setup.py egg_info --egg-base ../../build/pid_controller build --build-base /home/sjm/pid_ws/build/pid_controller/build install --record /home/sjm/pid_ws/build/pid_controller/install.log --single-version-externally-managed
[4.941s] DEBUG:colcon.colcon_core.event_handler.log_command:Invoking command in '/home/sjm/pid_ws/build/pid_tune': CMAKE_PREFIX_PATH=/home/sjm/pid_ws/install/pid_msg:/home/sjm/pid_ws/install/pid_tune:/home/sjm/microros_ws/install/micro_ros_setup:/home/sjm/lidar/install/turtlebot3_gazebo:/home/sjm/lidar/install/rplidar_ros:/home/sjm/lidar/install/point_cloud_perception:/home/sjm/lidar/install/nodes:/home/sjm/lidar/install/navigation_tb3:/home/sjm/turtlebot3_ws/install/turtlebot3:/home/sjm/turtlebot3_ws/install/turtlebot3_simulations:/home/sjm/turtlebot3_ws/install/turtlebot3_bringup:/home/sjm/turtlebot3_ws/install/turtlebot3_node:/home/sjm/turtlebot3_ws/install/turtlebot3_navigation2:/home/sjm/turtlebot3_ws/install/turtlebot3_fake_node:/home/sjm/turtlebot3_ws/install/turtlebot3_msgs:/home/sjm/turtlebot3_ws/install/turtlebot3_gazebo:/home/sjm/turtlebot3_ws/install/turtlebot3_description:/home/sjm/turtlebot3_ws/install/turtlebot3_cartographer:/home/sjm/turtlebot3_ws/install/dynamixel_sdk_examples:/home/sjm/turtlebot3_ws/install/dynamixel_sdk_custom_interfaces:/home/sjm/turtlebot3_ws/install/dynamixel_sdk:/home/sjm/pid_ws/install/pid_controller:/home/sjm/lidar/install/robot_math:/home/sjm/turtlebot3_ws/install/turtlebot3_teleop:/home/sjm/turtlebot3_ws/install/turtlebot3_example:/opt/ros/humble /usr/bin/cmake --build /home/sjm/pid_ws/build/pid_tune -- -j4 -l4
[5.031s] DEBUG:colcon.colcon_core.event_handler.log_command:Invoked command in '/home/sjm/pid_ws/build/pid_tune' returned '0': CMAKE_PREFIX_PATH=/home/sjm/pid_ws/install/pid_msg:/home/sjm/pid_ws/install/pid_tune:/home/sjm/microros_ws/install/micro_ros_setup:/home/sjm/lidar/install/turtlebot3_gazebo:/home/sjm/lidar/install/rplidar_ros:/home/sjm/lidar/install/point_cloud_perception:/home/sjm/lidar/install/nodes:/home/sjm/lidar/install/navigation_tb3:/home/sjm/turtlebot3_ws/install/turtlebot3:/home/sjm/turtlebot3_ws/install/turtlebot3_simulations:/home/sjm/turtlebot3_ws/install/turtlebot3_bringup:/home/sjm/turtlebot3_ws/install/turtlebot3_node:/home/sjm/turtlebot3_ws/install/turtlebot3_navigation2:/home/sjm/turtlebot3_ws/install/turtlebot3_fake_node:/home/sjm/turtlebot3_ws/install/turtlebot3_msgs:/home/sjm/turtlebot3_ws/install/turtlebot3_gazebo:/home/sjm/turtlebot3_ws/install/turtlebot3_description:/home/sjm/turtlebot3_ws/install/turtlebot3_cartographer:/home/sjm/turtlebot3_ws/install/dynamixel_sdk_examples:/home/sjm/turtlebot3_ws/install/dynamixel_sdk_custom_interfaces:/home/sjm/turtlebot3_ws/install/dynamixel_sdk:/home/sjm/pid_ws/install/pid_controller:/home/sjm/lidar/install/robot_math:/home/sjm/turtlebot3_ws/install/turtlebot3_teleop:/home/sjm/turtlebot3_ws/install/turtlebot3_example:/opt/ros/humble /usr/bin/cmake --build /home/sjm/pid_ws/build/pid_tune -- -j4 -l4
[5.095s] DEBUG:colcon.colcon_core.event_handler.log_command:Invoking command in '/home/sjm/pid_ws/build/pid_tune': CMAKE_PREFIX_PATH=/home/sjm/pid_ws/install/pid_msg:/home/sjm/pid_ws/install/pid_tune:/home/sjm/microros_ws/install/micro_ros_setup:/home/sjm/lidar/install/turtlebot3_gazebo:/home/sjm/lidar/install/rplidar_ros:/home/sjm/lidar/install/point_cloud_perception:/home/sjm/lidar/install/nodes:/home/sjm/lidar/install/navigation_tb3:/home/sjm/turtlebot3_ws/install/turtlebot3:/home/sjm/turtlebot3_ws/install/turtlebot3_simulations:/home/sjm/turtlebot3_ws/install/turtlebot3_bringup:/home/sjm/turtlebot3_ws/install/turtlebot3_node:/home/sjm/turtlebot3_ws/install/turtlebot3_navigation2:/home/sjm/turtlebot3_ws/install/turtlebot3_fake_node:/home/sjm/turtlebot3_ws/install/turtlebot3_msgs:/home/sjm/turtlebot3_ws/install/turtlebot3_gazebo:/home/sjm/turtlebot3_ws/install/turtlebot3_description:/home/sjm/turtlebot3_ws/install/turtlebot3_cartographer:/home/sjm/turtlebot3_ws/install/dynamixel_sdk_examples:/home/sjm/turtlebot3_ws/install/dynamixel_sdk_custom_interfaces:/home/sjm/turtlebot3_ws/install/dynamixel_sdk:/home/sjm/pid_ws/install/pid_controller:/home/sjm/lidar/install/robot_math:/home/sjm/turtlebot3_ws/install/turtlebot3_teleop:/home/sjm/turtlebot3_ws/install/turtlebot3_example:/opt/ros/humble /usr/bin/cmake --install /home/sjm/pid_ws/build/pid_tune
[5.118s] Level 1:colcon.colcon_core.environment:create_environment_scripts_only(pid_tune)
[5.121s] DEBUG:colcon.colcon_core.event_handler.log_command:Invoked command in '/home/sjm/pid_ws/build/pid_tune' returned '0': CMAKE_PREFIX_PATH=/home/sjm/pid_ws/install/pid_msg:/home/sjm/pid_ws/install/pid_tune:/home/sjm/microros_ws/install/micro_ros_setup:/home/sjm/lidar/install/turtlebot3_gazebo:/home/sjm/lidar/install/rplidar_ros:/home/sjm/lidar/install/point_cloud_perception:/home/sjm/lidar/install/nodes:/home/sjm/lidar/install/navigation_tb3:/home/sjm/turtlebot3_ws/install/turtlebot3:/home/sjm/turtlebot3_ws/install/turtlebot3_simulations:/home/sjm/turtlebot3_ws/install/turtlebot3_bringup:/home/sjm/turtlebot3_ws/install/turtlebot3_node:/home/sjm/turtlebot3_ws/install/turtlebot3_navigation2:/home/sjm/turtlebot3_ws/install/turtlebot3_fake_node:/home/sjm/turtlebot3_ws/install/turtlebot3_msgs:/home/sjm/turtlebot3_ws/install/turtlebot3_gazebo:/home/sjm/turtlebot3_ws/install/turtlebot3_description:/home/sjm/turtlebot3_ws/install/turtlebot3_cartographer:/home/sjm/turtlebot3_ws/install/dynamixel_sdk_examples:/home/sjm/turtlebot3_ws/install/dynamixel_sdk_custom_interfaces:/home/sjm/turtlebot3_ws/install/dynamixel_sdk:/home/sjm/pid_ws/install/pid_controller:/home/sjm/lidar/install/robot_math:/home/sjm/turtlebot3_ws/install/turtlebot3_teleop:/home/sjm/turtlebot3_ws/install/turtlebot3_example:/opt/ros/humble /usr/bin/cmake --install /home/sjm/pid_ws/build/pid_tune
[5.154s] Level 1:colcon.colcon_core.environment:checking '/home/sjm/pid_ws/install/pid_tune' for CMake module files
[5.155s] Level 1:colcon.colcon_core.environment:checking '/home/sjm/pid_ws/install/pid_tune' for CMake config files
[5.156s] Level 1:colcon.colcon_core.shell:create_environment_hook('pid_tune', 'cmake_prefix_path')
[5.193s] INFO:colcon.colcon_core.shell:Creating environment hook '/home/sjm/pid_ws/install/pid_tune/share/pid_tune/hook/cmake_prefix_path.ps1'
[5.194s] INFO:colcon.colcon_core.shell:Creating environment descriptor '/home/sjm/pid_ws/install/pid_tune/share/pid_tune/hook/cmake_prefix_path.dsv'
[5.195s] INFO:colcon.colcon_core.shell:Creating environment hook '/home/sjm/pid_ws/install/pid_tune/share/pid_tune/hook/cmake_prefix_path.sh'
[5.197s] Level 1:colcon.colcon_core.environment:checking '/home/sjm/pid_ws/install/pid_tune/lib'
[5.197s] Level 1:colcon.colcon_core.environment:checking '/home/sjm/pid_ws/install/pid_tune/bin'
[5.197s] Level 1:colcon.colcon_core.environment:checking '/home/sjm/pid_ws/install/pid_tune/lib/pkgconfig/pid_tune.pc'
[5.197s] Level 1:colcon.colcon_core.environment:checking '/home/sjm/pid_ws/install/pid_tune/lib/python3.10/site-packages'
[5.198s] Level 1:colcon.colcon_core.environment:checking '/home/sjm/pid_ws/install/pid_tune/bin'
[5.246s] INFO:colcon.colcon_core.shell:Creating package script '/home/sjm/pid_ws/install/pid_tune/share/pid_tune/package.ps1'
[5.247s] INFO:colcon.colcon_core.shell:Creating package descriptor '/home/sjm/pid_ws/install/pid_tune/share/pid_tune/package.dsv'
[5.248s] INFO:colcon.colcon_core.shell:Creating package script '/home/sjm/pid_ws/install/pid_tune/share/pid_tune/package.sh'
[5.249s] INFO:colcon.colcon_core.shell:Creating package script '/home/sjm/pid_ws/install/pid_tune/share/pid_tune/package.bash'
[5.250s] INFO:colcon.colcon_core.shell:Creating package script '/home/sjm/pid_ws/install/pid_tune/share/pid_tune/package.zsh'
[5.251s] Level 1:colcon.colcon_core.environment:create_file_with_runtime_dependencies(/home/sjm/pid_ws/install/pid_tune/share/colcon-core/packages/pid_tune)
[5.368s] Level 1:colcon.colcon_core.environment:create_environment_scripts_only(pid_tune)
[5.435s] Level 1:colcon.colcon_core.environment:checking '/home/sjm/pid_ws/install/pid_tune' for CMake module files
[5.437s] Level 1:colcon.colcon_core.environment:checking '/home/sjm/pid_ws/install/pid_tune' for CMake config files
[5.437s] Level 1:colcon.colcon_core.shell:create_environment_hook('pid_tune', 'cmake_prefix_path')
[5.489s] INFO:colcon.colcon_core.shell:Creating environment hook '/home/sjm/pid_ws/install/pid_tune/share/pid_tune/hook/cmake_prefix_path.ps1'
[5.490s] INFO:colcon.colcon_core.shell:Creating environment descriptor '/home/sjm/pid_ws/install/pid_tune/share/pid_tune/hook/cmake_prefix_path.dsv'
[5.490s] INFO:colcon.colcon_core.shell:Creating environment hook '/home/sjm/pid_ws/install/pid_tune/share/pid_tune/hook/cmake_prefix_path.sh'
[5.492s] Level 1:colcon.colcon_core.environment:checking '/home/sjm/pid_ws/install/pid_tune/lib'
[5.492s] Level 1:colcon.colcon_core.environment:checking '/home/sjm/pid_ws/install/pid_tune/bin'
[5.492s] Level 1:colcon.colcon_core.environment:checking '/home/sjm/pid_ws/install/pid_tune/lib/pkgconfig/pid_tune.pc'
[5.493s] Level 1:colcon.colcon_core.environment:checking '/home/sjm/pid_ws/install/pid_tune/lib/python3.10/site-packages'
[5.493s] Level 1:colcon.colcon_core.environment:checking '/home/sjm/pid_ws/install/pid_tune/bin'
[5.536s] INFO:colcon.colcon_core.shell:Creating package script '/home/sjm/pid_ws/install/pid_tune/share/pid_tune/package.ps1'
[5.537s] INFO:colcon.colcon_core.shell:Creating package descriptor '/home/sjm/pid_ws/install/pid_tune/share/pid_tune/package.dsv'
[5.538s] INFO:colcon.colcon_core.shell:Creating package script '/home/sjm/pid_ws/install/pid_tune/share/pid_tune/package.sh'
[5.539s] INFO:colcon.colcon_core.shell:Creating package script '/home/sjm/pid_ws/install/pid_tune/share/pid_tune/package.bash'
[5.540s] INFO:colcon.colcon_core.shell:Creating package script '/home/sjm/pid_ws/install/pid_tune/share/pid_tune/package.zsh'
[5.541s] Level 1:colcon.colcon_core.environment:create_file_with_runtime_dependencies(/home/sjm/pid_ws/install/pid_tune/share/colcon-core/packages/pid_tune)
[5.716s] DEBUG:colcon.colcon_core.event_handler.log_command:Invoked command in '/home/sjm/pid_ws/src/pid_controller' returned '0': PYTHONPATH=/home/sjm/pid_ws/build/pid_controller/prefix_override:/home/sjm/pid_ws/install/pid_controller/lib/python3.10/site-packages:${PYTHONPATH} /usr/bin/python3 setup.py egg_info --egg-base ../../build/pid_controller build --build-base /home/sjm/pid_ws/build/pid_controller/build install --record /home/sjm/pid_ws/build/pid_controller/install.log --single-version-externally-managed
[5.765s] Level 1:colcon.colcon_core.environment:checking '/home/sjm/pid_ws/install/pid_controller' for CMake module files
[5.767s] Level 1:colcon.colcon_core.environment:checking '/home/sjm/pid_ws/install/pid_controller' for CMake config files
[5.768s] Level 1:colcon.colcon_core.environment:checking '/home/sjm/pid_ws/install/pid_controller/lib'
[5.769s] Level 1:colcon.colcon_core.environment:checking '/home/sjm/pid_ws/install/pid_controller/bin'
[5.769s] Level 1:colcon.colcon_core.environment:checking '/home/sjm/pid_ws/install/pid_controller/lib/pkgconfig/pid_controller.pc'
[5.770s] Level 1:colcon.colcon_core.environment:checking '/home/sjm/pid_ws/install/pid_controller/lib/python3.10/site-packages'
[5.770s] Level 1:colcon.colcon_core.shell:create_environment_hook('pid_controller', 'pythonpath')
[5.817s] INFO:colcon.colcon_core.shell:Creating environment hook '/home/sjm/pid_ws/install/pid_controller/share/pid_controller/hook/pythonpath.ps1'
[5.818s] INFO:colcon.colcon_core.shell:Creating environment descriptor '/home/sjm/pid_ws/install/pid_controller/share/pid_controller/hook/pythonpath.dsv'
[5.820s] INFO:colcon.colcon_core.shell:Creating environment hook '/home/sjm/pid_ws/install/pid_controller/share/pid_controller/hook/pythonpath.sh'
[5.822s] Level 1:colcon.colcon_core.environment:checking '/home/sjm/pid_ws/install/pid_controller/bin'
[5.822s] Level 1:colcon.colcon_core.environment:create_environment_scripts_only(pid_controller)
[5.867s] INFO:colcon.colcon_core.shell:Creating package script '/home/sjm/pid_ws/install/pid_controller/share/pid_controller/package.ps1'
[5.869s] INFO:colcon.colcon_core.shell:Creating package descriptor '/home/sjm/pid_ws/install/pid_controller/share/pid_controller/package.dsv'
[5.871s] INFO:colcon.colcon_core.shell:Creating package script '/home/sjm/pid_ws/install/pid_controller/share/pid_controller/package.sh'
[5.873s] INFO:colcon.colcon_core.shell:Creating package script '/home/sjm/pid_ws/install/pid_controller/share/pid_controller/package.bash'
[5.875s] INFO:colcon.colcon_core.shell:Creating package script '/home/sjm/pid_ws/install/pid_controller/share/pid_controller/package.zsh'
[5.877s] Level 1:colcon.colcon_core.environment:create_file_with_runtime_dependencies(/home/sjm/pid_ws/install/pid_controller/share/colcon-core/packages/pid_controller)
[5.879s] DEBUG:colcon.colcon_parallel_executor.executor.parallel:closing loop
[5.880s] DEBUG:colcon.colcon_parallel_executor.executor.parallel:loop closed
[5.880s] DEBUG:colcon.colcon_parallel_executor.executor.parallel:run_until_complete finished with '0'
[5.880s] DEBUG:colcon.colcon_core.event_reactor:joining thread
[5.982s] INFO:colcon.colcon_core.plugin_system:Skipping extension 'colcon_notification.desktop_notification.terminal_notifier': Not used on non-Darwin systems
[5.982s] INFO:colcon.colcon_core.plugin_system:Skipping extension 'colcon_notification.desktop_notification.win32': Not used on non-Windows systems
[5.982s] INFO:colcon.colcon_notification.desktop_notification:Sending desktop notification using 'notify2'
[6.011s] DEBUG:colcon.colcon_core.event_reactor:joined thread
[6.071s] INFO:colcon.colcon_core.shell:Creating prefix script '/home/sjm/pid_ws/install/local_setup.ps1'
[6.074s] INFO:colcon.colcon_core.shell:Creating prefix util module '/home/sjm/pid_ws/install/_local_setup_util_ps1.py'
[6.078s] INFO:colcon.colcon_core.shell:Creating prefix chain script '/home/sjm/pid_ws/install/setup.ps1'
[6.132s] INFO:colcon.colcon_core.shell:Creating prefix script '/home/sjm/pid_ws/install/local_setup.sh'
[6.133s] INFO:colcon.colcon_core.shell:Creating prefix util module '/home/sjm/pid_ws/install/_local_setup_util_sh.py'
[6.135s] INFO:colcon.colcon_core.shell:Creating prefix chain script '/home/sjm/pid_ws/install/setup.sh'
[6.179s] INFO:colcon.colcon_core.shell:Creating prefix script '/home/sjm/pid_ws/install/local_setup.bash'
[6.180s] INFO:colcon.colcon_core.shell:Creating prefix chain script '/home/sjm/pid_ws/install/setup.bash'
[6.222s] INFO:colcon.colcon_core.shell:Creating prefix script '/home/sjm/pid_ws/install/local_setup.zsh'
[6.223s] INFO:colcon.colcon_core.shell:Creating prefix chain script '/home/sjm/pid_ws/install/setup.zsh'
